#
# A fatal error has been detected by the Java Runtime Environment:
#
#  EXCEPTION_ACCESS_VIOLATION (0xc0000005) at pc=0x00007ff893cd6b07, pid=2524, tid=5420
#
# JRE version: Java(TM) SE Runtime Environment (24.0.2+12) (build 24.0.2+12-54)
# Java VM: Java HotSpot(TM) 64-Bit Server VM (24.0.2+12-54, mixed mode, sharing, tiered, compressed oops, compressed class ptrs, g1 gc, windows-amd64)
# Problematic frame:
# C  [glass.dll+0x26b07]
#
# No core dump will be written. Minidumps are not enabled by default on client versions of Windows
#
# If you would like to submit a bug report, please visit:
#   https://bugreport.java.com/bugreport/crash.jsp
#

---------------  S U M M A R Y ------------

Command Line: -javaagent:C:\Program Files\JetBrains\IntelliJ IDEA Community Edition 2025.2.1\lib\idea_rt.jar=59478 -Dfile.encoding=UTF-8 -Dsun.stdout.encoding=UTF-8 -Dsun.stderr.encoding=UTF-8 --module-path=C:\Users\danielcc\.m2\repository\com\github\almasb\fxgl\11.17\fxgl-11.17.jar;C:\Users\danielcc\.m2\repository\com\fasterxml\jackson\core\jackson-databind\2.12.1\jackson-databind-2.12.1.jar;C:\Users\danielcc\.m2\repository\com\gluonhq\attach\lifecycle\4.0.9\lifecycle-4.0.9.jar;C:\Users\danielcc\.m2\repository\org\openjfx\javafx-base\17.0.6\javafx-base-17.0.6-win.jar;C:\Users\danielcc\.m2\repository\com\fasterxml\jackson\core\jackson-annotations\2.12.1\jackson-annotations-2.12.1.jar;C:\Users\danielcc\.m2\repository\org\jetbrains\kotlin\kotlin-stdlib\1.5.10\kotlin-stdlib-1.5.10-modular.jar;C:\Users\danielcc\.m2\repository\com\fasterxml\jackson\core\jackson-core\2.12.1\jackson-core-2.12.1.jar;C:\Users\danielcc\.m2\repository\org\openjfx\javafx-controls\17.0.6\javafx-controls-17.0.6-win.jar;C:\Users\danielcc\Desktop\DAM 1T\code\practicaOrtoRestaurante\desktopIJ\target\classes;C:\Users\danielcc\.m2\repository\com\gluonhq\attach\storage\4.0.9\storage-4.0.9.jar;C:\Users\danielcc\.m2\repository\org\openjfx\javafx-fxml\17.0.6\javafx-fxml-17.0.6-win.jar;C:\Users\danielcc\.m2\repository\org\openjfx\javafx-web\17.0.6\javafx-web-17.0.6-win.jar;C:\Users\danielcc\.m2\repository\com\gluonhq\attach\audio\4.0.9\audio-4.0.9.jar;C:\Users\danielcc\.m2\repository\eu\hansolo\tilesfx\11.48\tilesfx-11.48.jar;C:\Users\danielcc\.m2\repository\com\google\errorprone\error_prone_annotations\2.38.0\error_prone_annotations-2.38.0.jar;C:\Users\danielcc\.m2\repository\org\mongodb\bson\5.5.1\bson-5.5.1.jar;C:\Users\danielcc\.m2\repository\org\mongodb\mongodb-driver-sync\5.5.1\mongodb-driver-sync-5.5.1.jar;C:\Users\danielcc\.m2\repository\com\gluonhq\attach\util\4.0.9\util-4.0.9.jar;C:\Users\danielcc\.m2\repository\org\kordamp\ikonli\ikonli-javafx\12.3.1\ikonli-javafx-12.3.1.jar;C:\Users\danielcc\.m2\repository\com\github\almasb\fxgl-scene\11.17\fxgl-scene-11.17.jar;C:\Users\danielcc\.m2\repository\com\github\almasb\fxgl-entity\11.17\fxgl-entity-11.17.jar;C:\Users\danielcc\.m2\repository-Djdk.module.main=com.example.practortorestaurantedesktopp com.example.practortorestaurantedesktopp/com.example.practortorestaurantedesktopp.HelloApplication

Host: AMD Ryzen 5 5600G with Radeon Graphics         , 12 cores, 15G,  Windows 11 , 64 bit Build 26100 (10.0.26100.5074)
Time: Tue Nov  4 16:50:06 2025 Hora estándar romance elapsed time: 51.668254 seconds (0d 0h 0m 51s)

---------------  T H R E A D  ---------------

Current thread (0x0000023dfdd00dc0):  VMThread "VM Thread"          [id=5420, stack(0x000000da94b00000,0x000000da94c00000) (1024K)]

Stack: [0x000000da94b00000,0x000000da94c00000],  sp=0x000000da94bfee20,  free space=1019k
Native frames: (J=compiled Java code, j=interpreted, Vv=VM code, C=native code)
C  [glass.dll+0x26b07]  (no source info available)
C  [ucrtbase.dll+0x4bc75]  (no source info available)
C  [ucrtbase.dll+0x4b897]  (no source info available)
C  [ucrtbase.dll+0x4b84d]  (no source info available)
C  [glass.dll+0x24261]  (no source info available)
C  [glass.dll+0x24386]  (no source info available)
C  [ntdll.dll+0x160ede]  (no source info available)
C  [ntdll.dll+0x7483e]  (no source info available)
C  [ntdll.dll+0xfdfff]  (no source info available)
C  [ntdll.dll+0x8ede]  (no source info available)
C  [KERNEL32.DLL+0x418ab]  (no source info available)
C  [ucrtbase.dll+0xa0093]  (no source info available)
V  [jvm.dll+0x72928c]  (no source info available)
V  [jvm.dll+0x728dc0]  (no source info available)
V  [jvm.dll+0x41b344]  (no source info available)
V  [jvm.dll+0x8e29c2]  (no source info available)
V  [jvm.dll+0x8e3d0c]  (no source info available)
V  [jvm.dll+0x8e4278]  (no source info available)
V  [jvm.dll+0x8e4513]  (no source info available)
V  [jvm.dll+0x87d9eb]  (no source info available)
V  [jvm.dll+0x72ef45]  (no source info available)
C  [ucrtbase.dll+0x37b0]  (no source info available)
C  [KERNEL32.DLL+0x2e8d7]  (no source info available)
C  [ntdll.dll+0x8d9c]  (no source info available)


siginfo: EXCEPTION_ACCESS_VIOLATION (0xc0000005), reading address 0x0000000000000000


Registers:
RAX=0x0000000000000000, RBX=0x0000023dfdd07fd2, RCX=0x0000023dfdd00dc0, RDX=0x000000da94bfee20
RSP=0x000000da94bfee20, RBP=0x000010dc44be0232, RSI=0x0000023dc5dd1898, RDI=0x0000023dc5dd1870
R8 =0x0000000000010002, R9 =0x000010dc44be0232, R10=0x0000023ddc6f0000, R11=0x000000da94bfef08
R12=0x0000000000000001, R13=0x00007ff893cd43d4, R14=0x000000da94bfef28, R15=0x0000023dc5dd1870
RIP=0x00007ff893cd6b07, EFLAGS=0x0000000000010206

XMM[0]=0x0000000000000000 0x0000000000000000
XMM[1]=0x0000000000000000 0x0000000000000000
XMM[2]=0x0000000000000000 0x0000000000000000
XMM[3]=0x0000000000000000 0x0000000000000000
XMM[4]=0x0000000000000000 0x0000000000000000
XMM[5]=0x0000000000000000 0x0000000000000000
XMM[6]=0x0000000000000000 0x0000000000000000
XMM[7]=0x0000000000000000 0x404e000000000000
XMM[8]=0x0000000000000000 0x0000000000000000
XMM[9]=0x0000000000000000 0x0000000000000000
XMM[10]=0x0000000000000000 0x0000000000000000
XMM[11]=0x0000000000000000 0x0000000000000000
XMM[12]=0x0000000000000000 0x0000000000000000
XMM[13]=0x0000000000000000 0x0000000000000000
XMM[14]=0x0000000000000000 0x0000000000000000
XMM[15]=0x0000000000000000 0x0000000000000000
  MXCSR=0x00001fa0


Register to memory mapping:

RAX=0x0 is null
RBX=0x0000023dfdd07fd2 is a global jni handle
RCX=0x0000023dfdd00dc0 points into unknown readable memory: 0x00007ff843e27c38 | 38 7c e2 43 f8 7f 00 00
RDX=0x000000da94bfee20 points into unknown readable memory: 0x0000000000000000 | 00 00 00 00 00 00 00 00
RSP=0x000000da94bfee20 points into unknown readable memory: 0x0000000000000000 | 00 00 00 00 00 00 00 00
RBP=0x000010dc44be0232 is an unknown value
RSI=0x0000023dc5dd1898 points into unknown readable memory: 0x000010dc44be0232 | 32 02 be 44 dc 10 00 00
RDI=0x0000023dc5dd1870 points into unknown readable memory: 0xfbb010ddbb5c4d06 | 06 4d 5c bb dd 10 b0 fb
R8 =0x0000000000010002 is an unknown value
R9 =0x000010dc44be0232 is an unknown value
R10=0x0000023ddc6f0000 points into unknown readable memory: 0x0000000000000000 | 00 00 00 00 00 00 00 00
R11=0x000000da94bfef08 points into unknown readable memory: 0x00007ff893cd4261 | 61 42 cd 93 f8 7f 00 00
R12=0x0000000000000001 is an unknown value
R13=0x00007ff893cd43d4 glass.dll
R14=0x000000da94bfef28 points into unknown readable memory: 0x000000da94bfef10 | 10 ef bf 94 da 00 00 00
R15=0x0000023dc5dd1870 points into unknown readable memory: 0xfbb010ddbb5c4d06 | 06 4d 5c bb dd 10 b0 fb

Top of Stack: (sp=0x000000da94bfee20)
0x000000da94bfee20:   0000000000000000 0000023d00000000   ............=...
0x000000da94bfee30:   0000023dc5e20a70 0000000000000001   p...=...........
0x000000da94bfee40:   0000023dc5dd1878 00007ff8b403bc75   x...=...u.......
0x000000da94bfee50:   0000023dc5dd1870 0000023d00000000   p...=.......=...
0x000000da94bfee60:   0000023dc5dd1890 000010dc44be0232   ....=...2..D....
0x000000da94bfee70:   fffffffffffffffe 00007ff89bc30000   ................
0x000000da94bfee80:   00007ff893cb0000 00007ff893cb0000   ................
0x000000da94bfee90:   000000da94bfef18 00007ff8b403b897   ................
0x000000da94bfeea0:   000000da94bfef00 000000da94bfef28   ........(.......
0x000000da94bfeeb0:   000000da94bff210 00007ff8b41288c0   ................
0x000000da94bfeec0:   0000000000000001 00007ff8b403b84d   ........M.......
0x000000da94bfeed0:   0000000000000000 0000000000000001   ................
0x000000da94bfeee0:   000000da94bff210 000000da94bfef18   ................
0x000000da94bfeef0:   fffffffffffffffe 00007ff8b63e6003   .........`>.....
0x000000da94bfef00:   0000000000000000 00007ff893cd4261   ........aB......
0x000000da94bfef10:   00007ff893cea138 000000da00000002   8...............
0x000000da94bfef20:   00007ff800000002 000000da94bfef10   ................
0x000000da94bfef30:   0000000000000000 00007ff8b2c05e37   ........7^......
0x000000da94bfef40:   0000000000000000 00007ff893cd4386   .........C......
0x000000da94bfef50:   0000000000000001 0000000000000000   ................
0x000000da94bfef60:   0000000000000001 00007ff8b6414f8f   .........OA.....
0x000000da94bfef70:   00007ff8b2c00000 000000da94bff210   ................
0x000000da94bfef80:   0000000000000001 0000000000000000   ................
0x000000da94bfef90:   0000000000000000 000000007ffe0384   ................
0x000000da94bfefa0:   0000023dc5c02500 00007ff8b6500ede   .%..=.....P.....
0x000000da94bfefb0:   00007ff893cb0000 0000023d00000000   ............=...
0x000000da94bfefc0:   0000000000000001 000000007ffe0385   ................
0x000000da94bfefd0:   00007ff893cd7590 00007ff8b641483e   .u......>HA.....
0x000000da94bfefe0:   0000000000000000 0000000000000000   ................
0x000000da94bfeff0:   0000000000000000 0000000000000000   ................
0x000000da94bff000:   0000000000000000 0000000000000000   ................
0x000000da94bff010:   0000000000000000 0000000000000000   ................

Instructions: (pc=0x00007ff893cd6b07)
  0x00007ff893cd6a07:   8b 4d 58 e8 01 cf ff ff 48 8b 4d 60 e8 f8 ce ff
  0x00007ff893cd6a17:   ff 48 8b 95 80 00 00 00 48 8b 8d 18 01 00 00 e8
  0x00007ff893cd6a27:   c6 c3 ff ff 33 d2 33 c9 e8 3c e1 ff ff 90 48 89
  0x00007ff893cd6a37:   54 24 10 55 48 83 ec 20 48 8b ea 48 b8 00 00 00
  0x00007ff893cd6a47:   00 00 00 00 00 48 83 c4 20 5d c3 cc 40 55 48 8b
  0x00007ff893cd6a57:   ea 48 8b 01 33 c9 81 38 05 00 00 c0 0f 94 c1 8b
  0x00007ff893cd6a67:   c1 5d c3 cc 40 55 48 83 ec 20 48 8b ea 8a 4d 40
  0x00007ff893cd6a77:   48 83 c4 20 5d e9 f7 d2 ff ff cc 40 55 48 83 ec
  0x00007ff893cd6a87:   20 48 8b ea 8a 4d 20 e8 e5 d2 ff ff 90 48 83 c4
  0x00007ff893cd6a97:   20 5d c3 cc 40 55 48 83 ec 20 48 8b ea 48 83 c4
  0x00007ff893cd6aa7:   20 5d e9 46 d1 ff ff cc 40 55 48 83 ec 30 48 8b
  0x00007ff893cd6ab7:   ea 48 8b 01 8b 10 48 89 4c 24 28 89 54 24 20 4c
  0x00007ff893cd6ac7:   8d 0d e7 d5 ff ff 4c 8b 45 70 8b 55 68 48 8b 4d
  0x00007ff893cd6ad7:   60 e8 87 d0 ff ff 90 48 83 c4 30 5d c3 cc cc cc
  0x00007ff893cd6ae7:   cc cc cc cc cc cc cc cc cc 40 53 48 83 ec 20 48
  0x00007ff893cd6af7:   8b 1d 33 30 01 00 48 85 db 74 16 e8 09 8b ff ff
=>0x00007ff893cd6b07:   4c 8b 00 48 8b d3 48 8b c8 41 ff 90 b0 00 00 00
  0x00007ff893cd6b17:   90 48 83 c4 20 5b c3 cc cc 40 53 48 83 ec 20 48
  0x00007ff893cd6b27:   8b 1d ab 31 01 00 48 85 db 74 57 b8 ff ff ff ff
  0x00007ff893cd6b37:   f0 0f c1 43 10 83 f8 01 75 3d 48 85 db 74 38 48
  0x00007ff893cd6b47:   8b 0b 48 85 c9 74 0d ff 15 54 07 00 00 48 c7 03
  0x00007ff893cd6b57:   00 00 00 00 48 8b 4b 08 48 85 c9 74 0d e8 a7 cd
  0x00007ff893cd6b67:   ff ff 48 c7 43 08 00 00 00 00 ba 18 00 00 00 48
  0x00007ff893cd6b77:   8b cb e8 92 cd ff ff 48 c7 05 4f 31 01 00 00 00
  0x00007ff893cd6b87:   00 00 48 83 c4 20 5b c3 cc 40 53 48 83 ec 20 48
  0x00007ff893cd6b97:   8b 1d 1b 31 01 00 48 85 db 74 57 b8 ff ff ff ff
  0x00007ff893cd6ba7:   f0 0f c1 43 10 83 f8 01 75 3d 48 85 db 74 38 48
  0x00007ff893cd6bb7:   8b 0b 48 85 c9 74 0d ff 15 e4 06 00 00 48 c7 03
  0x00007ff893cd6bc7:   00 00 00 00 48 8b 4b 08 48 85 c9 74 0d e8 37 cd
  0x00007ff893cd6bd7:   ff ff 48 c7 43 08 00 00 00 00 ba 18 00 00 00 48
  0x00007ff893cd6be7:   8b cb e8 22 cd ff ff 48 c7 05 bf 30 01 00 00 00
  0x00007ff893cd6bf7:   00 00 48 83 c4 20 5b c3 cc 40 53 48 83 ec 20 48


Stack slot to memory mapping:

stack at sp + 0 slots: 0x0 is null
stack at sp + 1 slots: 0x0000023d00000000 is an unknown value
stack at sp + 2 slots: 0x0000023dc5e20a70 points into unknown readable memory: 0x0000023dc5e176e0 | e0 76 e1 c5 3d 02 00 00
stack at sp + 3 slots: 0x0000000000000001 is an unknown value
stack at sp + 4 slots: 0x0000023dc5dd1878 points into unknown readable memory: 0x000010dc44be0232 | 32 02 be 44 dc 10 00 00
stack at sp + 5 slots: 0x00007ff8b403bc75 ucrtbase.dll
stack at sp + 6 slots: 0x0000023dc5dd1870 points into unknown readable memory: 0xfbb010ddbb5c4d06 | 06 4d 5c bb dd 10 b0 fb
stack at sp + 7 slots: 0x0000023d00000000 is an unknown value

VM_Operation (0x000000da97ffedf0): Exit, mode: safepoint, requested by thread 0x0000023dc67e10a0


---------------  P R O C E S S  ---------------

Threads class SMR info:
_java_thread_list=0x0000023dd03df3a0, length=27, elements={
0x0000023ddead40b0, 0x0000023dfdd0ddd0, 0x0000023dfdd0f080, 0x0000023dfdd138a0,
0x0000023dfdd13ff0, 0x0000023dfdd10cc0, 0x0000023dfdd271b0, 0x0000023dc5018c00,
0x0000023dfdd11b60, 0x0000023dfdd122b0, 0x0000023dfdd11410, 0x0000023dfdd12a00,
0x0000023dc5e23280, 0x0000023dc5e21c90, 0x0000023dc5e223e0, 0x0000023dc5e21540,
0x0000023dc5e24870, 0x0000023dc5e22b30, 0x0000023dc5e239d0, 0x0000023dc67de4c0,
0x0000023dc67ddd70, 0x0000023dc67dfab0, 0x0000023dc67dec10, 0x0000023dc67e0950,
0x0000023dc67dd620, 0x0000023dc67e2de0, 0x0000023dc67e10a0
}

Java Threads: ( => current thread )
  0x0000023ddead40b0 JavaThread "main"                              [_thread_blocked, id=3100, stack(0x000000da94400000,0x000000da94500000) (1024K)]
  0x0000023dfdd0ddd0 JavaThread "Reference Handler"          daemon [_thread_blocked, id=15836, stack(0x000000da94c00000,0x000000da94d00000) (1024K)]
  0x0000023dfdd0f080 JavaThread "Finalizer"                  daemon [_thread_blocked, id=1272, stack(0x000000da94d00000,0x000000da94e00000) (1024K)]
  0x0000023dfdd138a0 JavaThread "Attach Listener"            daemon [_thread_blocked, id=11932, stack(0x000000da94f00000,0x000000da95000000) (1024K)]
  0x0000023dfdd13ff0 JavaThread "Service Thread"             daemon [_thread_blocked, id=6340, stack(0x000000da95000000,0x000000da95100000) (1024K)]
  0x0000023dfdd10cc0 JavaThread "Monitor Deflation Thread"   daemon [_thread_blocked, id=6048, stack(0x000000da95100000,0x000000da95200000) (1024K)]
  0x0000023dfdd271b0 JavaThread "C2 CompilerThread0"         daemon [_thread_blocked, id=8260, stack(0x000000da95200000,0x000000da95300000) (1024K)]
  0x0000023dc5018c00 JavaThread "C1 CompilerThread0"         daemon [_thread_blocked, id=11368, stack(0x000000da95300000,0x000000da95400000) (1024K)]
  0x0000023dfdd11b60 JavaThread "Common-Cleaner"             daemon [_thread_blocked, id=12604, stack(0x000000da95400000,0x000000da95500000) (1024K)]
  0x0000023dfdd122b0 JavaThread "Monitor Ctrl-Break"         daemon [_thread_in_native, id=13560, stack(0x000000da95700000,0x000000da95800000) (1024K)]
  0x0000023dfdd11410 JavaThread "Notification Thread"        daemon [_thread_blocked, id=16868, stack(0x000000da95800000,0x000000da95900000) (1024K)]
  0x0000023dfdd12a00 JavaThread "QuantumRenderer-0"          daemon [_thread_blocked, id=9796, stack(0x000000da95900000,0x000000da95a00000) (1024K)]
  0x0000023dc5e23280 JavaThread "InvokeLaterDispatcher"      daemon [_thread_blocked, id=2856, stack(0x000000da95c00000,0x000000da95d00000) (1024K)]
  0x0000023dc5e21c90 JavaThread "JavaFX Application Thread"         [_thread_in_native, id=13524, stack(0x000000da95d00000,0x000000da95e00000) (1024K)]
  0x0000023dc5e223e0 JavaThread "JavaFX-Launcher"                   [_thread_blocked, id=4624, stack(0x000000da96500000,0x000000da96600000) (1024K)]
  0x0000023dc5e21540 JavaThread "Thread-2"                   daemon [_thread_in_native, id=10628, stack(0x000000da96400000,0x000000da96500000) (1024K)]
  0x0000023dc5e24870 JavaThread "Grizzly(1) SelectorRunner"  daemon [_thread_in_native, id=4620, stack(0x000000da96c00000,0x000000da96d00000) (1024K)]
  0x0000023dc5e22b30 JavaThread "Grizzly(1)"                 daemon [_thread_blocked, id=8504, stack(0x000000da96d00000,0x000000da96e00000) (1024K)]
  0x0000023dc5e239d0 JavaThread "Grizzly(2)"                 daemon [_thread_blocked, id=3568, stack(0x000000da96e00000,0x000000da96f00000) (1024K)]
  0x0000023dc67de4c0 JavaThread "HttpClient-1-SelectorManager" daemon [_thread_in_native, id=14312, stack(0x000000da97000000,0x000000da97100000) (1024K)]
  0x0000023dc67ddd70 JavaThread "Prism Font Disposer"        daemon [_thread_blocked, id=12864, stack(0x000000da97800000,0x000000da97900000) (1024K)]
  0x0000023dc67dfab0 JavaThread "Cleaner-0"                  daemon [_thread_blocked, id=14324, stack(0x000000da97a00000,0x000000da97b00000) (1024K)]
  0x0000023dc67dec10 JavaThread "HttpClient-1-Worker-0"      daemon [_thread_blocked, id=8800, stack(0x000000da96600000,0x000000da96700000) (1024K)]
  0x0000023dc67e0950 JavaThread "HttpClient-1-Worker-1"      daemon [_thread_blocked, id=13648, stack(0x000000da97b00000,0x000000da97c00000) (1024K)]
  0x0000023dc67dd620 JavaThread "HttpClient-1-Worker-2"      daemon [_thread_blocked, id=11568, stack(0x000000da97c00000,0x000000da97d00000) (1024K)]
  0x0000023dc67e2de0 JavaThread "ForkJoinPool.commonPool-worker-1" daemon [_thread_blocked, id=8264, stack(0x000000da97d00000,0x000000da97e00000) (1024K)]
  0x0000023dc67e10a0 JavaThread "SIGINT handler"             daemon [_thread_blocked, id=8748, stack(0x000000da97f00000,0x000000da98000000) (1024K)]
Total: 27

Other Threads:
=>0x0000023dfdd00dc0 VMThread "VM Thread"                           [id=5420, stack(0x000000da94b00000,0x000000da94c00000) (1024K)]
  0x0000023ddeb3afa0 WorkerThread "GC Thread#0"                     [id=5768, stack(0x000000da94500000,0x000000da94600000) (1024K)]
  0x0000023dc63ebe90 WorkerThread "GC Thread#1"                     [id=15916, stack(0x000000da96700000,0x000000da96800000) (1024K)]
  0x0000023dc63ec240 WorkerThread "GC Thread#2"                     [id=17280, stack(0x000000da96800000,0x000000da96900000) (1024K)]
  0x0000023dc6273db0 WorkerThread "GC Thread#3"                     [id=5352, stack(0x000000da96900000,0x000000da96a00000) (1024K)]
  0x0000023dc62ce820 WorkerThread "GC Thread#4"                     [id=8784, stack(0x000000da96a00000,0x000000da96b00000) (1024K)]
  0x0000023dc62cefe0 WorkerThread "GC Thread#5"                     [id=4816, stack(0x000000da96b00000,0x000000da96c00000) (1024K)]
  0x0000023dc679efd0 WorkerThread "GC Thread#6"                     [id=9060, stack(0x000000da97200000,0x000000da97300000) (1024K)]
  0x0000023dc679f380 WorkerThread "GC Thread#7"                     [id=1552, stack(0x000000da97300000,0x000000da97400000) (1024K)]
  0x0000023dc679ec20 WorkerThread "GC Thread#8"                     [id=8148, stack(0x000000da97400000,0x000000da97500000) (1024K)]
  0x0000023dc679e4c0 WorkerThread "GC Thread#9"                     [id=12468, stack(0x000000da97500000,0x000000da97600000) (1024K)]
  0x0000023ddeb4f1e0 ConcurrentGCThread "G1 Main Marker"            terminated
  0x0000023ddeb519f0 WorkerThread "G1 Conc#0"                       [id=1852, stack(0x000000da94700000,0x000000da94800000) (1024K)]
  0x0000023dc679f730 WorkerThread "G1 Conc#1"                       [id=2036, stack(0x000000da97600000,0x000000da97700000) (1024K)]
  0x0000023dc679e870 WorkerThread "G1 Conc#2"                       [id=936, stack(0x000000da97700000,0x000000da97800000) (1024K)]
  0x0000023dfdbbde20 ConcurrentGCThread "G1 Refine#0"               terminated
  0x0000023dfdbbe260 ConcurrentGCThread "G1 Service"                terminated
Total: 17

Threads with active compile tasks:
Total: 0

VM state: at safepoint (shutting down)

VM Mutex/Monitor currently owned by a thread:  ([mutex/lock_event])
[0x00007ff8440044f0] Threads_lock - owner thread: 0x0000023dfdd00dc0
[0x00007ff8440045f0] Heap_lock - owner thread: 0x0000023dc67e10a0

Heap address: 0x000000070b400000, size: 3916 MB, Compressed Oops mode: Zero based, Oop shift amount: 3

CDS archive(s) mapped at: [0x0000023d80000000-0x0000023d80d40000-0x0000023d80d40000), size 13893632, SharedBaseAddress: 0x0000023d80000000, ArchiveRelocationMode: 1.
Compressed class space mapped at: 0x0000023d81000000-0x0000023dc1000000, reserved size: 1073741824
UseCompressedClassPointers 1, UseCompactObjectHeaders 0
Narrow klass pointer bits 32, Max shift 3
Narrow klass base: 0x0000023d80000000, Narrow klass shift: 0
Encoding Range: [0x0000023d80000000 - 0x0000023e80000000), (4294967296 bytes)
Klass Range:    [0x0000023d80000000 - 0x0000023dc1000000), (1090519040 bytes)
Klass ID Range:  [8 - 1090519033) (1090519025)

GC Precious Log:
 CardTable entry size: 512
 Card Set container configuration: InlinePtr #cards 4 size 8 Array Of Cards #cards 16 size 48 Howl #buckets 8 coarsen threshold 3686 Howl Bitmap #cards 512 size 80 coarsen threshold 460 Card regions per heap region 1 cards per card region 4096
 CPUs: 12 total, 12 available
 Memory: 15659M
 Large Page Support: Disabled
 NUMA Support: Disabled
 Compressed Oops: Enabled (Zero based)
 Heap Region Size: 2M
 Heap Min Capacity: 8M
 Heap Initial Capacity: 246M
 Heap Max Capacity: 3916M
 Pre-touch: Disabled
 Parallel Workers: 10
 Concurrent Workers: 3
 Concurrent Refinement Workers: 10
 Periodic GC: Disabled

Heap:
 garbage-first heap   total reserved 4009984K, committed 57344K, used 31060K [0x000000070b400000, 0x0000000800000000)
  region size 2048K, 13 young (26624K), 5 survivors (10240K)
 Metaspace       used 26660K, committed 27008K, reserved 1114112K
  class space    used 3246K, committed 3392K, reserved 1048576K

Heap Regions: E=young(eden), S=young(survivor), O=old, HS=humongous(starts), HC=humongous(continues), CS=collection set, F=free, TAMS=top-at-mark-start, PB=parsable bottom
|   0|0x000000070b400000, 0x000000070b600000, 0x000000070b600000|100%|HS|  |TAMS 0x000000070b400000| PB 0x000000070b400000| Complete |  0
|   1|0x000000070b600000, 0x000000070b600000, 0x000000070b800000|  0%| F|  |TAMS 0x000000070b600000| PB 0x000000070b600000| Untracked |  0
|   2|0x000000070b800000, 0x000000070b800000, 0x000000070ba00000|  0%| F|  |TAMS 0x000000070b800000| PB 0x000000070b800000| Untracked |  0
|   3|0x000000070ba00000, 0x000000070ba00000, 0x000000070bc00000|  0%| F|  |TAMS 0x000000070ba00000| PB 0x000000070ba00000| Untracked |  0
|   4|0x000000070bc00000, 0x000000070bc00000, 0x000000070be00000|  0%| F|  |TAMS 0x000000070bc00000| PB 0x000000070bc00000| Untracked |  0
|   5|0x000000070be00000, 0x000000070be00000, 0x000000070c000000|  0%| F|  |TAMS 0x000000070be00000| PB 0x000000070be00000| Untracked |  0
|   6|0x000000070c000000, 0x000000070c000000, 0x000000070c200000|  0%| F|  |TAMS 0x000000070c000000| PB 0x000000070c000000| Untracked |  0
|   7|0x000000070c200000, 0x000000070c200000, 0x000000070c400000|  0%| F|  |TAMS 0x000000070c200000| PB 0x000000070c200000| Untracked |  0
|   8|0x000000070c400000, 0x000000070c400000, 0x000000070c600000|  0%| F|  |TAMS 0x000000070c400000| PB 0x000000070c400000| Untracked |  0
|   9|0x000000070c600000, 0x000000070c600000, 0x000000070c800000|  0%| F|  |TAMS 0x000000070c600000| PB 0x000000070c600000| Untracked |  0
|  10|0x000000070c800000, 0x000000070c800000, 0x000000070ca00000|  0%| F|  |TAMS 0x000000070c800000| PB 0x000000070c800000| Untracked |  0
|  11|0x000000070ca00000, 0x000000070cbdf718, 0x000000070cc00000| 93%| E|  |TAMS 0x000000070ca00000| PB 0x000000070ca00000| Complete |  0
|  12|0x000000070cc00000, 0x000000070ce00000, 0x000000070ce00000|100%| E|CS|TAMS 0x000000070cc00000| PB 0x000000070cc00000| Complete |  0
|  13|0x000000070ce00000, 0x000000070d000000, 0x000000070d000000|100%| S|CS|TAMS 0x000000070ce00000| PB 0x000000070ce00000| Complete |  0
|  14|0x000000070d000000, 0x000000070d200000, 0x000000070d200000|100%| S|CS|TAMS 0x000000070d000000| PB 0x000000070d000000| Complete |  0
|  15|0x000000070d200000, 0x000000070d400000, 0x000000070d400000|100%| S|CS|TAMS 0x000000070d200000| PB 0x000000070d200000| Complete |  0
|  16|0x000000070d400000, 0x000000070d600000, 0x000000070d600000|100%| S|CS|TAMS 0x000000070d400000| PB 0x000000070d400000| Complete |  0
|  17|0x000000070d600000, 0x000000070d6683b0, 0x000000070d800000| 20%| S|CS|TAMS 0x000000070d600000| PB 0x000000070d600000| Complete |  0
|  87|0x0000000716200000, 0x0000000716400000, 0x0000000716400000|100%| E|CS|TAMS 0x0000000716200000| PB 0x0000000716200000| Complete |  0
|  88|0x0000000716400000, 0x0000000716600000, 0x0000000716600000|100%| E|CS|TAMS 0x0000000716400000| PB 0x0000000716400000| Complete |  0
|  89|0x0000000716600000, 0x0000000716800000, 0x0000000716800000|100%| E|CS|TAMS 0x0000000716600000| PB 0x0000000716600000| Complete |  0
|  90|0x0000000716800000, 0x0000000716a00000, 0x0000000716a00000|100%| E|CS|TAMS 0x0000000716800000| PB 0x0000000716800000| Complete |  0
|  91|0x0000000716a00000, 0x0000000716c00000, 0x0000000716c00000|100%| E|CS|TAMS 0x0000000716a00000| PB 0x0000000716a00000| Complete |  0
| 122|0x000000071a800000, 0x000000071aa00000, 0x000000071aa00000|100%| E|CS|TAMS 0x000000071a800000| PB 0x000000071a800000| Complete |  0
|1954|0x00000007ff800000, 0x00000007ff8cfbf0, 0x00000007ffa00000| 40%| O|  |TAMS 0x00000007ff800000| PB 0x00000007ff800000| Untracked |  1
|1955|0x00000007ffa00000, 0x00000007ffc00000, 0x00000007ffc00000|100%| O|  |TAMS 0x00000007ffa00000| PB 0x00000007ffa00000| Untracked |  0
|1956|0x00000007ffc00000, 0x00000007ffe00000, 0x00000007ffe00000|100%| O|  |TAMS 0x00000007ffc00000| PB 0x00000007ffc00000| Untracked |  0
|1957|0x00000007ffe00000, 0x00000007fff1d248, 0x0000000800000000| 55%| O|Cm|TAMS 0x00000007ffe00000| PB 0x00000007ffe00000| Complete |  0

Card table byte_map: [0x0000023df7190000,0x0000023df7940000] _byte_map_base: 0x0000023df3936000

Marking Bits: (CMBitMap*) 0x0000023ddeb3b6b0
 Bits: [0x0000023df7940000, 0x0000023dfb670000)

Polling page: 0x0000023ddc8b0000

Metaspace:

Usage:
  Non-class:     22.87 MB used.
      Class:      3.17 MB used.
       Both:     26.04 MB used.

Virtual space:
  Non-class space:       64.00 MB reserved,      23.06 MB ( 36%) committed,  1 nodes.
      Class space:        1.00 GB reserved,       3.31 MB ( <1%) committed,  1 nodes.
             Both:        1.06 GB reserved,      26.38 MB (  2%) committed. 

Chunk freelists:
   Non-Class:  8.02 MB
       Class:  12.70 MB
        Both:  20.72 MB

MaxMetaspaceSize: unlimited
CompressedClassSpaceSize: 1.00 GB
Initial GC threshold: 21.00 MB
Current GC threshold: 35.12 MB
CDS: on
 - commit_granule_bytes: 65536.
 - commit_granule_words: 8192.
 - virtual_space_node_default_size: 8388608.
 - enlarge_chunks_in_place: 1.
UseCompressedClassPointers 1, UseCompactObjectHeaders 0
Narrow klass pointer bits 32, Max shift 3
Narrow klass base: 0x0000023d80000000, Narrow klass shift: 0
Encoding Range: [0x0000023d80000000 - 0x0000023e80000000), (4294967296 bytes)
Klass Range:    [0x0000023d80000000 - 0x0000023dc1000000), (1090519040 bytes)
Klass ID Range:  [8 - 1090519033) (1090519025)


Internal statistics:

num_allocs_failed_limit: 3.
num_arena_births: 392.
num_arena_deaths: 0.
num_vsnodes_births: 2.
num_vsnodes_deaths: 0.
num_space_committed: 422.
num_space_uncommitted: 0.
num_chunks_returned_to_freelist: 3.
num_chunks_taken_from_freelist: 1162.
num_chunk_merges: 3.
num_chunk_splits: 798.
num_chunks_enlarged: 595.
num_inconsistent_stats: 0.

CodeHeap 'non-profiled nmethods': size=120064Kb used=1482Kb max_used=1482Kb free=118581Kb
 bounds [0x0000023deee30000, 0x0000023def0a0000, 0x0000023df6370000]
CodeHeap 'profiled nmethods': size=120000Kb used=6305Kb max_used=6305Kb free=113695Kb
 bounds [0x0000023de7370000, 0x0000023de79a0000, 0x0000023dee8a0000]
CodeHeap 'non-nmethods': size=5696Kb used=1711Kb max_used=1833Kb free=3984Kb
 bounds [0x0000023dee8a0000, 0x0000023deeb10000, 0x0000023deee30000]
CodeCache: size=245760Kb, used=9498Kb, max_used=9620Kb, free=236260Kb
 total_blobs=4857, nmethods=3983, adapters=778, full_count=0
Compilation: enabled, stopped_count=0, restarted_count=0

Compilation events (20 events):
Event: 10.651 Thread 0x0000023dc5018c00 3976       3       javafx.scene.input.MouseEvent::<init> (208 bytes)
Event: 10.652 Thread 0x0000023dc5018c00 nmethod 3976 0x0000023de7996808 code [0x0000023de7996980, 0x0000023de7997230]
Event: 10.667 Thread 0x0000023dc5018c00 3977       3       com.sun.javafx.geom.Vec3d::<init> (5 bytes)
Event: 10.667 Thread 0x0000023dc5018c00 nmethod 3977 0x0000023de7997288 code [0x0000023de79973a0, 0x0000023de7997500]
Event: 10.667 Thread 0x0000023dc5018c00 3978       1       com.sun.javafx.stage.WindowEventDispatcher::getFirstDispatcher (5 bytes)
Event: 10.667 Thread 0x0000023dc5018c00 nmethod 3978 0x0000023deefa1688 code [0x0000023deefa1780, 0x0000023deefa1848]
Event: 10.723 Thread 0x0000023dc5018c00 3979       1       com.sun.javafx.scene.SceneEventDispatcher::getFirstDispatcher (5 bytes)
Event: 10.723 Thread 0x0000023dc5018c00 nmethod 3979 0x0000023deefa1988 code [0x0000023deefa1a80, 0x0000023deefa1b48]
Event: 28.233 Thread 0x0000023dfdd271b0 3980       4       jdk.internal.access.SharedSecrets::getJavaLangAccess (4 bytes)
Event: 28.233 Thread 0x0000023dfdd271b0 nmethod 3980 0x0000023deefa1c88 code [0x0000023deefa1d80, 0x0000023deefa1df8]
Event: 37.253 Thread 0x0000023dc5018c00 3981       1       java.util.concurrent.atomic.AtomicLong::get (5 bytes)
Event: 37.253 Thread 0x0000023dc5018c00 nmethod 3981 0x0000023deefa1f88 code [0x0000023deefa2080, 0x0000023deefa2150]
Event: 38.572 Thread 0x0000023dc5018c00 3982       3       javafx.beans.property.ReadOnlyBooleanWrapper$ReadOnlyPropertyImpl::get (8 bytes)
Event: 38.572 Thread 0x0000023dc5018c00 nmethod 3982 0x0000023de7997588 code [0x0000023de79976c0, 0x0000023de79979e0]
Event: 40.653 Thread 0x0000023dc5018c00 3983       1       javafx.scene.input.KeyCode::getCode (5 bytes)
Event: 40.653 Thread 0x0000023dc5018c00 nmethod 3983 0x0000023deefa2288 code [0x0000023deefa2380, 0x0000023deefa2448]
Event: 51.160 Thread 0x0000023dfdd271b0 3984       4       java.util.ArrayList$Itr::next (66 bytes)
Event: 51.161 Thread 0x0000023dc5018c00 3985       3       jdk.internal.loader.NativeLibraries::find (70 bytes)
Event: 51.161 Thread 0x0000023dc5018c00 nmethod 3985 0x0000023de7997a08 code [0x0000023de7997bc0, 0x0000023de79983a8]
Event: 51.162 Thread 0x0000023dfdd271b0 nmethod 3984 0x0000023deefa2588 code [0x0000023deefa26a0, 0x0000023deefa2800]

GC Heap History (6 events):
Event: 0.844 GC heap before
{Heap before GC invocations=0 (full 0):
 garbage-first heap   total reserved 4009984K, committed 253952K, used 48244K [0x000000070b400000, 0x0000000800000000)
  region size 2048K, 24 young (49152K), 0 survivors (0K)
 Metaspace       used 8748K, committed 8960K, reserved 1114112K
  class space    used 877K, committed 960K, reserved 1048576K
}
Event: 0.848 GC heap after
{Heap after GC invocations=1 (full 0):
 garbage-first heap   total reserved 4009984K, committed 253952K, used 6463K [0x000000070b400000, 0x0000000800000000)
  region size 2048K, 3 young (6144K), 3 survivors (6144K)
 Metaspace       used 8748K, committed 8960K, reserved 1114112K
  class space    used 877K, committed 960K, reserved 1048576K
}
Event: 1.508 GC heap before
{Heap before GC invocations=1 (full 0):
 garbage-first heap   total reserved 4009984K, committed 253952K, used 59711K [0x000000070b400000, 0x0000000800000000)
  region size 2048K, 31 young (63488K), 3 survivors (6144K)
 Metaspace       used 21266K, committed 21504K, reserved 1114112K
  class space    used 2394K, committed 2496K, reserved 1048576K
}
Event: 1.514 GC heap after
{Heap after GC invocations=2 (full 0):
 garbage-first heap   total reserved 4009984K, committed 253952K, used 10941K [0x000000070b400000, 0x0000000800000000)
  region size 2048K, 5 young (10240K), 5 survivors (10240K)
 Metaspace       used 21266K, committed 21504K, reserved 1114112K
  class space    used 2394K, committed 2496K, reserved 1048576K
}
Event: 1.807 GC heap before
{Heap before GC invocations=3 (full 0):
 garbage-first heap   total reserved 4009984K, committed 40960K, used 39613K [0x000000070b400000, 0x0000000800000000)
  region size 2048K, 19 young (38912K), 5 survivors (10240K)
 Metaspace       used 24110K, committed 24512K, reserved 1114112K
  class space    used 2952K, committed 3136K, reserved 1048576K
}
Event: 1.814 GC heap after
{Heap after GC invocations=4 (full 0):
 garbage-first heap   total reserved 4009984K, committed 57344K, used 14676K [0x000000070b400000, 0x0000000800000000)
  region size 2048K, 5 young (10240K), 5 survivors (10240K)
 Metaspace       used 24110K, committed 24512K, reserved 1114112K
  class space    used 2952K, committed 3136K, reserved 1048576K
}

Dll operation events (20 events):
Event: 0.405 Loaded shared library C:\Users\danielcc\.openjfx\cache\17.0.6\api-ms-win-crt-math-l1-1-0.dll
Event: 0.408 Loaded shared library C:\Users\danielcc\.openjfx\cache\17.0.6\api-ms-win-crt-multibyte-l1-1-0.dll
Event: 0.411 Loaded shared library C:\Users\danielcc\.openjfx\cache\17.0.6\api-ms-win-crt-private-l1-1-0.dll
Event: 0.414 Loaded shared library C:\Users\danielcc\.openjfx\cache\17.0.6\api-ms-win-crt-process-l1-1-0.dll
Event: 0.417 Loaded shared library C:\Users\danielcc\.openjfx\cache\17.0.6\api-ms-win-crt-runtime-l1-1-0.dll
Event: 0.420 Loaded shared library C:\Users\danielcc\.openjfx\cache\17.0.6\api-ms-win-crt-stdio-l1-1-0.dll
Event: 0.423 Loaded shared library C:\Users\danielcc\.openjfx\cache\17.0.6\api-ms-win-crt-string-l1-1-0.dll
Event: 0.426 Loaded shared library C:\Users\danielcc\.openjfx\cache\17.0.6\api-ms-win-crt-time-l1-1-0.dll
Event: 0.429 Loaded shared library C:\Users\danielcc\.openjfx\cache\17.0.6\api-ms-win-crt-utility-l1-1-0.dll
Event: 0.439 Loaded shared library C:\Users\danielcc\.openjfx\cache\17.0.6\ucrtbase.dll
Event: 0.442 Loaded shared library C:\Users\danielcc\.openjfx\cache\17.0.6\vcruntime140.dll
Event: 0.445 Loaded shared library C:\Users\danielcc\.openjfx\cache\17.0.6\vcruntime140_1.dll
Event: 0.451 Loaded shared library C:\Users\danielcc\.openjfx\cache\17.0.6\msvcp140.dll
Event: 0.454 Loaded shared library C:\Users\danielcc\.openjfx\cache\17.0.6\msvcp140_1.dll
Event: 0.459 Loaded shared library C:\Users\danielcc\.openjfx\cache\17.0.6\msvcp140_2.dll
Event: 0.496 Loaded shared library C:\Users\danielcc\.openjfx\cache\17.0.6\prism_d3d.dll
Event: 0.562 Loaded shared library C:\Users\danielcc\.openjfx\cache\17.0.6\glass.dll
Event: 0.659 Loaded shared library C:\Program Files\Java\jdk-24\bin\jimage.dll
Event: 0.813 Loaded shared library C:\Users\danielcc\.openjfx\cache\17.0.6\javafx_font.dll
Event: 1.103 Loaded shared library C:\Program Files\Java\jdk-24\bin\sunmscapi.dll

Deoptimization events (20 events):
Event: 3.021 Thread 0x0000023dc5e21c90 DEOPT PACKING pc=0x0000023deef31c78 sp=0x000000da95dfc410
Event: 3.021 Thread 0x0000023dc5e21c90 DEOPT UNPACKING pc=0x0000023dee9b4102 sp=0x000000da95dfc3b0 mode 2
Event: 3.021 Thread 0x0000023dc5e21c90 Uncommon trap: trap_request=0xffffffd6 fr.pc=0x0000023deef31c78 relative=0x0000000000002558
Event: 3.021 Thread 0x0000023dc5e21c90 Uncommon trap: reason=array_check action=maybe_recompile pc=0x0000023deef31c78 method=javafx.css.SimpleSelector.applies(Ljavafx/css/Styleable;[Ljava/util/Set;I)Z @ 37 c2
Event: 3.021 Thread 0x0000023dc5e21c90 DEOPT PACKING pc=0x0000023deef31c78 sp=0x000000da95dfc410
Event: 3.022 Thread 0x0000023dc5e21c90 DEOPT UNPACKING pc=0x0000023dee9b4102 sp=0x000000da95dfc3b0 mode 2
Event: 3.022 Thread 0x0000023dc5e21c90 Uncommon trap: trap_request=0xffffffd6 fr.pc=0x0000023deef4f654 relative=0x0000000000000bb4
Event: 3.022 Thread 0x0000023dc5e21c90 Uncommon trap: reason=array_check action=maybe_recompile pc=0x0000023deef4f654 method=javafx.css.SimpleSelector.applies(Ljavafx/css/Styleable;[Ljava/util/Set;I)Z @ 37 c2
Event: 3.022 Thread 0x0000023dc5e21c90 DEOPT PACKING pc=0x0000023deef4f654 sp=0x000000da95dfc4f0
Event: 3.022 Thread 0x0000023dc5e21c90 DEOPT UNPACKING pc=0x0000023dee9b4102 sp=0x000000da95dfc4c8 mode 2
Event: 3.022 Thread 0x0000023dc5e21c90 Uncommon trap: trap_request=0xffffffd6 fr.pc=0x0000023deef31c78 relative=0x0000000000002558
Event: 3.022 Thread 0x0000023dc5e21c90 Uncommon trap: reason=array_check action=maybe_recompile pc=0x0000023deef31c78 method=javafx.css.SimpleSelector.applies(Ljavafx/css/Styleable;[Ljava/util/Set;I)Z @ 37 c2
Event: 3.022 Thread 0x0000023dc5e21c90 DEOPT PACKING pc=0x0000023deef31c78 sp=0x000000da95dfc410
Event: 3.022 Thread 0x0000023dc5e21c90 DEOPT UNPACKING pc=0x0000023dee9b4102 sp=0x000000da95dfc3b0 mode 2
Event: 3.038 Thread 0x0000023dc5e21c90 Uncommon trap: trap_request=0xffffff4d fr.pc=0x0000023deef0c068 relative=0x0000000000000c08
Event: 3.038 Thread 0x0000023dc5e21c90 Uncommon trap: reason=unstable_if action=reinterpret pc=0x0000023deef0c068 method=java.util.concurrent.ConcurrentHashMap.putVal(Ljava/lang/Object;Ljava/lang/Object;Z)Ljava/lang/Object; @ 231 c2
Event: 3.038 Thread 0x0000023dc5e21c90 DEOPT PACKING pc=0x0000023deef0c068 sp=0x000000da95dfb4e0
Event: 3.038 Thread 0x0000023dc5e21c90 DEOPT UNPACKING pc=0x0000023dee9b4102 sp=0x000000da95dfb440 mode 2
Event: 4.063 Thread 0x0000023dc5e21c90 DEOPT PACKING pc=0x0000023de741d899 sp=0x000000da95dfa0d0
Event: 4.063 Thread 0x0000023dc5e21c90 DEOPT UNPACKING pc=0x0000023dee8f5722 sp=0x000000da95df9548 mode 0

Classes loaded (20 events):
Event: 4.142 Loading class java/util/stream/LongStream done
Event: 4.142 Loading class java/util/stream/LongPipeline done
Event: 4.142 Loading class java/util/stream/LongPipeline$StatelessOp done
Event: 4.142 Loading class java/util/stream/ReferencePipeline$5 done
Event: 4.142 Loading class java/util/stream/FindOps$FindSink$OfLong
Event: 4.142 Loading class java/util/stream/Sink$OfLong
Event: 4.142 Loading class java/util/stream/Sink$OfLong done
Event: 4.142 Loading class java/util/stream/FindOps$FindSink$OfLong done
Event: 4.142 Loading class java/util/OptionalLong
Event: 4.142 Loading class java/util/OptionalLong done
Event: 4.143 Loading class java/util/stream/ReferencePipeline$5$1
Event: 4.143 Loading class java/util/stream/ReferencePipeline$5$1 done
Event: 4.143 Loading class java/lang/invoke/VarHandleBytes$FieldInstanceReadWrite
Event: 4.143 Loading class java/lang/invoke/VarHandleBytes$FieldInstanceReadOnly
Event: 4.143 Loading class java/lang/invoke/VarHandleBytes$FieldInstanceReadOnly done
Event: 4.143 Loading class java/lang/invoke/VarHandleBytes$FieldInstanceReadWrite done
Event: 4.212 Loading class java/util/LinkedList$DescendingIterator
Event: 4.212 Loading class java/util/LinkedList$DescendingIterator done
Event: 51.160 Loading class jdk/internal/misc/Signal$1
Event: 51.160 Loading class jdk/internal/misc/Signal$1 done

Classes unloaded (0 events):
No events

Classes redefined (0 events):
No events

Internal exceptions (20 events):
Event: 1.474 Thread 0x0000023dc5e21c90 Exception <a 'java/lang/ClassNotFoundException'{0x00000007171beae8}: com/sun/javafx/scene/control/skin/resources/controls_es_ES> (0x00000007171beae8) 
thrown [s\open\src\hotspot\share\prims\jni.cpp, line 536]
Event: 1.541 Thread 0x0000023dc5e21c90 Exception <a 'java/lang/NoSuchMethodError'{0x000000070cdf0a48}: 'void java.lang.invoke.DirectMethodHandle$Holder.invokeSpecial(java.lang.Object, java.lang.Object, java.lang.Object, java.lang.Object, java.lang.Object, java.lang.Object)'> (0x000000070cdf0a48) 
thrown [s\open\src\hotspot\share\interpreter\linkResolver.cpp, line 805]
Event: 1.722 Thread 0x0000023dc5e21c90 Exception <a 'java/lang/NoSuchMethodError'{0x000000070bae49e0}: 'int java.lang.invoke.DirectMethodHandle$Holder.invokeSpecial(java.lang.Object, java.lang.Object, int)'> (0x000000070bae49e0) 
thrown [s\open\src\hotspot\share\interpreter\linkResolver.cpp, line 805]
Event: 1.727 Thread 0x0000023dc5e21c90 Exception <a 'java/lang/NoSuchMethodError'{0x000000070bb23cc8}: 'void java.lang.invoke.DirectMethodHandle$Holder.invokeSpecial(java.lang.Object, java.lang.Object, int, int)'> (0x000000070bb23cc8) 
thrown [s\open\src\hotspot\share\interpreter\linkResolver.cpp, line 805]
Event: 1.727 Thread 0x0000023dc5e21c90 Exception <a 'java/lang/NoSuchMethodError'{0x000000070bb33298}: 'java.lang.Object java.lang.invoke.DirectMethodHandle$Holder.newInvokeSpecial(java.lang.Object, java.lang.Object, int, int)'> (0x000000070bb33298) 
thrown [s\open\src\hotspot\share\interpreter\linkResolver.cpp, line 805]
Event: 1.771 Thread 0x0000023dc5e21c90 Exception <a 'java/lang/NoSuchMethodError'{0x000000070b689a30}: 'long java.lang.invoke.DelegatingMethodHandle$Holder.reinvoke_L(java.lang.Object, java.lang.Object)'> (0x000000070b689a30) 
thrown [s\open\src\hotspot\share\interpreter\linkResolver.cpp, line 805]
Event: 1.771 Thread 0x0000023dc5e21c90 Exception <a 'java/lang/NoSuchMethodError'{0x000000070b6a1e98}: 'void java.lang.invoke.DelegatingMethodHandle$Holder.reinvoke_L(java.lang.Object, java.lang.Object, long)'> (0x000000070b6a1e98) 
thrown [s\open\src\hotspot\share\interpreter\linkResolver.cpp, line 805]
Event: 1.805 Thread 0x0000023dc5e21c90 Exception <a 'java/lang/NoSuchMethodError'{0x000000070b5c2020}: 'long java.lang.invoke.DirectMethodHandle$Holder.invokeStatic(java.lang.Object, java.lang.Object, java.lang.Object)'> (0x000000070b5c2020) 
thrown [s\open\src\hotspot\share\interpreter\linkResolver.cpp, line 805]
Event: 1.805 Thread 0x0000023dc5e21c90 Exception <a 'java/lang/NoSuchMethodError'{0x000000070b5c9e80}: 'long java.lang.invoke.DirectMethodHandle$Holder.invokeStaticInit(java.lang.Object, java.lang.Object, java.lang.Object)'> (0x000000070b5c9e80) 
thrown [s\open\src\hotspot\share\interpreter\linkResolver.cpp, line 805]
Event: 1.815 Thread 0x0000023dc5e21c90 Exception <a 'java/lang/NoSuchMethodError'{0x000000071a8152b8}: 'java.lang.Object java.lang.invoke.DirectMethodHandle$Holder.newInvokeSpecial(java.lang.Object, java.lang.Object, long)'> (0x000000071a8152b8) 
thrown [s\open\src\hotspot\share\interpreter\linkResolver.cpp, line 805]
Event: 1.815 Thread 0x0000023dc5e21c90 Exception <a 'java/lang/NoSuchMethodError'{0x000000071a81d450}: 'java.lang.Object java.lang.invoke.Invokers$Holder.linkToTargetMethod(java.lang.Object, long, java.lang.Object)'> (0x000000071a81d450) 
thrown [s\open\src\hotspot\share\interpreter\linkResolver.cpp, line 805]
Event: 2.636 Thread 0x0000023dc5e21c90 Implicit null exception at 0x0000023deef1d662 to 0x0000023deef1dfd8
Event: 3.021 Thread 0x0000023dc5e21c90 Exception <a 'java/lang/NoSuchMethodError'{0x000000071a8f4e98}: 'java.lang.Object java.lang.invoke.DirectMethodHandle$Holder.newInvokeSpecial(java.lang.Object, java.lang.Object, java.lang.Object, int)'> (0x000000071a8f4e98) 
thrown [s\open\src\hotspot\share\interpreter\linkResolver.cpp, line 805]
Event: 3.021 Thread 0x0000023dc5e21c90 Exception <a 'java/lang/NoSuchMethodError'{0x000000071a8fd388}: 'java.lang.Object java.lang.invoke.Invokers$Holder.linkToTargetMethod(java.lang.Object, java.lang.Object, int, java.lang.Object)'> (0x000000071a8fd388) 
thrown [s\open\src\hotspot\share\interpreter\linkResolver.cpp, line 805]
Event: 4.051 Thread 0x0000023dc5e21c90 Exception <a 'java/lang/NoSuchMethodError'{0x0000000716285058}: 'java.lang.Object java.lang.invoke.DirectMethodHandle$Holder.invokeStatic(java.lang.Object, int, java.lang.Object)'> (0x0000000716285058) 
thrown [s\open\src\hotspot\share\interpreter\linkResolver.cpp, line 805]
Event: 4.054 Thread 0x0000023dc67dec10 Exception <a 'java/lang/NoSuchMethodError'{0x000000071632f618}: 'java.lang.Object java.lang.invoke.DirectMethodHandle$Holder.invokeSpecial(java.lang.Object, java.lang.Object, java.lang.Object, java.lang.Object, java.lang.Object, int)'> (0x000000071632f618) 
thrown [s\open\src\hotspot\share\interpreter\linkResolver.cpp, line 805]
Event: 4.072 Thread 0x0000023dc67dec10 Exception <a 'java/lang/NoSuchMethodError'{0x000000070cc1b5c0}: 'long java.lang.invoke.DirectMethodHandle$Holder.invokeStatic(java.lang.Object, long, long)'> (0x000000070cc1b5c0) 
thrown [s\open\src\hotspot\share\interpreter\linkResolver.cpp, line 805]
Event: 4.075 Thread 0x0000023dc67de4c0 Exception <a 'java/lang/NoSuchMethodError'{0x000000070cc4d010}: 'int java.lang.invoke.DirectMethodHandle$Holder.invokeStatic(java.lang.Object, int, java.lang.Object)'> (0x000000070cc4d010) 
thrown [s\open\src\hotspot\share\interpreter\linkResolver.cpp, line 805]
Event: 4.075 Thread 0x0000023dc67de4c0 Exception <a 'java/lang/NoSuchMethodError'{0x000000070cc63cd8}: 'void java.lang.invoke.DirectMethodHandle$Holder.invokeStatic(java.lang.Object, java.lang.Object, int)'> (0x000000070cc63cd8) 
thrown [s\open\src\hotspot\share\interpreter\linkResolver.cpp, line 805]
Event: 4.145 Thread 0x0000023dc67dec10 Exception <a 'java/lang/NoSuchMethodError'{0x000000070cdc6e60}: 'void java.lang.invoke.DirectMethodHandle$Holder.invokeSpecial(java.lang.Object, java.lang.Object, java.lang.Object, java.lang.Object, java.lang.Object, java.lang.Object, java.lang.Object)'> (0x000000070cdc6e60) 
thrown [s\open\src\hotspot\share\interpreter\linkResolver.cpp, line 805]

VM Operations (20 events):
Event: 1.199 Executing VM operation: HandshakeAllThreads (Deoptimize) done
Event: 1.220 Executing VM operation: HandshakeAllThreads (Deoptimize)
Event: 1.220 Executing VM operation: HandshakeAllThreads (Deoptimize) done
Event: 1.258 Executing VM operation: HandshakeAllThreads (Deoptimize)
Event: 1.258 Executing VM operation: HandshakeAllThreads (Deoptimize) done
Event: 1.508 Executing VM operation: CollectForMetadataAllocation (Metadata GC Threshold)
Event: 1.514 Executing VM operation: CollectForMetadataAllocation (Metadata GC Threshold) done
Event: 1.517 Executing VM operation: G1PauseRemark
Event: 1.518 Executing VM operation: G1PauseRemark done
Event: 1.518 Executing VM operation: G1PauseCleanup
Event: 1.518 Executing VM operation: G1PauseCleanup done
Event: 1.756 Executing VM operation: HandshakeAllThreads (Deoptimize)
Event: 1.756 Executing VM operation: HandshakeAllThreads (Deoptimize) done
Event: 1.807 Executing VM operation: G1CollectForAllocation (G1 Evacuation Pause)
Event: 1.814 Executing VM operation: G1CollectForAllocation (G1 Evacuation Pause) done
Event: 4.138 Executing VM operation: HandshakeAllThreads (Deoptimize)
Event: 4.139 Executing VM operation: HandshakeAllThreads (Deoptimize) done
Event: 4.140 Executing VM operation: HandshakeAllThreads (Deoptimize)
Event: 4.140 Executing VM operation: HandshakeAllThreads (Deoptimize) done
Event: 51.162 Executing VM operation: Exit

Memory protections (0 events):
No events

Nmethod flushes (0 events):
No events

Events (20 events):
Event: 1.843 Thread 0x0000023dfdd12a00 Thread added: 0x0000023dc67dfab0
Event: 1.995 Thread 0x0000023dc6274850 Thread exited: 0x0000023dc6274850
Event: 2.075 Thread 0x0000023dc6276690 Thread exited: 0x0000023dc6276690
Event: 2.961 Thread 0x0000023dc5018c00 Thread added: 0x0000023dc6275f00
Event: 3.034 Thread 0x0000023dc5018c00 Thread added: 0x0000023dc6276e20
Event: 3.387 Thread 0x0000023dc6276e20 Thread exited: 0x0000023dc6276e20
Event: 3.419 Thread 0x0000023dc6275f00 Thread exited: 0x0000023dc6275f00
Event: 4.049 Thread 0x0000023dc5e21c90 Thread added: 0x0000023dc67dec10
Event: 4.059 Thread 0x0000023dc5018c00 Thread added: 0x0000023dc6275f00
Event: 4.077 Thread 0x0000023dc67de4c0 Thread added: 0x0000023dc67e0950
Event: 4.077 Thread 0x0000023dc67de4c0 Thread added: 0x0000023dc67dd620
Event: 4.149 Thread 0x0000023dc67dec10 Thread added: 0x0000023dc67e2de0
Event: 4.212 Thread 0x0000023dc6275f00 Thread exited: 0x0000023dc6275f00
Event: 51.160 Thread 0x0000023dfdd13150 Thread added: 0x0000023dc67e10a0
Event: 51.160 Thread 0x0000023dc67e10a0 Thread added: 0x0000023dc67e3530
Event: 51.160 Thread 0x0000023dc67e10a0 Thread added: 0x0000023dc67e3c80
Event: 51.161 Thread 0x0000023dc67e3530 Thread exited: 0x0000023dc67e3530
Event: 51.161 Thread 0x0000023dc67e3c80 Thread exited: 0x0000023dc67e3c80
Event: 51.161 Thread 0x0000023dc67e10a0 Before exit entered
Event: 51.162 Thread 0x0000023dfdd13150 Thread exited: 0x0000023dfdd13150


Dynamic libraries:
0x00007ff7a9360000 - 0x00007ff7a9370000 	C:\Program Files\Java\jdk-24\bin\java.exe
0x00007ff8b63a0000 - 0x00007ff8b6609000 	C:\Windows\SYSTEM32\ntdll.dll
0x00007ff8b49f0000 - 0x00007ff8b4ab9000 	C:\Windows\System32\KERNEL32.DLL
0x00007ff8b38c0000 - 0x00007ff8b3cb3000 	C:\Windows\System32\KERNELBASE.dll
0x00007ff8b3ff0000 - 0x00007ff8b413b000 	C:\Windows\System32\ucrtbase.dll
0x00007ff897cb0000 - 0x00007ff897cc6000 	C:\Program Files\Java\jdk-24\bin\jli.dll
0x00007ff897be0000 - 0x00007ff897bfb000 	C:\Program Files\Java\jdk-24\bin\VCRUNTIME140.dll
0x00007ff8b42e0000 - 0x00007ff8b44a4000 	C:\Windows\System32\USER32.dll
0x00007ff8a2760000 - 0x00007ff8a29f3000 	C:\Windows\WinSxS\amd64_microsoft.windows.common-controls_6595b64144ccf1df_6.0.26100.5074_none_3e0d6f78e32fd63f\COMCTL32.dll
0x00007ff8b4140000 - 0x00007ff8b4167000 	C:\Windows\System32\win32u.dll
0x00007ff8b5370000 - 0x00007ff8b5419000 	C:\Windows\System32\msvcrt.dll
0x00007ff8b4bf0000 - 0x00007ff8b4c1b000 	C:\Windows\System32\GDI32.dll
0x00007ff8b3cc0000 - 0x00007ff8b3ded000 	C:\Windows\System32\gdi32full.dll
0x00007ff8b3750000 - 0x00007ff8b37f3000 	C:\Windows\System32\msvcp_win.dll
0x00007ff8b42a0000 - 0x00007ff8b42cf000 	C:\Windows\System32\IMM32.DLL
0x00007ff8a6ec0000 - 0x00007ff8a6ecc000 	C:\Program Files\Java\jdk-24\bin\vcruntime140_1.dll
0x00007ff8965b0000 - 0x00007ff89663e000 	C:\Program Files\Java\jdk-24\bin\msvcp140.dll
0x00007ff843340000 - 0x00007ff8440e1000 	C:\Program Files\Java\jdk-24\bin\server\jvm.dll
0x00007ff8b57c0000 - 0x00007ff8b5874000 	C:\Windows\System32\ADVAPI32.dll
0x00007ff8b4b40000 - 0x00007ff8b4be6000 	C:\Windows\System32\sechost.dll
0x00007ff8b4170000 - 0x00007ff8b4288000 	C:\Windows\System32\RPCRT4.dll
0x00007ff8b5470000 - 0x00007ff8b54e4000 	C:\Windows\System32\WS2_32.dll
0x00007ff8b32e0000 - 0x00007ff8b333e000 	C:\Windows\SYSTEM32\POWRPROF.dll
0x00007ff8ab420000 - 0x00007ff8ab455000 	C:\Windows\SYSTEM32\WINMM.dll
0x00007ff8abc60000 - 0x00007ff8abc6b000 	C:\Windows\SYSTEM32\VERSION.dll
0x00007ff8b32c0000 - 0x00007ff8b32d4000 	C:\Windows\SYSTEM32\UMPDC.dll
0x00007ff8b21d0000 - 0x00007ff8b21eb000 	C:\Windows\SYSTEM32\kernel.appcore.dll
0x00007ff8a6b80000 - 0x00007ff8a6b8a000 	C:\Program Files\Java\jdk-24\bin\jimage.dll
0x00007ff8ac4c0000 - 0x00007ff8ac702000 	C:\Windows\SYSTEM32\DBGHELP.DLL
0x00007ff8b44c0000 - 0x00007ff8b483b000 	C:\Windows\System32\combase.dll
0x00007ff8b56e0000 - 0x00007ff8b57b7000 	C:\Windows\System32\OLEAUT32.dll
0x00007ff8a8030000 - 0x00007ff8a806d000 	C:\Windows\SYSTEM32\dbgcore.DLL
0x00007ff8b36b0000 - 0x00007ff8b3749000 	C:\Windows\System32\bcryptPrimitives.dll
0x00007ff8b0020000 - 0x00007ff8b002f000 	C:\Program Files\Java\jdk-24\bin\instrument.dll
0x00007ff897bc0000 - 0x00007ff897bde000 	C:\Program Files\Java\jdk-24\bin\java.dll
0x00007ff8b6130000 - 0x00007ff8b62c8000 	C:\Windows\System32\ole32.dll
0x00007ff8b4c20000 - 0x00007ff8b536d000 	C:\Windows\System32\SHELL32.dll
0x00007ff8b3e80000 - 0x00007ff8b3fec000 	C:\Windows\System32\wintypes.dll
0x00007ff8b0fb0000 - 0x00007ff8b1809000 	C:\Windows\SYSTEM32\windows.storage.dll
0x00007ff8b55e0000 - 0x00007ff8b56d0000 	C:\Windows\System32\SHCORE.dll
0x00007ff8b4880000 - 0x00007ff8b48e2000 	C:\Windows\System32\shlwapi.dll
0x00007ff8b3450000 - 0x00007ff8b3479000 	C:\Windows\SYSTEM32\profapi.dll
0x00007ff887740000 - 0x00007ff887817000 	C:\Program Files\Java\jdk-24\bin\jsvml.dll
0x00007ff8a57e0000 - 0x00007ff8a57f0000 	C:\Program Files\Java\jdk-24\bin\net.dll
0x00007ff8b2830000 - 0x00007ff8b289b000 	C:\Windows\system32\mswsock.dll
0x00007ff897ba0000 - 0x00007ff897bb6000 	C:\Program Files\Java\jdk-24\bin\nio.dll
0x00007ff897920000 - 0x00007ff897937000 	C:\Program Files\Java\jdk-24\bin\zip.dll
0x0000023dc5c10000 - 0x0000023dc5c13000 	C:\Users\danielcc\.openjfx\cache\17.0.6\api-ms-win-core-console-l1-1-0.dll
0x0000023dc5c20000 - 0x0000023dc5c23000 	C:\Users\danielcc\.openjfx\cache\17.0.6\api-ms-win-core-console-l1-2-0.dll
0x0000023dc5c30000 - 0x0000023dc5c33000 	C:\Users\danielcc\.openjfx\cache\17.0.6\api-ms-win-core-datetime-l1-1-0.dll
0x0000023dc5c40000 - 0x0000023dc5c43000 	C:\Users\danielcc\.openjfx\cache\17.0.6\api-ms-win-core-debug-l1-1-0.dll
0x0000023dc5c50000 - 0x0000023dc5c53000 	C:\Users\danielcc\.openjfx\cache\17.0.6\api-ms-win-core-errorhandling-l1-1-0.dll
0x0000023dc5c60000 - 0x0000023dc5c64000 	C:\Users\danielcc\.openjfx\cache\17.0.6\api-ms-win-core-file-l1-1-0.dll
0x0000023dc5c70000 - 0x0000023dc5c73000 	C:\Users\danielcc\.openjfx\cache\17.0.6\api-ms-win-core-file-l1-2-0.dll
0x0000023dc5c80000 - 0x0000023dc5c83000 	C:\Users\danielcc\.openjfx\cache\17.0.6\api-ms-win-core-file-l2-1-0.dll
0x0000023dc5c90000 - 0x0000023dc5c93000 	C:\Users\danielcc\.openjfx\cache\17.0.6\api-ms-win-core-handle-l1-1-0.dll
0x0000023dc5ca0000 - 0x0000023dc5ca3000 	C:\Users\danielcc\.openjfx\cache\17.0.6\api-ms-win-core-heap-l1-1-0.dll
0x0000023dc5cb0000 - 0x0000023dc5cb3000 	C:\Users\danielcc\.openjfx\cache\17.0.6\api-ms-win-core-interlocked-l1-1-0.dll
0x0000023dc5cc0000 - 0x0000023dc5cc3000 	C:\Users\danielcc\.openjfx\cache\17.0.6\api-ms-win-core-libraryloader-l1-1-0.dll
0x0000023dc5cd0000 - 0x0000023dc5cd3000 	C:\Users\danielcc\.openjfx\cache\17.0.6\api-ms-win-core-localization-l1-2-0.dll
0x0000023dc5ce0000 - 0x0000023dc5ce3000 	C:\Users\danielcc\.openjfx\cache\17.0.6\api-ms-win-core-memory-l1-1-0.dll
0x0000023dc5cf0000 - 0x0000023dc5cf3000 	C:\Users\danielcc\.openjfx\cache\17.0.6\api-ms-win-core-namedpipe-l1-1-0.dll
0x0000023dc5d00000 - 0x0000023dc5d03000 	C:\Users\danielcc\.openjfx\cache\17.0.6\api-ms-win-core-processenvironment-l1-1-0.dll
0x0000023dc5d10000 - 0x0000023dc5d13000 	C:\Users\danielcc\.openjfx\cache\17.0.6\api-ms-win-core-processthreads-l1-1-0.dll
0x0000023dc5d20000 - 0x0000023dc5d23000 	C:\Users\danielcc\.openjfx\cache\17.0.6\api-ms-win-core-processthreads-l1-1-1.dll
0x0000023dc5d30000 - 0x0000023dc5d33000 	C:\Users\danielcc\.openjfx\cache\17.0.6\api-ms-win-core-profile-l1-1-0.dll
0x0000023dc5d40000 - 0x0000023dc5d43000 	C:\Users\danielcc\.openjfx\cache\17.0.6\api-ms-win-core-rtlsupport-l1-1-0.dll
0x0000023dc5d50000 - 0x0000023dc5d53000 	C:\Users\danielcc\.openjfx\cache\17.0.6\api-ms-win-core-string-l1-1-0.dll
0x0000023dc5d60000 - 0x0000023dc5d63000 	C:\Users\danielcc\.openjfx\cache\17.0.6\api-ms-win-core-synch-l1-1-0.dll
0x0000023dc5d70000 - 0x0000023dc5d73000 	C:\Users\danielcc\.openjfx\cache\17.0.6\api-ms-win-core-synch-l1-2-0.dll
0x0000023dc5d80000 - 0x0000023dc5d83000 	C:\Users\danielcc\.openjfx\cache\17.0.6\api-ms-win-core-sysinfo-l1-1-0.dll
0x0000023dc5d90000 - 0x0000023dc5d93000 	C:\Users\danielcc\.openjfx\cache\17.0.6\api-ms-win-core-timezone-l1-1-0.dll
0x0000023dc5da0000 - 0x0000023dc5da3000 	C:\Users\danielcc\.openjfx\cache\17.0.6\api-ms-win-core-util-l1-1-0.dll
0x0000023dc5db0000 - 0x0000023dc5db3000 	C:\Users\danielcc\.openjfx\cache\17.0.6\api-ms-win-crt-conio-l1-1-0.dll
0x0000023dc6d90000 - 0x0000023dc6d94000 	C:\Users\danielcc\.openjfx\cache\17.0.6\api-ms-win-crt-convert-l1-1-0.dll
0x0000023dc6da0000 - 0x0000023dc6da3000 	C:\Users\danielcc\.openjfx\cache\17.0.6\api-ms-win-crt-environment-l1-1-0.dll
0x0000023dc6db0000 - 0x0000023dc6db3000 	C:\Users\danielcc\.openjfx\cache\17.0.6\api-ms-win-crt-filesystem-l1-1-0.dll
0x0000023dc6dc0000 - 0x0000023dc6dc3000 	C:\Users\danielcc\.openjfx\cache\17.0.6\api-ms-win-crt-heap-l1-1-0.dll
0x0000023dc6dd0000 - 0x0000023dc6dd3000 	C:\Users\danielcc\.openjfx\cache\17.0.6\api-ms-win-crt-locale-l1-1-0.dll
0x0000023dc6de0000 - 0x0000023dc6de5000 	C:\Users\danielcc\.openjfx\cache\17.0.6\api-ms-win-crt-math-l1-1-0.dll
0x0000023dc6df0000 - 0x0000023dc6df5000 	C:\Users\danielcc\.openjfx\cache\17.0.6\api-ms-win-crt-multibyte-l1-1-0.dll
0x0000023dc6e00000 - 0x0000023dc6e10000 	C:\Users\danielcc\.openjfx\cache\17.0.6\api-ms-win-crt-private-l1-1-0.dll
0x0000023dc6e10000 - 0x0000023dc6e13000 	C:\Users\danielcc\.openjfx\cache\17.0.6\api-ms-win-crt-process-l1-1-0.dll
0x0000023dc6e20000 - 0x0000023dc6e24000 	C:\Users\danielcc\.openjfx\cache\17.0.6\api-ms-win-crt-runtime-l1-1-0.dll
0x0000023dc6e30000 - 0x0000023dc6e34000 	C:\Users\danielcc\.openjfx\cache\17.0.6\api-ms-win-crt-stdio-l1-1-0.dll
0x0000023dc6e40000 - 0x0000023dc6e44000 	C:\Users\danielcc\.openjfx\cache\17.0.6\api-ms-win-crt-string-l1-1-0.dll
0x0000023dc6e50000 - 0x0000023dc6e53000 	C:\Users\danielcc\.openjfx\cache\17.0.6\api-ms-win-crt-time-l1-1-0.dll
0x0000023dc6e60000 - 0x0000023dc6e63000 	C:\Users\danielcc\.openjfx\cache\17.0.6\api-ms-win-crt-utility-l1-1-0.dll
0x00007ff88b270000 - 0x00007ff88b36c000 	C:\Users\danielcc\.openjfx\cache\17.0.6\ucrtbase.dll
0x00007ff8a6250000 - 0x00007ff8a626a000 	C:\Users\danielcc\.openjfx\cache\17.0.6\vcruntime140.dll
0x00007ff89d0f0000 - 0x00007ff89d0fc000 	C:\Users\danielcc\.openjfx\cache\17.0.6\vcruntime140_1.dll
0x00007ff89cf50000 - 0x00007ff89cfdd000 	C:\Users\danielcc\.openjfx\cache\17.0.6\msvcp140.dll
0x00007ff89d0e0000 - 0x00007ff89d0e9000 	C:\Users\danielcc\.openjfx\cache\17.0.6\msvcp140_1.dll
0x00007ff89cf20000 - 0x00007ff89cf4f000 	C:\Users\danielcc\.openjfx\cache\17.0.6\msvcp140_2.dll
0x00007ff899ce0000 - 0x00007ff899d0a000 	C:\Users\danielcc\.openjfx\cache\17.0.6\prism_d3d.dll
0x00007ff881f90000 - 0x00007ff882141000 	C:\Windows\system32\d3d9.dll
0x00007ff8b08e0000 - 0x00007ff8b090b000 	C:\Windows\SYSTEM32\dwmapi.dll
0x00007ff8b0730000 - 0x00007ff8b0774000 	C:\Windows\SYSTEM32\dxcore.dll
0x00007ff8b05e0000 - 0x00007ff8b0688000 	C:\Windows\system32\uxtheme.dll
0x00007ff8ac430000 - 0x00007ff8ac490000 	C:\Windows\SYSTEM32\directxdatabasehelper.dll
0x00007ff893cb0000 - 0x00007ff893cf2000 	C:\Users\danielcc\.openjfx\cache\17.0.6\glass.dll
0x00007ff8b48f0000 - 0x00007ff8b49e1000 	C:\Windows\System32\COMDLG32.dll
0x00007ff8b5fd0000 - 0x00007ff8b6128000 	C:\Windows\System32\MSCTF.dll
0x00007ff89bc30000 - 0x00007ff89bc44000 	C:\Users\danielcc\.openjfx\cache\17.0.6\javafx_font.dll
0x00007ff8b2c00000 - 0x00007ff8b2c1b000 	C:\Windows\SYSTEM32\CRYPTSP.dll
0x00007ff8b2250000 - 0x00007ff8b228b000 	C:\Windows\system32\rsaenh.dll
0x00007ff8b28d0000 - 0x00007ff8b28fb000 	C:\Windows\SYSTEM32\USERENV.dll
0x00007ff8b3420000 - 0x00007ff8b3446000 	C:\Windows\SYSTEM32\bcrypt.dll
0x00007ff8b2a60000 - 0x00007ff8b2a6c000 	C:\Windows\SYSTEM32\CRYPTBASE.dll
0x00007ff8b1a20000 - 0x00007ff8b1a54000 	C:\Windows\SYSTEM32\IPHLPAPI.DLL
0x00007ff8b4870000 - 0x00007ff8b487a000 	C:\Windows\System32\NSI.dll
0x00007ff8b1aa0000 - 0x00007ff8b1bc6000 	C:\Windows\SYSTEM32\DNSAPI.dll
0x00007ff8ad900000 - 0x00007ff8ad90b000 	C:\Windows\System32\rasadhlp.dll
0x00007ff8ae170000 - 0x00007ff8ae1f6000 	C:\Windows\System32\fwpuclnt.dll
0x00007ff8a5470000 - 0x00007ff8a547e000 	C:\Program Files\Java\jdk-24\bin\sunmscapi.dll
0x00007ff8b3530000 - 0x00007ff8b36a7000 	C:\Windows\System32\CRYPT32.dll
0x00007ff8b2d50000 - 0x00007ff8b2d80000 	C:\Windows\SYSTEM32\ncrypt.dll
0x00007ff8b2d00000 - 0x00007ff8b2d3f000 	C:\Windows\SYSTEM32\NTASN1.dll
0x00007ff89cae0000 - 0x00007ff89cae8000 	C:\Windows\system32\wshunix.dll
0x00007ff8ae900000 - 0x00007ff8aeb67000 	C:\Windows\SYSTEM32\dwrite.dll
0x00007ff8b54f0000 - 0x00007ff8b55a1000 	C:\Windows\System32\clbcatq.dll
0x00007ff8ae6c0000 - 0x00007ff8ae8ef000 	C:\Windows\SYSTEM32\WindowsCodecs.dll
0x00007ff8a6b20000 - 0x00007ff8a6b7a000 	C:\Windows\system32\dataexchange.dll
0x00007ff8a8390000 - 0x00007ff8a85c9000 	C:\Windows\system32\twinapi.appcore.dll
0x00007ff899850000 - 0x00007ff89987c000 	C:\Program Files\Common Files\Microsoft Shared\Ink\rtscom.dll
0x00007ff89d780000 - 0x00007ff89d8c9000 	C:\Windows\SYSTEM32\textinputframework.dll
0x00007ff8afbe0000 - 0x00007ff8afd05000 	C:\Windows\SYSTEM32\CoreMessaging.dll
0x00007ff8abe30000 - 0x00007ff8ac113000 	C:\Windows\SYSTEM32\CoreUIComponents.dll

JVMTI agents:
C:\Program Files\JetBrains\IntelliJ IDEA Community Edition 2025.2.1\lib\idea_rt.jar path:C:\Program Files\Java\jdk-24\bin\instrument.dll, loaded, initialized, instrumentlib options:59478

dbghelp: loaded successfully - version: 4.0.5 - missing functions: none
symbol engine: initialized successfully - sym options: 0x614 - pdb path: .;C:\Program Files\Java\jdk-24\bin;C:\Windows\SYSTEM32;C:\Windows\WinSxS\amd64_microsoft.windows.common-controls_6595b64144ccf1df_6.0.26100.5074_none_3e0d6f78e32fd63f;C:\Program Files\Java\jdk-24\bin\server;C:\Users\danielcc\.openjfx\cache\17.0.6;C:\WINDOWS\System32\DriverStore\FileRepository\u0387827.inf_amd64_7004fc67026a57ee\B384926;C:\Program Files\Common Files\Microsoft Shared\Ink

VM Arguments:
jvm_args: -javaagent:C:\Program Files\JetBrains\IntelliJ IDEA Community Edition 2025.2.1\lib\idea_rt.jar=59478 -Dfile.encoding=UTF-8 -Dsun.stdout.encoding=UTF-8 -Dsun.stderr.encoding=UTF-8 --module-path=C:\Users\danielcc\.m2\repository\com\github\almasb\fxgl\11.17\fxgl-11.17.jar;C:\Users\danielcc\.m2\repository\com\fasterxml\jackson\core\jackson-databind\2.12.1\jackson-databind-2.12.1.jar;C:\Users\danielcc\.m2\repository\com\gluonhq\attach\lifecycle\4.0.9\lifecycle-4.0.9.jar;C:\Users\danielcc\.m2\repository\org\openjfx\javafx-base\17.0.6\javafx-base-17.0.6-win.jar;C:\Users\danielcc\.m2\repository\com\fasterxml\jackson\core\jackson-annotations\2.12.1\jackson-annotations-2.12.1.jar;C:\Users\danielcc\.m2\repository\org\jetbrains\kotlin\kotlin-stdlib\1.5.10\kotlin-stdlib-1.5.10-modular.jar;C:\Users\danielcc\.m2\repository\com\fasterxml\jackson\core\jackson-core\2.12.1\jackson-core-2.12.1.jar;C:\Users\danielcc\.m2\repository\org\openjfx\javafx-controls\17.0.6\javafx-controls-17.0.6-win.jar;C:\Users\danielcc\Desktop\DAM 1T\code\practicaOrtoRestaurante\desktopIJ\target\classes;C:\Users\danielcc\.m2\repository\com\gluonhq\attach\storage\4.0.9\storage-4.0.9.jar;C:\Users\danielcc\.m2\repository\org\openjfx\javafx-fxml\17.0.6\javafx-fxml-17.0.6-win.jar;C:\Users\danielcc\.m2\repository\org\openjfx\javafx-web\17.0.6\javafx-web-17.0.6-win.jar;C:\Users\danielcc\.m2\repository\com\gluonhq\attach\audio\4.0.9\audio-4.0.9.jar;C:\Users\danielcc\.m2\repository\eu\hansolo\tilesfx\11.48\tilesfx-11.48.jar;C:\Users\danielcc\.m2\repository\com\google\errorprone\error_prone_annotations\2.38.0\error_prone_annotations-2.38.0.jar;C:\Users\danielcc\.m2\repository\org\mongodb\bson\5.5.1\bson-5.5.1.jar;C:\Users\danielcc\.m2\repository\org\mongodb\mongodb-driver-sync\5.5.1\mongodb-driver-sync-5.5.1.jar;C:\Users\danielcc\.m2\repository\com\gluonhq\attach\util\4.0.9\util-4.0.9.jar;C:\Users\danielcc\.m2\repository\org\kordamp\ikonli\ikonli-javafx\12.3.1\ikonli-javafx-12.3.1.jar;C:\Users\danielcc\.m2\repository\com\github\almasb\fxgl-scene\11.17\fxgl-scene-11.17.jar;C:\Users\danielcc\.m2\repository\com\github\almasb\fxgl-entity\11.17\fxgl-entity-11.17.jar;C:\Users\danielcc\.m2\repository-Djdk.module.main=com.example.practortorestaurantedesktopp 
java_command: com.example.practortorestaurantedesktopp/com.example.practortorestaurantedesktopp.HelloApplication
java_class_path (initial): C:\Users\danielcc\.m2\repository\org\mongodb\bson-record-codec\5.5.1\bson-record-codec-5.5.1.jar;C:\Users\danielcc\.m2\repository\org\slf4j\slf4j-jdk14\1.7.28\slf4j-jdk14-1.7.28.jar;C:\Users\danielcc\.m2\repository\org\slf4j\slf4j-api\1.7.28\slf4j-api-1.7.28.jar;C:\Users\danielcc\.m2\repository\org\openjfx\javafx-controls\17.0.6\javafx-controls-17.0.6.jar;C:\Users\danielcc\.m2\repository\org\openjfx\javafx-graphics\17.0.6\javafx-graphics-17.0.6.jar;C:\Users\danielcc\.m2\repository\org\openjfx\javafx-base\17.0.6\javafx-base-17.0.6.jar;C:\Users\danielcc\.m2\repository\org\openjfx\javafx-fxml\17.0.6\javafx-fxml-17.0.6.jar;C:\Users\danielcc\.m2\repository\org\openjfx\javafx-web\17.0.6\javafx-web-17.0.6.jar;C:\Users\danielcc\.m2\repository\org\openjfx\javafx-swing\17.0.6\javafx-swing-17.0.6.jar;C:\Users\danielcc\.m2\repository\org\openjfx\javafx-swing\17.0.6\javafx-swing-17.0.6-win.jar;C:\Users\danielcc\.m2\repository\org\openjfx\javafx-media\17.0.6\javafx-media-17.0.6.jar;C:\Users\danielcc\.m2\repository\org\jetbrains\annotations\13.0\annotations-13.0.jar;C:\Users\danielcc\.m2\repository\org\jetbrains\kotlin\kotlin-stdlib-common\1.5.10\kotlin-stdlib-common-1.5.10.jar
Launcher Type: SUN_STANDARD

[Global flags]
     intx CICompilerCount                          = 4                                         {product} {ergonomic}
     uint ConcGCThreads                            = 3                                         {product} {ergonomic}
     uint G1ConcRefinementThreads                  = 10                                        {product} {ergonomic}
   size_t G1HeapRegionSize                         = 2097152                                   {product} {ergonomic}
   size_t InitialHeapSize                          = 257949696                                 {product} {ergonomic}
   size_t MarkStackSize                            = 4194304                                   {product} {ergonomic}
   size_t MarkStackSizeMax                         = 536870912                                 {product} {ergonomic}
   size_t MaxHeapSize                              = 4106223616                                {product} {ergonomic}
   size_t MaxNewSize                               = 2462056448                                {product} {ergonomic}
   size_t MinHeapDeltaBytes                        = 2097152                                   {product} {ergonomic}
   size_t MinHeapSize                              = 8388608                                   {product} {ergonomic}
    uintx NonNMethodCodeHeapSize                   = 5832704                                {pd product} {ergonomic}
    uintx NonProfiledCodeHeapSize                  = 122945536                              {pd product} {ergonomic}
    uintx ProfiledCodeHeapSize                     = 122880000                              {pd product} {ergonomic}
    uintx ReservedCodeCacheSize                    = 251658240                              {pd product} {ergonomic}
     bool SegmentedCodeCache                       = true                                      {product} {ergonomic}
   size_t SoftMaxHeapSize                          = 4106223616                             {manageable} {ergonomic}
     bool UseCompressedOops                        = true                           {product lp64_product} {ergonomic}
     bool UseG1GC                                  = true                                      {product} {ergonomic}
     bool UseLargePagesIndividualAllocation        = false                                  {pd product} {ergonomic}

Logging:
Log output configuration:
 #0: stdout all=off uptime,level,tags foldmultilines=false
 #1: stderr all=off uptime,level,tags foldmultilines=false

Environment Variables:
PATH=C:\Program Files\Common Files\Oracle\Java\javapath;C:\Windows\system32;C:\Windows;C:\Windows\System32\Wbem;C:\Windows\System32\WindowsPowerShell\v1.0\;C:\Windows\System32\OpenSSH\;C:\Program Files\nodejs\;C:\kotlinc\bin;C:\javafx-sdk-25\lib;;C:\Strawberry\c\bin;C:\Strawberry\perl\site\bin;C:\Strawberry\perl\bin;C:\Program Files\Docker\Docker\resources\bin;C:\Users\danielcc\AppData\Local\Programs\Python\Python314\Scripts\;C:\Users\danielcc\AppData\Local\Programs\Python\Python314\;C:\Users\danielcc\AppData\Local\Programs\Python\Launcher\;C:\Users\danielcc\AppData\Local\Microsoft\WindowsApps;C:\Users\danielcc\AppData\Local\Programs\Microsoft VS Code\bin;C:\Users\danielcc\AppData\Local\Programs\Git\cmd;C:\Users\danielcc\AppData\Roaming\npm;C:\Users\danielcc\AppData\Local\Programs\MiKTeX\miktex\bin\x64\
USERNAME=danielcc
OS=Windows_NT
PROCESSOR_IDENTIFIER=AMD64 Family 25 Model 80 Stepping 0, AuthenticAMD
TMP=C:\Users\danielcc\AppData\Local\Temp
TEMP=C:\Users\danielcc\AppData\Local\Temp




Periodic native trim disabled

---------------  S Y S T E M  ---------------

OS:
 Windows 11 , 64 bit Build 26100 (10.0.26100.5074)
OS uptime: 7 days 22:16 hours
Hyper-V role detected

CPU: total 12 (initial active 12) (12 cores per cpu, 2 threads per core) family 25 model 80 stepping 0 microcode 0xa50000d, cx8, cmov, fxsr, ht, mmx, 3dnowpref, sse, sse2, sse3, ssse3, sse4a, sse4.1, sse4.2, popcnt, lzcnt, tsc, tscinvbit, avx, avx2, aes, erms, clmul, bmi1, bmi2, adx, sha, fma, vzeroupper, clflush, clflushopt, hv, rdtscp, rdpid, fsrm, f16c, cet_ss
Processor Information for the first 12 processors :
  Max Mhz: 3901, Current Mhz: 3901, Mhz Limit: 3901

Memory: 4k page, system-wide physical 15659M (1377M free)
TotalPageFile size 24852M (AvailPageFile size 779M)
current process WorkingSet (physical memory assigned to process): 170M, peak: 213M
current process commit charge ("private bytes"): 226M, peak: 414M

vm_info: Java HotSpot(TM) 64-Bit Server VM (24.0.2+12-54) for windows-amd64 JRE (24.0.2+12-54), built on 2025-07-08T12:10:27Z with MS VC++ 17.6 (VS2022)

END.
