#
# A fatal error has been detected by the Java Runtime Environment:
#
#  EXCEPTION_ACCESS_VIOLATION (0xc0000005) at pc=0x00007ff893cd6b07, pid=13000, tid=14540
#
# JRE version: Java(TM) SE Runtime Environment (24.0.2+12) (build 24.0.2+12-54)
# Java VM: Java HotSpot(TM) 64-Bit Server VM (24.0.2+12-54, mixed mode, sharing, tiered, compressed oops, compressed class ptrs, g1 gc, windows-amd64)
# Problematic frame:
# C  [glass.dll+0x26b07]
#
# No core dump will be written. Minidumps are not enabled by default on client versions of Windows
#
# If you would like to submit a bug report, please visit:
#   https://bugreport.java.com/bugreport/crash.jsp
#

---------------  S U M M A R Y ------------

Command Line: -javaagent:C:\Program Files\JetBrains\IntelliJ IDEA Community Edition 2025.2.1\lib\idea_rt.jar=59949 -Dfile.encoding=UTF-8 -Dsun.stdout.encoding=UTF-8 -Dsun.stderr.encoding=UTF-8 --module-path=C:\Users\danielcc\.m2\repository\com\github\almasb\fxgl\11.17\fxgl-11.17.jar;C:\Users\danielcc\.m2\repository\com\fasterxml\jackson\core\jackson-databind\2.12.1\jackson-databind-2.12.1.jar;C:\Users\danielcc\.m2\repository\com\gluonhq\attach\lifecycle\4.0.9\lifecycle-4.0.9.jar;C:\Users\danielcc\.m2\repository\org\openjfx\javafx-base\17.0.6\javafx-base-17.0.6-win.jar;C:\Users\danielcc\.m2\repository\com\fasterxml\jackson\core\jackson-annotations\2.12.1\jackson-annotations-2.12.1.jar;C:\Users\danielcc\.m2\repository\org\jetbrains\kotlin\kotlin-stdlib\1.5.10\kotlin-stdlib-1.5.10-modular.jar;C:\Users\danielcc\.m2\repository\com\fasterxml\jackson\core\jackson-core\2.12.1\jackson-core-2.12.1.jar;C:\Users\danielcc\.m2\repository\org\openjfx\javafx-controls\17.0.6\javafx-controls-17.0.6-win.jar;C:\Users\danielcc\Desktop\DAM 1T\code\practicaOrtoRestaurante\desktopIJ\target\classes;C:\Users\danielcc\.m2\repository\com\gluonhq\attach\storage\4.0.9\storage-4.0.9.jar;C:\Users\danielcc\.m2\repository\org\openjfx\javafx-fxml\17.0.6\javafx-fxml-17.0.6-win.jar;C:\Users\danielcc\.m2\repository\org\openjfx\javafx-web\17.0.6\javafx-web-17.0.6-win.jar;C:\Users\danielcc\.m2\repository\com\gluonhq\attach\audio\4.0.9\audio-4.0.9.jar;C:\Users\danielcc\.m2\repository\eu\hansolo\tilesfx\11.48\tilesfx-11.48.jar;C:\Users\danielcc\.m2\repository\com\google\errorprone\error_prone_annotations\2.38.0\error_prone_annotations-2.38.0.jar;C:\Users\danielcc\.m2\repository\org\mongodb\bson\5.5.1\bson-5.5.1.jar;C:\Users\danielcc\.m2\repository\org\mongodb\mongodb-driver-sync\5.5.1\mongodb-driver-sync-5.5.1.jar;C:\Users\danielcc\.m2\repository\com\gluonhq\attach\util\4.0.9\util-4.0.9.jar;C:\Users\danielcc\.m2\repository\org\kordamp\ikonli\ikonli-javafx\12.3.1\ikonli-javafx-12.3.1.jar;C:\Users\danielcc\.m2\repository\com\github\almasb\fxgl-scene\11.17\fxgl-scene-11.17.jar;C:\Users\danielcc\.m2\repository\com\github\almasb\fxgl-entity\11.17\fxgl-entity-11.17.jar;C:\Users\danielcc\.m2\repository-Djdk.module.main=com.example.practortorestaurantedesktopp com.example.practortorestaurantedesktopp/com.example.practortorestaurantedesktopp.HelloApplication

Host: AMD Ryzen 5 5600G with Radeon Graphics         , 12 cores, 15G,  Windows 11 , 64 bit Build 26100 (10.0.26100.5074)
Time: Tue Nov  4 17:00:53 2025 Hora estándar romance elapsed time: 21.439926 seconds (0d 0h 0m 21s)

---------------  T H R E A D  ---------------

Current thread (0x000002286a046760):  VMThread "VM Thread"          [id=14540, stack(0x0000007791700000,0x0000007791800000) (1024K)]

Stack: [0x0000007791700000,0x0000007791800000],  sp=0x00000077917ff370,  free space=1020k
Native frames: (J=compiled Java code, j=interpreted, Vv=VM code, C=native code)
C  [glass.dll+0x26b07]  (no source info available)
C  [ucrtbase.dll+0x4bc75]  (no source info available)
C  [ucrtbase.dll+0x4b897]  (no source info available)
C  [ucrtbase.dll+0x4b84d]  (no source info available)
C  [glass.dll+0x24261]  (no source info available)
C  [glass.dll+0x24386]  (no source info available)
C  [ntdll.dll+0x160ede]  (no source info available)
C  [ntdll.dll+0x7483e]  (no source info available)
C  [ntdll.dll+0xfdfff]  (no source info available)
C  [ntdll.dll+0x8ede]  (no source info available)
C  [KERNEL32.DLL+0x418ab]  (no source info available)
C  [ucrtbase.dll+0xa0093]  (no source info available)
V  [jvm.dll+0x72928c]  (no source info available)
V  [jvm.dll+0x728dc0]  (no source info available)
V  [jvm.dll+0x41b344]  (no source info available)
V  [jvm.dll+0x8e29c2]  (no source info available)
V  [jvm.dll+0x8e3d0c]  (no source info available)
V  [jvm.dll+0x8e4278]  (no source info available)
V  [jvm.dll+0x8e4513]  (no source info available)
V  [jvm.dll+0x87d9eb]  (no source info available)
V  [jvm.dll+0x72ef45]  (no source info available)
C  [ucrtbase.dll+0x37b0]  (no source info available)
C  [KERNEL32.DLL+0x2e8d7]  (no source info available)
C  [ntdll.dll+0x8d9c]  (no source info available)


siginfo: EXCEPTION_ACCESS_VIOLATION (0xc0000005), reading address 0x0000000000000000


Registers:
RAX=0x0000000000000000, RBX=0x000002286a049dda, RCX=0x000002286a046760, RDX=0x00000077917ff370
RSP=0x00000077917ff370, RBP=0x0000728516143aaf, RSI=0x000002284617be28, RDI=0x000002284617be00
R8 =0x0000000000010002, R9 =0x0000728516143aaf, R10=0x0000022848470000, R11=0x00000077917ff458
R12=0x0000000000000001, R13=0x00007ff893cd43d4, R14=0x00000077917ff478, R15=0x000002284617be00
RIP=0x00007ff893cd6b07, EFLAGS=0x0000000000010202

XMM[0]=0x0000000000000000 0x0000000000000000
XMM[1]=0x0000000000000000 0x00000077917fdfd0
XMM[2]=0x0000000000000000 0x0000000000000000
XMM[3]=0x0000000000000000 0x0000000000000000
XMM[4]=0x0000000000000000 0x0000000000000000
XMM[5]=0x0000000000000000 0x0000000000000000
XMM[6]=0x0000000000000000 0x0000000000000000
XMM[7]=0x0000000000000000 0x404e000000000000
XMM[8]=0x0000000000000000 0x0000000000000000
XMM[9]=0x0000000000000000 0x0000000000000000
XMM[10]=0x0000000000000000 0x0000000000000000
XMM[11]=0x0000000000000000 0x0000000000000000
XMM[12]=0x0000000000000000 0x0000000000000000
XMM[13]=0x0000000000000000 0x0000000000000000
XMM[14]=0x0000000000000000 0x0000000000000000
XMM[15]=0x0000000000000000 0x0000000000000000
  MXCSR=0x00001fa0


Register to memory mapping:

RAX=0x0 is null
RBX=0x000002286a049dda is a global jni handle
RCX=0x000002286a046760 points into unknown readable memory: 0x00007ff843e27c38 | 38 7c e2 43 f8 7f 00 00
RDX=0x00000077917ff370 points into unknown readable memory: 0x0000000000000000 | 00 00 00 00 00 00 00 00
RSP=0x00000077917ff370 points into unknown readable memory: 0x0000000000000000 | 00 00 00 00 00 00 00 00
RBP=0x0000728516143aaf is an unknown value
RSI=0x000002284617be28 points into unknown readable memory: 0x0000728516143aaf | af 3a 14 16 85 72 00 00
RDI=0x000002284617be00 points into unknown readable memory: 0x9f76728529e87349 | 49 73 e8 29 85 72 76 9f
R8 =0x0000000000010002 is an unknown value
R9 =0x0000728516143aaf is an unknown value
R10=0x0000022848470000 points into unknown readable memory: 0x0000000000000000 | 00 00 00 00 00 00 00 00
R11=0x00000077917ff458 points into unknown readable memory: 0x00007ff893cd4261 | 61 42 cd 93 f8 7f 00 00
R12=0x0000000000000001 is an unknown value
R13=0x00007ff893cd43d4 glass.dll
R14=0x00000077917ff478 points into unknown readable memory: 0x00000077917ff460 | 60 f4 7f 91 77 00 00 00
R15=0x000002284617be00 points into unknown readable memory: 0x9f76728529e87349 | 49 73 e8 29 85 72 76 9f

Top of Stack: (sp=0x00000077917ff370)
0x00000077917ff370:   0000000000000000 0000022800000000   ............(...
0x00000077917ff380:   0000022846231cb0 0000000000000001   ..#F(...........
0x00000077917ff390:   000002284617be08 00007ff8b403bc75   ...F(...u.......
0x00000077917ff3a0:   000002284617be00 0000022800000000   ...F(.......(...
0x00000077917ff3b0:   000002284617be20 0000728516143aaf    ..F(....:...r..
0x00000077917ff3c0:   fffffffffffffffe 00007ff89cc50000   ................
0x00000077917ff3d0:   00007ff893cb0000 00007ff893cb0000   ................
0x00000077917ff3e0:   00000077917ff468 00007ff8b403b897   h...w...........
0x00000077917ff3f0:   00000077917ff400 00000077917ff478   ....w...x...w...
0x00000077917ff400:   00000077917ff760 00007ff8b41288c0   `...w...........
0x00000077917ff410:   0000000000000001 00007ff8b403b84d   ........M.......
0x00000077917ff420:   0000000000000000 0000000000000001   ................
0x00000077917ff430:   00000077917ff760 00000077917ff468   `...w...h...w...
0x00000077917ff440:   fffffffffffffffe 00007ff8b63e6003   .........`>.....
0x00000077917ff450:   0000000000000000 00007ff893cd4261   ........aB......
0x00000077917ff460:   00007ff893cea138 0000007700000002   8...........w...
0x00000077917ff470:   00007ff800000002 00000077917ff460   ........`...w...
0x00000077917ff480:   0000000000000000 00007ff8b2c05e37   ........7^......
0x00000077917ff490:   0000000000000000 00007ff893cd4386   .........C......
0x00000077917ff4a0:   0000000000000001 0000000000000000   ................
0x00000077917ff4b0:   0000000000000001 00007ff8b6414f8f   .........OA.....
0x00000077917ff4c0:   00007ff8b2c00000 00000077917ff760   ........`...w...
0x00000077917ff4d0:   0000000000000001 0000000000000000   ................
0x00000077917ff4e0:   0000000000000000 000000007ffe0384   ................
0x00000077917ff4f0:   00000228461d5da0 00007ff8b6500ede   .].F(.....P.....
0x00000077917ff500:   00007ff893cb0000 0000022800000000   ............(...
0x00000077917ff510:   0000000000000001 000000007ffe0385   ................
0x00000077917ff520:   00007ff893cd7590 00007ff8b641483e   .u......>HA.....
0x00000077917ff530:   0000000000000000 0000000000000000   ................
0x00000077917ff540:   0000000000000000 0000000000000000   ................
0x00000077917ff550:   0000000000000000 0000000000000000   ................
0x00000077917ff560:   0000000000000000 0000000000000000   ................

Instructions: (pc=0x00007ff893cd6b07)
  0x00007ff893cd6a07:   8b 4d 58 e8 01 cf ff ff 48 8b 4d 60 e8 f8 ce ff
  0x00007ff893cd6a17:   ff 48 8b 95 80 00 00 00 48 8b 8d 18 01 00 00 e8
  0x00007ff893cd6a27:   c6 c3 ff ff 33 d2 33 c9 e8 3c e1 ff ff 90 48 89
  0x00007ff893cd6a37:   54 24 10 55 48 83 ec 20 48 8b ea 48 b8 00 00 00
  0x00007ff893cd6a47:   00 00 00 00 00 48 83 c4 20 5d c3 cc 40 55 48 8b
  0x00007ff893cd6a57:   ea 48 8b 01 33 c9 81 38 05 00 00 c0 0f 94 c1 8b
  0x00007ff893cd6a67:   c1 5d c3 cc 40 55 48 83 ec 20 48 8b ea 8a 4d 40
  0x00007ff893cd6a77:   48 83 c4 20 5d e9 f7 d2 ff ff cc 40 55 48 83 ec
  0x00007ff893cd6a87:   20 48 8b ea 8a 4d 20 e8 e5 d2 ff ff 90 48 83 c4
  0x00007ff893cd6a97:   20 5d c3 cc 40 55 48 83 ec 20 48 8b ea 48 83 c4
  0x00007ff893cd6aa7:   20 5d e9 46 d1 ff ff cc 40 55 48 83 ec 30 48 8b
  0x00007ff893cd6ab7:   ea 48 8b 01 8b 10 48 89 4c 24 28 89 54 24 20 4c
  0x00007ff893cd6ac7:   8d 0d e7 d5 ff ff 4c 8b 45 70 8b 55 68 48 8b 4d
  0x00007ff893cd6ad7:   60 e8 87 d0 ff ff 90 48 83 c4 30 5d c3 cc cc cc
  0x00007ff893cd6ae7:   cc cc cc cc cc cc cc cc cc 40 53 48 83 ec 20 48
  0x00007ff893cd6af7:   8b 1d 33 30 01 00 48 85 db 74 16 e8 09 8b ff ff
=>0x00007ff893cd6b07:   4c 8b 00 48 8b d3 48 8b c8 41 ff 90 b0 00 00 00
  0x00007ff893cd6b17:   90 48 83 c4 20 5b c3 cc cc 40 53 48 83 ec 20 48
  0x00007ff893cd6b27:   8b 1d ab 31 01 00 48 85 db 74 57 b8 ff ff ff ff
  0x00007ff893cd6b37:   f0 0f c1 43 10 83 f8 01 75 3d 48 85 db 74 38 48
  0x00007ff893cd6b47:   8b 0b 48 85 c9 74 0d ff 15 54 07 00 00 48 c7 03
  0x00007ff893cd6b57:   00 00 00 00 48 8b 4b 08 48 85 c9 74 0d e8 a7 cd
  0x00007ff893cd6b67:   ff ff 48 c7 43 08 00 00 00 00 ba 18 00 00 00 48
  0x00007ff893cd6b77:   8b cb e8 92 cd ff ff 48 c7 05 4f 31 01 00 00 00
  0x00007ff893cd6b87:   00 00 48 83 c4 20 5b c3 cc 40 53 48 83 ec 20 48
  0x00007ff893cd6b97:   8b 1d 1b 31 01 00 48 85 db 74 57 b8 ff ff ff ff
  0x00007ff893cd6ba7:   f0 0f c1 43 10 83 f8 01 75 3d 48 85 db 74 38 48
  0x00007ff893cd6bb7:   8b 0b 48 85 c9 74 0d ff 15 e4 06 00 00 48 c7 03
  0x00007ff893cd6bc7:   00 00 00 00 48 8b 4b 08 48 85 c9 74 0d e8 37 cd
  0x00007ff893cd6bd7:   ff ff 48 c7 43 08 00 00 00 00 ba 18 00 00 00 48
  0x00007ff893cd6be7:   8b cb e8 22 cd ff ff 48 c7 05 bf 30 01 00 00 00
  0x00007ff893cd6bf7:   00 00 48 83 c4 20 5b c3 cc 40 53 48 83 ec 20 48


Stack slot to memory mapping:

stack at sp + 0 slots: 0x0 is null
stack at sp + 1 slots: 0x0000022800000000 is pointing into metadata
stack at sp + 2 slots: 0x0000022846231cb0 points into unknown readable memory: 0x0000022846233280 | 80 32 23 46 28 02 00 00
stack at sp + 3 slots: 0x0000000000000001 is an unknown value
stack at sp + 4 slots: 0x000002284617be08 points into unknown readable memory: 0x0000728516143aaf | af 3a 14 16 85 72 00 00
stack at sp + 5 slots: 0x00007ff8b403bc75 ucrtbase.dll
stack at sp + 6 slots: 0x000002284617be00 points into unknown readable memory: 0x9f76728529e87349 | 49 73 e8 29 85 72 76 9f
stack at sp + 7 slots: 0x0000022800000000 is pointing into metadata

VM_Operation (0x00000077922feef0): Exit, mode: safepoint, requested by thread 0x000002287248bde0


---------------  P R O C E S S  ---------------

Threads class SMR info:
_java_thread_list=0x0000022871cd6a00, length=27, elements={
0x00000228483aa720, 0x000002286a053bf0, 0x000002286a054330, 0x000002286a0582e0,
0x000002286a058e10, 0x000002286a059940, 0x000002286a05ef80, 0x000002286a067b10,
0x00000228451029d0, 0x00000228458e8030, 0x00000228458e8770, 0x0000022846169520,
0x000002284622f3b0, 0x00000228462336d0, 0x0000022846439710, 0x0000022846438960,
0x00000228468678e0, 0x0000022846868030, 0x0000022846868780, 0x0000022846865450,
0x00000228468662f0, 0x0000022846867190, 0x000002287248a0a0, 0x0000022872489200,
0x0000022872489950, 0x000002287248af40, 0x000002287248bde0
}

Java Threads: ( => current thread )
  0x00000228483aa720 JavaThread "main"                              [_thread_blocked, id=14732, stack(0x0000007791000000,0x0000007791100000) (1024K)]
  0x000002286a053bf0 JavaThread "Reference Handler"          daemon [_thread_blocked, id=15720, stack(0x0000007791800000,0x0000007791900000) (1024K)]
  0x000002286a054330 JavaThread "Finalizer"                  daemon [_thread_blocked, id=8736, stack(0x0000007791900000,0x0000007791a00000) (1024K)]
  0x000002286a0582e0 JavaThread "Attach Listener"            daemon [_thread_blocked, id=11840, stack(0x0000007791b00000,0x0000007791c00000) (1024K)]
  0x000002286a058e10 JavaThread "Service Thread"             daemon [_thread_blocked, id=11728, stack(0x0000007791c00000,0x0000007791d00000) (1024K)]
  0x000002286a059940 JavaThread "Monitor Deflation Thread"   daemon [_thread_blocked, id=6140, stack(0x0000007791d00000,0x0000007791e00000) (1024K)]
  0x000002286a05ef80 JavaThread "C2 CompilerThread0"         daemon [_thread_blocked, id=6316, stack(0x0000007791e00000,0x0000007791f00000) (1024K)]
  0x000002286a067b10 JavaThread "C1 CompilerThread0"         daemon [_thread_blocked, id=7052, stack(0x0000007791f00000,0x0000007792000000) (1024K)]
  0x00000228451029d0 JavaThread "Common-Cleaner"             daemon [_thread_blocked, id=3880, stack(0x0000007792000000,0x0000007792100000) (1024K)]
  0x00000228458e8030 JavaThread "Monitor Ctrl-Break"         daemon [_thread_in_native, id=12596, stack(0x0000007792300000,0x0000007792400000) (1024K)]
  0x00000228458e8770 JavaThread "Notification Thread"        daemon [_thread_blocked, id=9808, stack(0x0000007792400000,0x0000007792500000) (1024K)]
  0x0000022846169520 JavaThread "QuantumRenderer-0"          daemon [_thread_blocked, id=10220, stack(0x0000007792500000,0x0000007792600000) (1024K)]
  0x000002284622f3b0 JavaThread "InvokeLaterDispatcher"      daemon [_thread_blocked, id=12980, stack(0x0000007792800000,0x0000007792900000) (1024K)]
  0x00000228462336d0 JavaThread "JavaFX Application Thread"         [_thread_in_native, id=12612, stack(0x0000007792900000,0x0000007792a00000) (1024K)]
  0x0000022846439710 JavaThread "JavaFX-Launcher"                   [_thread_blocked, id=5828, stack(0x0000007793300000,0x0000007793400000) (1024K)]
  0x0000022846438960 JavaThread "Thread-2"                   daemon [_thread_in_native, id=4036, stack(0x0000007793200000,0x0000007793300000) (1024K)]
  0x00000228468678e0 JavaThread "Grizzly(1) SelectorRunner"  daemon [_thread_in_native, id=13860, stack(0x0000007793900000,0x0000007793a00000) (1024K)]
  0x0000022846868030 JavaThread "Grizzly(1)"                 daemon [_thread_blocked, id=15188, stack(0x0000007793a00000,0x0000007793b00000) (1024K)]
  0x0000022846868780 JavaThread "Grizzly(2)"                 daemon [_thread_blocked, id=8236, stack(0x0000007793b00000,0x0000007793c00000) (1024K)]
  0x0000022846865450 JavaThread "HttpClient-1-SelectorManager" daemon [_thread_blocked, id=2804, stack(0x0000007793d00000,0x0000007793e00000) (1024K)]
  0x00000228468662f0 JavaThread "Prism Font Disposer"        daemon [_thread_blocked, id=15100, stack(0x0000007794500000,0x0000007794600000) (1024K)]
  0x0000022846867190 JavaThread "Cleaner-0"                  daemon [_thread_blocked, id=15552, stack(0x0000007794600000,0x0000007794700000) (1024K)]
  0x000002287248a0a0 JavaThread "HttpClient-1-Worker-0"      daemon [_thread_blocked, id=9508, stack(0x0000007792100000,0x0000007792200000) (1024K)]
  0x0000022872489200 JavaThread "HttpClient-1-Worker-1"      daemon [_thread_blocked, id=15148, stack(0x0000007794700000,0x0000007794800000) (1024K)]
  0x0000022872489950 JavaThread "HttpClient-1-Worker-2"      daemon [_thread_blocked, id=5848, stack(0x0000007794800000,0x0000007794900000) (1024K)]
  0x000002287248af40 JavaThread "ForkJoinPool.commonPool-worker-1" daemon [_thread_blocked, id=11528, stack(0x0000007794900000,0x0000007794a00000) (1024K)]
  0x000002287248bde0 JavaThread "SIGINT handler"             daemon [_thread_blocked, id=5692, stack(0x0000007792200000,0x0000007792300000) (1024K)]
Total: 27

Other Threads:
=>0x000002286a046760 VMThread "VM Thread"                           [id=14540, stack(0x0000007791700000,0x0000007791800000) (1024K)]
  0x000002284a8194d0 WorkerThread "GC Thread#0"                     [id=13128, stack(0x0000007791100000,0x0000007791200000) (1024K)]
  0x00000228465e7f40 WorkerThread "GC Thread#1"                     [id=1552, stack(0x0000007793400000,0x0000007793500000) (1024K)]
  0x00000228465e82f0 WorkerThread "GC Thread#2"                     [id=2168, stack(0x0000007793500000,0x0000007793600000) (1024K)]
  0x00000228466e4a50 WorkerThread "GC Thread#3"                     [id=17084, stack(0x0000007793600000,0x0000007793700000) (1024K)]
  0x00000228466dc420 WorkerThread "GC Thread#4"                     [id=10544, stack(0x0000007793700000,0x0000007793800000) (1024K)]
  0x00000228466e4e00 WorkerThread "GC Thread#5"                     [id=8816, stack(0x0000007793800000,0x0000007793900000) (1024K)]
  0x00000228467f2de0 WorkerThread "GC Thread#6"                     [id=12432, stack(0x0000007793f00000,0x0000007794000000) (1024K)]
  0x00000228467f2680 WorkerThread "GC Thread#7"                     [id=9668, stack(0x0000007794000000,0x0000007794100000) (1024K)]
  0x00000228467f3190 WorkerThread "GC Thread#8"                     [id=12260, stack(0x0000007794100000,0x0000007794200000) (1024K)]
  0x00000228467f38f0 WorkerThread "GC Thread#9"                     [id=8780, stack(0x0000007794200000,0x0000007794300000) (1024K)]
  0x000002284a82e600 ConcurrentGCThread "G1 Main Marker"            terminated
  0x000002284a8308c0 WorkerThread "G1 Conc#0"                       [id=6296, stack(0x0000007791300000,0x0000007791400000) (1024K)]
  0x00000228467f4050 WorkerThread "G1 Conc#1"                       [id=4384, stack(0x0000007794300000,0x0000007794400000) (1024K)]
  0x00000228467f3540 WorkerThread "G1 Conc#2"                       [id=13664, stack(0x0000007794400000,0x0000007794500000) (1024K)]
  0x0000022869ef6200 ConcurrentGCThread "G1 Refine#0"               terminated
  0x0000022869ef6b90 ConcurrentGCThread "G1 Service"                terminated
Total: 17

Threads with active compile tasks:
C2 CompilerThread0  21639 4467       4       jdk.internal.classfile.impl.RawBytecodeHelper::next (81 bytes)
Total: 1

VM state: at safepoint (shutting down)

VM Mutex/Monitor currently owned by a thread:  ([mutex/lock_event])
[0x00007ff8440044f0] Threads_lock - owner thread: 0x000002286a046760
[0x00007ff8440045f0] Heap_lock - owner thread: 0x000002287248bde0

Heap address: 0x000000070b400000, size: 3916 MB, Compressed Oops mode: Zero based, Oop shift amount: 3

CDS archive(s) mapped at: [0x0000022800000000-0x0000022800d40000-0x0000022800d40000), size 13893632, SharedBaseAddress: 0x0000022800000000, ArchiveRelocationMode: 1.
Compressed class space mapped at: 0x0000022801000000-0x0000022841000000, reserved size: 1073741824
UseCompressedClassPointers 1, UseCompactObjectHeaders 0
Narrow klass pointer bits 32, Max shift 3
Narrow klass base: 0x0000022800000000, Narrow klass shift: 0
Encoding Range: [0x0000022800000000 - 0x0000022900000000), (4294967296 bytes)
Klass Range:    [0x0000022800000000 - 0x0000022841000000), (1090519040 bytes)
Klass ID Range:  [8 - 1090519033) (1090519025)

GC Precious Log:
 CardTable entry size: 512
 Card Set container configuration: InlinePtr #cards 4 size 8 Array Of Cards #cards 16 size 48 Howl #buckets 8 coarsen threshold 3686 Howl Bitmap #cards 512 size 80 coarsen threshold 460 Card regions per heap region 1 cards per card region 4096
 CPUs: 12 total, 12 available
 Memory: 15659M
 Large Page Support: Disabled
 NUMA Support: Disabled
 Compressed Oops: Enabled (Zero based)
 Heap Region Size: 2M
 Heap Min Capacity: 8M
 Heap Initial Capacity: 246M
 Heap Max Capacity: 3916M
 Pre-touch: Disabled
 Parallel Workers: 10
 Concurrent Workers: 3
 Concurrent Refinement Workers: 10
 Periodic GC: Disabled

Heap:
 garbage-first heap   total reserved 4009984K, committed 57344K, used 35425K [0x000000070b400000, 0x0000000800000000)
  region size 2048K, 15 young (30720K), 5 survivors (10240K)
 Metaspace       used 27083K, committed 27456K, reserved 1114112K
  class space    used 3239K, committed 3392K, reserved 1048576K

Heap Regions: E=young(eden), S=young(survivor), O=old, HS=humongous(starts), HC=humongous(continues), CS=collection set, F=free, TAMS=top-at-mark-start, PB=parsable bottom
|   0|0x000000070b400000, 0x000000070b600000, 0x000000070b600000|100%|HS|  |TAMS 0x000000070b400000| PB 0x000000070b400000| Complete |  0
|   1|0x000000070b600000, 0x000000070b600000, 0x000000070b800000|  0%| F|  |TAMS 0x000000070b600000| PB 0x000000070b600000| Untracked |  0
|   2|0x000000070b800000, 0x000000070b800000, 0x000000070ba00000|  0%| F|  |TAMS 0x000000070b800000| PB 0x000000070b800000| Untracked |  0
|   3|0x000000070ba00000, 0x000000070ba00000, 0x000000070bc00000|  0%| F|  |TAMS 0x000000070ba00000| PB 0x000000070ba00000| Untracked |  0
|   4|0x000000070bc00000, 0x000000070bc00000, 0x000000070be00000|  0%| F|  |TAMS 0x000000070bc00000| PB 0x000000070bc00000| Untracked |  0
|   5|0x000000070be00000, 0x000000070be00000, 0x000000070c000000|  0%| F|  |TAMS 0x000000070be00000| PB 0x000000070be00000| Untracked |  0
|   6|0x000000070c000000, 0x000000070c000000, 0x000000070c200000|  0%| F|  |TAMS 0x000000070c000000| PB 0x000000070c000000| Untracked |  0
|   7|0x000000070c200000, 0x000000070c200000, 0x000000070c400000|  0%| F|  |TAMS 0x000000070c200000| PB 0x000000070c200000| Untracked |  0
|   8|0x000000070c400000, 0x000000070c400000, 0x000000070c600000|  0%| F|  |TAMS 0x000000070c400000| PB 0x000000070c400000| Untracked |  0
|   9|0x000000070c600000, 0x000000070c638590, 0x000000070c800000| 11%| E|  |TAMS 0x000000070c600000| PB 0x000000070c600000| Complete |  0
|  10|0x000000070c800000, 0x000000070ca00000, 0x000000070ca00000|100%| E|CS|TAMS 0x000000070c800000| PB 0x000000070c800000| Complete |  0
|  11|0x000000070ca00000, 0x000000070cc00000, 0x000000070cc00000|100%| E|CS|TAMS 0x000000070ca00000| PB 0x000000070ca00000| Complete |  0
|  12|0x000000070cc00000, 0x000000070ce00000, 0x000000070ce00000|100%| E|CS|TAMS 0x000000070cc00000| PB 0x000000070cc00000| Complete |  0
|  13|0x000000070ce00000, 0x000000070d000000, 0x000000070d000000|100%| S|CS|TAMS 0x000000070ce00000| PB 0x000000070ce00000| Complete |  0
|  14|0x000000070d000000, 0x000000070d200000, 0x000000070d200000|100%| S|CS|TAMS 0x000000070d000000| PB 0x000000070d000000| Complete |  0
|  15|0x000000070d200000, 0x000000070d400000, 0x000000070d400000|100%| S|CS|TAMS 0x000000070d200000| PB 0x000000070d200000| Complete |  0
|  16|0x000000070d400000, 0x000000070d600000, 0x000000070d600000|100%| S|CS|TAMS 0x000000070d400000| PB 0x000000070d400000| Complete |  0
|  17|0x000000070d600000, 0x000000070d6d8ea0, 0x000000070d800000| 42%| S|CS|TAMS 0x000000070d600000| PB 0x000000070d600000| Complete |  0
|  87|0x0000000716200000, 0x0000000716400000, 0x0000000716400000|100%| E|CS|TAMS 0x0000000716200000| PB 0x0000000716200000| Complete |  0
|  88|0x0000000716400000, 0x0000000716600000, 0x0000000716600000|100%| E|CS|TAMS 0x0000000716400000| PB 0x0000000716400000| Complete |  0
|  89|0x0000000716600000, 0x0000000716800000, 0x0000000716800000|100%| E|CS|TAMS 0x0000000716600000| PB 0x0000000716600000| Complete |  0
|  90|0x0000000716800000, 0x0000000716a00000, 0x0000000716a00000|100%| E|CS|TAMS 0x0000000716800000| PB 0x0000000716800000| Complete |  0
|  91|0x0000000716a00000, 0x0000000716c00000, 0x0000000716c00000|100%| E|CS|TAMS 0x0000000716a00000| PB 0x0000000716a00000| Complete |  0
| 122|0x000000071a800000, 0x000000071aa00000, 0x000000071aa00000|100%| E|CS|TAMS 0x000000071a800000| PB 0x000000071a800000| Complete |  0
|1954|0x00000007ff800000, 0x00000007ff8a2420, 0x00000007ffa00000| 31%| O|  |TAMS 0x00000007ff800000| PB 0x00000007ff800000| Untracked |  0
|1955|0x00000007ffa00000, 0x00000007ffc00000, 0x00000007ffc00000|100%| O|  |TAMS 0x00000007ffa00000| PB 0x00000007ffa00000| Untracked |  0
|1956|0x00000007ffc00000, 0x00000007ffe00000, 0x00000007ffe00000|100%| O|  |TAMS 0x00000007ffc00000| PB 0x00000007ffc00000| Untracked |  0
|1957|0x00000007ffe00000, 0x00000007fff1d248, 0x0000000800000000| 55%| O|Cm|TAMS 0x00000007ffe00000| PB 0x00000007ffe00000| Complete |  0

Card table byte_map: [0x0000022862e90000,0x0000022863640000] _byte_map_base: 0x000002285f636000

Marking Bits: (CMBitMap*) 0x000002284a819be0
 Bits: [0x0000022863640000, 0x0000022867370000)

Polling page: 0x0000022848a10000

Metaspace:

Usage:
  Non-class:     23.28 MB used.
      Class:      3.16 MB used.
       Both:     26.45 MB used.

Virtual space:
  Non-class space:       64.00 MB reserved,      23.50 MB ( 37%) committed,  1 nodes.
      Class space:        1.00 GB reserved,       3.31 MB ( <1%) committed,  1 nodes.
             Both:        1.06 GB reserved,      26.81 MB (  2%) committed. 

Chunk freelists:
   Non-Class:  7.64 MB
       Class:  12.73 MB
        Both:  20.37 MB

MaxMetaspaceSize: unlimited
CompressedClassSpaceSize: 1.00 GB
Initial GC threshold: 21.00 MB
Current GC threshold: 35.25 MB
CDS: on
 - commit_granule_bytes: 65536.
 - commit_granule_words: 8192.
 - virtual_space_node_default_size: 8388608.
 - enlarge_chunks_in_place: 1.
UseCompressedClassPointers 1, UseCompactObjectHeaders 0
Narrow klass pointer bits 32, Max shift 3
Narrow klass base: 0x0000022800000000, Narrow klass shift: 0
Encoding Range: [0x0000022800000000 - 0x0000022900000000), (4294967296 bytes)
Klass Range:    [0x0000022800000000 - 0x0000022841000000), (1090519040 bytes)
Klass ID Range:  [8 - 1090519033) (1090519025)


Internal statistics:

num_allocs_failed_limit: 3.
num_arena_births: 392.
num_arena_deaths: 0.
num_vsnodes_births: 2.
num_vsnodes_deaths: 0.
num_space_committed: 429.
num_space_uncommitted: 0.
num_chunks_returned_to_freelist: 3.
num_chunks_taken_from_freelist: 1171.
num_chunk_merges: 3.
num_chunk_splits: 807.
num_chunks_enlarged: 608.
num_inconsistent_stats: 0.

CodeHeap 'non-profiled nmethods': size=120064Kb used=1755Kb max_used=1755Kb free=118308Kb
 bounds [0x000002285ab10000, 0x000002285ad80000, 0x0000022862050000]
CodeHeap 'profiled nmethods': size=120000Kb used=7312Kb max_used=7312Kb free=112688Kb
 bounds [0x0000022853050000, 0x0000022853780000, 0x000002285a580000]
CodeHeap 'non-nmethods': size=5696Kb used=1711Kb max_used=1860Kb free=3984Kb
 bounds [0x000002285a580000, 0x000002285a7f0000, 0x000002285ab10000]
CodeCache: size=245760Kb, used=10778Kb, max_used=10927Kb, free=234980Kb
 total_blobs=5341, nmethods=4466, adapters=778, full_count=0
Compilation: enabled, stopped_count=0, restarted_count=0

Compilation events (20 events):
Event: 12.140 Thread 0x000002286a067b10 4459       3       javafx.scene.control.Labeled::isWrapText (22 bytes)
Event: 12.140 Thread 0x000002286a067b10 nmethod 4459 0x0000022853772408 code [0x0000022853772560, 0x0000022853772ae8]
Event: 12.140 Thread 0x000002286a067b10 4458       3       java.util.Arrays::equals (43 bytes)
Event: 12.140 Thread 0x000002286a067b10 nmethod 4458 0x0000022853772b88 code [0x0000022853772cc0, 0x0000022853772f68]
Event: 12.140 Thread 0x000002286a05ef80 nmethod 4456 0x000002285acc5c08 code [0x000002285acc5d20, 0x000002285acc5f20]
Event: 12.144 Thread 0x000002286a067b10 4460       3       javafx.scene.text.Text::getBoundsType (24 bytes)
Event: 12.145 Thread 0x000002286a067b10 nmethod 4460 0x0000022853772f88 code [0x00000228537730e0, 0x00000228537735e8]
Event: 12.193 Thread 0x000002286a05ef80 4461       4       java.lang.String::toLowerCase (29 bytes)
Event: 12.194 Thread 0x000002286a067b10 4462       3       java.util.concurrent.atomic.AtomicLong::incrementAndGet (14 bytes)
Event: 12.194 Thread 0x000002286a067b10 nmethod 4462 0x0000022853773688 code [0x00000228537737a0, 0x00000228537738c0]
Event: 12.194 Thread 0x000002286a067b10 4463       3       java.util.Collection::stream (11 bytes)
Event: 12.194 Thread 0x000002286a067b10 nmethod 4463 0x0000022853773988 code [0x0000022853773ac0, 0x0000022853773cc0]
Event: 12.200 Thread 0x000002286a05ef80 nmethod 4461 0x000002285acc5f88 code [0x000002285acc60e0, 0x000002285acc68d8]
Event: 12.253 Thread 0x000002286a067b10 4464       1       java.util.concurrent.atomic.AtomicReference::get (5 bytes)
Event: 12.253 Thread 0x000002286a067b10 nmethod 4464 0x000002285acc6988 code [0x000002285acc6a80, 0x000002285acc6b48]
Event: 12.254 Thread 0x000002286a067b10 4465       1       java.util.stream.FindOps$FindSink::cancellationRequested (5 bytes)
Event: 12.254 Thread 0x000002286a067b10 nmethod 4465 0x000002285acc6c88 code [0x000002285acc6d80, 0x000002285acc6e48]
Event: 15.253 Thread 0x000002286a067b10 4466       3       java.lang.Math::min (12 bytes)
Event: 15.254 Thread 0x000002286a067b10 nmethod 4466 0x0000022853773d08 code [0x0000022853773e20, 0x0000022853773f50]
Event: 21.113 Thread 0x000002286a05ef80 4467       4       jdk.internal.classfile.impl.RawBytecodeHelper::next (81 bytes)

GC Heap History (6 events):
Event: 0.639 GC heap before
{Heap before GC invocations=0 (full 0):
 garbage-first heap   total reserved 4009984K, committed 253952K, used 48244K [0x000000070b400000, 0x0000000800000000)
  region size 2048K, 24 young (49152K), 0 survivors (0K)
 Metaspace       used 8737K, committed 8896K, reserved 1114112K
  class space    used 881K, committed 960K, reserved 1048576K
}
Event: 0.642 GC heap after
{Heap after GC invocations=1 (full 0):
 garbage-first heap   total reserved 4009984K, committed 253952K, used 6303K [0x000000070b400000, 0x0000000800000000)
  region size 2048K, 3 young (6144K), 3 survivors (6144K)
 Metaspace       used 8737K, committed 8896K, reserved 1114112K
  class space    used 881K, committed 960K, reserved 1048576K
}
Event: 1.216 GC heap before
{Heap before GC invocations=1 (full 0):
 garbage-first heap   total reserved 4009984K, committed 253952K, used 61599K [0x000000070b400000, 0x0000000800000000)
  region size 2048K, 31 young (63488K), 3 survivors (6144K)
 Metaspace       used 21270K, committed 21504K, reserved 1114112K
  class space    used 2392K, committed 2496K, reserved 1048576K
}
Event: 1.222 GC heap after
{Heap after GC invocations=2 (full 0):
 garbage-first heap   total reserved 4009984K, committed 253952K, used 11270K [0x000000070b400000, 0x0000000800000000)
  region size 2048K, 5 young (10240K), 5 survivors (10240K)
 Metaspace       used 21270K, committed 21504K, reserved 1114112K
  class space    used 2392K, committed 2496K, reserved 1048576K
}
Event: 1.518 GC heap before
{Heap before GC invocations=3 (full 0):
 garbage-first heap   total reserved 4009984K, committed 40960K, used 39942K [0x000000070b400000, 0x0000000800000000)
  region size 2048K, 19 young (38912K), 5 survivors (10240K)
 Metaspace       used 24179K, committed 24576K, reserved 1114112K
  class space    used 2957K, committed 3136K, reserved 1048576K
}
Event: 1.525 GC heap after
{Heap after GC invocations=4 (full 0):
 garbage-first heap   total reserved 4009984K, committed 57344K, used 14945K [0x000000070b400000, 0x0000000800000000)
  region size 2048K, 5 young (10240K), 5 survivors (10240K)
 Metaspace       used 24179K, committed 24576K, reserved 1114112K
  class space    used 2957K, committed 3136K, reserved 1048576K
}

Dll operation events (20 events):
Event: 0.339 Loaded shared library C:\Users\danielcc\.openjfx\cache\17.0.6\api-ms-win-crt-math-l1-1-0.dll
Event: 0.341 Loaded shared library C:\Users\danielcc\.openjfx\cache\17.0.6\api-ms-win-crt-multibyte-l1-1-0.dll
Event: 0.343 Loaded shared library C:\Users\danielcc\.openjfx\cache\17.0.6\api-ms-win-crt-private-l1-1-0.dll
Event: 0.345 Loaded shared library C:\Users\danielcc\.openjfx\cache\17.0.6\api-ms-win-crt-process-l1-1-0.dll
Event: 0.347 Loaded shared library C:\Users\danielcc\.openjfx\cache\17.0.6\api-ms-win-crt-runtime-l1-1-0.dll
Event: 0.349 Loaded shared library C:\Users\danielcc\.openjfx\cache\17.0.6\api-ms-win-crt-stdio-l1-1-0.dll
Event: 0.351 Loaded shared library C:\Users\danielcc\.openjfx\cache\17.0.6\api-ms-win-crt-string-l1-1-0.dll
Event: 0.353 Loaded shared library C:\Users\danielcc\.openjfx\cache\17.0.6\api-ms-win-crt-time-l1-1-0.dll
Event: 0.355 Loaded shared library C:\Users\danielcc\.openjfx\cache\17.0.6\api-ms-win-crt-utility-l1-1-0.dll
Event: 0.365 Loaded shared library C:\Users\danielcc\.openjfx\cache\17.0.6\ucrtbase.dll
Event: 0.368 Loaded shared library C:\Users\danielcc\.openjfx\cache\17.0.6\vcruntime140.dll
Event: 0.370 Loaded shared library C:\Users\danielcc\.openjfx\cache\17.0.6\vcruntime140_1.dll
Event: 0.375 Loaded shared library C:\Users\danielcc\.openjfx\cache\17.0.6\msvcp140.dll
Event: 0.376 Loaded shared library C:\Users\danielcc\.openjfx\cache\17.0.6\msvcp140_1.dll
Event: 0.379 Loaded shared library C:\Users\danielcc\.openjfx\cache\17.0.6\msvcp140_2.dll
Event: 0.401 Loaded shared library C:\Users\danielcc\.openjfx\cache\17.0.6\prism_d3d.dll
Event: 0.430 Loaded shared library C:\Users\danielcc\.openjfx\cache\17.0.6\glass.dll
Event: 0.500 Loaded shared library C:\Program Files\Java\jdk-24\bin\jimage.dll
Event: 0.611 Loaded shared library C:\Users\danielcc\.openjfx\cache\17.0.6\javafx_font.dll
Event: 0.883 Loaded shared library C:\Program Files\Java\jdk-24\bin\sunmscapi.dll

Deoptimization events (20 events):
Event: 7.969 Thread 0x00000228462336d0 Uncommon trap: trap_request=0xffffff4d fr.pc=0x000002285ac99d10 relative=0x00000000000005f0
Event: 7.969 Thread 0x00000228462336d0 Uncommon trap: reason=unstable_if action=reinterpret pc=0x000002285ac99d10 method=javafx.scene.Node.updateBounds()V @ 27 c2
Event: 7.969 Thread 0x00000228462336d0 DEOPT PACKING pc=0x000002285ac99d10 sp=0x00000077929fe910
Event: 7.969 Thread 0x00000228462336d0 DEOPT UNPACKING pc=0x000002285a694102 sp=0x00000077929fe840 mode 2
Event: 9.099 Thread 0x00000228462336d0 Uncommon trap: trap_request=0xffffffbe fr.pc=0x000002285aca4530 relative=0x0000000000006fd0
Event: 9.099 Thread 0x00000228462336d0 Uncommon trap: reason=profile_predicate action=maybe_recompile pc=0x000002285aca4530 method=javafx.scene.CssStyleHelper.transitionToState(Ljavafx/scene/Node;)V @ 291 c2
Event: 9.099 Thread 0x00000228462336d0 DEOPT PACKING pc=0x000002285aca4530 sp=0x00000077929fe180
Event: 9.099 Thread 0x00000228462336d0 DEOPT UNPACKING pc=0x000002285a694102 sp=0x00000077929fe118 mode 2
Event: 9.099 Thread 0x00000228462336d0 Uncommon trap: trap_request=0xffffffbe fr.pc=0x000002285aca4530 relative=0x0000000000006fd0
Event: 9.099 Thread 0x00000228462336d0 Uncommon trap: reason=profile_predicate action=maybe_recompile pc=0x000002285aca4530 method=javafx.scene.CssStyleHelper.transitionToState(Ljavafx/scene/Node;)V @ 291 c2
Event: 9.099 Thread 0x00000228462336d0 DEOPT PACKING pc=0x000002285aca4530 sp=0x00000077929fe360
Event: 9.099 Thread 0x00000228462336d0 DEOPT UNPACKING pc=0x000002285a694102 sp=0x00000077929fe2f8 mode 2
Event: 9.099 Thread 0x00000228462336d0 Uncommon trap: trap_request=0xffffffbe fr.pc=0x000002285aca4530 relative=0x0000000000006fd0
Event: 9.099 Thread 0x00000228462336d0 Uncommon trap: reason=profile_predicate action=maybe_recompile pc=0x000002285aca4530 method=javafx.scene.CssStyleHelper.transitionToState(Ljavafx/scene/Node;)V @ 291 c2
Event: 9.099 Thread 0x00000228462336d0 DEOPT PACKING pc=0x000002285aca4530 sp=0x00000077929fe360
Event: 9.099 Thread 0x00000228462336d0 DEOPT UNPACKING pc=0x000002285a694102 sp=0x00000077929fe2f8 mode 2
Event: 9.179 Thread 0x00000228462336d0 Uncommon trap: trap_request=0xffffffbe fr.pc=0x000002285aca4530 relative=0x0000000000006fd0
Event: 9.179 Thread 0x00000228462336d0 Uncommon trap: reason=profile_predicate action=maybe_recompile pc=0x000002285aca4530 method=javafx.scene.CssStyleHelper.transitionToState(Ljavafx/scene/Node;)V @ 291 c2
Event: 9.179 Thread 0x00000228462336d0 DEOPT PACKING pc=0x000002285aca4530 sp=0x00000077929fe300
Event: 9.179 Thread 0x00000228462336d0 DEOPT UNPACKING pc=0x000002285a694102 sp=0x00000077929fe298 mode 2

Classes loaded (20 events):
Event: 5.337 Loading class java/util/stream/LongStream done
Event: 5.337 Loading class java/util/stream/LongPipeline done
Event: 5.337 Loading class java/util/stream/LongPipeline$StatelessOp done
Event: 5.337 Loading class java/util/stream/ReferencePipeline$5 done
Event: 5.337 Loading class java/util/stream/FindOps$FindSink$OfLong
Event: 5.337 Loading class java/util/stream/Sink$OfLong
Event: 5.337 Loading class java/util/stream/Sink$OfLong done
Event: 5.337 Loading class java/util/stream/FindOps$FindSink$OfLong done
Event: 5.338 Loading class java/util/OptionalLong
Event: 5.338 Loading class java/util/OptionalLong done
Event: 5.338 Loading class java/util/stream/ReferencePipeline$5$1
Event: 5.338 Loading class java/util/stream/ReferencePipeline$5$1 done
Event: 5.338 Loading class java/lang/invoke/VarHandleBytes$FieldInstanceReadWrite
Event: 5.338 Loading class java/lang/invoke/VarHandleBytes$FieldInstanceReadOnly
Event: 5.338 Loading class java/lang/invoke/VarHandleBytes$FieldInstanceReadOnly done
Event: 5.338 Loading class java/lang/invoke/VarHandleBytes$FieldInstanceReadWrite done
Event: 5.343 Loading class java/util/LinkedList$DescendingIterator
Event: 5.343 Loading class java/util/LinkedList$DescendingIterator done
Event: 21.112 Loading class jdk/internal/misc/Signal$1
Event: 21.112 Loading class jdk/internal/misc/Signal$1 done

Classes unloaded (0 events):
No events

Classes redefined (0 events):
No events

Internal exceptions (20 events):
Event: 1.249 Thread 0x00000228462336d0 Exception <a 'java/lang/NoSuchMethodError'{0x000000070cdd2770}: 'void java.lang.invoke.DirectMethodHandle$Holder.invokeSpecial(java.lang.Object, java.lang.Object, java.lang.Object, java.lang.Object, java.lang.Object, java.lang.Object)'> (0x000000070cdd2770) 
thrown [s\open\src\hotspot\share\interpreter\linkResolver.cpp, line 805]
Event: 1.254 Thread 0x00000228462336d0 Implicit null exception at 0x000002285abe6e4b to 0x000002285abe6eb0
Event: 1.425 Thread 0x00000228462336d0 Exception <a 'java/lang/NoSuchMethodError'{0x000000070bac3658}: 'int java.lang.invoke.DirectMethodHandle$Holder.invokeSpecial(java.lang.Object, java.lang.Object, int)'> (0x000000070bac3658) 
thrown [s\open\src\hotspot\share\interpreter\linkResolver.cpp, line 805]
Event: 1.429 Thread 0x00000228462336d0 Exception <a 'java/lang/NoSuchMethodError'{0x000000070bb011e0}: 'void java.lang.invoke.DirectMethodHandle$Holder.invokeSpecial(java.lang.Object, java.lang.Object, int, int)'> (0x000000070bb011e0) 
thrown [s\open\src\hotspot\share\interpreter\linkResolver.cpp, line 805]
Event: 1.430 Thread 0x00000228462336d0 Exception <a 'java/lang/NoSuchMethodError'{0x000000070bb107b0}: 'java.lang.Object java.lang.invoke.DirectMethodHandle$Holder.newInvokeSpecial(java.lang.Object, java.lang.Object, int, int)'> (0x000000070bb107b0) 
thrown [s\open\src\hotspot\share\interpreter\linkResolver.cpp, line 805]
Event: 1.471 Thread 0x00000228462336d0 Exception <a 'java/lang/NoSuchMethodError'{0x000000070b666f20}: 'long java.lang.invoke.DelegatingMethodHandle$Holder.reinvoke_L(java.lang.Object, java.lang.Object)'> (0x000000070b666f20) 
thrown [s\open\src\hotspot\share\interpreter\linkResolver.cpp, line 805]
Event: 1.471 Thread 0x00000228462336d0 Exception <a 'java/lang/NoSuchMethodError'{0x000000070b67f388}: 'void java.lang.invoke.DelegatingMethodHandle$Holder.reinvoke_L(java.lang.Object, java.lang.Object, long)'> (0x000000070b67f388) 
thrown [s\open\src\hotspot\share\interpreter\linkResolver.cpp, line 805]
Event: 1.516 Thread 0x00000228462336d0 Exception <a 'java/lang/NoSuchMethodError'{0x000000070b5bd7a8}: 'long java.lang.invoke.DirectMethodHandle$Holder.invokeStatic(java.lang.Object, java.lang.Object, java.lang.Object)'> (0x000000070b5bd7a8) 
thrown [s\open\src\hotspot\share\interpreter\linkResolver.cpp, line 805]
Event: 1.517 Thread 0x00000228462336d0 Exception <a 'java/lang/NoSuchMethodError'{0x000000070b5c5608}: 'long java.lang.invoke.DirectMethodHandle$Holder.invokeStaticInit(java.lang.Object, java.lang.Object, java.lang.Object)'> (0x000000070b5c5608) 
thrown [s\open\src\hotspot\share\interpreter\linkResolver.cpp, line 805]
Event: 1.527 Thread 0x00000228462336d0 Exception <a 'java/lang/NoSuchMethodError'{0x000000071a80ff78}: 'java.lang.Object java.lang.invoke.DirectMethodHandle$Holder.newInvokeSpecial(java.lang.Object, java.lang.Object, long)'> (0x000000071a80ff78) 
thrown [s\open\src\hotspot\share\interpreter\linkResolver.cpp, line 805]
Event: 1.527 Thread 0x00000228462336d0 Exception <a 'java/lang/NoSuchMethodError'{0x000000071a818110}: 'java.lang.Object java.lang.invoke.Invokers$Holder.linkToTargetMethod(java.lang.Object, long, java.lang.Object)'> (0x000000071a818110) 
thrown [s\open\src\hotspot\share\interpreter\linkResolver.cpp, line 805]
Event: 3.850 Thread 0x00000228462336d0 Implicit null exception at 0x000002285ac00d62 to 0x000002285ac016d8
Event: 4.223 Thread 0x00000228462336d0 Exception <a 'java/lang/NoSuchMethodError'{0x000000071623c860}: 'java.lang.Object java.lang.invoke.DirectMethodHandle$Holder.newInvokeSpecial(java.lang.Object, java.lang.Object, java.lang.Object, int)'> (0x000000071623c860) 
thrown [s\open\src\hotspot\share\interpreter\linkResolver.cpp, line 805]
Event: 4.224 Thread 0x00000228462336d0 Exception <a 'java/lang/NoSuchMethodError'{0x0000000716244d50}: 'java.lang.Object java.lang.invoke.Invokers$Holder.linkToTargetMethod(java.lang.Object, java.lang.Object, int, java.lang.Object)'> (0x0000000716244d50) 
thrown [s\open\src\hotspot\share\interpreter\linkResolver.cpp, line 805]
Event: 5.237 Thread 0x00000228462336d0 Exception <a 'java/lang/NoSuchMethodError'{0x00000007163cb378}: 'java.lang.Object java.lang.invoke.DirectMethodHandle$Holder.invokeStatic(java.lang.Object, int, java.lang.Object)'> (0x00000007163cb378) 
thrown [s\open\src\hotspot\share\interpreter\linkResolver.cpp, line 805]
Event: 5.239 Thread 0x000002287248a0a0 Exception <a 'java/lang/NoSuchMethodError'{0x000000070cc2f618}: 'java.lang.Object java.lang.invoke.DirectMethodHandle$Holder.invokeSpecial(java.lang.Object, java.lang.Object, java.lang.Object, java.lang.Object, java.lang.Object, int)'> (0x000000070cc2f618) 
thrown [s\open\src\hotspot\share\interpreter\linkResolver.cpp, line 805]
Event: 5.264 Thread 0x000002287248a0a0 Exception <a 'java/lang/NoSuchMethodError'{0x000000070ca1b5c0}: 'long java.lang.invoke.DirectMethodHandle$Holder.invokeStatic(java.lang.Object, long, long)'> (0x000000070ca1b5c0) 
thrown [s\open\src\hotspot\share\interpreter\linkResolver.cpp, line 805]
Event: 5.267 Thread 0x0000022846865450 Exception <a 'java/lang/NoSuchMethodError'{0x0000000716208ae8}: 'int java.lang.invoke.DirectMethodHandle$Holder.invokeStatic(java.lang.Object, int, java.lang.Object)'> (0x0000000716208ae8) 
thrown [s\open\src\hotspot\share\interpreter\linkResolver.cpp, line 805]
Event: 5.268 Thread 0x0000022846865450 Exception <a 'java/lang/NoSuchMethodError'{0x000000071621f7b0}: 'void java.lang.invoke.DirectMethodHandle$Holder.invokeStatic(java.lang.Object, java.lang.Object, int)'> (0x000000071621f7b0) 
thrown [s\open\src\hotspot\share\interpreter\linkResolver.cpp, line 805]
Event: 5.340 Thread 0x000002287248a0a0 Exception <a 'java/lang/NoSuchMethodError'{0x000000070cb963c0}: 'void java.lang.invoke.DirectMethodHandle$Holder.invokeSpecial(java.lang.Object, java.lang.Object, java.lang.Object, java.lang.Object, java.lang.Object, java.lang.Object, java.lang.Object)'> (0x000000070cb963c0) 
thrown [s\open\src\hotspot\share\interpreter\linkResolver.cpp, line 805]

VM Operations (20 events):
Event: 0.967 Executing VM operation: HandshakeAllThreads (Deoptimize) done
Event: 0.978 Executing VM operation: HandshakeAllThreads (Deoptimize)
Event: 0.979 Executing VM operation: HandshakeAllThreads (Deoptimize) done
Event: 1.000 Executing VM operation: HandshakeAllThreads (Deoptimize)
Event: 1.000 Executing VM operation: HandshakeAllThreads (Deoptimize) done
Event: 1.216 Executing VM operation: CollectForMetadataAllocation (Metadata GC Threshold)
Event: 1.222 Executing VM operation: CollectForMetadataAllocation (Metadata GC Threshold) done
Event: 1.224 Executing VM operation: G1PauseRemark
Event: 1.226 Executing VM operation: G1PauseRemark done
Event: 1.226 Executing VM operation: G1PauseCleanup
Event: 1.226 Executing VM operation: G1PauseCleanup done
Event: 1.460 Executing VM operation: HandshakeAllThreads (Deoptimize)
Event: 1.460 Executing VM operation: HandshakeAllThreads (Deoptimize) done
Event: 1.518 Executing VM operation: G1CollectForAllocation (G1 Evacuation Pause)
Event: 1.525 Executing VM operation: G1CollectForAllocation (G1 Evacuation Pause) done
Event: 5.334 Executing VM operation: HandshakeAllThreads (Deoptimize)
Event: 5.334 Executing VM operation: HandshakeAllThreads (Deoptimize) done
Event: 5.335 Executing VM operation: HandshakeAllThreads (Deoptimize)
Event: 5.335 Executing VM operation: HandshakeAllThreads (Deoptimize) done
Event: 21.113 Executing VM operation: Exit

Memory protections (0 events):
No events

Nmethod flushes (0 events):
No events

Events (20 events):
Event: 4.134 Thread 0x000002286f011880 Thread exited: 0x000002286f011880
Event: 4.140 Thread 0x000002286a067b10 Thread added: 0x000002286f010960
Event: 4.410 Thread 0x000002286f010960 Thread exited: 0x000002286f010960
Event: 5.235 Thread 0x00000228462336d0 Thread added: 0x000002287248a0a0
Event: 5.251 Thread 0x000002286a067b10 Thread added: 0x000002286f012010
Event: 5.270 Thread 0x0000022846865450 Thread added: 0x0000022872489200
Event: 5.270 Thread 0x0000022846865450 Thread added: 0x0000022872489950
Event: 5.344 Thread 0x000002287248a0a0 Thread added: 0x000002287248af40
Event: 5.685 Thread 0x000002286f012010 Thread exited: 0x000002286f012010
Event: 7.967 Thread 0x000002286a067b10 Thread added: 0x00000228454de630
Event: 8.139 Thread 0x00000228454de630 Thread exited: 0x00000228454de630
Event: 10.881 Thread 0x000002286a067b10 Thread added: 0x00000228454e0c00
Event: 11.306 Thread 0x00000228454e0c00 Thread exited: 0x00000228454e0c00
Event: 21.112 Thread 0x000002286a0577b0 Thread added: 0x000002287248bde0
Event: 21.112 Thread 0x000002287248bde0 Thread added: 0x000002287248a7f0
Event: 21.112 Thread 0x000002287248bde0 Thread added: 0x000002287248b690
Event: 21.113 Thread 0x000002287248a7f0 Thread exited: 0x000002287248a7f0
Event: 21.113 Thread 0x000002287248b690 Thread exited: 0x000002287248b690
Event: 21.113 Thread 0x000002287248bde0 Before exit entered
Event: 21.114 Thread 0x000002286a0577b0 Thread exited: 0x000002286a0577b0


Dynamic libraries:
0x00007ff7a9360000 - 0x00007ff7a9370000 	C:\Program Files\Java\jdk-24\bin\java.exe
0x00007ff8b63a0000 - 0x00007ff8b6609000 	C:\Windows\SYSTEM32\ntdll.dll
0x00007ff8b49f0000 - 0x00007ff8b4ab9000 	C:\Windows\System32\KERNEL32.DLL
0x00007ff8b38c0000 - 0x00007ff8b3cb3000 	C:\Windows\System32\KERNELBASE.dll
0x00007ff8b3ff0000 - 0x00007ff8b413b000 	C:\Windows\System32\ucrtbase.dll
0x00007ff897be0000 - 0x00007ff897bfb000 	C:\Program Files\Java\jdk-24\bin\VCRUNTIME140.dll
0x00007ff897cb0000 - 0x00007ff897cc6000 	C:\Program Files\Java\jdk-24\bin\jli.dll
0x00007ff8b42e0000 - 0x00007ff8b44a4000 	C:\Windows\System32\USER32.dll
0x00007ff8a2760000 - 0x00007ff8a29f3000 	C:\Windows\WinSxS\amd64_microsoft.windows.common-controls_6595b64144ccf1df_6.0.26100.5074_none_3e0d6f78e32fd63f\COMCTL32.dll
0x00007ff8b4140000 - 0x00007ff8b4167000 	C:\Windows\System32\win32u.dll
0x00007ff8b5370000 - 0x00007ff8b5419000 	C:\Windows\System32\msvcrt.dll
0x00007ff8b4bf0000 - 0x00007ff8b4c1b000 	C:\Windows\System32\GDI32.dll
0x00007ff8b3cc0000 - 0x00007ff8b3ded000 	C:\Windows\System32\gdi32full.dll
0x00007ff8b3750000 - 0x00007ff8b37f3000 	C:\Windows\System32\msvcp_win.dll
0x00007ff8b42a0000 - 0x00007ff8b42cf000 	C:\Windows\System32\IMM32.DLL
0x00007ff8a6ec0000 - 0x00007ff8a6ecc000 	C:\Program Files\Java\jdk-24\bin\vcruntime140_1.dll
0x00007ff8965b0000 - 0x00007ff89663e000 	C:\Program Files\Java\jdk-24\bin\msvcp140.dll
0x00007ff843340000 - 0x00007ff8440e1000 	C:\Program Files\Java\jdk-24\bin\server\jvm.dll
0x00007ff8b57c0000 - 0x00007ff8b5874000 	C:\Windows\System32\ADVAPI32.dll
0x00007ff8b4b40000 - 0x00007ff8b4be6000 	C:\Windows\System32\sechost.dll
0x00007ff8b4170000 - 0x00007ff8b4288000 	C:\Windows\System32\RPCRT4.dll
0x00007ff8b5470000 - 0x00007ff8b54e4000 	C:\Windows\System32\WS2_32.dll
0x00007ff8b32e0000 - 0x00007ff8b333e000 	C:\Windows\SYSTEM32\POWRPROF.dll
0x00007ff8abc60000 - 0x00007ff8abc6b000 	C:\Windows\SYSTEM32\VERSION.dll
0x00007ff8ab420000 - 0x00007ff8ab455000 	C:\Windows\SYSTEM32\WINMM.dll
0x00007ff8b32c0000 - 0x00007ff8b32d4000 	C:\Windows\SYSTEM32\UMPDC.dll
0x00007ff8b21d0000 - 0x00007ff8b21eb000 	C:\Windows\SYSTEM32\kernel.appcore.dll
0x00007ff8a6b80000 - 0x00007ff8a6b8a000 	C:\Program Files\Java\jdk-24\bin\jimage.dll
0x00007ff8ac4c0000 - 0x00007ff8ac702000 	C:\Windows\SYSTEM32\DBGHELP.DLL
0x00007ff8b44c0000 - 0x00007ff8b483b000 	C:\Windows\System32\combase.dll
0x00007ff8b56e0000 - 0x00007ff8b57b7000 	C:\Windows\System32\OLEAUT32.dll
0x00007ff8a8030000 - 0x00007ff8a806d000 	C:\Windows\SYSTEM32\dbgcore.DLL
0x00007ff8b36b0000 - 0x00007ff8b3749000 	C:\Windows\System32\bcryptPrimitives.dll
0x00007ff8b0020000 - 0x00007ff8b002f000 	C:\Program Files\Java\jdk-24\bin\instrument.dll
0x00007ff897bc0000 - 0x00007ff897bde000 	C:\Program Files\Java\jdk-24\bin\java.dll
0x00007ff8b6130000 - 0x00007ff8b62c8000 	C:\Windows\System32\ole32.dll
0x00007ff8b4c20000 - 0x00007ff8b536d000 	C:\Windows\System32\SHELL32.dll
0x00007ff8b3e80000 - 0x00007ff8b3fec000 	C:\Windows\System32\wintypes.dll
0x00007ff8b0fb0000 - 0x00007ff8b1809000 	C:\Windows\SYSTEM32\windows.storage.dll
0x00007ff8b55e0000 - 0x00007ff8b56d0000 	C:\Windows\System32\SHCORE.dll
0x00007ff8b4880000 - 0x00007ff8b48e2000 	C:\Windows\System32\shlwapi.dll
0x00007ff8b3450000 - 0x00007ff8b3479000 	C:\Windows\SYSTEM32\profapi.dll
0x00007ff887740000 - 0x00007ff887817000 	C:\Program Files\Java\jdk-24\bin\jsvml.dll
0x00007ff8a57e0000 - 0x00007ff8a57f0000 	C:\Program Files\Java\jdk-24\bin\net.dll
0x00007ff8b2830000 - 0x00007ff8b289b000 	C:\Windows\system32\mswsock.dll
0x00007ff897ba0000 - 0x00007ff897bb6000 	C:\Program Files\Java\jdk-24\bin\nio.dll
0x00007ff897920000 - 0x00007ff897937000 	C:\Program Files\Java\jdk-24\bin\zip.dll
0x0000022846be0000 - 0x0000022846be3000 	C:\Users\danielcc\.openjfx\cache\17.0.6\api-ms-win-core-console-l1-1-0.dll
0x0000022846bf0000 - 0x0000022846bf3000 	C:\Users\danielcc\.openjfx\cache\17.0.6\api-ms-win-core-console-l1-2-0.dll
0x0000022846c00000 - 0x0000022846c03000 	C:\Users\danielcc\.openjfx\cache\17.0.6\api-ms-win-core-datetime-l1-1-0.dll
0x0000022846c10000 - 0x0000022846c13000 	C:\Users\danielcc\.openjfx\cache\17.0.6\api-ms-win-core-debug-l1-1-0.dll
0x0000022846c20000 - 0x0000022846c23000 	C:\Users\danielcc\.openjfx\cache\17.0.6\api-ms-win-core-errorhandling-l1-1-0.dll
0x0000022846c30000 - 0x0000022846c34000 	C:\Users\danielcc\.openjfx\cache\17.0.6\api-ms-win-core-file-l1-1-0.dll
0x0000022846c40000 - 0x0000022846c43000 	C:\Users\danielcc\.openjfx\cache\17.0.6\api-ms-win-core-file-l1-2-0.dll
0x0000022846c50000 - 0x0000022846c53000 	C:\Users\danielcc\.openjfx\cache\17.0.6\api-ms-win-core-file-l2-1-0.dll
0x0000022846c60000 - 0x0000022846c63000 	C:\Users\danielcc\.openjfx\cache\17.0.6\api-ms-win-core-handle-l1-1-0.dll
0x0000022846c70000 - 0x0000022846c73000 	C:\Users\danielcc\.openjfx\cache\17.0.6\api-ms-win-core-heap-l1-1-0.dll
0x0000022846c80000 - 0x0000022846c83000 	C:\Users\danielcc\.openjfx\cache\17.0.6\api-ms-win-core-interlocked-l1-1-0.dll
0x0000022846c90000 - 0x0000022846c93000 	C:\Users\danielcc\.openjfx\cache\17.0.6\api-ms-win-core-libraryloader-l1-1-0.dll
0x0000022846ca0000 - 0x0000022846ca3000 	C:\Users\danielcc\.openjfx\cache\17.0.6\api-ms-win-core-localization-l1-2-0.dll
0x0000022846cb0000 - 0x0000022846cb3000 	C:\Users\danielcc\.openjfx\cache\17.0.6\api-ms-win-core-memory-l1-1-0.dll
0x0000022846cc0000 - 0x0000022846cc3000 	C:\Users\danielcc\.openjfx\cache\17.0.6\api-ms-win-core-namedpipe-l1-1-0.dll
0x0000022846cd0000 - 0x0000022846cd3000 	C:\Users\danielcc\.openjfx\cache\17.0.6\api-ms-win-core-processenvironment-l1-1-0.dll
0x0000022846ce0000 - 0x0000022846ce3000 	C:\Users\danielcc\.openjfx\cache\17.0.6\api-ms-win-core-processthreads-l1-1-0.dll
0x0000022846cf0000 - 0x0000022846cf3000 	C:\Users\danielcc\.openjfx\cache\17.0.6\api-ms-win-core-processthreads-l1-1-1.dll
0x0000022846d00000 - 0x0000022846d03000 	C:\Users\danielcc\.openjfx\cache\17.0.6\api-ms-win-core-profile-l1-1-0.dll
0x0000022846d10000 - 0x0000022846d13000 	C:\Users\danielcc\.openjfx\cache\17.0.6\api-ms-win-core-rtlsupport-l1-1-0.dll
0x0000022846d20000 - 0x0000022846d23000 	C:\Users\danielcc\.openjfx\cache\17.0.6\api-ms-win-core-string-l1-1-0.dll
0x0000022846d30000 - 0x0000022846d33000 	C:\Users\danielcc\.openjfx\cache\17.0.6\api-ms-win-core-synch-l1-1-0.dll
0x0000022846d40000 - 0x0000022846d43000 	C:\Users\danielcc\.openjfx\cache\17.0.6\api-ms-win-core-synch-l1-2-0.dll
0x0000022846d50000 - 0x0000022846d53000 	C:\Users\danielcc\.openjfx\cache\17.0.6\api-ms-win-core-sysinfo-l1-1-0.dll
0x0000022846d60000 - 0x0000022846d63000 	C:\Users\danielcc\.openjfx\cache\17.0.6\api-ms-win-core-timezone-l1-1-0.dll
0x0000022846d70000 - 0x0000022846d73000 	C:\Users\danielcc\.openjfx\cache\17.0.6\api-ms-win-core-util-l1-1-0.dll
0x0000022846d80000 - 0x0000022846d83000 	C:\Users\danielcc\.openjfx\cache\17.0.6\api-ms-win-crt-conio-l1-1-0.dll
0x0000022846d90000 - 0x0000022846d94000 	C:\Users\danielcc\.openjfx\cache\17.0.6\api-ms-win-crt-convert-l1-1-0.dll
0x0000022846da0000 - 0x0000022846da3000 	C:\Users\danielcc\.openjfx\cache\17.0.6\api-ms-win-crt-environment-l1-1-0.dll
0x0000022846db0000 - 0x0000022846db3000 	C:\Users\danielcc\.openjfx\cache\17.0.6\api-ms-win-crt-filesystem-l1-1-0.dll
0x0000022846dc0000 - 0x0000022846dc3000 	C:\Users\danielcc\.openjfx\cache\17.0.6\api-ms-win-crt-heap-l1-1-0.dll
0x0000022846dd0000 - 0x0000022846dd3000 	C:\Users\danielcc\.openjfx\cache\17.0.6\api-ms-win-crt-locale-l1-1-0.dll
0x0000022846de0000 - 0x0000022846de5000 	C:\Users\danielcc\.openjfx\cache\17.0.6\api-ms-win-crt-math-l1-1-0.dll
0x0000022846df0000 - 0x0000022846df5000 	C:\Users\danielcc\.openjfx\cache\17.0.6\api-ms-win-crt-multibyte-l1-1-0.dll
0x0000022846e00000 - 0x0000022846e10000 	C:\Users\danielcc\.openjfx\cache\17.0.6\api-ms-win-crt-private-l1-1-0.dll
0x0000022846e10000 - 0x0000022846e13000 	C:\Users\danielcc\.openjfx\cache\17.0.6\api-ms-win-crt-process-l1-1-0.dll
0x0000022846e20000 - 0x0000022846e24000 	C:\Users\danielcc\.openjfx\cache\17.0.6\api-ms-win-crt-runtime-l1-1-0.dll
0x0000022846e30000 - 0x0000022846e34000 	C:\Users\danielcc\.openjfx\cache\17.0.6\api-ms-win-crt-stdio-l1-1-0.dll
0x0000022846e40000 - 0x0000022846e44000 	C:\Users\danielcc\.openjfx\cache\17.0.6\api-ms-win-crt-string-l1-1-0.dll
0x0000022846e50000 - 0x0000022846e53000 	C:\Users\danielcc\.openjfx\cache\17.0.6\api-ms-win-crt-time-l1-1-0.dll
0x0000022846e60000 - 0x0000022846e63000 	C:\Users\danielcc\.openjfx\cache\17.0.6\api-ms-win-crt-utility-l1-1-0.dll
0x00007ff88b270000 - 0x00007ff88b36c000 	C:\Users\danielcc\.openjfx\cache\17.0.6\ucrtbase.dll
0x00007ff8a6250000 - 0x00007ff8a626a000 	C:\Users\danielcc\.openjfx\cache\17.0.6\vcruntime140.dll
0x00007ff89d990000 - 0x00007ff89d99c000 	C:\Users\danielcc\.openjfx\cache\17.0.6\vcruntime140_1.dll
0x00007ff89cf50000 - 0x00007ff89cfdd000 	C:\Users\danielcc\.openjfx\cache\17.0.6\msvcp140.dll
0x00007ff89d0f0000 - 0x00007ff89d0f9000 	C:\Users\danielcc\.openjfx\cache\17.0.6\msvcp140_1.dll
0x00007ff89cf20000 - 0x00007ff89cf4f000 	C:\Users\danielcc\.openjfx\cache\17.0.6\msvcp140_2.dll
0x00007ff899ce0000 - 0x00007ff899d0a000 	C:\Users\danielcc\.openjfx\cache\17.0.6\prism_d3d.dll
0x00007ff881f90000 - 0x00007ff882141000 	C:\Windows\system32\d3d9.dll
0x00007ff8b08e0000 - 0x00007ff8b090b000 	C:\Windows\SYSTEM32\dwmapi.dll
0x00007ff8b0730000 - 0x00007ff8b0774000 	C:\Windows\SYSTEM32\dxcore.dll
0x00007ff8b05e0000 - 0x00007ff8b0688000 	C:\Windows\system32\uxtheme.dll
0x00007ff8ab460000 - 0x00007ff8ab61b000 	C:\WINDOWS\System32\DriverStore\FileRepository\u0387827.inf_amd64_7004fc67026a57ee\B384926\aticfx64.dll
0x00007ff865030000 - 0x00007ff865064000 	C:\WINDOWS\System32\DriverStore\FileRepository\u0387827.inf_amd64_7004fc67026a57ee\B384926\atiu9p64.dll
0x00007ff855ab0000 - 0x00007ff856805000 	C:\WINDOWS\System32\DriverStore\FileRepository\u0387827.inf_amd64_7004fc67026a57ee\B384926\atiumd64.dll
0x000000005bea0000 - 0x000000005cdc7000 	C:\Windows\System32\DriverStore\FileRepository\u0387827.inf_amd64_7004fc67026a57ee\B384926\atiumd6a.dll
0x00007ff8b58e0000 - 0x00007ff8b5d67000 	C:\Windows\System32\SETUPAPI.dll
0x00007ff8a8cc0000 - 0x00007ff8a8cf5000 	C:\Windows\SYSTEM32\amdihk64.dll
0x00007ff8ac430000 - 0x00007ff8ac490000 	C:\Windows\SYSTEM32\directxdatabasehelper.dll
0x00007ff893cb0000 - 0x00007ff893cf2000 	C:\Users\danielcc\.openjfx\cache\17.0.6\glass.dll
0x00007ff8b48f0000 - 0x00007ff8b49e1000 	C:\Windows\System32\COMDLG32.dll
0x00007ff8b5fd0000 - 0x00007ff8b6128000 	C:\Windows\System32\MSCTF.dll
0x00007ff89cc50000 - 0x00007ff89cc64000 	C:\Users\danielcc\.openjfx\cache\17.0.6\javafx_font.dll
0x00007ff8b2c00000 - 0x00007ff8b2c1b000 	C:\Windows\SYSTEM32\CRYPTSP.dll
0x00007ff8b2250000 - 0x00007ff8b228b000 	C:\Windows\system32\rsaenh.dll
0x00007ff8b28d0000 - 0x00007ff8b28fb000 	C:\Windows\SYSTEM32\USERENV.dll
0x00007ff8b3420000 - 0x00007ff8b3446000 	C:\Windows\SYSTEM32\bcrypt.dll
0x00007ff8b2a60000 - 0x00007ff8b2a6c000 	C:\Windows\SYSTEM32\CRYPTBASE.dll
0x00007ff8b1a20000 - 0x00007ff8b1a54000 	C:\Windows\SYSTEM32\IPHLPAPI.DLL
0x00007ff8b4870000 - 0x00007ff8b487a000 	C:\Windows\System32\NSI.dll
0x00007ff8b1aa0000 - 0x00007ff8b1bc6000 	C:\Windows\SYSTEM32\DNSAPI.dll
0x00007ff8ad900000 - 0x00007ff8ad90b000 	C:\Windows\System32\rasadhlp.dll
0x00007ff8ae170000 - 0x00007ff8ae1f6000 	C:\Windows\System32\fwpuclnt.dll
0x00007ff8a5470000 - 0x00007ff8a547e000 	C:\Program Files\Java\jdk-24\bin\sunmscapi.dll
0x00007ff8b3530000 - 0x00007ff8b36a7000 	C:\Windows\System32\CRYPT32.dll
0x00007ff8b2d50000 - 0x00007ff8b2d80000 	C:\Windows\SYSTEM32\ncrypt.dll
0x00007ff8b2d00000 - 0x00007ff8b2d3f000 	C:\Windows\SYSTEM32\NTASN1.dll
0x00007ff89cae0000 - 0x00007ff89cae8000 	C:\Windows\system32\wshunix.dll
0x00007ff8ae900000 - 0x00007ff8aeb67000 	C:\Windows\SYSTEM32\dwrite.dll
0x00007ff8b54f0000 - 0x00007ff8b55a1000 	C:\Windows\System32\clbcatq.dll
0x00007ff8ae6c0000 - 0x00007ff8ae8ef000 	C:\Windows\SYSTEM32\WindowsCodecs.dll

JVMTI agents:
C:\Program Files\JetBrains\IntelliJ IDEA Community Edition 2025.2.1\lib\idea_rt.jar path:C:\Program Files\Java\jdk-24\bin\instrument.dll, loaded, initialized, instrumentlib options:59949

dbghelp: loaded successfully - version: 4.0.5 - missing functions: none
symbol engine: initialized successfully - sym options: 0x614 - pdb path: .;C:\Program Files\Java\jdk-24\bin;C:\Windows\SYSTEM32;C:\Windows\WinSxS\amd64_microsoft.windows.common-controls_6595b64144ccf1df_6.0.26100.5074_none_3e0d6f78e32fd63f;C:\Program Files\Java\jdk-24\bin\server;C:\Users\danielcc\.openjfx\cache\17.0.6;C:\WINDOWS\System32\DriverStore\FileRepository\u0387827.inf_amd64_7004fc67026a57ee\B384926;C:\Program Files\Common Files\Microsoft Shared\Ink

VM Arguments:
jvm_args: -javaagent:C:\Program Files\JetBrains\IntelliJ IDEA Community Edition 2025.2.1\lib\idea_rt.jar=59949 -Dfile.encoding=UTF-8 -Dsun.stdout.encoding=UTF-8 -Dsun.stderr.encoding=UTF-8 --module-path=C:\Users\danielcc\.m2\repository\com\github\almasb\fxgl\11.17\fxgl-11.17.jar;C:\Users\danielcc\.m2\repository\com\fasterxml\jackson\core\jackson-databind\2.12.1\jackson-databind-2.12.1.jar;C:\Users\danielcc\.m2\repository\com\gluonhq\attach\lifecycle\4.0.9\lifecycle-4.0.9.jar;C:\Users\danielcc\.m2\repository\org\openjfx\javafx-base\17.0.6\javafx-base-17.0.6-win.jar;C:\Users\danielcc\.m2\repository\com\fasterxml\jackson\core\jackson-annotations\2.12.1\jackson-annotations-2.12.1.jar;C:\Users\danielcc\.m2\repository\org\jetbrains\kotlin\kotlin-stdlib\1.5.10\kotlin-stdlib-1.5.10-modular.jar;C:\Users\danielcc\.m2\repository\com\fasterxml\jackson\core\jackson-core\2.12.1\jackson-core-2.12.1.jar;C:\Users\danielcc\.m2\repository\org\openjfx\javafx-controls\17.0.6\javafx-controls-17.0.6-win.jar;C:\Users\danielcc\Desktop\DAM 1T\code\practicaOrtoRestaurante\desktopIJ\target\classes;C:\Users\danielcc\.m2\repository\com\gluonhq\attach\storage\4.0.9\storage-4.0.9.jar;C:\Users\danielcc\.m2\repository\org\openjfx\javafx-fxml\17.0.6\javafx-fxml-17.0.6-win.jar;C:\Users\danielcc\.m2\repository\org\openjfx\javafx-web\17.0.6\javafx-web-17.0.6-win.jar;C:\Users\danielcc\.m2\repository\com\gluonhq\attach\audio\4.0.9\audio-4.0.9.jar;C:\Users\danielcc\.m2\repository\eu\hansolo\tilesfx\11.48\tilesfx-11.48.jar;C:\Users\danielcc\.m2\repository\com\google\errorprone\error_prone_annotations\2.38.0\error_prone_annotations-2.38.0.jar;C:\Users\danielcc\.m2\repository\org\mongodb\bson\5.5.1\bson-5.5.1.jar;C:\Users\danielcc\.m2\repository\org\mongodb\mongodb-driver-sync\5.5.1\mongodb-driver-sync-5.5.1.jar;C:\Users\danielcc\.m2\repository\com\gluonhq\attach\util\4.0.9\util-4.0.9.jar;C:\Users\danielcc\.m2\repository\org\kordamp\ikonli\ikonli-javafx\12.3.1\ikonli-javafx-12.3.1.jar;C:\Users\danielcc\.m2\repository\com\github\almasb\fxgl-scene\11.17\fxgl-scene-11.17.jar;C:\Users\danielcc\.m2\repository\com\github\almasb\fxgl-entity\11.17\fxgl-entity-11.17.jar;C:\Users\danielcc\.m2\repository-Djdk.module.main=com.example.practortorestaurantedesktopp 
java_command: com.example.practortorestaurantedesktopp/com.example.practortorestaurantedesktopp.HelloApplication
java_class_path (initial): C:\Users\danielcc\.m2\repository\org\mongodb\bson-record-codec\5.5.1\bson-record-codec-5.5.1.jar;C:\Users\danielcc\.m2\repository\org\slf4j\slf4j-jdk14\1.7.28\slf4j-jdk14-1.7.28.jar;C:\Users\danielcc\.m2\repository\org\slf4j\slf4j-api\1.7.28\slf4j-api-1.7.28.jar;C:\Users\danielcc\.m2\repository\org\openjfx\javafx-controls\17.0.6\javafx-controls-17.0.6.jar;C:\Users\danielcc\.m2\repository\org\openjfx\javafx-graphics\17.0.6\javafx-graphics-17.0.6.jar;C:\Users\danielcc\.m2\repository\org\openjfx\javafx-base\17.0.6\javafx-base-17.0.6.jar;C:\Users\danielcc\.m2\repository\org\openjfx\javafx-fxml\17.0.6\javafx-fxml-17.0.6.jar;C:\Users\danielcc\.m2\repository\org\openjfx\javafx-web\17.0.6\javafx-web-17.0.6.jar;C:\Users\danielcc\.m2\repository\org\openjfx\javafx-swing\17.0.6\javafx-swing-17.0.6.jar;C:\Users\danielcc\.m2\repository\org\openjfx\javafx-swing\17.0.6\javafx-swing-17.0.6-win.jar;C:\Users\danielcc\.m2\repository\org\openjfx\javafx-media\17.0.6\javafx-media-17.0.6.jar;C:\Users\danielcc\.m2\repository\org\jetbrains\annotations\13.0\annotations-13.0.jar;C:\Users\danielcc\.m2\repository\org\jetbrains\kotlin\kotlin-stdlib-common\1.5.10\kotlin-stdlib-common-1.5.10.jar
Launcher Type: SUN_STANDARD

[Global flags]
     intx CICompilerCount                          = 4                                         {product} {ergonomic}
     uint ConcGCThreads                            = 3                                         {product} {ergonomic}
     uint G1ConcRefinementThreads                  = 10                                        {product} {ergonomic}
   size_t G1HeapRegionSize                         = 2097152                                   {product} {ergonomic}
   size_t InitialHeapSize                          = 257949696                                 {product} {ergonomic}
   size_t MarkStackSize                            = 4194304                                   {product} {ergonomic}
   size_t MarkStackSizeMax                         = 536870912                                 {product} {ergonomic}
   size_t MaxHeapSize                              = 4106223616                                {product} {ergonomic}
   size_t MaxNewSize                               = 2462056448                                {product} {ergonomic}
   size_t MinHeapDeltaBytes                        = 2097152                                   {product} {ergonomic}
   size_t MinHeapSize                              = 8388608                                   {product} {ergonomic}
    uintx NonNMethodCodeHeapSize                   = 5832704                                {pd product} {ergonomic}
    uintx NonProfiledCodeHeapSize                  = 122945536                              {pd product} {ergonomic}
    uintx ProfiledCodeHeapSize                     = 122880000                              {pd product} {ergonomic}
    uintx ReservedCodeCacheSize                    = 251658240                              {pd product} {ergonomic}
     bool SegmentedCodeCache                       = true                                      {product} {ergonomic}
   size_t SoftMaxHeapSize                          = 4106223616                             {manageable} {ergonomic}
     bool UseCompressedOops                        = true                           {product lp64_product} {ergonomic}
     bool UseG1GC                                  = true                                      {product} {ergonomic}
     bool UseLargePagesIndividualAllocation        = false                                  {pd product} {ergonomic}

Logging:
Log output configuration:
 #0: stdout all=off uptime,level,tags foldmultilines=false
 #1: stderr all=off uptime,level,tags foldmultilines=false

Environment Variables:
PATH=C:\Program Files\Common Files\Oracle\Java\javapath;C:\Windows\system32;C:\Windows;C:\Windows\System32\Wbem;C:\Windows\System32\WindowsPowerShell\v1.0\;C:\Windows\System32\OpenSSH\;C:\Program Files\nodejs\;C:\kotlinc\bin;C:\javafx-sdk-25\lib;;C:\Strawberry\c\bin;C:\Strawberry\perl\site\bin;C:\Strawberry\perl\bin;C:\Program Files\Docker\Docker\resources\bin;C:\Users\danielcc\AppData\Local\Programs\Python\Python314\Scripts\;C:\Users\danielcc\AppData\Local\Programs\Python\Python314\;C:\Users\danielcc\AppData\Local\Programs\Python\Launcher\;C:\Users\danielcc\AppData\Local\Microsoft\WindowsApps;C:\Users\danielcc\AppData\Local\Programs\Microsoft VS Code\bin;C:\Users\danielcc\AppData\Local\Programs\Git\cmd;C:\Users\danielcc\AppData\Roaming\npm;C:\Users\danielcc\AppData\Local\Programs\MiKTeX\miktex\bin\x64\
USERNAME=danielcc
OS=Windows_NT
PROCESSOR_IDENTIFIER=AMD64 Family 25 Model 80 Stepping 0, AuthenticAMD
TMP=C:\Users\danielcc\AppData\Local\Temp
TEMP=C:\Users\danielcc\AppData\Local\Temp




Periodic native trim disabled

---------------  S Y S T E M  ---------------

OS:
 Windows 11 , 64 bit Build 26100 (10.0.26100.5074)
OS uptime: 7 days 22:26 hours
Hyper-V role detected

CPU: total 12 (initial active 12) (12 cores per cpu, 2 threads per core) family 25 model 80 stepping 0 microcode 0xa50000d, cx8, cmov, fxsr, ht, mmx, 3dnowpref, sse, sse2, sse3, ssse3, sse4a, sse4.1, sse4.2, popcnt, lzcnt, tsc, tscinvbit, avx, avx2, aes, erms, clmul, bmi1, bmi2, adx, sha, fma, vzeroupper, clflush, clflushopt, hv, rdtscp, rdpid, fsrm, f16c, cet_ss
Processor Information for the first 12 processors :
  Max Mhz: 3901, Current Mhz: 3901, Mhz Limit: 3901

Memory: 4k page, system-wide physical 15659M (2363M free)
TotalPageFile size 25881M (AvailPageFile size 1201M)
current process WorkingSet (physical memory assigned to process): 172M, peak: 216M
current process commit charge ("private bytes"): 245M, peak: 419M

vm_info: Java HotSpot(TM) 64-Bit Server VM (24.0.2+12-54) for windows-amd64 JRE (24.0.2+12-54), built on 2025-07-08T12:10:27Z with MS VC++ 17.6 (VS2022)

END.
