#
# A fatal error has been detected by the Java Runtime Environment:
#
#  EXCEPTION_ACCESS_VIOLATION (0xc0000005) at pc=0x00007ff893cd6b07, pid=8452, tid=11064
#
# JRE version: Java(TM) SE Runtime Environment (24.0.2+12) (build 24.0.2+12-54)
# Java VM: Java HotSpot(TM) 64-Bit Server VM (24.0.2+12-54, mixed mode, sharing, tiered, compressed oops, compressed class ptrs, g1 gc, windows-amd64)
# Problematic frame:
# C  [glass.dll+0x26b07]
#
# No core dump will be written. Minidumps are not enabled by default on client versions of Windows
#
# If you would like to submit a bug report, please visit:
#   https://bugreport.java.com/bugreport/crash.jsp
#

---------------  S U M M A R Y ------------

Command Line: -javaagent:C:\Program Files\JetBrains\IntelliJ IDEA Community Edition 2025.2.1\lib\idea_rt.jar=60160 -Dfile.encoding=UTF-8 -Dsun.stdout.encoding=UTF-8 -Dsun.stderr.encoding=UTF-8 --module-path=C:\Users\danielcc\.m2\repository\com\github\almasb\fxgl\11.17\fxgl-11.17.jar;C:\Users\danielcc\.m2\repository\com\fasterxml\jackson\core\jackson-databind\2.12.1\jackson-databind-2.12.1.jar;C:\Users\danielcc\.m2\repository\com\gluonhq\attach\lifecycle\4.0.9\lifecycle-4.0.9.jar;C:\Users\danielcc\.m2\repository\org\openjfx\javafx-base\17.0.6\javafx-base-17.0.6-win.jar;C:\Users\danielcc\.m2\repository\com\fasterxml\jackson\core\jackson-annotations\2.12.1\jackson-annotations-2.12.1.jar;C:\Users\danielcc\.m2\repository\org\jetbrains\kotlin\kotlin-stdlib\1.5.10\kotlin-stdlib-1.5.10-modular.jar;C:\Users\danielcc\.m2\repository\com\fasterxml\jackson\core\jackson-core\2.12.1\jackson-core-2.12.1.jar;C:\Users\danielcc\.m2\repository\org\openjfx\javafx-controls\17.0.6\javafx-controls-17.0.6-win.jar;C:\Users\danielcc\Desktop\DAM 1T\code\practicaOrtoRestaurante\desktopIJ\target\classes;C:\Users\danielcc\.m2\repository\com\gluonhq\attach\storage\4.0.9\storage-4.0.9.jar;C:\Users\danielcc\.m2\repository\org\openjfx\javafx-fxml\17.0.6\javafx-fxml-17.0.6-win.jar;C:\Users\danielcc\.m2\repository\org\openjfx\javafx-web\17.0.6\javafx-web-17.0.6-win.jar;C:\Users\danielcc\.m2\repository\com\gluonhq\attach\audio\4.0.9\audio-4.0.9.jar;C:\Users\danielcc\.m2\repository\eu\hansolo\tilesfx\11.48\tilesfx-11.48.jar;C:\Users\danielcc\.m2\repository\com\google\errorprone\error_prone_annotations\2.38.0\error_prone_annotations-2.38.0.jar;C:\Users\danielcc\.m2\repository\org\mongodb\bson\5.5.1\bson-5.5.1.jar;C:\Users\danielcc\.m2\repository\org\mongodb\mongodb-driver-sync\5.5.1\mongodb-driver-sync-5.5.1.jar;C:\Users\danielcc\.m2\repository\com\gluonhq\attach\util\4.0.9\util-4.0.9.jar;C:\Users\danielcc\.m2\repository\org\kordamp\ikonli\ikonli-javafx\12.3.1\ikonli-javafx-12.3.1.jar;C:\Users\danielcc\.m2\repository\com\github\almasb\fxgl-scene\11.17\fxgl-scene-11.17.jar;C:\Users\danielcc\.m2\repository\com\github\almasb\fxgl-entity\11.17\fxgl-entity-11.17.jar;C:\Users\danielcc\.m2\repository-Djdk.module.main=com.example.practortorestaurantedesktopp com.example.practortorestaurantedesktopp/com.example.practortorestaurantedesktopp.HelloApplication

Host: AMD Ryzen 5 5600G with Radeon Graphics         , 12 cores, 15G,  Windows 11 , 64 bit Build 26100 (10.0.26100.5074)
Time: Tue Nov  4 17:05:51 2025 Hora estándar romance elapsed time: 8.511737 seconds (0d 0h 0m 8s)

---------------  T H R E A D  ---------------

Current thread (0x000002a3ab115210):  VMThread "VM Thread"          [id=11064, stack(0x000000d94e800000,0x000000d94e900000) (1024K)]

Stack: [0x000000d94e800000,0x000000d94e900000],  sp=0x000000d94e8ff330,  free space=1020k
Native frames: (J=compiled Java code, j=interpreted, Vv=VM code, C=native code)
C  [glass.dll+0x26b07]  (no source info available)
C  [ucrtbase.dll+0x4bc75]  (no source info available)
C  [ucrtbase.dll+0x4b897]  (no source info available)
C  [ucrtbase.dll+0x4b84d]  (no source info available)
C  [glass.dll+0x24261]  (no source info available)
C  [glass.dll+0x24386]  (no source info available)
C  [ntdll.dll+0x160ede]  (no source info available)
C  [ntdll.dll+0x7483e]  (no source info available)
C  [ntdll.dll+0xfdfff]  (no source info available)
C  [ntdll.dll+0x8ede]  (no source info available)
C  [KERNEL32.DLL+0x418ab]  (no source info available)
C  [ucrtbase.dll+0xa0093]  (no source info available)
V  [jvm.dll+0x72928c]  (no source info available)
V  [jvm.dll+0x728dc0]  (no source info available)
V  [jvm.dll+0x41b344]  (no source info available)
V  [jvm.dll+0x8e29c2]  (no source info available)
V  [jvm.dll+0x8e3d0c]  (no source info available)
V  [jvm.dll+0x8e4278]  (no source info available)
V  [jvm.dll+0x8e4513]  (no source info available)
V  [jvm.dll+0x87d9eb]  (no source info available)
V  [jvm.dll+0x72ef45]  (no source info available)
C  [ucrtbase.dll+0x37b0]  (no source info available)
C  [KERNEL32.DLL+0x2e8d7]  (no source info available)
C  [ntdll.dll+0x8d9c]  (no source info available)


siginfo: EXCEPTION_ACCESS_VIOLATION (0xc0000005), reading address 0x0000000000000000


Registers:
RAX=0x0000000000000000, RBX=0x000002a3ab25ad1a, RCX=0x000002a3ab115210, RDX=0x000000d94e8ff330
RSP=0x000000d94e8ff330, RBP=0x0000a40df56e2e1a, RSI=0x000002a3f118efe8, RDI=0x000002a3f118efc0
R8 =0x0000000000010002, R9 =0x0000a40df56e2e1a, R10=0x000002a3896a0000, R11=0x000000d94e8ff418
R12=0x0000000000000001, R13=0x00007ff893cd43d4, R14=0x000000d94e8ff438, R15=0x000002a3f118efc0
RIP=0x00007ff893cd6b07, EFLAGS=0x0000000000010206

XMM[0]=0x0000000000000000 0x0000000000000000
XMM[1]=0x0000000000000000 0x000000d94e8fdf90
XMM[2]=0x0000000000000000 0x0000000000000000
XMM[3]=0x0000000000000000 0x0000000000000000
XMM[4]=0x0000000000000000 0x0000000000000000
XMM[5]=0x0000000000000000 0x0000000000000000
XMM[6]=0x0000000000000000 0x0000000000000000
XMM[7]=0x0000000000000000 0x404e000000000000
XMM[8]=0x0000000000000000 0x0000000000000000
XMM[9]=0x0000000000000000 0x0000000000000000
XMM[10]=0x0000000000000000 0x0000000000000000
XMM[11]=0x0000000000000000 0x0000000000000000
XMM[12]=0x0000000000000000 0x0000000000000000
XMM[13]=0x0000000000000000 0x0000000000000000
XMM[14]=0x0000000000000000 0x0000000000000000
XMM[15]=0x0000000000000000 0x0000000000000000
  MXCSR=0x00001fa0


Register to memory mapping:

RAX=0x0 is null
RBX=0x000002a3ab25ad1a is a global jni handle
RCX=0x000002a3ab115210 points into unknown readable memory: 0x00007ff843e27c38 | 38 7c e2 43 f8 7f 00 00
RDX=0x000000d94e8ff330 points into unknown readable memory: 0x0000000000000000 | 00 00 00 00 00 00 00 00
RSP=0x000000d94e8ff330 points into unknown readable memory: 0x0000000000000000 | 00 00 00 00 00 00 00 00
RBP=0x0000a40df56e2e1a is an unknown value
RSI=0x000002a3f118efe8 points into unknown readable memory: 0x0000a40df56e2e1a | 1a 2e 6e f5 0d a4 00 00
RDI=0x000002a3f118efc0 points into unknown readable memory: 0xe24f90f6456e2fe5 | e5 2f 6e 45 f6 90 4f e2
R8 =0x0000000000010002 is an unknown value
R9 =0x0000a40df56e2e1a is an unknown value
R10=0x000002a3896a0000 points into unknown readable memory: 0x0000000000000000 | 00 00 00 00 00 00 00 00
R11=0x000000d94e8ff418 points into unknown readable memory: 0x00007ff893cd4261 | 61 42 cd 93 f8 7f 00 00
R12=0x0000000000000001 is an unknown value
R13=0x00007ff893cd43d4 glass.dll
R14=0x000000d94e8ff438 points into unknown readable memory: 0x000000d94e8ff420 | 20 f4 8f 4e d9 00 00 00
R15=0x000002a3f118efc0 points into unknown readable memory: 0xe24f90f6456e2fe5 | e5 2f 6e 45 f6 90 4f e2

Top of Stack: (sp=0x000000d94e8ff330)
0x000000d94e8ff330:   0000000000000000 000002a300000000   ................
0x000000d94e8ff340:   000002a3abe2d800 0000000000000001   ................
0x000000d94e8ff350:   000002a3f118efc8 00007ff8b403bc75   ........u.......
0x000000d94e8ff360:   000002a3f118efc0 000002a300000000   ................
0x000000d94e8ff370:   000002a3f118efe0 0000a40df56e2e1a   ..........n.....
0x000000d94e8ff380:   fffffffffffffffe 00007ff89cc50000   ................
0x000000d94e8ff390:   00007ff893cb0000 00007ff893cb0000   ................
0x000000d94e8ff3a0:   000000d94e8ff428 00007ff8b403b897   (..N............
0x000000d94e8ff3b0:   000000d94e8ff400 000000d94e8ff438   ...N....8..N....
0x000000d94e8ff3c0:   000000d94e8ff720 00007ff8b41288c0    ..N............
0x000000d94e8ff3d0:   0000000000000001 00007ff8b403b84d   ........M.......
0x000000d94e8ff3e0:   0000000000000000 0000000000000001   ................
0x000000d94e8ff3f0:   000000d94e8ff720 000000d94e8ff428    ..N....(..N....
0x000000d94e8ff400:   fffffffffffffffe 00007ff8b63e6003   .........`>.....
0x000000d94e8ff410:   0000000000000000 00007ff893cd4261   ........aB......
0x000000d94e8ff420:   00007ff893cea138 000000d900000002   8...............
0x000000d94e8ff430:   00007ff800000002 000000d94e8ff420   ........ ..N....
0x000000d94e8ff440:   0000000000000000 00007ff8b2c05e37   ........7^......
0x000000d94e8ff450:   0000000000000000 00007ff893cd4386   .........C......
0x000000d94e8ff460:   0000000000000001 0000000000000000   ................
0x000000d94e8ff470:   0000000000000001 00007ff8b6414f8f   .........OA.....
0x000000d94e8ff480:   00007ff8b2c00000 000000d94e8ff720   ........ ..N....
0x000000d94e8ff490:   0000000000000001 0000000000000000   ................
0x000000d94e8ff4a0:   0000000000000000 000000007ffe0384   ................
0x000000d94e8ff4b0:   000002a3f10a3020 00007ff8b6500ede    0........P.....
0x000000d94e8ff4c0:   00007ff893cb0000 000002a300000000   ................
0x000000d94e8ff4d0:   0000000000000001 000000007ffe0385   ................
0x000000d94e8ff4e0:   00007ff893cd7590 00007ff8b641483e   .u......>HA.....
0x000000d94e8ff4f0:   0000000000000000 0000000000000000   ................
0x000000d94e8ff500:   0000000000000000 0000000000000000   ................
0x000000d94e8ff510:   0000000000000000 0000000000000000   ................
0x000000d94e8ff520:   0000000000000000 0000000000000000   ................

Instructions: (pc=0x00007ff893cd6b07)
  0x00007ff893cd6a07:   8b 4d 58 e8 01 cf ff ff 48 8b 4d 60 e8 f8 ce ff
  0x00007ff893cd6a17:   ff 48 8b 95 80 00 00 00 48 8b 8d 18 01 00 00 e8
  0x00007ff893cd6a27:   c6 c3 ff ff 33 d2 33 c9 e8 3c e1 ff ff 90 48 89
  0x00007ff893cd6a37:   54 24 10 55 48 83 ec 20 48 8b ea 48 b8 00 00 00
  0x00007ff893cd6a47:   00 00 00 00 00 48 83 c4 20 5d c3 cc 40 55 48 8b
  0x00007ff893cd6a57:   ea 48 8b 01 33 c9 81 38 05 00 00 c0 0f 94 c1 8b
  0x00007ff893cd6a67:   c1 5d c3 cc 40 55 48 83 ec 20 48 8b ea 8a 4d 40
  0x00007ff893cd6a77:   48 83 c4 20 5d e9 f7 d2 ff ff cc 40 55 48 83 ec
  0x00007ff893cd6a87:   20 48 8b ea 8a 4d 20 e8 e5 d2 ff ff 90 48 83 c4
  0x00007ff893cd6a97:   20 5d c3 cc 40 55 48 83 ec 20 48 8b ea 48 83 c4
  0x00007ff893cd6aa7:   20 5d e9 46 d1 ff ff cc 40 55 48 83 ec 30 48 8b
  0x00007ff893cd6ab7:   ea 48 8b 01 8b 10 48 89 4c 24 28 89 54 24 20 4c
  0x00007ff893cd6ac7:   8d 0d e7 d5 ff ff 4c 8b 45 70 8b 55 68 48 8b 4d
  0x00007ff893cd6ad7:   60 e8 87 d0 ff ff 90 48 83 c4 30 5d c3 cc cc cc
  0x00007ff893cd6ae7:   cc cc cc cc cc cc cc cc cc 40 53 48 83 ec 20 48
  0x00007ff893cd6af7:   8b 1d 33 30 01 00 48 85 db 74 16 e8 09 8b ff ff
=>0x00007ff893cd6b07:   4c 8b 00 48 8b d3 48 8b c8 41 ff 90 b0 00 00 00
  0x00007ff893cd6b17:   90 48 83 c4 20 5b c3 cc cc 40 53 48 83 ec 20 48
  0x00007ff893cd6b27:   8b 1d ab 31 01 00 48 85 db 74 57 b8 ff ff ff ff
  0x00007ff893cd6b37:   f0 0f c1 43 10 83 f8 01 75 3d 48 85 db 74 38 48
  0x00007ff893cd6b47:   8b 0b 48 85 c9 74 0d ff 15 54 07 00 00 48 c7 03
  0x00007ff893cd6b57:   00 00 00 00 48 8b 4b 08 48 85 c9 74 0d e8 a7 cd
  0x00007ff893cd6b67:   ff ff 48 c7 43 08 00 00 00 00 ba 18 00 00 00 48
  0x00007ff893cd6b77:   8b cb e8 92 cd ff ff 48 c7 05 4f 31 01 00 00 00
  0x00007ff893cd6b87:   00 00 48 83 c4 20 5b c3 cc 40 53 48 83 ec 20 48
  0x00007ff893cd6b97:   8b 1d 1b 31 01 00 48 85 db 74 57 b8 ff ff ff ff
  0x00007ff893cd6ba7:   f0 0f c1 43 10 83 f8 01 75 3d 48 85 db 74 38 48
  0x00007ff893cd6bb7:   8b 0b 48 85 c9 74 0d ff 15 e4 06 00 00 48 c7 03
  0x00007ff893cd6bc7:   00 00 00 00 48 8b 4b 08 48 85 c9 74 0d e8 37 cd
  0x00007ff893cd6bd7:   ff ff 48 c7 43 08 00 00 00 00 ba 18 00 00 00 48
  0x00007ff893cd6be7:   8b cb e8 22 cd ff ff 48 c7 05 bf 30 01 00 00 00
  0x00007ff893cd6bf7:   00 00 48 83 c4 20 5b c3 cc 40 53 48 83 ec 20 48


Stack slot to memory mapping:

stack at sp + 0 slots: 0x0 is null
stack at sp + 1 slots: 0x000002a300000000 is an unknown value
stack at sp + 2 slots: 0x000002a3abe2d800 points into unknown readable memory: 0x000002a3abe2d980 | 80 d9 e2 ab a3 02 00 00
stack at sp + 3 slots: 0x0000000000000001 is an unknown value
stack at sp + 4 slots: 0x000002a3f118efc8 points into unknown readable memory: 0x0000a40df56e2e1a | 1a 2e 6e f5 0d a4 00 00
stack at sp + 5 slots: 0x00007ff8b403bc75 ucrtbase.dll
stack at sp + 6 slots: 0x000002a3f118efc0 points into unknown readable memory: 0xe24f90f6456e2fe5 | e5 2f 6e 45 f6 90 4f e2
stack at sp + 7 slots: 0x000002a300000000 is an unknown value

VM_Operation (0x000000d9518ff330): Exit, mode: safepoint, requested by thread 0x000002a3f1af00a0


---------------  P R O C E S S  ---------------

Threads class SMR info:
_java_thread_list=0x000002a3fb3cfb60, length=28, elements={
0x000002a38b9c2f60, 0x000002a3ab25cad0, 0x000002a3ab25d210, 0x000002a3ab267e10,
0x000002a3ab266f70, 0x000002a3ab2676c0, 0x000002a3ab26df50, 0x000002a3ab27ac30,
0x000002a3ab268560, 0x000002a3ab266820, 0x000002a3ab265980, 0x000002a3ab2660d0,
0x000002a3ab265230, 0x000002a3abe6df70, 0x000002a3abe6c230, 0x000002a3abe6e6c0,
0x000002a3abe6b390, 0x000002a3abe6ee10, 0x000002a3abe6f560, 0x000002a3abe6d820,
0x000002a3abe6c980, 0x000002a3abe70400, 0x000002a3abe6d0d0, 0x000002a3abe70b50,
0x000002a3abe72140, 0x000002a3abe712a0, 0x000002a3abe719f0, 0x000002a3f1af00a0
}

Java Threads: ( => current thread )
  0x000002a38b9c2f60 JavaThread "main"                              [_thread_blocked, id=13980, stack(0x000000d94e100000,0x000000d94e200000) (1024K)]
  0x000002a3ab25cad0 JavaThread "Reference Handler"          daemon [_thread_blocked, id=4768, stack(0x000000d94e900000,0x000000d94ea00000) (1024K)]
  0x000002a3ab25d210 JavaThread "Finalizer"                  daemon [_thread_blocked, id=8716, stack(0x000000d94ea00000,0x000000d94eb00000) (1024K)]
  0x000002a3ab267e10 JavaThread "Attach Listener"            daemon [_thread_blocked, id=7432, stack(0x000000d94ec00000,0x000000d94ed00000) (1024K)]
  0x000002a3ab266f70 JavaThread "Service Thread"             daemon [_thread_blocked, id=3476, stack(0x000000d94ed00000,0x000000d94ee00000) (1024K)]
  0x000002a3ab2676c0 JavaThread "Monitor Deflation Thread"   daemon [_thread_blocked, id=15260, stack(0x000000d94ee00000,0x000000d94ef00000) (1024K)]
  0x000002a3ab26df50 JavaThread "C2 CompilerThread0"         daemon [_thread_blocked, id=11140, stack(0x000000d94ef00000,0x000000d94f000000) (1024K)]
  0x000002a3ab27ac30 JavaThread "C1 CompilerThread0"         daemon [_thread_blocked, id=8780, stack(0x000000d94f000000,0x000000d94f100000) (1024K)]
  0x000002a3ab268560 JavaThread "Common-Cleaner"             daemon [_thread_blocked, id=2332, stack(0x000000d94f100000,0x000000d94f200000) (1024K)]
  0x000002a3ab266820 JavaThread "Monitor Ctrl-Break"         daemon [_thread_in_native, id=7860, stack(0x000000d94f400000,0x000000d94f500000) (1024K)]
  0x000002a3ab265980 JavaThread "Notification Thread"        daemon [_thread_blocked, id=17108, stack(0x000000d94f500000,0x000000d94f600000) (1024K)]
  0x000002a3ab2660d0 JavaThread "QuantumRenderer-0"          daemon [_thread_blocked, id=12644, stack(0x000000d94f600000,0x000000d94f700000) (1024K)]
  0x000002a3ab265230 JavaThread "InvokeLaterDispatcher"      daemon [_thread_blocked, id=9624, stack(0x000000d94f900000,0x000000d94fa00000) (1024K)]
  0x000002a3abe6df70 JavaThread "JavaFX Application Thread"         [_thread_in_native, id=10616, stack(0x000000d94fa00000,0x000000d94fb00000) (1024K)]
  0x000002a3abe6c230 JavaThread "JavaFX-Launcher"                   [_thread_blocked, id=9908, stack(0x000000d950400000,0x000000d950500000) (1024K)]
  0x000002a3abe6e6c0 JavaThread "Thread-2"                   daemon [_thread_in_native, id=10688, stack(0x000000d950300000,0x000000d950400000) (1024K)]
  0x000002a3abe6b390 JavaThread "Grizzly(1) SelectorRunner"  daemon [_thread_in_native, id=6268, stack(0x000000d950a00000,0x000000d950b00000) (1024K)]
  0x000002a3abe6ee10 JavaThread "Grizzly(1)"                 daemon [_thread_blocked, id=7360, stack(0x000000d950b00000,0x000000d950c00000) (1024K)]
  0x000002a3abe6f560 JavaThread "Grizzly(2)"                 daemon [_thread_blocked, id=14672, stack(0x000000d950c00000,0x000000d950d00000) (1024K)]
  0x000002a3abe6d820 JavaThread "HttpClient-1-SelectorManager" daemon [_thread_in_native, id=9500, stack(0x000000d950e00000,0x000000d950f00000) (1024K)]
  0x000002a3abe6c980 JavaThread "Prism Font Disposer"        daemon [_thread_blocked, id=13488, stack(0x000000d951400000,0x000000d951500000) (1024K)]
  0x000002a3abe70400 JavaThread "Cleaner-0"                  daemon [_thread_blocked, id=11512, stack(0x000000d951700000,0x000000d951800000) (1024K)]
  0x000002a3abe6d0d0 JavaThread "HttpClient-1-Worker-0"      daemon [_thread_blocked, id=7980, stack(0x000000d951500000,0x000000d951600000) (1024K)]
  0x000002a3abe70b50 JavaThread "CompletableFutureDelayScheduler" daemon [_thread_blocked, id=4428, stack(0x000000d951600000,0x000000d951700000) (1024K)]
  0x000002a3abe72140 JavaThread "HttpClient-1-Worker-1"      daemon [_thread_blocked, id=6316, stack(0x000000d951900000,0x000000d951a00000) (1024K)]
  0x000002a3abe712a0 JavaThread "HttpClient-1-Worker-2"      daemon [_thread_blocked, id=13464, stack(0x000000d951a00000,0x000000d951b00000) (1024K)]
  0x000002a3abe719f0 JavaThread "ForkJoinPool.commonPool-worker-1" daemon [_thread_blocked, id=15916, stack(0x000000d951b00000,0x000000d951c00000) (1024K)]
  0x000002a3f1af00a0 JavaThread "SIGINT handler"             daemon [_thread_blocked, id=14048, stack(0x000000d951800000,0x000000d951900000) (1024K)]
Total: 28

Other Threads:
=>0x000002a3ab115210 VMThread "VM Thread"                           [id=11064, stack(0x000000d94e800000,0x000000d94e900000) (1024K)]
  0x000002a38ba2a570 WorkerThread "GC Thread#0"                     [id=6200, stack(0x000000d94e200000,0x000000d94e300000) (1024K)]
  0x000002a3ab116830 WorkerThread "GC Thread#1"                     [id=13404, stack(0x000000d950500000,0x000000d950600000) (1024K)]
  0x000002a3ab116be0 WorkerThread "GC Thread#2"                     [id=12960, stack(0x000000d950600000,0x000000d950700000) (1024K)]
  0x000002a3f1565500 WorkerThread "GC Thread#3"                     [id=2180, stack(0x000000d950700000,0x000000d950800000) (1024K)]
  0x000002a3f1564da0 WorkerThread "GC Thread#4"                     [id=2292, stack(0x000000d950800000,0x000000d950900000) (1024K)]
  0x000002a3f1565150 WorkerThread "GC Thread#5"                     [id=6392, stack(0x000000d950900000,0x000000d950a00000) (1024K)]
  0x000002a3f1564640 WorkerThread "GC Thread#6"                     [id=5692, stack(0x000000d94f200000,0x000000d94f300000) (1024K)]
  0x000002a3f1566ed0 WorkerThread "GC Thread#7"                     [id=9588, stack(0x000000d94f300000,0x000000d94f400000) (1024K)]
  0x000002a3f1565c60 WorkerThread "GC Thread#8"                     [id=13664, stack(0x000000d951000000,0x000000d951100000) (1024K)]
  0x000002a3f1566010 WorkerThread "GC Thread#9"                     [id=16684, stack(0x000000d951100000,0x000000d951200000) (1024K)]
  0x000002a38ba3f6a0 ConcurrentGCThread "G1 Main Marker"            terminated
  0x000002a38ba41960 WorkerThread "G1 Conc#0"                       [id=3252, stack(0x000000d94e400000,0x000000d94e500000) (1024K)]
  0x000002a3f1563b30 WorkerThread "G1 Conc#1"                       [id=6668, stack(0x000000d951200000,0x000000d951300000) (1024K)]
  0x000002a3f1564290 WorkerThread "G1 Conc#2"                       [id=5460, stack(0x000000d951300000,0x000000d951400000) (1024K)]
  0x000002a3ab1055f0 ConcurrentGCThread "G1 Refine#0"               terminated
  0x000002a3ab106080 ConcurrentGCThread "G1 Service"                terminated
Total: 17

Threads with active compile tasks:
Total: 0

VM state: at safepoint (shutting down)

VM Mutex/Monitor currently owned by a thread:  ([mutex/lock_event])
[0x00007ff8440044f0] Threads_lock - owner thread: 0x000002a3ab115210
[0x00007ff8440045f0] Heap_lock - owner thread: 0x000002a3f1af00a0

Heap address: 0x000000070b400000, size: 3916 MB, Compressed Oops mode: Zero based, Oop shift amount: 3

CDS archive(s) mapped at: [0x000002a3ac000000-0x000002a3acd40000-0x000002a3acd40000), size 13893632, SharedBaseAddress: 0x000002a3ac000000, ArchiveRelocationMode: 1.
Compressed class space mapped at: 0x000002a3ad000000-0x000002a3ed000000, reserved size: 1073741824
UseCompressedClassPointers 1, UseCompactObjectHeaders 0
Narrow klass pointer bits 32, Max shift 3
Narrow klass base: 0x000002a3ac000000, Narrow klass shift: 0
Encoding Range: [0x000002a3ac000000 - 0x000002a4ac000000), (4294967296 bytes)
Klass Range:    [0x000002a3ac000000 - 0x000002a3ed000000), (1090519040 bytes)
Klass ID Range:  [8 - 1090519033) (1090519025)

GC Precious Log:
 CardTable entry size: 512
 Card Set container configuration: InlinePtr #cards 4 size 8 Array Of Cards #cards 16 size 48 Howl #buckets 8 coarsen threshold 3686 Howl Bitmap #cards 512 size 80 coarsen threshold 460 Card regions per heap region 1 cards per card region 4096
 CPUs: 12 total, 12 available
 Memory: 15659M
 Large Page Support: Disabled
 NUMA Support: Disabled
 Compressed Oops: Enabled (Zero based)
 Heap Region Size: 2M
 Heap Min Capacity: 8M
 Heap Initial Capacity: 246M
 Heap Max Capacity: 3916M
 Pre-touch: Disabled
 Parallel Workers: 10
 Concurrent Workers: 3
 Concurrent Refinement Workers: 10
 Periodic GC: Disabled

Heap:
 garbage-first heap   total reserved 4009984K, committed 57344K, used 33362K [0x000000070b400000, 0x0000000800000000)
  region size 2048K, 14 young (28672K), 5 survivors (10240K)
 Metaspace       used 26807K, committed 27136K, reserved 1114112K
  class space    used 3241K, committed 3392K, reserved 1048576K

Heap Regions: E=young(eden), S=young(survivor), O=old, HS=humongous(starts), HC=humongous(continues), CS=collection set, F=free, TAMS=top-at-mark-start, PB=parsable bottom
|   0|0x000000070b400000, 0x000000070b600000, 0x000000070b600000|100%|HS|  |TAMS 0x000000070b400000| PB 0x000000070b400000| Complete |  0
|   1|0x000000070b600000, 0x000000070b600000, 0x000000070b800000|  0%| F|  |TAMS 0x000000070b600000| PB 0x000000070b600000| Untracked |  0
|   2|0x000000070b800000, 0x000000070b800000, 0x000000070ba00000|  0%| F|  |TAMS 0x000000070b800000| PB 0x000000070b800000| Untracked |  0
|   3|0x000000070ba00000, 0x000000070ba00000, 0x000000070bc00000|  0%| F|  |TAMS 0x000000070ba00000| PB 0x000000070ba00000| Untracked |  0
|   4|0x000000070bc00000, 0x000000070bc00000, 0x000000070be00000|  0%| F|  |TAMS 0x000000070bc00000| PB 0x000000070bc00000| Untracked |  0
|   5|0x000000070be00000, 0x000000070be00000, 0x000000070c000000|  0%| F|  |TAMS 0x000000070be00000| PB 0x000000070be00000| Untracked |  0
|   6|0x000000070c000000, 0x000000070c000000, 0x000000070c200000|  0%| F|  |TAMS 0x000000070c000000| PB 0x000000070c000000| Untracked |  0
|   7|0x000000070c200000, 0x000000070c200000, 0x000000070c400000|  0%| F|  |TAMS 0x000000070c200000| PB 0x000000070c200000| Untracked |  0
|   8|0x000000070c400000, 0x000000070c400000, 0x000000070c600000|  0%| F|  |TAMS 0x000000070c400000| PB 0x000000070c400000| Untracked |  0
|   9|0x000000070c600000, 0x000000070c600000, 0x000000070c800000|  0%| F|  |TAMS 0x000000070c600000| PB 0x000000070c600000| Untracked |  0
|  10|0x000000070c800000, 0x000000070c989f00, 0x000000070ca00000| 76%| E|  |TAMS 0x000000070c800000| PB 0x000000070c800000| Complete |  0
|  11|0x000000070ca00000, 0x000000070cc00000, 0x000000070cc00000|100%| E|CS|TAMS 0x000000070ca00000| PB 0x000000070ca00000| Complete |  0
|  12|0x000000070cc00000, 0x000000070ce00000, 0x000000070ce00000|100%| E|CS|TAMS 0x000000070cc00000| PB 0x000000070cc00000| Complete |  0
|  13|0x000000070ce00000, 0x000000070d000000, 0x000000070d000000|100%| S|CS|TAMS 0x000000070ce00000| PB 0x000000070ce00000| Complete |  0
|  14|0x000000070d000000, 0x000000070d200000, 0x000000070d200000|100%| S|CS|TAMS 0x000000070d000000| PB 0x000000070d000000| Complete |  0
|  15|0x000000070d200000, 0x000000070d400000, 0x000000070d400000|100%| S|CS|TAMS 0x000000070d200000| PB 0x000000070d200000| Complete |  0
|  16|0x000000070d400000, 0x000000070d600000, 0x000000070d600000|100%| S|CS|TAMS 0x000000070d400000| PB 0x000000070d400000| Complete |  0
|  17|0x000000070d600000, 0x000000070d69eb68, 0x000000070d800000| 30%| S|CS|TAMS 0x000000070d600000| PB 0x000000070d600000| Complete |  0
|  87|0x0000000716200000, 0x0000000716400000, 0x0000000716400000|100%| E|CS|TAMS 0x0000000716200000| PB 0x0000000716200000| Complete |  0
|  88|0x0000000716400000, 0x0000000716600000, 0x0000000716600000|100%| E|CS|TAMS 0x0000000716400000| PB 0x0000000716400000| Complete |  0
|  89|0x0000000716600000, 0x0000000716800000, 0x0000000716800000|100%| E|CS|TAMS 0x0000000716600000| PB 0x0000000716600000| Complete |  0
|  90|0x0000000716800000, 0x0000000716a00000, 0x0000000716a00000|100%| E|CS|TAMS 0x0000000716800000| PB 0x0000000716800000| Complete |  0
|  91|0x0000000716a00000, 0x0000000716c00000, 0x0000000716c00000|100%| E|CS|TAMS 0x0000000716a00000| PB 0x0000000716a00000| Complete |  0
| 122|0x000000071a800000, 0x000000071aa00000, 0x000000071aa00000|100%| E|CS|TAMS 0x000000071a800000| PB 0x000000071a800000| Complete |  0
|1954|0x00000007ff800000, 0x00000007ff8d8d10, 0x00000007ffa00000| 42%| O|  |TAMS 0x00000007ff800000| PB 0x00000007ff800000| Untracked |  1
|1955|0x00000007ffa00000, 0x00000007ffc00000, 0x00000007ffc00000|100%| O|  |TAMS 0x00000007ffa00000| PB 0x00000007ffa00000| Untracked |  0
|1956|0x00000007ffc00000, 0x00000007ffe00000, 0x00000007ffe00000|100%| O|  |TAMS 0x00000007ffc00000| PB 0x00000007ffc00000| Untracked |  0
|1957|0x00000007ffe00000, 0x00000007fff1d248, 0x0000000800000000| 55%| O|Cm|TAMS 0x00000007ffe00000| PB 0x00000007ffe00000| Complete |  0

Card table byte_map: [0x000002a3a4080000,0x000002a3a4830000] _byte_map_base: 0x000002a3a0826000

Marking Bits: (CMBitMap*) 0x000002a38ba2ac80
 Bits: [0x000002a3a4830000, 0x000002a3a8560000)

Polling page: 0x000002a38b180000

Metaspace:

Usage:
  Non-class:     23.01 MB used.
      Class:      3.17 MB used.
       Both:     26.18 MB used.

Virtual space:
  Non-class space:       64.00 MB reserved,      23.19 MB ( 36%) committed,  1 nodes.
      Class space:        1.00 GB reserved,       3.31 MB ( <1%) committed,  1 nodes.
             Both:        1.06 GB reserved,      26.50 MB (  2%) committed. 

Chunk freelists:
   Non-Class:  8.39 MB
       Class:  12.72 MB
        Both:  21.11 MB

MaxMetaspaceSize: unlimited
CompressedClassSpaceSize: 1.00 GB
Initial GC threshold: 21.00 MB
Current GC threshold: 35.25 MB
CDS: on
 - commit_granule_bytes: 65536.
 - commit_granule_words: 8192.
 - virtual_space_node_default_size: 8388608.
 - enlarge_chunks_in_place: 1.
UseCompressedClassPointers 1, UseCompactObjectHeaders 0
Narrow klass pointer bits 32, Max shift 3
Narrow klass base: 0x000002a3ac000000, Narrow klass shift: 0
Encoding Range: [0x000002a3ac000000 - 0x000002a4ac000000), (4294967296 bytes)
Klass Range:    [0x000002a3ac000000 - 0x000002a3ed000000), (1090519040 bytes)
Klass ID Range:  [8 - 1090519033) (1090519025)


Internal statistics:

num_allocs_failed_limit: 3.
num_arena_births: 406.
num_arena_deaths: 0.
num_vsnodes_births: 2.
num_vsnodes_deaths: 0.
num_space_committed: 424.
num_space_uncommitted: 0.
num_chunks_returned_to_freelist: 3.
num_chunks_taken_from_freelist: 1163.
num_chunk_merges: 3.
num_chunk_splits: 808.
num_chunks_enlarged: 609.
num_inconsistent_stats: 0.

CodeHeap 'non-profiled nmethods': size=120064Kb used=1548Kb max_used=1548Kb free=118515Kb
 bounds [0x000002a39bd20000, 0x000002a39bf90000, 0x000002a3a3260000]
CodeHeap 'profiled nmethods': size=120000Kb used=6672Kb max_used=6672Kb free=113327Kb
 bounds [0x000002a394260000, 0x000002a3948f0000, 0x000002a39b790000]
CodeHeap 'non-nmethods': size=5696Kb used=1716Kb max_used=1814Kb free=3979Kb
 bounds [0x000002a39b790000, 0x000002a39ba00000, 0x000002a39bd20000]
CodeCache: size=245760Kb, used=9936Kb, max_used=10034Kb, free=235821Kb
 total_blobs=5070, nmethods=4190, adapters=783, full_count=0
Compilation: enabled, stopped_count=0, restarted_count=0

Compilation events (20 events):
Event: 4.963 Thread 0x000002a3ab26df50 4180       4       java.nio.Buffer::hasRemaining (17 bytes)
Event: 4.963 Thread 0x000002a3fac17f80 4181       4       java.lang.StringBuilder::length (5 bytes)
Event: 4.963 Thread 0x000002a3ab27ac30 4182       3       java.lang.invoke.VarHandleGuards::guard_LLL_Z (86 bytes)
Event: 4.964 Thread 0x000002a3fac17f80 nmethod 4181 0x000002a39bea2988 code [0x000002a39bea2a80, 0x000002a39bea2af8]
Event: 4.964 Thread 0x000002a3ab26df50 nmethod 4180 0x000002a39bea2c88 code [0x000002a39bea2d80, 0x000002a39bea2e08]
Event: 4.964 Thread 0x000002a3ab27ac30 nmethod 4182 0x000002a3948de608 code [0x000002a3948de8c0, 0x000002a3948e05f8]
Event: 4.964 Thread 0x000002a3ab27ac30 4184       3       jdk.internal.misc.Unsafe::getAndAddLong (27 bytes)
Event: 4.965 Thread 0x000002a3ab27ac30 nmethod 4184 0x000002a3948e0688 code [0x000002a3948e07a0, 0x000002a3948e0a50]
Event: 4.965 Thread 0x000002a3ab27ac30 4183       3       jdk.internal.misc.Unsafe::weakCompareAndSetLong (11 bytes)
Event: 4.965 Thread 0x000002a3ab27ac30 nmethod 4183 0x000002a3948e0a88 code [0x000002a3948e0ba0, 0x000002a3948e0cc8]
Event: 7.147 Thread 0x000002a3ab27ac30 4187       3       javafx.scene.Scene::getCamera (22 bytes)
Event: 7.147 Thread 0x000002a3ab27ac30 nmethod 4187 0x000002a3948e0d88 code [0x000002a3948e0ec0, 0x000002a3948e1310]
Event: 7.147 Thread 0x000002a3ab27ac30 4188       3       javafx.scene.Node::hasMirroring (40 bytes)
Event: 7.147 Thread 0x000002a3ab27ac30 nmethod 4188 0x000002a3948e1388 code [0x000002a3948e14e0, 0x000002a3948e1b80]
Event: 7.147 Thread 0x000002a3ab27ac30 4189       3       javafx.scene.Scene$MouseHandler::updateCursorFrame (61 bytes)
Event: 7.148 Thread 0x000002a3ab27ac30 nmethod 4189 0x000002a3948e1c08 code [0x000002a3948e1e20, 0x000002a3948e2d70]
Event: 7.148 Thread 0x000002a3ab27ac30 4186       3       javafx.scene.input.PickResult::<init> (53 bytes)
Event: 7.148 Thread 0x000002a3ab27ac30 nmethod 4186 0x000002a3948e2e88 code [0x000002a3948e3000, 0x000002a3948e3758]
Event: 8.181 Thread 0x000002a3ab27ac30 4190       3       jdk.internal.loader.NativeLibraries::find (70 bytes)
Event: 8.181 Thread 0x000002a3ab27ac30 nmethod 4190 0x000002a3948e3808 code [0x000002a3948e39c0, 0x000002a3948e41a8]

GC Heap History (6 events):
Event: 0.633 GC heap before
{Heap before GC invocations=0 (full 0):
 garbage-first heap   total reserved 4009984K, committed 253952K, used 48244K [0x000000070b400000, 0x0000000800000000)
  region size 2048K, 24 young (49152K), 0 survivors (0K)
 Metaspace       used 8737K, committed 8896K, reserved 1114112K
  class space    used 880K, committed 960K, reserved 1048576K
}
Event: 0.636 GC heap after
{Heap after GC invocations=1 (full 0):
 garbage-first heap   total reserved 4009984K, committed 253952K, used 6222K [0x000000070b400000, 0x0000000800000000)
  region size 2048K, 3 young (6144K), 3 survivors (6144K)
 Metaspace       used 8737K, committed 8896K, reserved 1114112K
  class space    used 880K, committed 960K, reserved 1048576K
}
Event: 1.215 GC heap before
{Heap before GC invocations=1 (full 0):
 garbage-first heap   total reserved 4009984K, committed 253952K, used 59470K [0x000000070b400000, 0x0000000800000000)
  region size 2048K, 31 young (63488K), 3 survivors (6144K)
 Metaspace       used 21254K, committed 21504K, reserved 1114112K
  class space    used 2392K, committed 2496K, reserved 1048576K
}
Event: 1.220 GC heap after
{Heap after GC invocations=2 (full 0):
 garbage-first heap   total reserved 4009984K, committed 253952K, used 11160K [0x000000070b400000, 0x0000000800000000)
  region size 2048K, 5 young (10240K), 5 survivors (10240K)
 Metaspace       used 21254K, committed 21504K, reserved 1114112K
  class space    used 2392K, committed 2496K, reserved 1048576K
}
Event: 1.497 GC heap before
{Heap before GC invocations=3 (full 0):
 garbage-first heap   total reserved 4009984K, committed 40960K, used 39832K [0x000000070b400000, 0x0000000800000000)
  region size 2048K, 19 young (38912K), 5 survivors (10240K)
 Metaspace       used 24113K, committed 24512K, reserved 1114112K
  class space    used 2945K, committed 3136K, reserved 1048576K
}
Event: 1.503 GC heap after
{Heap after GC invocations=4 (full 0):
 garbage-first heap   total reserved 4009984K, committed 57344K, used 14930K [0x000000070b400000, 0x0000000800000000)
  region size 2048K, 5 young (10240K), 5 survivors (10240K)
 Metaspace       used 24113K, committed 24512K, reserved 1114112K
  class space    used 2945K, committed 3136K, reserved 1048576K
}

Dll operation events (20 events):
Event: 0.333 Loaded shared library C:\Users\danielcc\.openjfx\cache\17.0.6\api-ms-win-crt-math-l1-1-0.dll
Event: 0.335 Loaded shared library C:\Users\danielcc\.openjfx\cache\17.0.6\api-ms-win-crt-multibyte-l1-1-0.dll
Event: 0.337 Loaded shared library C:\Users\danielcc\.openjfx\cache\17.0.6\api-ms-win-crt-private-l1-1-0.dll
Event: 0.339 Loaded shared library C:\Users\danielcc\.openjfx\cache\17.0.6\api-ms-win-crt-process-l1-1-0.dll
Event: 0.341 Loaded shared library C:\Users\danielcc\.openjfx\cache\17.0.6\api-ms-win-crt-runtime-l1-1-0.dll
Event: 0.343 Loaded shared library C:\Users\danielcc\.openjfx\cache\17.0.6\api-ms-win-crt-stdio-l1-1-0.dll
Event: 0.345 Loaded shared library C:\Users\danielcc\.openjfx\cache\17.0.6\api-ms-win-crt-string-l1-1-0.dll
Event: 0.347 Loaded shared library C:\Users\danielcc\.openjfx\cache\17.0.6\api-ms-win-crt-time-l1-1-0.dll
Event: 0.349 Loaded shared library C:\Users\danielcc\.openjfx\cache\17.0.6\api-ms-win-crt-utility-l1-1-0.dll
Event: 0.359 Loaded shared library C:\Users\danielcc\.openjfx\cache\17.0.6\ucrtbase.dll
Event: 0.361 Loaded shared library C:\Users\danielcc\.openjfx\cache\17.0.6\vcruntime140.dll
Event: 0.363 Loaded shared library C:\Users\danielcc\.openjfx\cache\17.0.6\vcruntime140_1.dll
Event: 0.369 Loaded shared library C:\Users\danielcc\.openjfx\cache\17.0.6\msvcp140.dll
Event: 0.371 Loaded shared library C:\Users\danielcc\.openjfx\cache\17.0.6\msvcp140_1.dll
Event: 0.374 Loaded shared library C:\Users\danielcc\.openjfx\cache\17.0.6\msvcp140_2.dll
Event: 0.397 Loaded shared library C:\Users\danielcc\.openjfx\cache\17.0.6\prism_d3d.dll
Event: 0.428 Loaded shared library C:\Users\danielcc\.openjfx\cache\17.0.6\glass.dll
Event: 0.495 Loaded shared library C:\Program Files\Java\jdk-24\bin\jimage.dll
Event: 0.605 Loaded shared library C:\Users\danielcc\.openjfx\cache\17.0.6\javafx_font.dll
Event: 0.889 Loaded shared library C:\Program Files\Java\jdk-24\bin\sunmscapi.dll

Deoptimization events (20 events):
Event: 3.709 Thread 0x000002a3abe6df70 DEOPT PACKING pc=0x000002a39be32054 sp=0x000000d94fafc420
Event: 3.709 Thread 0x000002a3abe6df70 DEOPT UNPACKING pc=0x000002a39b8a4102 sp=0x000000d94fafc3f8 mode 2
Event: 3.709 Thread 0x000002a3abe6df70 Uncommon trap: trap_request=0xffffffd6 fr.pc=0x000002a39be22c0c relative=0x000000000000256c
Event: 3.709 Thread 0x000002a3abe6df70 Uncommon trap: reason=array_check action=maybe_recompile pc=0x000002a39be22c0c method=javafx.css.SimpleSelector.applies(Ljavafx/css/Styleable;[Ljava/util/Set;I)Z @ 37 c2
Event: 3.709 Thread 0x000002a3abe6df70 DEOPT PACKING pc=0x000002a39be22c0c sp=0x000000d94fafc340
Event: 3.709 Thread 0x000002a3abe6df70 DEOPT UNPACKING pc=0x000002a39b8a4102 sp=0x000000d94fafc2e0 mode 2
Event: 3.710 Thread 0x000002a3abe6df70 DEOPT PACKING pc=0x000002a3944d98fc sp=0x000000d94fafc580
Event: 3.710 Thread 0x000002a3abe6df70 DEOPT UNPACKING pc=0x000002a39b7e5722 sp=0x000000d94fafb9e8 mode 0
Event: 3.719 Thread 0x000002a3abe6df70 Uncommon trap: trap_request=0xffffff4d fr.pc=0x000002a39be7f9e8 relative=0x0000000000005648
Event: 3.719 Thread 0x000002a3abe6df70 Uncommon trap: reason=unstable_if action=reinterpret pc=0x000002a39be7f9e8 method=javafx.scene.CssStyleHelper.getStyle(Ljavafx/css/Styleable;Ljava/lang/String;Lcom/sun/javafx/css/StyleMap;Ljava/util/Set;)Lcom/sun/javafx/css/CascadingStyle; @ 1 c2
Event: 3.719 Thread 0x000002a3abe6df70 DEOPT PACKING pc=0x000002a39be7f9e8 sp=0x000000d94fafc0d0
Event: 3.719 Thread 0x000002a3abe6df70 DEOPT UNPACKING pc=0x000002a39b8a4102 sp=0x000000d94fafc0c0 mode 2
Event: 3.724 Thread 0x000002a3abe6df70 Uncommon trap: trap_request=0xffffff4d fr.pc=0x000002a39bdff868 relative=0x0000000000000c08
Event: 3.724 Thread 0x000002a3abe6df70 Uncommon trap: reason=unstable_if action=reinterpret pc=0x000002a39bdff868 method=java.util.concurrent.ConcurrentHashMap.putVal(Ljava/lang/Object;Ljava/lang/Object;Z)Ljava/lang/Object; @ 231 c2
Event: 3.724 Thread 0x000002a3abe6df70 DEOPT PACKING pc=0x000002a39bdff868 sp=0x000000d94fafb5b0
Event: 3.724 Thread 0x000002a3abe6df70 DEOPT UNPACKING pc=0x000002a39b8a4102 sp=0x000000d94fafb510 mode 2
Event: 4.474 Thread 0x000002a3ab2660d0 DEOPT PACKING pc=0x000002a3947cbbe3 sp=0x000000d94f6fda10
Event: 4.474 Thread 0x000002a3ab2660d0 DEOPT UNPACKING pc=0x000002a39b7e5722 sp=0x000000d94f6fce08 mode 0
Event: 4.816 Thread 0x000002a3abe6df70 DEOPT PACKING pc=0x000002a394310099 sp=0x000000d94fafa2b0
Event: 4.816 Thread 0x000002a3abe6df70 DEOPT UNPACKING pc=0x000002a39b7e5722 sp=0x000000d94faf9728 mode 0

Classes loaded (20 events):
Event: 4.894 Loading class java/util/stream/LongStream done
Event: 4.894 Loading class java/util/stream/LongPipeline done
Event: 4.894 Loading class java/util/stream/LongPipeline$StatelessOp done
Event: 4.894 Loading class java/util/stream/ReferencePipeline$5 done
Event: 4.894 Loading class java/util/stream/FindOps$FindSink$OfLong
Event: 4.894 Loading class java/util/stream/Sink$OfLong
Event: 4.894 Loading class java/util/stream/Sink$OfLong done
Event: 4.894 Loading class java/util/stream/FindOps$FindSink$OfLong done
Event: 4.894 Loading class java/util/OptionalLong
Event: 4.894 Loading class java/util/OptionalLong done
Event: 4.895 Loading class java/util/stream/ReferencePipeline$5$1
Event: 4.895 Loading class java/util/stream/ReferencePipeline$5$1 done
Event: 4.895 Loading class java/lang/invoke/VarHandleBytes$FieldInstanceReadWrite
Event: 4.895 Loading class java/lang/invoke/VarHandleBytes$FieldInstanceReadOnly
Event: 4.895 Loading class java/lang/invoke/VarHandleBytes$FieldInstanceReadOnly done
Event: 4.895 Loading class java/lang/invoke/VarHandleBytes$FieldInstanceReadWrite done
Event: 4.964 Loading class java/util/LinkedList$DescendingIterator
Event: 4.964 Loading class java/util/LinkedList$DescendingIterator done
Event: 8.180 Loading class jdk/internal/misc/Signal$1
Event: 8.180 Loading class jdk/internal/misc/Signal$1 done

Classes unloaded (0 events):
No events

Classes redefined (0 events):
No events

Internal exceptions (20 events):
Event: 1.414 Thread 0x000002a3abe6df70 Exception <a 'java/lang/NoSuchMethodError'{0x000000070bacf848}: 'int java.lang.invoke.DirectMethodHandle$Holder.invokeSpecial(java.lang.Object, java.lang.Object, int)'> (0x000000070bacf848) 
thrown [s\open\src\hotspot\share\interpreter\linkResolver.cpp, line 805]
Event: 1.419 Thread 0x000002a3abe6df70 Exception <a 'java/lang/NoSuchMethodError'{0x000000070bb0d3d8}: 'void java.lang.invoke.DirectMethodHandle$Holder.invokeSpecial(java.lang.Object, java.lang.Object, int, int)'> (0x000000070bb0d3d8) 
thrown [s\open\src\hotspot\share\interpreter\linkResolver.cpp, line 805]
Event: 1.420 Thread 0x000002a3abe6df70 Exception <a 'java/lang/NoSuchMethodError'{0x000000070bb1c9a8}: 'java.lang.Object java.lang.invoke.DirectMethodHandle$Holder.newInvokeSpecial(java.lang.Object, java.lang.Object, int, int)'> (0x000000070bb1c9a8) 
thrown [s\open\src\hotspot\share\interpreter\linkResolver.cpp, line 805]
Event: 1.458 Thread 0x000002a3abe6df70 Exception <a 'java/lang/NoSuchMethodError'{0x000000070b673ee8}: 'long java.lang.invoke.DelegatingMethodHandle$Holder.reinvoke_L(java.lang.Object, java.lang.Object)'> (0x000000070b673ee8) 
thrown [s\open\src\hotspot\share\interpreter\linkResolver.cpp, line 805]
Event: 1.459 Thread 0x000002a3abe6df70 Exception <a 'java/lang/NoSuchMethodError'{0x000000070b68c350}: 'void java.lang.invoke.DelegatingMethodHandle$Holder.reinvoke_L(java.lang.Object, java.lang.Object, long)'> (0x000000070b68c350) 
thrown [s\open\src\hotspot\share\interpreter\linkResolver.cpp, line 805]
Event: 1.504 Thread 0x000002a3abe6df70 Exception <a 'java/lang/NoSuchMethodError'{0x0000000716a1c2d0}: 'long java.lang.invoke.DirectMethodHandle$Holder.invokeStatic(java.lang.Object, java.lang.Object, java.lang.Object)'> (0x0000000716a1c2d0) 
thrown [s\open\src\hotspot\share\interpreter\linkResolver.cpp, line 805]
Event: 1.505 Thread 0x000002a3abe6df70 Exception <a 'java/lang/NoSuchMethodError'{0x0000000716a24130}: 'long java.lang.invoke.DirectMethodHandle$Holder.invokeStaticInit(java.lang.Object, java.lang.Object, java.lang.Object)'> (0x0000000716a24130) 
thrown [s\open\src\hotspot\share\interpreter\linkResolver.cpp, line 805]
Event: 1.507 Thread 0x000002a3abe6df70 Exception <a 'java/lang/NoSuchMethodError'{0x0000000716a6e7d8}: 'java.lang.Object java.lang.invoke.DirectMethodHandle$Holder.newInvokeSpecial(java.lang.Object, java.lang.Object, long)'> (0x0000000716a6e7d8) 
thrown [s\open\src\hotspot\share\interpreter\linkResolver.cpp, line 805]
Event: 1.507 Thread 0x000002a3abe6df70 Exception <a 'java/lang/NoSuchMethodError'{0x0000000716a76970}: 'java.lang.Object java.lang.invoke.Invokers$Holder.linkToTargetMethod(java.lang.Object, long, java.lang.Object)'> (0x0000000716a76970) 
thrown [s\open\src\hotspot\share\interpreter\linkResolver.cpp, line 805]
Event: 3.708 Thread 0x000002a3abe6df70 Exception <a 'java/lang/NoSuchMethodError'{0x0000000716206cc0}: 'java.lang.Object java.lang.invoke.DirectMethodHandle$Holder.newInvokeSpecial(java.lang.Object, java.lang.Object, java.lang.Object, int)'> (0x0000000716206cc0) 
thrown [s\open\src\hotspot\share\interpreter\linkResolver.cpp, line 805]
Event: 3.709 Thread 0x000002a3abe6df70 Exception <a 'java/lang/NoSuchMethodError'{0x000000071620f1b0}: 'java.lang.Object java.lang.invoke.Invokers$Holder.linkToTargetMethod(java.lang.Object, java.lang.Object, int, java.lang.Object)'> (0x000000071620f1b0) 
thrown [s\open\src\hotspot\share\interpreter\linkResolver.cpp, line 805]
Event: 3.719 Thread 0x000002a3abe6df70 Implicit null exception at 0x000002a39be7a3dd to 0x000002a39be7f9d4
Event: 4.707 Thread 0x000002a3abe6df70 Exception <a 'java/lang/NoSuchMethodError'{0x00000007162f28a8}: 'java.lang.Object java.lang.invoke.DirectMethodHandle$Holder.newInvokeSpecial(java.lang.Object, java.lang.Object, int, int, int, int, int, java.lang.Object)'> (0x00000007162f28a8) 
thrown [s\open\src\hotspot\share\interpreter\linkResolver.cpp, line 805]
Event: 4.708 Thread 0x000002a3abe6df70 Exception <a 'java/lang/NoSuchMethodError'{0x000000071634dc88}: 'java.lang.Object java.lang.invoke.DirectMethodHandle$Holder.newInvokeSpecial(java.lang.Object, java.lang.Object, java.lang.Object, int, int, int, int, int)'> (0x000000071634dc88) 
thrown [s\open\src\hotspot\share\interpreter\linkResolver.cpp, line 805]
Event: 4.709 Thread 0x000002a3abe6df70 Exception <a 'java/lang/NoSuchMethodError'{0x000000071635e4f0}: 'java.lang.Object java.lang.invoke.Invokers$Holder.linkToTargetMethod(java.lang.Object, java.lang.Object, int, int, int, int, int, java.lang.Object)'> (0x000000071635e4f0) 
thrown [s\open\src\hotspot\share\interpreter\linkResolver.cpp, line 805]
Event: 4.804 Thread 0x000002a3abe6d0d0 Exception <a 'java/lang/NoSuchMethodError'{0x000000070cd42290}: 'java.lang.Object java.lang.invoke.DirectMethodHandle$Holder.invokeSpecial(java.lang.Object, java.lang.Object, java.lang.Object, java.lang.Object, java.lang.Object, int)'> (0x000000070cd42290) 
thrown [s\open\src\hotspot\share\interpreter\linkResolver.cpp, line 805]
Event: 4.821 Thread 0x000002a3abe6d0d0 Exception <a 'java/lang/NoSuchMethodError'{0x000000070ca2e270}: 'long java.lang.invoke.DirectMethodHandle$Holder.invokeStatic(java.lang.Object, long, long)'> (0x000000070ca2e270) 
thrown [s\open\src\hotspot\share\interpreter\linkResolver.cpp, line 805]
Event: 4.824 Thread 0x000002a3abe6d820 Exception <a 'java/lang/NoSuchMethodError'{0x0000000716308ae8}: 'int java.lang.invoke.DirectMethodHandle$Holder.invokeStatic(java.lang.Object, int, java.lang.Object)'> (0x0000000716308ae8) 
thrown [s\open\src\hotspot\share\interpreter\linkResolver.cpp, line 805]
Event: 4.825 Thread 0x000002a3abe6d820 Exception <a 'java/lang/NoSuchMethodError'{0x000000071631f7b0}: 'void java.lang.invoke.DirectMethodHandle$Holder.invokeStatic(java.lang.Object, java.lang.Object, int)'> (0x000000071631f7b0) 
thrown [s\open\src\hotspot\share\interpreter\linkResolver.cpp, line 805]
Event: 4.898 Thread 0x000002a3abe72140 Exception <a 'java/lang/NoSuchMethodError'{0x000000070cba21d0}: 'void java.lang.invoke.DirectMethodHandle$Holder.invokeSpecial(java.lang.Object, java.lang.Object, java.lang.Object, java.lang.Object, java.lang.Object, java.lang.Object, java.lang.Object)'> (0x000000070cba21d0) 
thrown [s\open\src\hotspot\share\interpreter\linkResolver.cpp, line 805]

VM Operations (20 events):
Event: 0.970 Executing VM operation: HandshakeAllThreads (Deoptimize) done
Event: 0.981 Executing VM operation: HandshakeAllThreads (Deoptimize)
Event: 0.981 Executing VM operation: HandshakeAllThreads (Deoptimize) done
Event: 1.004 Executing VM operation: HandshakeAllThreads (Deoptimize)
Event: 1.004 Executing VM operation: HandshakeAllThreads (Deoptimize) done
Event: 1.215 Executing VM operation: CollectForMetadataAllocation (Metadata GC Threshold)
Event: 1.220 Executing VM operation: CollectForMetadataAllocation (Metadata GC Threshold) done
Event: 1.222 Executing VM operation: G1PauseRemark
Event: 1.223 Executing VM operation: G1PauseRemark done
Event: 1.224 Executing VM operation: G1PauseCleanup
Event: 1.224 Executing VM operation: G1PauseCleanup done
Event: 1.448 Executing VM operation: HandshakeAllThreads (Deoptimize)
Event: 1.448 Executing VM operation: HandshakeAllThreads (Deoptimize) done
Event: 1.497 Executing VM operation: G1CollectForAllocation (G1 Evacuation Pause)
Event: 1.503 Executing VM operation: G1CollectForAllocation (G1 Evacuation Pause) done
Event: 4.891 Executing VM operation: HandshakeAllThreads (Deoptimize)
Event: 4.891 Executing VM operation: HandshakeAllThreads (Deoptimize) done
Event: 4.892 Executing VM operation: HandshakeAllThreads (Deoptimize)
Event: 4.892 Executing VM operation: HandshakeAllThreads (Deoptimize) done
Event: 8.181 Executing VM operation: Exit

Memory protections (0 events):
No events

Nmethod flushes (0 events):
No events

Events (20 events):
Event: 2.221 Thread 0x000002a3ab27ac30 Thread added: 0x000002a3f1ae52a0
Event: 2.411 Thread 0x000002a3ab27ac30 Thread added: 0x000002a3fb4eadb0
Event: 2.570 Thread 0x000002a3fb4eadb0 Thread exited: 0x000002a3fb4eadb0
Event: 2.731 Thread 0x000002a3f1ae52a0 Thread exited: 0x000002a3f1ae52a0
Event: 3.627 Thread 0x000002a3ab27ac30 Thread added: 0x000002a3f1ae52a0
Event: 3.898 Thread 0x000002a3f1ae52a0 Thread exited: 0x000002a3f1ae52a0
Event: 4.800 Thread 0x000002a3abe6df70 Thread added: 0x000002a3abe6d0d0
Event: 4.802 Thread 0x000002a3abe6df70 Thread added: 0x000002a3abe70b50
Event: 4.817 Thread 0x000002a3ab27ac30 Thread added: 0x000002a3fac17f80
Event: 4.826 Thread 0x000002a3abe6d820 Thread added: 0x000002a3abe72140
Event: 4.827 Thread 0x000002a3abe6d820 Thread added: 0x000002a3abe712a0
Event: 4.901 Thread 0x000002a3abe72140 Thread added: 0x000002a3abe719f0
Event: 7.147 Thread 0x000002a3fac17f80 Thread exited: 0x000002a3fac17f80
Event: 8.180 Thread 0x000002a3ab264230 Thread added: 0x000002a3f1af00a0
Event: 8.180 Thread 0x000002a3f1af00a0 Thread added: 0x000002a3f1aef950
Event: 8.180 Thread 0x000002a3f1af00a0 Thread added: 0x000002a3f1aee360
Event: 8.181 Thread 0x000002a3f1aef950 Thread exited: 0x000002a3f1aef950
Event: 8.181 Thread 0x000002a3f1aee360 Thread exited: 0x000002a3f1aee360
Event: 8.181 Thread 0x000002a3f1af00a0 Before exit entered
Event: 8.181 Thread 0x000002a3ab264230 Thread exited: 0x000002a3ab264230


Dynamic libraries:
0x00007ff7a9360000 - 0x00007ff7a9370000 	C:\Program Files\Java\jdk-24\bin\java.exe
0x00007ff8b63a0000 - 0x00007ff8b6609000 	C:\Windows\SYSTEM32\ntdll.dll
0x00007ff8b49f0000 - 0x00007ff8b4ab9000 	C:\Windows\System32\KERNEL32.DLL
0x00007ff8b38c0000 - 0x00007ff8b3cb3000 	C:\Windows\System32\KERNELBASE.dll
0x00007ff8b3ff0000 - 0x00007ff8b413b000 	C:\Windows\System32\ucrtbase.dll
0x00007ff897cb0000 - 0x00007ff897cc6000 	C:\Program Files\Java\jdk-24\bin\jli.dll
0x00007ff897be0000 - 0x00007ff897bfb000 	C:\Program Files\Java\jdk-24\bin\VCRUNTIME140.dll
0x00007ff8b42e0000 - 0x00007ff8b44a4000 	C:\Windows\System32\USER32.dll
0x00007ff8a2760000 - 0x00007ff8a29f3000 	C:\Windows\WinSxS\amd64_microsoft.windows.common-controls_6595b64144ccf1df_6.0.26100.5074_none_3e0d6f78e32fd63f\COMCTL32.dll
0x00007ff8b4140000 - 0x00007ff8b4167000 	C:\Windows\System32\win32u.dll
0x00007ff8b5370000 - 0x00007ff8b5419000 	C:\Windows\System32\msvcrt.dll
0x00007ff8b4bf0000 - 0x00007ff8b4c1b000 	C:\Windows\System32\GDI32.dll
0x00007ff8b3cc0000 - 0x00007ff8b3ded000 	C:\Windows\System32\gdi32full.dll
0x00007ff8b3750000 - 0x00007ff8b37f3000 	C:\Windows\System32\msvcp_win.dll
0x00007ff8b42a0000 - 0x00007ff8b42cf000 	C:\Windows\System32\IMM32.DLL
0x00007ff8a6ec0000 - 0x00007ff8a6ecc000 	C:\Program Files\Java\jdk-24\bin\vcruntime140_1.dll
0x00007ff8965b0000 - 0x00007ff89663e000 	C:\Program Files\Java\jdk-24\bin\msvcp140.dll
0x00007ff843340000 - 0x00007ff8440e1000 	C:\Program Files\Java\jdk-24\bin\server\jvm.dll
0x00007ff8b57c0000 - 0x00007ff8b5874000 	C:\Windows\System32\ADVAPI32.dll
0x00007ff8b4b40000 - 0x00007ff8b4be6000 	C:\Windows\System32\sechost.dll
0x00007ff8b4170000 - 0x00007ff8b4288000 	C:\Windows\System32\RPCRT4.dll
0x00007ff8b5470000 - 0x00007ff8b54e4000 	C:\Windows\System32\WS2_32.dll
0x00007ff8b32e0000 - 0x00007ff8b333e000 	C:\Windows\SYSTEM32\POWRPROF.dll
0x00007ff8ab420000 - 0x00007ff8ab455000 	C:\Windows\SYSTEM32\WINMM.dll
0x00007ff8abc60000 - 0x00007ff8abc6b000 	C:\Windows\SYSTEM32\VERSION.dll
0x00007ff8b32c0000 - 0x00007ff8b32d4000 	C:\Windows\SYSTEM32\UMPDC.dll
0x00007ff8b21d0000 - 0x00007ff8b21eb000 	C:\Windows\SYSTEM32\kernel.appcore.dll
0x00007ff8a6b80000 - 0x00007ff8a6b8a000 	C:\Program Files\Java\jdk-24\bin\jimage.dll
0x00007ff8ac4c0000 - 0x00007ff8ac702000 	C:\Windows\SYSTEM32\DBGHELP.DLL
0x00007ff8b44c0000 - 0x00007ff8b483b000 	C:\Windows\System32\combase.dll
0x00007ff8b56e0000 - 0x00007ff8b57b7000 	C:\Windows\System32\OLEAUT32.dll
0x00007ff8a8030000 - 0x00007ff8a806d000 	C:\Windows\SYSTEM32\dbgcore.DLL
0x00007ff8b36b0000 - 0x00007ff8b3749000 	C:\Windows\System32\bcryptPrimitives.dll
0x00007ff8b0020000 - 0x00007ff8b002f000 	C:\Program Files\Java\jdk-24\bin\instrument.dll
0x00007ff897bc0000 - 0x00007ff897bde000 	C:\Program Files\Java\jdk-24\bin\java.dll
0x00007ff8b6130000 - 0x00007ff8b62c8000 	C:\Windows\System32\ole32.dll
0x00007ff8b4c20000 - 0x00007ff8b536d000 	C:\Windows\System32\SHELL32.dll
0x00007ff8b3e80000 - 0x00007ff8b3fec000 	C:\Windows\System32\wintypes.dll
0x00007ff8b0fb0000 - 0x00007ff8b1809000 	C:\Windows\SYSTEM32\windows.storage.dll
0x00007ff8b55e0000 - 0x00007ff8b56d0000 	C:\Windows\System32\SHCORE.dll
0x00007ff8b4880000 - 0x00007ff8b48e2000 	C:\Windows\System32\shlwapi.dll
0x00007ff8b3450000 - 0x00007ff8b3479000 	C:\Windows\SYSTEM32\profapi.dll
0x00007ff887740000 - 0x00007ff887817000 	C:\Program Files\Java\jdk-24\bin\jsvml.dll
0x00007ff8a57e0000 - 0x00007ff8a57f0000 	C:\Program Files\Java\jdk-24\bin\net.dll
0x00007ff8b2830000 - 0x00007ff8b289b000 	C:\Windows\system32\mswsock.dll
0x00007ff897ba0000 - 0x00007ff897bb6000 	C:\Program Files\Java\jdk-24\bin\nio.dll
0x00007ff897920000 - 0x00007ff897937000 	C:\Program Files\Java\jdk-24\bin\zip.dll
0x000002a38b960000 - 0x000002a38b963000 	C:\Users\danielcc\.openjfx\cache\17.0.6\api-ms-win-core-console-l1-1-0.dll
0x000002a38b970000 - 0x000002a38b973000 	C:\Users\danielcc\.openjfx\cache\17.0.6\api-ms-win-core-console-l1-2-0.dll
0x000002a3abea0000 - 0x000002a3abea3000 	C:\Users\danielcc\.openjfx\cache\17.0.6\api-ms-win-core-datetime-l1-1-0.dll
0x000002a3abeb0000 - 0x000002a3abeb3000 	C:\Users\danielcc\.openjfx\cache\17.0.6\api-ms-win-core-debug-l1-1-0.dll
0x000002a3abec0000 - 0x000002a3abec3000 	C:\Users\danielcc\.openjfx\cache\17.0.6\api-ms-win-core-errorhandling-l1-1-0.dll
0x000002a3abed0000 - 0x000002a3abed4000 	C:\Users\danielcc\.openjfx\cache\17.0.6\api-ms-win-core-file-l1-1-0.dll
0x000002a3abee0000 - 0x000002a3abee3000 	C:\Users\danielcc\.openjfx\cache\17.0.6\api-ms-win-core-file-l1-2-0.dll
0x000002a3abef0000 - 0x000002a3abef3000 	C:\Users\danielcc\.openjfx\cache\17.0.6\api-ms-win-core-file-l2-1-0.dll
0x000002a3abf00000 - 0x000002a3abf03000 	C:\Users\danielcc\.openjfx\cache\17.0.6\api-ms-win-core-handle-l1-1-0.dll
0x000002a3abf10000 - 0x000002a3abf13000 	C:\Users\danielcc\.openjfx\cache\17.0.6\api-ms-win-core-heap-l1-1-0.dll
0x000002a3abf20000 - 0x000002a3abf23000 	C:\Users\danielcc\.openjfx\cache\17.0.6\api-ms-win-core-interlocked-l1-1-0.dll
0x000002a3abf30000 - 0x000002a3abf33000 	C:\Users\danielcc\.openjfx\cache\17.0.6\api-ms-win-core-libraryloader-l1-1-0.dll
0x000002a3abf40000 - 0x000002a3abf43000 	C:\Users\danielcc\.openjfx\cache\17.0.6\api-ms-win-core-localization-l1-2-0.dll
0x000002a3abf50000 - 0x000002a3abf53000 	C:\Users\danielcc\.openjfx\cache\17.0.6\api-ms-win-core-memory-l1-1-0.dll
0x000002a3abf60000 - 0x000002a3abf63000 	C:\Users\danielcc\.openjfx\cache\17.0.6\api-ms-win-core-namedpipe-l1-1-0.dll
0x000002a3abf70000 - 0x000002a3abf73000 	C:\Users\danielcc\.openjfx\cache\17.0.6\api-ms-win-core-processenvironment-l1-1-0.dll
0x000002a3abf80000 - 0x000002a3abf83000 	C:\Users\danielcc\.openjfx\cache\17.0.6\api-ms-win-core-processthreads-l1-1-0.dll
0x000002a3abf90000 - 0x000002a3abf93000 	C:\Users\danielcc\.openjfx\cache\17.0.6\api-ms-win-core-processthreads-l1-1-1.dll
0x000002a3abfa0000 - 0x000002a3abfa3000 	C:\Users\danielcc\.openjfx\cache\17.0.6\api-ms-win-core-profile-l1-1-0.dll
0x000002a3abfb0000 - 0x000002a3abfb3000 	C:\Users\danielcc\.openjfx\cache\17.0.6\api-ms-win-core-rtlsupport-l1-1-0.dll
0x000002a3abfc0000 - 0x000002a3abfc3000 	C:\Users\danielcc\.openjfx\cache\17.0.6\api-ms-win-core-string-l1-1-0.dll
0x000002a3abfd0000 - 0x000002a3abfd3000 	C:\Users\danielcc\.openjfx\cache\17.0.6\api-ms-win-core-synch-l1-1-0.dll
0x000002a3abfe0000 - 0x000002a3abfe3000 	C:\Users\danielcc\.openjfx\cache\17.0.6\api-ms-win-core-synch-l1-2-0.dll
0x000002a3abff0000 - 0x000002a3abff3000 	C:\Users\danielcc\.openjfx\cache\17.0.6\api-ms-win-core-sysinfo-l1-1-0.dll
0x000002a3f1fd0000 - 0x000002a3f1fd3000 	C:\Users\danielcc\.openjfx\cache\17.0.6\api-ms-win-core-timezone-l1-1-0.dll
0x000002a3f1fe0000 - 0x000002a3f1fe3000 	C:\Users\danielcc\.openjfx\cache\17.0.6\api-ms-win-core-util-l1-1-0.dll
0x000002a3f1ff0000 - 0x000002a3f1ff3000 	C:\Users\danielcc\.openjfx\cache\17.0.6\api-ms-win-crt-conio-l1-1-0.dll
0x000002a3f2000000 - 0x000002a3f2004000 	C:\Users\danielcc\.openjfx\cache\17.0.6\api-ms-win-crt-convert-l1-1-0.dll
0x000002a3f2010000 - 0x000002a3f2013000 	C:\Users\danielcc\.openjfx\cache\17.0.6\api-ms-win-crt-environment-l1-1-0.dll
0x000002a3f2020000 - 0x000002a3f2023000 	C:\Users\danielcc\.openjfx\cache\17.0.6\api-ms-win-crt-filesystem-l1-1-0.dll
0x000002a3f2030000 - 0x000002a3f2033000 	C:\Users\danielcc\.openjfx\cache\17.0.6\api-ms-win-crt-heap-l1-1-0.dll
0x000002a3f2040000 - 0x000002a3f2043000 	C:\Users\danielcc\.openjfx\cache\17.0.6\api-ms-win-crt-locale-l1-1-0.dll
0x000002a3f2050000 - 0x000002a3f2055000 	C:\Users\danielcc\.openjfx\cache\17.0.6\api-ms-win-crt-math-l1-1-0.dll
0x000002a3f2060000 - 0x000002a3f2065000 	C:\Users\danielcc\.openjfx\cache\17.0.6\api-ms-win-crt-multibyte-l1-1-0.dll
0x000002a3f2070000 - 0x000002a3f2080000 	C:\Users\danielcc\.openjfx\cache\17.0.6\api-ms-win-crt-private-l1-1-0.dll
0x000002a3f2080000 - 0x000002a3f2083000 	C:\Users\danielcc\.openjfx\cache\17.0.6\api-ms-win-crt-process-l1-1-0.dll
0x000002a3f2090000 - 0x000002a3f2094000 	C:\Users\danielcc\.openjfx\cache\17.0.6\api-ms-win-crt-runtime-l1-1-0.dll
0x000002a3f20a0000 - 0x000002a3f20a4000 	C:\Users\danielcc\.openjfx\cache\17.0.6\api-ms-win-crt-stdio-l1-1-0.dll
0x000002a3f20b0000 - 0x000002a3f20b4000 	C:\Users\danielcc\.openjfx\cache\17.0.6\api-ms-win-crt-string-l1-1-0.dll
0x000002a3f20c0000 - 0x000002a3f20c3000 	C:\Users\danielcc\.openjfx\cache\17.0.6\api-ms-win-crt-time-l1-1-0.dll
0x000002a3f20d0000 - 0x000002a3f20d3000 	C:\Users\danielcc\.openjfx\cache\17.0.6\api-ms-win-crt-utility-l1-1-0.dll
0x00007ff872ec0000 - 0x00007ff872fbc000 	C:\Users\danielcc\.openjfx\cache\17.0.6\ucrtbase.dll
0x00007ff8a6250000 - 0x00007ff8a626a000 	C:\Users\danielcc\.openjfx\cache\17.0.6\vcruntime140.dll
0x00007ff89d990000 - 0x00007ff89d99c000 	C:\Users\danielcc\.openjfx\cache\17.0.6\vcruntime140_1.dll
0x00007ff89cf50000 - 0x00007ff89cfdd000 	C:\Users\danielcc\.openjfx\cache\17.0.6\msvcp140.dll
0x00007ff89d0f0000 - 0x00007ff89d0f9000 	C:\Users\danielcc\.openjfx\cache\17.0.6\msvcp140_1.dll
0x00007ff89cf20000 - 0x00007ff89cf4f000 	C:\Users\danielcc\.openjfx\cache\17.0.6\msvcp140_2.dll
0x00007ff899ce0000 - 0x00007ff899d0a000 	C:\Users\danielcc\.openjfx\cache\17.0.6\prism_d3d.dll
0x00007ff881f90000 - 0x00007ff882141000 	C:\Windows\system32\d3d9.dll
0x00007ff8b08e0000 - 0x00007ff8b090b000 	C:\Windows\SYSTEM32\dwmapi.dll
0x00007ff8b0730000 - 0x00007ff8b0774000 	C:\Windows\SYSTEM32\dxcore.dll
0x00007ff8b05e0000 - 0x00007ff8b0688000 	C:\Windows\system32\uxtheme.dll
0x00007ff8ab460000 - 0x00007ff8ab61b000 	C:\WINDOWS\System32\DriverStore\FileRepository\u0387827.inf_amd64_7004fc67026a57ee\B384926\aticfx64.dll
0x00007ff865030000 - 0x00007ff865064000 	C:\WINDOWS\System32\DriverStore\FileRepository\u0387827.inf_amd64_7004fc67026a57ee\B384926\atiu9p64.dll
0x00007ff855ab0000 - 0x00007ff856805000 	C:\WINDOWS\System32\DriverStore\FileRepository\u0387827.inf_amd64_7004fc67026a57ee\B384926\atiumd64.dll
0x000000005bea0000 - 0x000000005cdc7000 	C:\Windows\System32\DriverStore\FileRepository\u0387827.inf_amd64_7004fc67026a57ee\B384926\atiumd6a.dll
0x00007ff8b58e0000 - 0x00007ff8b5d67000 	C:\Windows\System32\SETUPAPI.dll
0x00007ff8a8cc0000 - 0x00007ff8a8cf5000 	C:\Windows\SYSTEM32\amdihk64.dll
0x00007ff8ac430000 - 0x00007ff8ac490000 	C:\Windows\SYSTEM32\directxdatabasehelper.dll
0x00007ff893cb0000 - 0x00007ff893cf2000 	C:\Users\danielcc\.openjfx\cache\17.0.6\glass.dll
0x00007ff8b48f0000 - 0x00007ff8b49e1000 	C:\Windows\System32\COMDLG32.dll
0x00007ff8b5fd0000 - 0x00007ff8b6128000 	C:\Windows\System32\MSCTF.dll
0x00007ff89cc50000 - 0x00007ff89cc64000 	C:\Users\danielcc\.openjfx\cache\17.0.6\javafx_font.dll
0x00007ff8b2c00000 - 0x00007ff8b2c1b000 	C:\Windows\SYSTEM32\CRYPTSP.dll
0x00007ff8b2250000 - 0x00007ff8b228b000 	C:\Windows\system32\rsaenh.dll
0x00007ff8b28d0000 - 0x00007ff8b28fb000 	C:\Windows\SYSTEM32\USERENV.dll
0x00007ff8b3420000 - 0x00007ff8b3446000 	C:\Windows\SYSTEM32\bcrypt.dll
0x00007ff8b2a60000 - 0x00007ff8b2a6c000 	C:\Windows\SYSTEM32\CRYPTBASE.dll
0x00007ff8b1a20000 - 0x00007ff8b1a54000 	C:\Windows\SYSTEM32\IPHLPAPI.DLL
0x00007ff8b4870000 - 0x00007ff8b487a000 	C:\Windows\System32\NSI.dll
0x00007ff8b1aa0000 - 0x00007ff8b1bc6000 	C:\Windows\SYSTEM32\DNSAPI.dll
0x00007ff8ad900000 - 0x00007ff8ad90b000 	C:\Windows\System32\rasadhlp.dll
0x00007ff8ae170000 - 0x00007ff8ae1f6000 	C:\Windows\System32\fwpuclnt.dll
0x00007ff8a5470000 - 0x00007ff8a547e000 	C:\Program Files\Java\jdk-24\bin\sunmscapi.dll
0x00007ff8b3530000 - 0x00007ff8b36a7000 	C:\Windows\System32\CRYPT32.dll
0x00007ff8b2d50000 - 0x00007ff8b2d80000 	C:\Windows\SYSTEM32\ncrypt.dll
0x00007ff8b2d00000 - 0x00007ff8b2d3f000 	C:\Windows\SYSTEM32\NTASN1.dll
0x00007ff89cae0000 - 0x00007ff89cae8000 	C:\Windows\system32\wshunix.dll
0x00007ff8ae900000 - 0x00007ff8aeb67000 	C:\Windows\SYSTEM32\dwrite.dll
0x00007ff8b54f0000 - 0x00007ff8b55a1000 	C:\Windows\System32\clbcatq.dll
0x00007ff8ae6c0000 - 0x00007ff8ae8ef000 	C:\Windows\SYSTEM32\WindowsCodecs.dll

JVMTI agents:
C:\Program Files\JetBrains\IntelliJ IDEA Community Edition 2025.2.1\lib\idea_rt.jar path:C:\Program Files\Java\jdk-24\bin\instrument.dll, loaded, initialized, instrumentlib options:60160

dbghelp: loaded successfully - version: 4.0.5 - missing functions: none
symbol engine: initialized successfully - sym options: 0x614 - pdb path: .;C:\Program Files\Java\jdk-24\bin;C:\Windows\SYSTEM32;C:\Windows\WinSxS\amd64_microsoft.windows.common-controls_6595b64144ccf1df_6.0.26100.5074_none_3e0d6f78e32fd63f;C:\Program Files\Java\jdk-24\bin\server;C:\Users\danielcc\.openjfx\cache\17.0.6;C:\WINDOWS\System32\DriverStore\FileRepository\u0387827.inf_amd64_7004fc67026a57ee\B384926;C:\Program Files\Common Files\Microsoft Shared\Ink

VM Arguments:
jvm_args: -javaagent:C:\Program Files\JetBrains\IntelliJ IDEA Community Edition 2025.2.1\lib\idea_rt.jar=60160 -Dfile.encoding=UTF-8 -Dsun.stdout.encoding=UTF-8 -Dsun.stderr.encoding=UTF-8 --module-path=C:\Users\danielcc\.m2\repository\com\github\almasb\fxgl\11.17\fxgl-11.17.jar;C:\Users\danielcc\.m2\repository\com\fasterxml\jackson\core\jackson-databind\2.12.1\jackson-databind-2.12.1.jar;C:\Users\danielcc\.m2\repository\com\gluonhq\attach\lifecycle\4.0.9\lifecycle-4.0.9.jar;C:\Users\danielcc\.m2\repository\org\openjfx\javafx-base\17.0.6\javafx-base-17.0.6-win.jar;C:\Users\danielcc\.m2\repository\com\fasterxml\jackson\core\jackson-annotations\2.12.1\jackson-annotations-2.12.1.jar;C:\Users\danielcc\.m2\repository\org\jetbrains\kotlin\kotlin-stdlib\1.5.10\kotlin-stdlib-1.5.10-modular.jar;C:\Users\danielcc\.m2\repository\com\fasterxml\jackson\core\jackson-core\2.12.1\jackson-core-2.12.1.jar;C:\Users\danielcc\.m2\repository\org\openjfx\javafx-controls\17.0.6\javafx-controls-17.0.6-win.jar;C:\Users\danielcc\Desktop\DAM 1T\code\practicaOrtoRestaurante\desktopIJ\target\classes;C:\Users\danielcc\.m2\repository\com\gluonhq\attach\storage\4.0.9\storage-4.0.9.jar;C:\Users\danielcc\.m2\repository\org\openjfx\javafx-fxml\17.0.6\javafx-fxml-17.0.6-win.jar;C:\Users\danielcc\.m2\repository\org\openjfx\javafx-web\17.0.6\javafx-web-17.0.6-win.jar;C:\Users\danielcc\.m2\repository\com\gluonhq\attach\audio\4.0.9\audio-4.0.9.jar;C:\Users\danielcc\.m2\repository\eu\hansolo\tilesfx\11.48\tilesfx-11.48.jar;C:\Users\danielcc\.m2\repository\com\google\errorprone\error_prone_annotations\2.38.0\error_prone_annotations-2.38.0.jar;C:\Users\danielcc\.m2\repository\org\mongodb\bson\5.5.1\bson-5.5.1.jar;C:\Users\danielcc\.m2\repository\org\mongodb\mongodb-driver-sync\5.5.1\mongodb-driver-sync-5.5.1.jar;C:\Users\danielcc\.m2\repository\com\gluonhq\attach\util\4.0.9\util-4.0.9.jar;C:\Users\danielcc\.m2\repository\org\kordamp\ikonli\ikonli-javafx\12.3.1\ikonli-javafx-12.3.1.jar;C:\Users\danielcc\.m2\repository\com\github\almasb\fxgl-scene\11.17\fxgl-scene-11.17.jar;C:\Users\danielcc\.m2\repository\com\github\almasb\fxgl-entity\11.17\fxgl-entity-11.17.jar;C:\Users\danielcc\.m2\repository-Djdk.module.main=com.example.practortorestaurantedesktopp 
java_command: com.example.practortorestaurantedesktopp/com.example.practortorestaurantedesktopp.HelloApplication
java_class_path (initial): C:\Users\danielcc\.m2\repository\org\mongodb\bson-record-codec\5.5.1\bson-record-codec-5.5.1.jar;C:\Users\danielcc\.m2\repository\org\slf4j\slf4j-jdk14\1.7.28\slf4j-jdk14-1.7.28.jar;C:\Users\danielcc\.m2\repository\org\slf4j\slf4j-api\1.7.28\slf4j-api-1.7.28.jar;C:\Users\danielcc\.m2\repository\org\openjfx\javafx-controls\17.0.6\javafx-controls-17.0.6.jar;C:\Users\danielcc\.m2\repository\org\openjfx\javafx-graphics\17.0.6\javafx-graphics-17.0.6.jar;C:\Users\danielcc\.m2\repository\org\openjfx\javafx-base\17.0.6\javafx-base-17.0.6.jar;C:\Users\danielcc\.m2\repository\org\openjfx\javafx-fxml\17.0.6\javafx-fxml-17.0.6.jar;C:\Users\danielcc\.m2\repository\org\openjfx\javafx-web\17.0.6\javafx-web-17.0.6.jar;C:\Users\danielcc\.m2\repository\org\openjfx\javafx-swing\17.0.6\javafx-swing-17.0.6.jar;C:\Users\danielcc\.m2\repository\org\openjfx\javafx-swing\17.0.6\javafx-swing-17.0.6-win.jar;C:\Users\danielcc\.m2\repository\org\openjfx\javafx-media\17.0.6\javafx-media-17.0.6.jar;C:\Users\danielcc\.m2\repository\org\jetbrains\annotations\13.0\annotations-13.0.jar;C:\Users\danielcc\.m2\repository\org\jetbrains\kotlin\kotlin-stdlib-common\1.5.10\kotlin-stdlib-common-1.5.10.jar
Launcher Type: SUN_STANDARD

[Global flags]
     intx CICompilerCount                          = 4                                         {product} {ergonomic}
     uint ConcGCThreads                            = 3                                         {product} {ergonomic}
     uint G1ConcRefinementThreads                  = 10                                        {product} {ergonomic}
   size_t G1HeapRegionSize                         = 2097152                                   {product} {ergonomic}
   size_t InitialHeapSize                          = 257949696                                 {product} {ergonomic}
   size_t MarkStackSize                            = 4194304                                   {product} {ergonomic}
   size_t MarkStackSizeMax                         = 536870912                                 {product} {ergonomic}
   size_t MaxHeapSize                              = 4106223616                                {product} {ergonomic}
   size_t MaxNewSize                               = 2462056448                                {product} {ergonomic}
   size_t MinHeapDeltaBytes                        = 2097152                                   {product} {ergonomic}
   size_t MinHeapSize                              = 8388608                                   {product} {ergonomic}
    uintx NonNMethodCodeHeapSize                   = 5832704                                {pd product} {ergonomic}
    uintx NonProfiledCodeHeapSize                  = 122945536                              {pd product} {ergonomic}
    uintx ProfiledCodeHeapSize                     = 122880000                              {pd product} {ergonomic}
    uintx ReservedCodeCacheSize                    = 251658240                              {pd product} {ergonomic}
     bool SegmentedCodeCache                       = true                                      {product} {ergonomic}
   size_t SoftMaxHeapSize                          = 4106223616                             {manageable} {ergonomic}
     bool UseCompressedOops                        = true                           {product lp64_product} {ergonomic}
     bool UseG1GC                                  = true                                      {product} {ergonomic}
     bool UseLargePagesIndividualAllocation        = false                                  {pd product} {ergonomic}

Logging:
Log output configuration:
 #0: stdout all=off uptime,level,tags foldmultilines=false
 #1: stderr all=off uptime,level,tags foldmultilines=false

Environment Variables:
PATH=C:\Program Files\Common Files\Oracle\Java\javapath;C:\Windows\system32;C:\Windows;C:\Windows\System32\Wbem;C:\Windows\System32\WindowsPowerShell\v1.0\;C:\Windows\System32\OpenSSH\;C:\Program Files\nodejs\;C:\kotlinc\bin;C:\javafx-sdk-25\lib;;C:\Strawberry\c\bin;C:\Strawberry\perl\site\bin;C:\Strawberry\perl\bin;C:\Program Files\Docker\Docker\resources\bin;C:\Users\danielcc\AppData\Local\Programs\Python\Python314\Scripts\;C:\Users\danielcc\AppData\Local\Programs\Python\Python314\;C:\Users\danielcc\AppData\Local\Programs\Python\Launcher\;C:\Users\danielcc\AppData\Local\Microsoft\WindowsApps;C:\Users\danielcc\AppData\Local\Programs\Microsoft VS Code\bin;C:\Users\danielcc\AppData\Local\Programs\Git\cmd;C:\Users\danielcc\AppData\Roaming\npm;C:\Users\danielcc\AppData\Local\Programs\MiKTeX\miktex\bin\x64\
USERNAME=danielcc
OS=Windows_NT
PROCESSOR_IDENTIFIER=AMD64 Family 25 Model 80 Stepping 0, AuthenticAMD
TMP=C:\Users\danielcc\AppData\Local\Temp
TEMP=C:\Users\danielcc\AppData\Local\Temp




Periodic native trim disabled

---------------  S Y S T E M  ---------------

OS:
 Windows 11 , 64 bit Build 26100 (10.0.26100.5074)
OS uptime: 7 days 22:31 hours
Hyper-V role detected

CPU: total 12 (initial active 12) (12 cores per cpu, 2 threads per core) family 25 model 80 stepping 0 microcode 0xa50000d, cx8, cmov, fxsr, ht, mmx, 3dnowpref, sse, sse2, sse3, ssse3, sse4a, sse4.1, sse4.2, popcnt, lzcnt, tsc, tscinvbit, avx, avx2, aes, erms, clmul, bmi1, bmi2, adx, sha, fma, vzeroupper, clflush, clflushopt, hv, rdtscp, rdpid, fsrm, f16c, cet_ss
Processor Information for the first 12 processors :
  Max Mhz: 3901, Current Mhz: 3901, Mhz Limit: 3901

Memory: 4k page, system-wide physical 15659M (2238M free)
TotalPageFile size 25881M (AvailPageFile size 1416M)
current process WorkingSet (physical memory assigned to process): 179M, peak: 219M
current process commit charge ("private bytes"): 247M, peak: 409M

vm_info: Java HotSpot(TM) 64-Bit Server VM (24.0.2+12-54) for windows-amd64 JRE (24.0.2+12-54), built on 2025-07-08T12:10:27Z with MS VC++ 17.6 (VS2022)

END.
