#
# A fatal error has been detected by the Java Runtime Environment:
#
#  EXCEPTION_ACCESS_VIOLATION (0xc0000005) at pc=0x00007ff893cd6b07, pid=10792, tid=15412
#
# JRE version: Java(TM) SE Runtime Environment (24.0.2+12) (build 24.0.2+12-54)
# Java VM: Java HotSpot(TM) 64-Bit Server VM (24.0.2+12-54, mixed mode, sharing, tiered, compressed oops, compressed class ptrs, g1 gc, windows-amd64)
# Problematic frame:
# C  [glass.dll+0x26b07]
#
# No core dump will be written. Minidumps are not enabled by default on client versions of Windows
#
# If you would like to submit a bug report, please visit:
#   https://bugreport.java.com/bugreport/crash.jsp
#

---------------  S U M M A R Y ------------

Command Line: -javaagent:C:\Program Files\JetBrains\IntelliJ IDEA Community Edition 2025.2.1\lib\idea_rt.jar=60113 -Dfile.encoding=UTF-8 -Dsun.stdout.encoding=UTF-8 -Dsun.stderr.encoding=UTF-8 --module-path=C:\Users\danielcc\.m2\repository\com\github\almasb\fxgl\11.17\fxgl-11.17.jar;C:\Users\danielcc\.m2\repository\com\fasterxml\jackson\core\jackson-databind\2.12.1\jackson-databind-2.12.1.jar;C:\Users\danielcc\.m2\repository\com\gluonhq\attach\lifecycle\4.0.9\lifecycle-4.0.9.jar;C:\Users\danielcc\.m2\repository\org\openjfx\javafx-base\17.0.6\javafx-base-17.0.6-win.jar;C:\Users\danielcc\.m2\repository\com\fasterxml\jackson\core\jackson-annotations\2.12.1\jackson-annotations-2.12.1.jar;C:\Users\danielcc\.m2\repository\org\jetbrains\kotlin\kotlin-stdlib\1.5.10\kotlin-stdlib-1.5.10-modular.jar;C:\Users\danielcc\.m2\repository\com\fasterxml\jackson\core\jackson-core\2.12.1\jackson-core-2.12.1.jar;C:\Users\danielcc\.m2\repository\org\openjfx\javafx-controls\17.0.6\javafx-controls-17.0.6-win.jar;C:\Users\danielcc\Desktop\DAM 1T\code\practicaOrtoRestaurante\desktopIJ\target\classes;C:\Users\danielcc\.m2\repository\com\gluonhq\attach\storage\4.0.9\storage-4.0.9.jar;C:\Users\danielcc\.m2\repository\org\openjfx\javafx-fxml\17.0.6\javafx-fxml-17.0.6-win.jar;C:\Users\danielcc\.m2\repository\org\openjfx\javafx-web\17.0.6\javafx-web-17.0.6-win.jar;C:\Users\danielcc\.m2\repository\com\gluonhq\attach\audio\4.0.9\audio-4.0.9.jar;C:\Users\danielcc\.m2\repository\eu\hansolo\tilesfx\11.48\tilesfx-11.48.jar;C:\Users\danielcc\.m2\repository\com\google\errorprone\error_prone_annotations\2.38.0\error_prone_annotations-2.38.0.jar;C:\Users\danielcc\.m2\repository\org\mongodb\bson\5.5.1\bson-5.5.1.jar;C:\Users\danielcc\.m2\repository\org\mongodb\mongodb-driver-sync\5.5.1\mongodb-driver-sync-5.5.1.jar;C:\Users\danielcc\.m2\repository\com\gluonhq\attach\util\4.0.9\util-4.0.9.jar;C:\Users\danielcc\.m2\repository\org\kordamp\ikonli\ikonli-javafx\12.3.1\ikonli-javafx-12.3.1.jar;C:\Users\danielcc\.m2\repository\com\github\almasb\fxgl-scene\11.17\fxgl-scene-11.17.jar;C:\Users\danielcc\.m2\repository\com\github\almasb\fxgl-entity\11.17\fxgl-entity-11.17.jar;C:\Users\danielcc\.m2\repository-Djdk.module.main=com.example.practortorestaurantedesktopp com.example.practortorestaurantedesktopp/com.example.practortorestaurantedesktopp.HelloApplication

Host: AMD Ryzen 5 5600G with Radeon Graphics         , 12 cores, 15G,  Windows 11 , 64 bit Build 26100 (10.0.26100.5074)
Time: Tue Nov  4 17:05:04 2025 Hora estándar romance elapsed time: 22.040201 seconds (0d 0h 0m 22s)

---------------  T H R E A D  ---------------

Current thread (0x000001907f3bb060):  VMThread "VM Thread"          [id=15412, stack(0x00000065c9f00000,0x00000065ca000000) (1024K)]

Stack: [0x00000065c9f00000,0x00000065ca000000],  sp=0x00000065c9ffeef0,  free space=1019k
Native frames: (J=compiled Java code, j=interpreted, Vv=VM code, C=native code)
C  [glass.dll+0x26b07]  (no source info available)
C  [ucrtbase.dll+0x4bc75]  (no source info available)
C  [ucrtbase.dll+0x4b897]  (no source info available)
C  [ucrtbase.dll+0x4b84d]  (no source info available)
C  [glass.dll+0x24261]  (no source info available)
C  [glass.dll+0x24386]  (no source info available)
C  [ntdll.dll+0x160ede]  (no source info available)
C  [ntdll.dll+0x7483e]  (no source info available)
C  [ntdll.dll+0xfdfff]  (no source info available)
C  [ntdll.dll+0x8ede]  (no source info available)
C  [KERNEL32.DLL+0x418ab]  (no source info available)
C  [ucrtbase.dll+0xa0093]  (no source info available)
V  [jvm.dll+0x72928c]  (no source info available)
V  [jvm.dll+0x728dc0]  (no source info available)
V  [jvm.dll+0x41b344]  (no source info available)
V  [jvm.dll+0x8e29c2]  (no source info available)
V  [jvm.dll+0x8e3d0c]  (no source info available)
V  [jvm.dll+0x8e4278]  (no source info available)
V  [jvm.dll+0x8e4513]  (no source info available)
V  [jvm.dll+0x87d9eb]  (no source info available)
V  [jvm.dll+0x72ef45]  (no source info available)
C  [ucrtbase.dll+0x37b0]  (no source info available)
C  [KERNEL32.DLL+0x2e8d7]  (no source info available)
C  [ntdll.dll+0x8d9c]  (no source info available)


siginfo: EXCEPTION_ACCESS_VIOLATION (0xc0000005), reading address 0x0000000000000000


Registers:
RAX=0x0000000000000000, RBX=0x000001907f3c529a, RCX=0x000001907f3bb060, RDX=0x00000065c9ffeef0
RSP=0x00000065c9ffeef0, RBP=0x0000c7c1c2c9ddde, RSI=0x00000190638ad788, RDI=0x00000190638ad760
R8 =0x0000000000010002, R9 =0x0000c7c1c2c9ddde, R10=0x000001907ac100c0, R11=0x000001906360c4c0
R12=0x0000000000000001, R13=0x00007ff893cd43d4, R14=0x00000065c9ffeff8, R15=0x00000190638ad760
RIP=0x00007ff893cd6b07, EFLAGS=0x0000000000010206

XMM[0]=0x0000000000000000 0x0000000000000000
XMM[1]=0x0000000000000000 0x00000065c9ffdb50
XMM[2]=0x0000000000000000 0x0000000000000000
XMM[3]=0x0000000000000000 0x0000000000000000
XMM[4]=0x0000000000000000 0x0000000000000000
XMM[5]=0x0000000000000000 0x0000000000000000
XMM[6]=0x0000000000000000 0x0000000000000000
XMM[7]=0x0000000000000000 0x404e000000000000
XMM[8]=0x0000000000000000 0x0000000000000000
XMM[9]=0x0000000000000000 0x0000000000000000
XMM[10]=0x0000000000000000 0x0000000000000000
XMM[11]=0x0000000000000000 0x0000000000000000
XMM[12]=0x0000000000000000 0x0000000000000000
XMM[13]=0x0000000000000000 0x0000000000000000
XMM[14]=0x0000000000000000 0x0000000000000000
XMM[15]=0x0000000000000000 0x0000000000000000
  MXCSR=0x00001fa0


Register to memory mapping:

RAX=0x0 is null
RBX=0x000001907f3c529a is a global jni handle
RCX=0x000001907f3bb060 points into unknown readable memory: 0x00007ff843e27c38 | 38 7c e2 43 f8 7f 00 00
RDX=0x00000065c9ffeef0 points into unknown readable memory: 0x0000000000000000 | 00 00 00 00 00 00 00 00
RSP=0x00000065c9ffeef0 points into unknown readable memory: 0x0000000000000000 | 00 00 00 00 00 00 00 00
RBP=0x0000c7c1c2c9ddde is an unknown value
RSI=0x00000190638ad788 points into unknown readable memory: 0x0000c7c1c2c9ddde | de dd c9 c2 c1 c7 00 00
RDI=0x00000190638ad760 points into unknown readable memory: 0x24f3887ac2c9c220 | 20 c2 c9 c2 7a 88 f3 24
R8 =0x0000000000010002 is an unknown value
R9 =0x0000c7c1c2c9ddde is an unknown value
R10=0x000001907ac100c0 points into unknown readable memory: 0x0000000000320001 | 01 00 32 00 00 00 00 00
R11=0x000001906360c4c0 points into unknown readable memory: 0x0000000000000000 | 00 00 00 00 00 00 00 00
R12=0x0000000000000001 is an unknown value
R13=0x00007ff893cd43d4 glass.dll
R14=0x00000065c9ffeff8 points into unknown readable memory: 0x00000065c9ffefe0 | e0 ef ff c9 65 00 00 00
R15=0x00000190638ad760 points into unknown readable memory: 0x24f3887ac2c9c220 | 20 c2 c9 c2 7a 88 f3 24

Top of Stack: (sp=0x00000065c9ffeef0)
0x00000065c9ffeef0:   0000000000000000 0000019000000000   ................
0x00000065c9ffef00:   000001906360c570 0000000000000001   p.`c............
0x00000065c9ffef10:   00000190638ad768 00007ff8b403bc75   h..c....u.......
0x00000065c9ffef20:   00000190638ad760 0000019000000000   `..c............
0x00000065c9ffef30:   00000190638ad780 0000c7c1c2c9ddde   ...c............
0x00000065c9ffef40:   fffffffffffffffe 00007ff89cc50000   ................
0x00000065c9ffef50:   00007ff893cb0000 00007ff893cb0000   ................
0x00000065c9ffef60:   00000065c9ffefe8 00007ff8b403b897   ....e...........
0x00000065c9ffef70:   00000065c9ffef00 00000065c9ffeff8   ....e.......e...
0x00000065c9ffef80:   00000065c9fff2e0 00007ff8b41288c0   ....e...........
0x00000065c9ffef90:   0000000000000001 00007ff8b403b84d   ........M.......
0x00000065c9ffefa0:   0000000000000000 0000000000000001   ................
0x00000065c9ffefb0:   00000065c9fff2e0 00000065c9ffefe8   ....e.......e...
0x00000065c9ffefc0:   fffffffffffffffe 00007ff8b63e6003   .........`>.....
0x00000065c9ffefd0:   0000000000000000 00007ff893cd4261   ........aB......
0x00000065c9ffefe0:   00007ff893cea138 0000006500000002   8...........e...
0x00000065c9ffeff0:   00007ff800000002 00000065c9ffefe0   ............e...
0x00000065c9fff000:   0000000000000000 00007ff8b2c05e37   ........7^......
0x00000065c9fff010:   0000000000000000 00007ff893cd4386   .........C......
0x00000065c9fff020:   0000000000000001 0000000000000000   ................
0x00000065c9fff030:   0000000000000001 00007ff8b6414f8f   .........OA.....
0x00000065c9fff040:   00007ff8b2c00000 00000065c9fff2e0   ............e...
0x00000065c9fff050:   0000000000000001 0000000000000000   ................
0x00000065c9fff060:   0000000000000000 000000007ffe0384   ................
0x00000065c9fff070:   0000019063678640 00007ff8b6500ede   @.gc......P.....
0x00000065c9fff080:   00007ff893cb0000 0000019000000000   ................
0x00000065c9fff090:   0000000000000001 000000007ffe0385   ................
0x00000065c9fff0a0:   00007ff893cd7590 00007ff8b641483e   .u......>HA.....
0x00000065c9fff0b0:   0000000000000000 0000000000000000   ................
0x00000065c9fff0c0:   0000000000000000 0000000000000000   ................
0x00000065c9fff0d0:   0000000000000000 0000000000000000   ................
0x00000065c9fff0e0:   0000000000000000 0000000000000000   ................

Instructions: (pc=0x00007ff893cd6b07)
  0x00007ff893cd6a07:   8b 4d 58 e8 01 cf ff ff 48 8b 4d 60 e8 f8 ce ff
  0x00007ff893cd6a17:   ff 48 8b 95 80 00 00 00 48 8b 8d 18 01 00 00 e8
  0x00007ff893cd6a27:   c6 c3 ff ff 33 d2 33 c9 e8 3c e1 ff ff 90 48 89
  0x00007ff893cd6a37:   54 24 10 55 48 83 ec 20 48 8b ea 48 b8 00 00 00
  0x00007ff893cd6a47:   00 00 00 00 00 48 83 c4 20 5d c3 cc 40 55 48 8b
  0x00007ff893cd6a57:   ea 48 8b 01 33 c9 81 38 05 00 00 c0 0f 94 c1 8b
  0x00007ff893cd6a67:   c1 5d c3 cc 40 55 48 83 ec 20 48 8b ea 8a 4d 40
  0x00007ff893cd6a77:   48 83 c4 20 5d e9 f7 d2 ff ff cc 40 55 48 83 ec
  0x00007ff893cd6a87:   20 48 8b ea 8a 4d 20 e8 e5 d2 ff ff 90 48 83 c4
  0x00007ff893cd6a97:   20 5d c3 cc 40 55 48 83 ec 20 48 8b ea 48 83 c4
  0x00007ff893cd6aa7:   20 5d e9 46 d1 ff ff cc 40 55 48 83 ec 30 48 8b
  0x00007ff893cd6ab7:   ea 48 8b 01 8b 10 48 89 4c 24 28 89 54 24 20 4c
  0x00007ff893cd6ac7:   8d 0d e7 d5 ff ff 4c 8b 45 70 8b 55 68 48 8b 4d
  0x00007ff893cd6ad7:   60 e8 87 d0 ff ff 90 48 83 c4 30 5d c3 cc cc cc
  0x00007ff893cd6ae7:   cc cc cc cc cc cc cc cc cc 40 53 48 83 ec 20 48
  0x00007ff893cd6af7:   8b 1d 33 30 01 00 48 85 db 74 16 e8 09 8b ff ff
=>0x00007ff893cd6b07:   4c 8b 00 48 8b d3 48 8b c8 41 ff 90 b0 00 00 00
  0x00007ff893cd6b17:   90 48 83 c4 20 5b c3 cc cc 40 53 48 83 ec 20 48
  0x00007ff893cd6b27:   8b 1d ab 31 01 00 48 85 db 74 57 b8 ff ff ff ff
  0x00007ff893cd6b37:   f0 0f c1 43 10 83 f8 01 75 3d 48 85 db 74 38 48
  0x00007ff893cd6b47:   8b 0b 48 85 c9 74 0d ff 15 54 07 00 00 48 c7 03
  0x00007ff893cd6b57:   00 00 00 00 48 8b 4b 08 48 85 c9 74 0d e8 a7 cd
  0x00007ff893cd6b67:   ff ff 48 c7 43 08 00 00 00 00 ba 18 00 00 00 48
  0x00007ff893cd6b77:   8b cb e8 92 cd ff ff 48 c7 05 4f 31 01 00 00 00
  0x00007ff893cd6b87:   00 00 48 83 c4 20 5b c3 cc 40 53 48 83 ec 20 48
  0x00007ff893cd6b97:   8b 1d 1b 31 01 00 48 85 db 74 57 b8 ff ff ff ff
  0x00007ff893cd6ba7:   f0 0f c1 43 10 83 f8 01 75 3d 48 85 db 74 38 48
  0x00007ff893cd6bb7:   8b 0b 48 85 c9 74 0d ff 15 e4 06 00 00 48 c7 03
  0x00007ff893cd6bc7:   00 00 00 00 48 8b 4b 08 48 85 c9 74 0d e8 37 cd
  0x00007ff893cd6bd7:   ff ff 48 c7 43 08 00 00 00 00 ba 18 00 00 00 48
  0x00007ff893cd6be7:   8b cb e8 22 cd ff ff 48 c7 05 bf 30 01 00 00 00
  0x00007ff893cd6bf7:   00 00 48 83 c4 20 5b c3 cc 40 53 48 83 ec 20 48


Stack slot to memory mapping:

stack at sp + 0 slots: 0x0 is null
stack at sp + 1 slots: 0x0000019000000000 points into unknown readable memory: 0x00010000cafedada | da da fe ca 00 00 01 00
stack at sp + 2 slots: 0x000001906360c570 points into unknown readable memory: 0x00000190638f8c50 | 50 8c 8f 63 90 01 00 00
stack at sp + 3 slots: 0x0000000000000001 is an unknown value
stack at sp + 4 slots: 0x00000190638ad768 points into unknown readable memory: 0x0000c7c1c2c9ddde | de dd c9 c2 c1 c7 00 00
stack at sp + 5 slots: 0x00007ff8b403bc75 ucrtbase.dll
stack at sp + 6 slots: 0x00000190638ad760 points into unknown readable memory: 0x24f3887ac2c9c220 | 20 c2 c9 c2 7a 88 f3 24
stack at sp + 7 slots: 0x0000019000000000 points into unknown readable memory: 0x00010000cafedada | da da fe ca 00 00 01 00

VM_Operation (0x00000065cd1feee0): Exit, mode: safepoint, requested by thread 0x000001901d5ab9b0


---------------  P R O C E S S  ---------------

Threads class SMR info:
_java_thread_list=0x0000019064165d20, length=28, elements={
0x000001907af91150, 0x000001907f3c7030, 0x000001907f3c7770, 0x000001907f3d81f0,
0x000001907f3d8e50, 0x000001907f3dd0a0, 0x000001907f3e5f10, 0x000001907f3eea70,
0x000001901d5d6bb0, 0x00000190636e4960, 0x00000190636e50a0, 0x0000019063726790,
0x0000019063922cf0, 0x000001906396c980, 0x0000019063b0aea0, 0x0000019063b50d40,
0x0000019063cecc70, 0x0000019063cee9b0, 0x0000019063cedb10, 0x0000019063cee260,
0x0000019063cef100, 0x0000019063cef850, 0x0000019063ceffa0, 0x000001901d5a7f30,
0x000001901d5aab10, 0x000001901d5a9520, 0x000001901d5a77e0, 0x000001901d5ab9b0
}

Java Threads: ( => current thread )
  0x000001907af91150 JavaThread "main"                              [_thread_blocked, id=14692, stack(0x00000065c9800000,0x00000065c9900000) (1024K)]
  0x000001907f3c7030 JavaThread "Reference Handler"          daemon [_thread_blocked, id=4424, stack(0x00000065ca000000,0x00000065ca100000) (1024K)]
  0x000001907f3c7770 JavaThread "Finalizer"                  daemon [_thread_blocked, id=7164, stack(0x00000065ca100000,0x00000065ca200000) (1024K)]
  0x000001907f3d81f0 JavaThread "Attach Listener"            daemon [_thread_blocked, id=4636, stack(0x00000065ca300000,0x00000065ca400000) (1024K)]
  0x000001907f3d8e50 JavaThread "Service Thread"             daemon [_thread_blocked, id=9924, stack(0x00000065ca400000,0x00000065ca500000) (1024K)]
  0x000001907f3dd0a0 JavaThread "Monitor Deflation Thread"   daemon [_thread_blocked, id=14256, stack(0x00000065ca500000,0x00000065ca600000) (1024K)]
  0x000001907f3e5f10 JavaThread "C2 CompilerThread0"         daemon [_thread_blocked, id=13188, stack(0x00000065ca600000,0x00000065ca700000) (1024K)]
  0x000001907f3eea70 JavaThread "C1 CompilerThread0"         daemon [_thread_blocked, id=2288, stack(0x00000065ca700000,0x00000065ca800000) (1024K)]
  0x000001901d5d6bb0 JavaThread "Common-Cleaner"             daemon [_thread_blocked, id=12324, stack(0x00000065ca800000,0x00000065ca900000) (1024K)]
  0x00000190636e4960 JavaThread "Monitor Ctrl-Break"         daemon [_thread_in_native, id=6288, stack(0x00000065cab00000,0x00000065cac00000) (1024K)]
  0x00000190636e50a0 JavaThread "Notification Thread"        daemon [_thread_blocked, id=15476, stack(0x00000065cac00000,0x00000065cad00000) (1024K)]
  0x0000019063726790 JavaThread "QuantumRenderer-0"          daemon [_thread_blocked, id=5956, stack(0x00000065cad00000,0x00000065cae00000) (1024K)]
  0x0000019063922cf0 JavaThread "InvokeLaterDispatcher"      daemon [_thread_blocked, id=4768, stack(0x00000065cb000000,0x00000065cb100000) (1024K)]
  0x000001906396c980 JavaThread "JavaFX Application Thread"         [_thread_in_native, id=13404, stack(0x00000065cb100000,0x00000065cb200000) (1024K)]
  0x0000019063b0aea0 JavaThread "JavaFX-Launcher"                   [_thread_blocked, id=12928, stack(0x00000065cbb00000,0x00000065cbc00000) (1024K)]
  0x0000019063b50d40 JavaThread "Thread-2"                   daemon [_thread_in_native, id=2316, stack(0x00000065cba00000,0x00000065cbb00000) (1024K)]
  0x0000019063cecc70 JavaThread "Grizzly(1) SelectorRunner"  daemon [_thread_in_native, id=8740, stack(0x00000065cc100000,0x00000065cc200000) (1024K)]
  0x0000019063cee9b0 JavaThread "Grizzly(1)"                 daemon [_thread_blocked, id=16964, stack(0x00000065cc200000,0x00000065cc300000) (1024K)]
  0x0000019063cedb10 JavaThread "Grizzly(2)"                 daemon [_thread_blocked, id=8716, stack(0x00000065cc300000,0x00000065cc400000) (1024K)]
  0x0000019063cee260 JavaThread "HttpClient-1-SelectorManager" daemon [_thread_in_native, id=11700, stack(0x00000065cc500000,0x00000065cc600000) (1024K)]
  0x0000019063cef100 JavaThread "Prism Font Disposer"        daemon [_thread_blocked, id=14796, stack(0x00000065ccd00000,0x00000065cce00000) (1024K)]
  0x0000019063cef850 JavaThread "Cleaner-0"                  daemon [_thread_blocked, id=15916, stack(0x00000065cce00000,0x00000065ccf00000) (1024K)]
  0x0000019063ceffa0 JavaThread "HttpClient-1-Worker-0"      daemon [_thread_blocked, id=13960, stack(0x00000065ccf00000,0x00000065cd000000) (1024K)]
  0x000001901d5a7f30 JavaThread "CompletableFutureDelayScheduler" daemon [_thread_blocked, id=9908, stack(0x00000065cd000000,0x00000065cd100000) (1024K)]
  0x000001901d5aab10 JavaThread "HttpClient-1-Worker-1"      daemon [_thread_blocked, id=17108, stack(0x00000065cd200000,0x00000065cd300000) (1024K)]
  0x000001901d5a9520 JavaThread "ForkJoinPool.commonPool-worker-1" daemon [_thread_blocked, id=7860, stack(0x00000065cd300000,0x00000065cd400000) (1024K)]
  0x000001901d5a77e0 JavaThread "HttpClient-1-Worker-2"      daemon [_thread_blocked, id=10268, stack(0x00000065cd400000,0x00000065cd500000) (1024K)]
  0x000001901d5ab9b0 JavaThread "SIGINT handler"             daemon [_thread_blocked, id=13544, stack(0x00000065cd100000,0x00000065cd200000) (1024K)]
Total: 28

Other Threads:
=>0x000001907f3bb060 VMThread "VM Thread"                           [id=15412, stack(0x00000065c9f00000,0x00000065ca000000) (1024K)]
  0x000001907aff8c20 WorkerThread "GC Thread#0"                     [id=14168, stack(0x00000065c9900000,0x00000065c9a00000) (1024K)]
  0x0000019063d0ba70 WorkerThread "GC Thread#1"                     [id=13432, stack(0x00000065cbc00000,0x00000065cbd00000) (1024K)]
  0x0000019063d0be20 WorkerThread "GC Thread#2"                     [id=15884, stack(0x00000065cbd00000,0x00000065cbe00000) (1024K)]
  0x0000019063cd6030 WorkerThread "GC Thread#3"                     [id=9640, stack(0x00000065cbe00000,0x00000065cbf00000) (1024K)]
  0x0000019063dec0d0 WorkerThread "GC Thread#4"                     [id=16592, stack(0x00000065cbf00000,0x00000065cc000000) (1024K)]
  0x0000019063dec480 WorkerThread "GC Thread#5"                     [id=6164, stack(0x00000065cc000000,0x00000065cc100000) (1024K)]
  0x0000019064646ab0 WorkerThread "GC Thread#6"                     [id=2884, stack(0x00000065cc700000,0x00000065cc800000) (1024K)]
  0x0000019064646e60 WorkerThread "GC Thread#7"                     [id=16204, stack(0x00000065cc800000,0x00000065cc900000) (1024K)]
  0x0000019064646700 WorkerThread "GC Thread#8"                     [id=12560, stack(0x00000065cc900000,0x00000065cca00000) (1024K)]
  0x0000019064646350 WorkerThread "GC Thread#9"                     [id=14956, stack(0x00000065cca00000,0x00000065ccb00000) (1024K)]
  0x000001907b00ed60 ConcurrentGCThread "G1 Main Marker"            terminated
  0x000001907b011020 WorkerThread "G1 Conc#0"                       [id=16868, stack(0x00000065c9b00000,0x00000065c9c00000) (1024K)]
  0x0000019064647210 WorkerThread "G1 Conc#1"                       [id=16488, stack(0x00000065ccb00000,0x00000065ccc00000) (1024K)]
  0x0000019064645840 WorkerThread "G1 Conc#2"                       [id=15768, stack(0x00000065ccc00000,0x00000065ccd00000) (1024K)]
  0x000001907f2755f0 ConcurrentGCThread "G1 Refine#0"               terminated
  0x000001907f276170 ConcurrentGCThread "G1 Service"                terminated
Total: 17

Threads with active compile tasks:
Total: 0

VM state: at safepoint (shutting down)

VM Mutex/Monitor currently owned by a thread:  ([mutex/lock_event])
[0x00007ff8440044f0] Threads_lock - owner thread: 0x000001907f3bb060
[0x00007ff8440045f0] Heap_lock - owner thread: 0x000001901d5ab9b0

Heap address: 0x000000070b400000, size: 3916 MB, Compressed Oops mode: Zero based, Oop shift amount: 3

CDS archive(s) mapped at: [0x000001901e000000-0x000001901ed40000-0x000001901ed40000), size 13893632, SharedBaseAddress: 0x000001901e000000, ArchiveRelocationMode: 1.
Compressed class space mapped at: 0x000001901f000000-0x000001905f000000, reserved size: 1073741824
UseCompressedClassPointers 1, UseCompactObjectHeaders 0
Narrow klass pointer bits 32, Max shift 3
Narrow klass base: 0x000001901e000000, Narrow klass shift: 0
Encoding Range: [0x000001901e000000 - 0x000001911e000000), (4294967296 bytes)
Klass Range:    [0x000001901e000000 - 0x000001905f000000), (1090519040 bytes)
Klass ID Range:  [8 - 1090519033) (1090519025)

GC Precious Log:
 CardTable entry size: 512
 Card Set container configuration: InlinePtr #cards 4 size 8 Array Of Cards #cards 16 size 48 Howl #buckets 8 coarsen threshold 3686 Howl Bitmap #cards 512 size 80 coarsen threshold 460 Card regions per heap region 1 cards per card region 4096
 CPUs: 12 total, 12 available
 Memory: 15659M
 Large Page Support: Disabled
 NUMA Support: Disabled
 Compressed Oops: Enabled (Zero based)
 Heap Region Size: 2M
 Heap Min Capacity: 8M
 Heap Initial Capacity: 246M
 Heap Max Capacity: 3916M
 Pre-touch: Disabled
 Parallel Workers: 10
 Concurrent Workers: 3
 Concurrent Refinement Workers: 10
 Periodic GC: Disabled

Heap:
 garbage-first heap   total reserved 4009984K, committed 57344K, used 37030K [0x000000070b400000, 0x0000000800000000)
  region size 2048K, 16 young (32768K), 5 survivors (10240K)
 Metaspace       used 26961K, committed 27328K, reserved 1114112K
  class space    used 3243K, committed 3392K, reserved 1048576K

Heap Regions: E=young(eden), S=young(survivor), O=old, HS=humongous(starts), HC=humongous(continues), CS=collection set, F=free, TAMS=top-at-mark-start, PB=parsable bottom
|   0|0x000000070b400000, 0x000000070b600000, 0x000000070b600000|100%|HS|  |TAMS 0x000000070b400000| PB 0x000000070b400000| Complete |  0
|   1|0x000000070b600000, 0x000000070b600000, 0x000000070b800000|  0%| F|  |TAMS 0x000000070b600000| PB 0x000000070b600000| Untracked |  0
|   2|0x000000070b800000, 0x000000070b800000, 0x000000070ba00000|  0%| F|  |TAMS 0x000000070b800000| PB 0x000000070b800000| Untracked |  0
|   3|0x000000070ba00000, 0x000000070ba00000, 0x000000070bc00000|  0%| F|  |TAMS 0x000000070ba00000| PB 0x000000070ba00000| Untracked |  0
|   4|0x000000070bc00000, 0x000000070bc00000, 0x000000070be00000|  0%| F|  |TAMS 0x000000070bc00000| PB 0x000000070bc00000| Untracked |  0
|   5|0x000000070be00000, 0x000000070be00000, 0x000000070c000000|  0%| F|  |TAMS 0x000000070be00000| PB 0x000000070be00000| Untracked |  0
|   6|0x000000070c000000, 0x000000070c000000, 0x000000070c200000|  0%| F|  |TAMS 0x000000070c000000| PB 0x000000070c000000| Untracked |  0
|   7|0x000000070c200000, 0x000000070c200000, 0x000000070c400000|  0%| F|  |TAMS 0x000000070c200000| PB 0x000000070c200000| Untracked |  0
|   8|0x000000070c400000, 0x000000070c438590, 0x000000070c600000| 11%| E|  |TAMS 0x000000070c400000| PB 0x000000070c400000| Complete |  0
|   9|0x000000070c600000, 0x000000070c800000, 0x000000070c800000|100%| E|CS|TAMS 0x000000070c600000| PB 0x000000070c600000| Complete |  0
|  10|0x000000070c800000, 0x000000070ca00000, 0x000000070ca00000|100%| E|CS|TAMS 0x000000070c800000| PB 0x000000070c800000| Complete |  0
|  11|0x000000070ca00000, 0x000000070cc00000, 0x000000070cc00000|100%| E|CS|TAMS 0x000000070ca00000| PB 0x000000070ca00000| Complete |  0
|  12|0x000000070cc00000, 0x000000070ce00000, 0x000000070ce00000|100%| E|CS|TAMS 0x000000070cc00000| PB 0x000000070cc00000| Complete |  0
|  13|0x000000070ce00000, 0x000000070d000000, 0x000000070d000000|100%| S|CS|TAMS 0x000000070ce00000| PB 0x000000070ce00000| Complete |  0
|  14|0x000000070d000000, 0x000000070d200000, 0x000000070d200000|100%| S|CS|TAMS 0x000000070d000000| PB 0x000000070d000000| Complete |  0
|  15|0x000000070d200000, 0x000000070d400000, 0x000000070d400000|100%| S|CS|TAMS 0x000000070d200000| PB 0x000000070d200000| Complete |  0
|  16|0x000000070d400000, 0x000000070d600000, 0x000000070d600000|100%| S|CS|TAMS 0x000000070d400000| PB 0x000000070d400000| Complete |  0
|  17|0x000000070d600000, 0x000000070d66def0, 0x000000070d800000| 21%| S|CS|TAMS 0x000000070d600000| PB 0x000000070d600000| Complete |  0
|  87|0x0000000716200000, 0x0000000716400000, 0x0000000716400000|100%| E|CS|TAMS 0x0000000716200000| PB 0x0000000716200000| Complete |  0
|  88|0x0000000716400000, 0x0000000716600000, 0x0000000716600000|100%| E|CS|TAMS 0x0000000716400000| PB 0x0000000716400000| Complete |  0
|  89|0x0000000716600000, 0x0000000716800000, 0x0000000716800000|100%| E|CS|TAMS 0x0000000716600000| PB 0x0000000716600000| Complete |  0
|  90|0x0000000716800000, 0x0000000716a00000, 0x0000000716a00000|100%| E|CS|TAMS 0x0000000716800000| PB 0x0000000716800000| Complete |  0
|  91|0x0000000716a00000, 0x0000000716c00000, 0x0000000716c00000|100%| E|CS|TAMS 0x0000000716a00000| PB 0x0000000716a00000| Complete |  0
| 122|0x000000071a800000, 0x000000071aa00000, 0x000000071aa00000|100%| E|CS|TAMS 0x000000071a800000| PB 0x000000071a800000| Complete |  0
|1954|0x00000007ff800000, 0x00000007ff89e6e0, 0x00000007ffa00000| 30%| O|  |TAMS 0x00000007ff800000| PB 0x00000007ff800000| Untracked |  0
|1955|0x00000007ffa00000, 0x00000007ffc00000, 0x00000007ffc00000|100%| O|  |TAMS 0x00000007ffa00000| PB 0x00000007ffa00000| Untracked |  0
|1956|0x00000007ffc00000, 0x00000007ffe00000, 0x00000007ffe00000|100%| O|  |TAMS 0x00000007ffc00000| PB 0x00000007ffc00000| Untracked |  0
|1957|0x00000007ffe00000, 0x00000007fff1d248, 0x0000000800000000| 55%| O|Cm|TAMS 0x00000007ffe00000| PB 0x00000007ffe00000| Complete |  0

Card table byte_map: [0x000001907df40000,0x000001907e6f0000] _byte_map_base: 0x000001907a6e6000

Marking Bits: (CMBitMap*) 0x000001907aff9330
 Bits: [0x00000190177e0000, 0x000001901b510000)

Polling page: 0x000001907b070000

Metaspace:

Usage:
  Non-class:     23.16 MB used.
      Class:      3.17 MB used.
       Both:     26.33 MB used.

Virtual space:
  Non-class space:       64.00 MB reserved,      23.38 MB ( 37%) committed,  1 nodes.
      Class space:        1.00 GB reserved,       3.31 MB ( <1%) committed,  1 nodes.
             Both:        1.06 GB reserved,      26.69 MB (  2%) committed. 

Chunk freelists:
   Non-Class:  7.73 MB
       Class:  12.73 MB
        Both:  20.46 MB

MaxMetaspaceSize: unlimited
CompressedClassSpaceSize: 1.00 GB
Initial GC threshold: 21.00 MB
Current GC threshold: 35.25 MB
CDS: on
 - commit_granule_bytes: 65536.
 - commit_granule_words: 8192.
 - virtual_space_node_default_size: 8388608.
 - enlarge_chunks_in_place: 1.
UseCompressedClassPointers 1, UseCompactObjectHeaders 0
Narrow klass pointer bits 32, Max shift 3
Narrow klass base: 0x000001901e000000, Narrow klass shift: 0
Encoding Range: [0x000001901e000000 - 0x000001911e000000), (4294967296 bytes)
Klass Range:    [0x000001901e000000 - 0x000001905f000000), (1090519040 bytes)
Klass ID Range:  [8 - 1090519033) (1090519025)


Internal statistics:

num_allocs_failed_limit: 3.
num_arena_births: 390.
num_arena_deaths: 0.
num_vsnodes_births: 2.
num_vsnodes_deaths: 0.
num_space_committed: 427.
num_space_uncommitted: 0.
num_chunks_returned_to_freelist: 3.
num_chunks_taken_from_freelist: 1153.
num_chunk_merges: 3.
num_chunk_splits: 807.
num_chunks_enlarged: 609.
num_inconsistent_stats: 0.

CodeHeap 'non-profiled nmethods': size=120064Kb used=1698Kb max_used=1698Kb free=118365Kb
 bounds [0x00000190102a0000, 0x0000019010510000, 0x00000190177e0000]
CodeHeap 'profiled nmethods': size=120000Kb used=7113Kb max_used=7113Kb free=112886Kb
 bounds [0x00000190087e0000, 0x0000019008ee0000, 0x000001900fd10000]
CodeHeap 'non-nmethods': size=5696Kb used=1710Kb max_used=1865Kb free=3985Kb
 bounds [0x000001900fd10000, 0x000001900ff80000, 0x00000190102a0000]
CodeCache: size=245760Kb, used=10521Kb, max_used=10676Kb, free=235236Kb
 total_blobs=5241, nmethods=4364, adapters=780, full_count=0
Compilation: enabled, stopped_count=0, restarted_count=0

Compilation events (20 events):
Event: 15.119 Thread 0x000001907f3eea70 nmethod 4357 0x0000019008ecdf88 code [0x0000019008ece160, 0x0000019008eceb60]
Event: 15.119 Thread 0x000001907f3eea70 4358       3       javafx.scene.control.SkinBase::snapPositionY (9 bytes)
Event: 15.119 Thread 0x000001907f3eea70 nmethod 4358 0x0000019008ecec08 code [0x0000019008ecede0, 0x0000019008ecf7e0]
Event: 15.119 Thread 0x000001907f3eea70 4355       3       com.sun.javafx.scene.control.skin.Utils::computeTextHeight (92 bytes)
Event: 15.120 Thread 0x000001907f3eea70 nmethod 4355 0x0000019008ecf888 code [0x0000019008ecfa60, 0x0000019008ed0258]
Event: 15.123 Thread 0x000001907f3eea70 4359       3       javafx.scene.control.Labeled::isWrapText (22 bytes)
Event: 15.124 Thread 0x000001907f3eea70 nmethod 4359 0x0000019008ed0308 code [0x0000019008ed0460, 0x0000019008ed09e8]
Event: 15.124 Thread 0x000001907f3eea70 4360       3       javafx.scene.control.skin.LabeledSkinBase::leftLabelPadding (18 bytes)
Event: 15.124 Thread 0x000001907f3eea70 nmethod 4360 0x0000019008ed0a88 code [0x0000019008ed0c80, 0x0000019008ed1b18]
Event: 15.171 Thread 0x000001907f3eea70 4361       3       java.util.concurrent.atomic.AtomicLong::incrementAndGet (14 bytes)
Event: 15.171 Thread 0x000001907f3eea70 nmethod 4361 0x0000019008ed1c08 code [0x0000019008ed1d20, 0x0000019008ed1e40]
Event: 15.230 Thread 0x000001907f3eea70 4362       1       java.util.concurrent.atomic.AtomicReference::get (5 bytes)
Event: 15.230 Thread 0x000001907f3eea70 nmethod 4362 0x000001901043ab88 code [0x000001901043ac80, 0x000001901043ad48]
Event: 15.230 Thread 0x000001907f3eea70 4363       3       java.util.Collection::stream (11 bytes)
Event: 15.231 Thread 0x000001907f3eea70 nmethod 4363 0x0000019008ed1f08 code [0x0000019008ed2040, 0x0000019008ed2240]
Event: 15.231 Thread 0x000001907f3eea70 4364       3       java.lang.Math::min (12 bytes)
Event: 15.231 Thread 0x000001907f3eea70 nmethod 4364 0x0000019008ed2288 code [0x0000019008ed23a0, 0x0000019008ed24d0]
Event: 15.315 Thread 0x000001907f3e5f10 nmethod 4335 0x000001901043ae88 code [0x000001901043b960, 0x0000019010448398]
Event: 15.316 Thread 0x000001907f3e5f10 4351       4       javafx.scene.Parent::clearSizeCache (42 bytes)
Event: 15.316 Thread 0x000001907f3e5f10 nmethod 4351 0x0000019010448788 code [0x00000190104488a0, 0x0000019010448950]

GC Heap History (6 events):
Event: 0.641 GC heap before
{Heap before GC invocations=0 (full 0):
 garbage-first heap   total reserved 4009984K, committed 253952K, used 48244K [0x000000070b400000, 0x0000000800000000)
  region size 2048K, 24 young (49152K), 0 survivors (0K)
 Metaspace       used 8729K, committed 8960K, reserved 1114112K
  class space    used 875K, committed 960K, reserved 1048576K
}
Event: 0.644 GC heap after
{Heap after GC invocations=1 (full 0):
 garbage-first heap   total reserved 4009984K, committed 253952K, used 6356K [0x000000070b400000, 0x0000000800000000)
  region size 2048K, 3 young (6144K), 3 survivors (6144K)
 Metaspace       used 8729K, committed 8960K, reserved 1114112K
  class space    used 875K, committed 960K, reserved 1048576K
}
Event: 1.230 GC heap before
{Heap before GC invocations=1 (full 0):
 garbage-first heap   total reserved 4009984K, committed 253952K, used 59604K [0x000000070b400000, 0x0000000800000000)
  region size 2048K, 31 young (63488K), 3 survivors (6144K)
 Metaspace       used 21232K, committed 21504K, reserved 1114112K
  class space    used 2388K, committed 2496K, reserved 1048576K
}
Event: 1.235 GC heap after
{Heap after GC invocations=2 (full 0):
 garbage-first heap   total reserved 4009984K, committed 253952K, used 11017K [0x000000070b400000, 0x0000000800000000)
  region size 2048K, 5 young (10240K), 5 survivors (10240K)
 Metaspace       used 21232K, committed 21504K, reserved 1114112K
  class space    used 2388K, committed 2496K, reserved 1048576K
}
Event: 1.505 GC heap before
{Heap before GC invocations=3 (full 0):
 garbage-first heap   total reserved 4009984K, committed 40960K, used 39689K [0x000000070b400000, 0x0000000800000000)
  region size 2048K, 19 young (38912K), 5 survivors (10240K)
 Metaspace       used 23903K, committed 24320K, reserved 1114112K
  class space    used 2927K, committed 3136K, reserved 1048576K
}
Event: 1.511 GC heap after
{Heap after GC invocations=4 (full 0):
 garbage-first heap   total reserved 4009984K, committed 57344K, used 14502K [0x000000070b400000, 0x0000000800000000)
  region size 2048K, 5 young (10240K), 5 survivors (10240K)
 Metaspace       used 23903K, committed 24320K, reserved 1114112K
  class space    used 2927K, committed 3136K, reserved 1048576K
}

Dll operation events (20 events):
Event: 0.338 Loaded shared library C:\Users\danielcc\.openjfx\cache\17.0.6\api-ms-win-crt-math-l1-1-0.dll
Event: 0.340 Loaded shared library C:\Users\danielcc\.openjfx\cache\17.0.6\api-ms-win-crt-multibyte-l1-1-0.dll
Event: 0.342 Loaded shared library C:\Users\danielcc\.openjfx\cache\17.0.6\api-ms-win-crt-private-l1-1-0.dll
Event: 0.344 Loaded shared library C:\Users\danielcc\.openjfx\cache\17.0.6\api-ms-win-crt-process-l1-1-0.dll
Event: 0.346 Loaded shared library C:\Users\danielcc\.openjfx\cache\17.0.6\api-ms-win-crt-runtime-l1-1-0.dll
Event: 0.348 Loaded shared library C:\Users\danielcc\.openjfx\cache\17.0.6\api-ms-win-crt-stdio-l1-1-0.dll
Event: 0.350 Loaded shared library C:\Users\danielcc\.openjfx\cache\17.0.6\api-ms-win-crt-string-l1-1-0.dll
Event: 0.352 Loaded shared library C:\Users\danielcc\.openjfx\cache\17.0.6\api-ms-win-crt-time-l1-1-0.dll
Event: 0.354 Loaded shared library C:\Users\danielcc\.openjfx\cache\17.0.6\api-ms-win-crt-utility-l1-1-0.dll
Event: 0.363 Loaded shared library C:\Users\danielcc\.openjfx\cache\17.0.6\ucrtbase.dll
Event: 0.366 Loaded shared library C:\Users\danielcc\.openjfx\cache\17.0.6\vcruntime140.dll
Event: 0.368 Loaded shared library C:\Users\danielcc\.openjfx\cache\17.0.6\vcruntime140_1.dll
Event: 0.373 Loaded shared library C:\Users\danielcc\.openjfx\cache\17.0.6\msvcp140.dll
Event: 0.375 Loaded shared library C:\Users\danielcc\.openjfx\cache\17.0.6\msvcp140_1.dll
Event: 0.378 Loaded shared library C:\Users\danielcc\.openjfx\cache\17.0.6\msvcp140_2.dll
Event: 0.401 Loaded shared library C:\Users\danielcc\.openjfx\cache\17.0.6\prism_d3d.dll
Event: 0.431 Loaded shared library C:\Users\danielcc\.openjfx\cache\17.0.6\glass.dll
Event: 0.500 Loaded shared library C:\Program Files\Java\jdk-24\bin\jimage.dll
Event: 0.615 Loaded shared library C:\Users\danielcc\.openjfx\cache\17.0.6\javafx_font.dll
Event: 0.909 Loaded shared library C:\Program Files\Java\jdk-24\bin\sunmscapi.dll

Deoptimization events (20 events):
Event: 6.229 Thread 0x000001906396c980 DEOPT PACKING pc=0x0000019008890319 sp=0x00000065cb1fa4b0
Event: 6.229 Thread 0x000001906396c980 DEOPT UNPACKING pc=0x000001900fd65722 sp=0x00000065cb1f9928 mode 0
Event: 12.638 Thread 0x000001906396c980 Uncommon trap: trap_request=0xffffffd6 fr.pc=0x000001901042cd70 relative=0x0000000000006510
Event: 12.638 Thread 0x000001906396c980 Uncommon trap: reason=array_check action=maybe_recompile pc=0x000001901042cd70 method=com.sun.javafx.css.StyleCacheEntry$Key.<init>([Ljava/util/Set;Ljavafx/scene/text/Font;)V @ 39 c2
Event: 12.638 Thread 0x000001906396c980 DEOPT PACKING pc=0x000001901042cd70 sp=0x00000065cb1fe070
Event: 12.638 Thread 0x000001906396c980 DEOPT UNPACKING pc=0x000001900fe24102 sp=0x00000065cb1fdf70 mode 2
Event: 12.638 Thread 0x000001906396c980 Uncommon trap: trap_request=0xffffffd6 fr.pc=0x000001901042cd70 relative=0x0000000000006510
Event: 12.638 Thread 0x000001906396c980 Uncommon trap: reason=array_check action=maybe_recompile pc=0x000001901042cd70 method=com.sun.javafx.css.StyleCacheEntry$Key.<init>([Ljava/util/Set;Ljavafx/scene/text/Font;)V @ 39 c2
Event: 12.638 Thread 0x000001906396c980 DEOPT PACKING pc=0x000001901042cd70 sp=0x00000065cb1fe030
Event: 12.638 Thread 0x000001906396c980 DEOPT UNPACKING pc=0x000001900fe24102 sp=0x00000065cb1fdf30 mode 2
Event: 13.933 Thread 0x000001906396c980 Uncommon trap: trap_request=0xffffffd6 fr.pc=0x000001901042cd70 relative=0x0000000000006510
Event: 13.933 Thread 0x000001906396c980 Uncommon trap: reason=array_check action=maybe_recompile pc=0x000001901042cd70 method=com.sun.javafx.css.StyleCacheEntry$Key.<init>([Ljava/util/Set;Ljavafx/scene/text/Font;)V @ 39 c2
Event: 13.933 Thread 0x000001906396c980 DEOPT PACKING pc=0x000001901042cd70 sp=0x00000065cb1fe070
Event: 13.933 Thread 0x000001906396c980 DEOPT UNPACKING pc=0x000001900fe24102 sp=0x00000065cb1fdf70 mode 2
Event: 13.933 Thread 0x000001906396c980 Uncommon trap: trap_request=0xffffffd6 fr.pc=0x000001901042cd70 relative=0x0000000000006510
Event: 13.933 Thread 0x000001906396c980 Uncommon trap: reason=array_check action=maybe_recompile pc=0x000001901042cd70 method=com.sun.javafx.css.StyleCacheEntry$Key.<init>([Ljava/util/Set;Ljavafx/scene/text/Font;)V @ 39 c2
Event: 13.933 Thread 0x000001906396c980 DEOPT PACKING pc=0x000001901042cd70 sp=0x00000065cb1fe030
Event: 13.933 Thread 0x000001906396c980 DEOPT UNPACKING pc=0x000001900fe24102 sp=0x00000065cb1fdf30 mode 2
Event: 15.022 Thread 0x0000019063726790 DEOPT PACKING pc=0x0000019008dbccb0 sp=0x00000065cadfe030
Event: 15.022 Thread 0x0000019063726790 DEOPT UNPACKING pc=0x000001900fd65722 sp=0x00000065cadfd450 mode 0

Classes loaded (20 events):
Event: 6.325 Loading class java/util/stream/LongStream done
Event: 6.325 Loading class java/util/stream/LongPipeline done
Event: 6.325 Loading class java/util/stream/LongPipeline$StatelessOp done
Event: 6.325 Loading class java/util/stream/ReferencePipeline$5 done
Event: 6.325 Loading class java/util/stream/FindOps$FindSink$OfLong
Event: 6.325 Loading class java/util/stream/Sink$OfLong
Event: 6.325 Loading class java/util/stream/Sink$OfLong done
Event: 6.325 Loading class java/util/stream/FindOps$FindSink$OfLong done
Event: 6.325 Loading class java/util/OptionalLong
Event: 6.325 Loading class java/util/OptionalLong done
Event: 6.326 Loading class java/util/stream/ReferencePipeline$5$1
Event: 6.326 Loading class java/util/stream/ReferencePipeline$5$1 done
Event: 6.326 Loading class java/lang/invoke/VarHandleBytes$FieldInstanceReadWrite
Event: 6.326 Loading class java/lang/invoke/VarHandleBytes$FieldInstanceReadOnly
Event: 6.326 Loading class java/lang/invoke/VarHandleBytes$FieldInstanceReadOnly done
Event: 6.326 Loading class java/lang/invoke/VarHandleBytes$FieldInstanceReadWrite done
Event: 6.331 Loading class java/util/LinkedList$DescendingIterator
Event: 6.331 Loading class java/util/LinkedList$DescendingIterator done
Event: 21.706 Loading class jdk/internal/misc/Signal$1
Event: 21.707 Loading class jdk/internal/misc/Signal$1 done

Classes unloaded (0 events):
No events

Classes redefined (0 events):
No events

Internal exceptions (20 events):
Event: 1.197 Thread 0x000001906396c980 Exception <a 'java/lang/ClassNotFoundException'{0x00000007171cbe30}: com/sun/javafx/scene/control/skin/resources/controls_es_ES> (0x00000007171cbe30) 
thrown [s\open\src\hotspot\share\prims\jni.cpp, line 536]
Event: 1.264 Thread 0x000001906396c980 Exception <a 'java/lang/NoSuchMethodError'{0x000000070cdf80d8}: 'void java.lang.invoke.DirectMethodHandle$Holder.invokeSpecial(java.lang.Object, java.lang.Object, java.lang.Object, java.lang.Object, java.lang.Object, java.lang.Object)'> (0x000000070cdf80d8) 
thrown [s\open\src\hotspot\share\interpreter\linkResolver.cpp, line 805]
Event: 1.270 Thread 0x000001906396c980 Implicit null exception at 0x000001901037b847 to 0x000001901037b8b0
Event: 1.439 Thread 0x000001906396c980 Exception <a 'java/lang/NoSuchMethodError'{0x000000070bae8e68}: 'int java.lang.invoke.DirectMethodHandle$Holder.invokeSpecial(java.lang.Object, java.lang.Object, int)'> (0x000000070bae8e68) 
thrown [s\open\src\hotspot\share\interpreter\linkResolver.cpp, line 805]
Event: 1.445 Thread 0x000001906396c980 Exception <a 'java/lang/NoSuchMethodError'{0x000000070b826888}: 'void java.lang.invoke.DirectMethodHandle$Holder.invokeSpecial(java.lang.Object, java.lang.Object, int, int)'> (0x000000070b826888) 
thrown [s\open\src\hotspot\share\interpreter\linkResolver.cpp, line 805]
Event: 1.445 Thread 0x000001906396c980 Exception <a 'java/lang/NoSuchMethodError'{0x000000070b835db8}: 'java.lang.Object java.lang.invoke.DirectMethodHandle$Holder.newInvokeSpecial(java.lang.Object, java.lang.Object, int, int)'> (0x000000070b835db8) 
thrown [s\open\src\hotspot\share\interpreter\linkResolver.cpp, line 805]
Event: 1.476 Thread 0x000001906396c980 Exception <a 'java/lang/NoSuchMethodError'{0x000000070b78e700}: 'long java.lang.invoke.DelegatingMethodHandle$Holder.reinvoke_L(java.lang.Object, java.lang.Object)'> (0x000000070b78e700) 
thrown [s\open\src\hotspot\share\interpreter\linkResolver.cpp, line 805]
Event: 1.477 Thread 0x000001906396c980 Exception <a 'java/lang/NoSuchMethodError'{0x000000070b7a6a68}: 'void java.lang.invoke.DelegatingMethodHandle$Holder.reinvoke_L(java.lang.Object, java.lang.Object, long)'> (0x000000070b7a6a68) 
thrown [s\open\src\hotspot\share\interpreter\linkResolver.cpp, line 805]
Event: 1.518 Thread 0x000001906396c980 Exception <a 'java/lang/NoSuchMethodError'{0x000000071a83aff8}: 'long java.lang.invoke.DirectMethodHandle$Holder.invokeStatic(java.lang.Object, java.lang.Object, java.lang.Object)'> (0x000000071a83aff8) 
thrown [s\open\src\hotspot\share\interpreter\linkResolver.cpp, line 805]
Event: 1.518 Thread 0x000001906396c980 Exception <a 'java/lang/NoSuchMethodError'{0x000000071a842e38}: 'long java.lang.invoke.DirectMethodHandle$Holder.invokeStaticInit(java.lang.Object, java.lang.Object, java.lang.Object)'> (0x000000071a842e38) 
thrown [s\open\src\hotspot\share\interpreter\linkResolver.cpp, line 805]
Event: 1.520 Thread 0x000001906396c980 Exception <a 'java/lang/NoSuchMethodError'{0x000000071a88cfc0}: 'java.lang.Object java.lang.invoke.DirectMethodHandle$Holder.newInvokeSpecial(java.lang.Object, java.lang.Object, long)'> (0x000000071a88cfc0) 
thrown [s\open\src\hotspot\share\interpreter\linkResolver.cpp, line 805]
Event: 1.520 Thread 0x000001906396c980 Exception <a 'java/lang/NoSuchMethodError'{0x000000071a895148}: 'java.lang.Object java.lang.invoke.Invokers$Holder.linkToTargetMethod(java.lang.Object, long, java.lang.Object)'> (0x000000071a895148) 
thrown [s\open\src\hotspot\share\interpreter\linkResolver.cpp, line 805]
Event: 3.485 Thread 0x000001906396c980 Implicit null exception at 0x00000190103939e2 to 0x0000019010394358
Event: 5.260 Thread 0x000001906396c980 Exception <a 'java/lang/NoSuchMethodError'{0x00000007163833f8}: 'java.lang.Object java.lang.invoke.DirectMethodHandle$Holder.newInvokeSpecial(java.lang.Object, java.lang.Object, java.lang.Object, int)'> (0x00000007163833f8) 
thrown [s\open\src\hotspot\share\interpreter\linkResolver.cpp, line 805]
Event: 5.260 Thread 0x000001906396c980 Exception <a 'java/lang/NoSuchMethodError'{0x000000071638b8e8}: 'java.lang.Object java.lang.invoke.Invokers$Holder.linkToTargetMethod(java.lang.Object, java.lang.Object, int, java.lang.Object)'> (0x000000071638b8e8) 
thrown [s\open\src\hotspot\share\interpreter\linkResolver.cpp, line 805]
Event: 6.221 Thread 0x0000019063ceffa0 Exception <a 'java/lang/NoSuchMethodError'{0x000000070cb42290}: 'java.lang.Object java.lang.invoke.DirectMethodHandle$Holder.invokeSpecial(java.lang.Object, java.lang.Object, java.lang.Object, java.lang.Object, java.lang.Object, int)'> (0x000000070cb42290) 
thrown [s\open\src\hotspot\share\interpreter\linkResolver.cpp, line 805]
Event: 6.255 Thread 0x0000019063ceffa0 Exception <a 'java/lang/NoSuchMethodError'{0x000000070c82e270}: 'long java.lang.invoke.DirectMethodHandle$Holder.invokeStatic(java.lang.Object, long, long)'> (0x000000070c82e270) 
thrown [s\open\src\hotspot\share\interpreter\linkResolver.cpp, line 805]
Event: 6.258 Thread 0x0000019063cee260 Exception <a 'java/lang/NoSuchMethodError'{0x0000000716329af8}: 'int java.lang.invoke.DirectMethodHandle$Holder.invokeStatic(java.lang.Object, int, java.lang.Object)'> (0x0000000716329af8) 
thrown [s\open\src\hotspot\share\interpreter\linkResolver.cpp, line 805]
Event: 6.258 Thread 0x0000019063cee260 Exception <a 'java/lang/NoSuchMethodError'{0x00000007163407c0}: 'void java.lang.invoke.DirectMethodHandle$Holder.invokeStatic(java.lang.Object, java.lang.Object, int)'> (0x00000007163407c0) 
thrown [s\open\src\hotspot\share\interpreter\linkResolver.cpp, line 805]
Event: 6.328 Thread 0x000001901d5aab10 Exception <a 'java/lang/NoSuchMethodError'{0x000000070c98f560}: 'void java.lang.invoke.DirectMethodHandle$Holder.invokeSpecial(java.lang.Object, java.lang.Object, java.lang.Object, java.lang.Object, java.lang.Object, java.lang.Object, java.lang.Object)'> (0x000000070c98f560) 
thrown [s\open\src\hotspot\share\interpreter\linkResolver.cpp, line 805]

VM Operations (20 events):
Event: 0.986 Executing VM operation: HandshakeAllThreads (Deoptimize) done
Event: 0.997 Executing VM operation: HandshakeAllThreads (Deoptimize)
Event: 0.997 Executing VM operation: HandshakeAllThreads (Deoptimize) done
Event: 1.018 Executing VM operation: HandshakeAllThreads (Deoptimize)
Event: 1.018 Executing VM operation: HandshakeAllThreads (Deoptimize) done
Event: 1.230 Executing VM operation: CollectForMetadataAllocation (Metadata GC Threshold)
Event: 1.235 Executing VM operation: CollectForMetadataAllocation (Metadata GC Threshold) done
Event: 1.238 Executing VM operation: G1PauseRemark
Event: 1.239 Executing VM operation: G1PauseRemark done
Event: 1.239 Executing VM operation: G1PauseCleanup
Event: 1.239 Executing VM operation: G1PauseCleanup done
Event: 1.469 Executing VM operation: HandshakeAllThreads (Deoptimize)
Event: 1.469 Executing VM operation: HandshakeAllThreads (Deoptimize) done
Event: 1.505 Executing VM operation: G1CollectForAllocation (G1 Evacuation Pause)
Event: 1.511 Executing VM operation: G1CollectForAllocation (G1 Evacuation Pause) done
Event: 6.322 Executing VM operation: HandshakeAllThreads (Deoptimize)
Event: 6.322 Executing VM operation: HandshakeAllThreads (Deoptimize) done
Event: 6.323 Executing VM operation: HandshakeAllThreads (Deoptimize)
Event: 6.323 Executing VM operation: HandshakeAllThreads (Deoptimize) done
Event: 21.708 Executing VM operation: Exit

Memory protections (0 events):
No events

Nmethod flushes (0 events):
No events

Events (20 events):
Event: 2.819 Thread 0x000001907f3eea70 Thread added: 0x000001907f3ee2e0
Event: 2.828 Thread 0x000001907f3eea70 Thread added: 0x000001907f3ed3c0
Event: 2.973 Thread 0x000001907f3ed3c0 Thread exited: 0x000001907f3ed3c0
Event: 2.973 Thread 0x000001907f3ee2e0 Thread exited: 0x000001907f3ee2e0
Event: 5.286 Thread 0x000001907f3eea70 Thread added: 0x000001907f3ef990
Event: 5.421 Thread 0x000001907f3ef990 Thread exited: 0x000001907f3ef990
Event: 6.202 Thread 0x000001906396c980 Thread added: 0x0000019063ceffa0
Event: 6.204 Thread 0x000001906396c980 Thread added: 0x000001901d5a7f30
Event: 6.218 Thread 0x000001907f3eea70 Thread added: 0x000001907f3f0120
Event: 6.259 Thread 0x0000019063cee260 Thread added: 0x000001901d5aab10
Event: 6.332 Thread 0x000001901d5aab10 Thread added: 0x000001901d5a9520
Event: 6.335 Thread 0x0000019063cee260 Thread added: 0x000001901d5a77e0
Event: 6.601 Thread 0x000001907f3f0120 Thread exited: 0x000001907f3f0120
Event: 21.707 Thread 0x000001907f3d7440 Thread added: 0x000001901d5ab9b0
Event: 21.707 Thread 0x000001901d5ab9b0 Thread added: 0x000001901d5a8680
Event: 21.707 Thread 0x000001901d5ab9b0 Thread added: 0x000001901d5aa3c0
Event: 21.707 Thread 0x000001901d5a8680 Thread exited: 0x000001901d5a8680
Event: 21.708 Thread 0x000001901d5aa3c0 Thread exited: 0x000001901d5aa3c0
Event: 21.708 Thread 0x000001901d5ab9b0 Before exit entered
Event: 21.708 Thread 0x000001907f3d7440 Thread exited: 0x000001907f3d7440


Dynamic libraries:
0x00007ff7a9360000 - 0x00007ff7a9370000 	C:\Program Files\Java\jdk-24\bin\java.exe
0x00007ff8b63a0000 - 0x00007ff8b6609000 	C:\Windows\SYSTEM32\ntdll.dll
0x00007ff8b49f0000 - 0x00007ff8b4ab9000 	C:\Windows\System32\KERNEL32.DLL
0x00007ff8b38c0000 - 0x00007ff8b3cb3000 	C:\Windows\System32\KERNELBASE.dll
0x00007ff8b3ff0000 - 0x00007ff8b413b000 	C:\Windows\System32\ucrtbase.dll
0x00007ff897be0000 - 0x00007ff897bfb000 	C:\Program Files\Java\jdk-24\bin\VCRUNTIME140.dll
0x00007ff897cb0000 - 0x00007ff897cc6000 	C:\Program Files\Java\jdk-24\bin\jli.dll
0x00007ff8b42e0000 - 0x00007ff8b44a4000 	C:\Windows\System32\USER32.dll
0x00007ff8b4140000 - 0x00007ff8b4167000 	C:\Windows\System32\win32u.dll
0x00007ff8a2760000 - 0x00007ff8a29f3000 	C:\Windows\WinSxS\amd64_microsoft.windows.common-controls_6595b64144ccf1df_6.0.26100.5074_none_3e0d6f78e32fd63f\COMCTL32.dll
0x00007ff8b4bf0000 - 0x00007ff8b4c1b000 	C:\Windows\System32\GDI32.dll
0x00007ff8b5370000 - 0x00007ff8b5419000 	C:\Windows\System32\msvcrt.dll
0x00007ff8b3cc0000 - 0x00007ff8b3ded000 	C:\Windows\System32\gdi32full.dll
0x00007ff8b3750000 - 0x00007ff8b37f3000 	C:\Windows\System32\msvcp_win.dll
0x00007ff8b42a0000 - 0x00007ff8b42cf000 	C:\Windows\System32\IMM32.DLL
0x00007ff8a6ec0000 - 0x00007ff8a6ecc000 	C:\Program Files\Java\jdk-24\bin\vcruntime140_1.dll
0x00007ff8965b0000 - 0x00007ff89663e000 	C:\Program Files\Java\jdk-24\bin\msvcp140.dll
0x00007ff843340000 - 0x00007ff8440e1000 	C:\Program Files\Java\jdk-24\bin\server\jvm.dll
0x00007ff8b57c0000 - 0x00007ff8b5874000 	C:\Windows\System32\ADVAPI32.dll
0x00007ff8b4b40000 - 0x00007ff8b4be6000 	C:\Windows\System32\sechost.dll
0x00007ff8b4170000 - 0x00007ff8b4288000 	C:\Windows\System32\RPCRT4.dll
0x00007ff8b5470000 - 0x00007ff8b54e4000 	C:\Windows\System32\WS2_32.dll
0x00007ff8b32e0000 - 0x00007ff8b333e000 	C:\Windows\SYSTEM32\POWRPROF.dll
0x00007ff8ab420000 - 0x00007ff8ab455000 	C:\Windows\SYSTEM32\WINMM.dll
0x00007ff8abc60000 - 0x00007ff8abc6b000 	C:\Windows\SYSTEM32\VERSION.dll
0x00007ff8b32c0000 - 0x00007ff8b32d4000 	C:\Windows\SYSTEM32\UMPDC.dll
0x00007ff8b21d0000 - 0x00007ff8b21eb000 	C:\Windows\SYSTEM32\kernel.appcore.dll
0x00007ff8a6b80000 - 0x00007ff8a6b8a000 	C:\Program Files\Java\jdk-24\bin\jimage.dll
0x00007ff8ac4c0000 - 0x00007ff8ac702000 	C:\Windows\SYSTEM32\DBGHELP.DLL
0x00007ff8b44c0000 - 0x00007ff8b483b000 	C:\Windows\System32\combase.dll
0x00007ff8b56e0000 - 0x00007ff8b57b7000 	C:\Windows\System32\OLEAUT32.dll
0x00007ff8a8030000 - 0x00007ff8a806d000 	C:\Windows\SYSTEM32\dbgcore.DLL
0x00007ff8b36b0000 - 0x00007ff8b3749000 	C:\Windows\System32\bcryptPrimitives.dll
0x00007ff8b0020000 - 0x00007ff8b002f000 	C:\Program Files\Java\jdk-24\bin\instrument.dll
0x00007ff897bc0000 - 0x00007ff897bde000 	C:\Program Files\Java\jdk-24\bin\java.dll
0x00007ff8b6130000 - 0x00007ff8b62c8000 	C:\Windows\System32\ole32.dll
0x00007ff8b4c20000 - 0x00007ff8b536d000 	C:\Windows\System32\SHELL32.dll
0x00007ff8b3e80000 - 0x00007ff8b3fec000 	C:\Windows\System32\wintypes.dll
0x00007ff8b0fb0000 - 0x00007ff8b1809000 	C:\Windows\SYSTEM32\windows.storage.dll
0x00007ff8b55e0000 - 0x00007ff8b56d0000 	C:\Windows\System32\SHCORE.dll
0x00007ff8b4880000 - 0x00007ff8b48e2000 	C:\Windows\System32\shlwapi.dll
0x00007ff8b3450000 - 0x00007ff8b3479000 	C:\Windows\SYSTEM32\profapi.dll
0x00007ff887740000 - 0x00007ff887817000 	C:\Program Files\Java\jdk-24\bin\jsvml.dll
0x00007ff8a57e0000 - 0x00007ff8a57f0000 	C:\Program Files\Java\jdk-24\bin\net.dll
0x00007ff8b2830000 - 0x00007ff8b289b000 	C:\Windows\system32\mswsock.dll
0x00007ff897ba0000 - 0x00007ff897bb6000 	C:\Program Files\Java\jdk-24\bin\nio.dll
0x00007ff897920000 - 0x00007ff897937000 	C:\Program Files\Java\jdk-24\bin\zip.dll
0x000001901d920000 - 0x000001901d923000 	C:\Users\danielcc\.openjfx\cache\17.0.6\api-ms-win-core-console-l1-1-0.dll
0x000001901d930000 - 0x000001901d933000 	C:\Users\danielcc\.openjfx\cache\17.0.6\api-ms-win-core-console-l1-2-0.dll
0x000001901d940000 - 0x000001901d943000 	C:\Users\danielcc\.openjfx\cache\17.0.6\api-ms-win-core-datetime-l1-1-0.dll
0x000001901d950000 - 0x000001901d953000 	C:\Users\danielcc\.openjfx\cache\17.0.6\api-ms-win-core-debug-l1-1-0.dll
0x000001901d960000 - 0x000001901d963000 	C:\Users\danielcc\.openjfx\cache\17.0.6\api-ms-win-core-errorhandling-l1-1-0.dll
0x000001901d970000 - 0x000001901d974000 	C:\Users\danielcc\.openjfx\cache\17.0.6\api-ms-win-core-file-l1-1-0.dll
0x000001901d980000 - 0x000001901d983000 	C:\Users\danielcc\.openjfx\cache\17.0.6\api-ms-win-core-file-l1-2-0.dll
0x000001901d990000 - 0x000001901d993000 	C:\Users\danielcc\.openjfx\cache\17.0.6\api-ms-win-core-file-l2-1-0.dll
0x000001901d9a0000 - 0x000001901d9a3000 	C:\Users\danielcc\.openjfx\cache\17.0.6\api-ms-win-core-handle-l1-1-0.dll
0x000001901d9b0000 - 0x000001901d9b3000 	C:\Users\danielcc\.openjfx\cache\17.0.6\api-ms-win-core-heap-l1-1-0.dll
0x000001901d9c0000 - 0x000001901d9c3000 	C:\Users\danielcc\.openjfx\cache\17.0.6\api-ms-win-core-interlocked-l1-1-0.dll
0x000001901d9d0000 - 0x000001901d9d3000 	C:\Users\danielcc\.openjfx\cache\17.0.6\api-ms-win-core-libraryloader-l1-1-0.dll
0x000001901d9e0000 - 0x000001901d9e3000 	C:\Users\danielcc\.openjfx\cache\17.0.6\api-ms-win-core-localization-l1-2-0.dll
0x000001901d9f0000 - 0x000001901d9f3000 	C:\Users\danielcc\.openjfx\cache\17.0.6\api-ms-win-core-memory-l1-1-0.dll
0x000001901da00000 - 0x000001901da03000 	C:\Users\danielcc\.openjfx\cache\17.0.6\api-ms-win-core-namedpipe-l1-1-0.dll
0x000001901da10000 - 0x000001901da13000 	C:\Users\danielcc\.openjfx\cache\17.0.6\api-ms-win-core-processenvironment-l1-1-0.dll
0x000001901da20000 - 0x000001901da23000 	C:\Users\danielcc\.openjfx\cache\17.0.6\api-ms-win-core-processthreads-l1-1-0.dll
0x000001901da30000 - 0x000001901da33000 	C:\Users\danielcc\.openjfx\cache\17.0.6\api-ms-win-core-processthreads-l1-1-1.dll
0x000001901da40000 - 0x000001901da43000 	C:\Users\danielcc\.openjfx\cache\17.0.6\api-ms-win-core-profile-l1-1-0.dll
0x000001901da50000 - 0x000001901da53000 	C:\Users\danielcc\.openjfx\cache\17.0.6\api-ms-win-core-rtlsupport-l1-1-0.dll
0x000001901da60000 - 0x000001901da63000 	C:\Users\danielcc\.openjfx\cache\17.0.6\api-ms-win-core-string-l1-1-0.dll
0x000001901da70000 - 0x000001901da73000 	C:\Users\danielcc\.openjfx\cache\17.0.6\api-ms-win-core-synch-l1-1-0.dll
0x000001901da80000 - 0x000001901da83000 	C:\Users\danielcc\.openjfx\cache\17.0.6\api-ms-win-core-synch-l1-2-0.dll
0x000001901da90000 - 0x000001901da93000 	C:\Users\danielcc\.openjfx\cache\17.0.6\api-ms-win-core-sysinfo-l1-1-0.dll
0x000001901daa0000 - 0x000001901daa3000 	C:\Users\danielcc\.openjfx\cache\17.0.6\api-ms-win-core-timezone-l1-1-0.dll
0x000001901dab0000 - 0x000001901dab3000 	C:\Users\danielcc\.openjfx\cache\17.0.6\api-ms-win-core-util-l1-1-0.dll
0x000001901dac0000 - 0x000001901dac3000 	C:\Users\danielcc\.openjfx\cache\17.0.6\api-ms-win-crt-conio-l1-1-0.dll
0x000001901dad0000 - 0x000001901dad4000 	C:\Users\danielcc\.openjfx\cache\17.0.6\api-ms-win-crt-convert-l1-1-0.dll
0x000001901dae0000 - 0x000001901dae3000 	C:\Users\danielcc\.openjfx\cache\17.0.6\api-ms-win-crt-environment-l1-1-0.dll
0x000001901daf0000 - 0x000001901daf3000 	C:\Users\danielcc\.openjfx\cache\17.0.6\api-ms-win-crt-filesystem-l1-1-0.dll
0x000001901db00000 - 0x000001901db03000 	C:\Users\danielcc\.openjfx\cache\17.0.6\api-ms-win-crt-heap-l1-1-0.dll
0x000001901db10000 - 0x000001901db13000 	C:\Users\danielcc\.openjfx\cache\17.0.6\api-ms-win-crt-locale-l1-1-0.dll
0x000001901db20000 - 0x000001901db25000 	C:\Users\danielcc\.openjfx\cache\17.0.6\api-ms-win-crt-math-l1-1-0.dll
0x000001901db30000 - 0x000001901db35000 	C:\Users\danielcc\.openjfx\cache\17.0.6\api-ms-win-crt-multibyte-l1-1-0.dll
0x000001901db40000 - 0x000001901db50000 	C:\Users\danielcc\.openjfx\cache\17.0.6\api-ms-win-crt-private-l1-1-0.dll
0x000001901db50000 - 0x000001901db53000 	C:\Users\danielcc\.openjfx\cache\17.0.6\api-ms-win-crt-process-l1-1-0.dll
0x000001901db60000 - 0x000001901db64000 	C:\Users\danielcc\.openjfx\cache\17.0.6\api-ms-win-crt-runtime-l1-1-0.dll
0x000001901db70000 - 0x000001901db74000 	C:\Users\danielcc\.openjfx\cache\17.0.6\api-ms-win-crt-stdio-l1-1-0.dll
0x000001901db80000 - 0x000001901db84000 	C:\Users\danielcc\.openjfx\cache\17.0.6\api-ms-win-crt-string-l1-1-0.dll
0x000001901db90000 - 0x000001901db93000 	C:\Users\danielcc\.openjfx\cache\17.0.6\api-ms-win-crt-time-l1-1-0.dll
0x000001901dba0000 - 0x000001901dba3000 	C:\Users\danielcc\.openjfx\cache\17.0.6\api-ms-win-crt-utility-l1-1-0.dll
0x00007ff872ec0000 - 0x00007ff872fbc000 	C:\Users\danielcc\.openjfx\cache\17.0.6\ucrtbase.dll
0x00007ff8a6250000 - 0x00007ff8a626a000 	C:\Users\danielcc\.openjfx\cache\17.0.6\vcruntime140.dll
0x00007ff89d990000 - 0x00007ff89d99c000 	C:\Users\danielcc\.openjfx\cache\17.0.6\vcruntime140_1.dll
0x00007ff89cf50000 - 0x00007ff89cfdd000 	C:\Users\danielcc\.openjfx\cache\17.0.6\msvcp140.dll
0x00007ff89d0f0000 - 0x00007ff89d0f9000 	C:\Users\danielcc\.openjfx\cache\17.0.6\msvcp140_1.dll
0x00007ff89cf20000 - 0x00007ff89cf4f000 	C:\Users\danielcc\.openjfx\cache\17.0.6\msvcp140_2.dll
0x00007ff899ce0000 - 0x00007ff899d0a000 	C:\Users\danielcc\.openjfx\cache\17.0.6\prism_d3d.dll
0x00007ff881f90000 - 0x00007ff882141000 	C:\Windows\system32\d3d9.dll
0x00007ff8b08e0000 - 0x00007ff8b090b000 	C:\Windows\SYSTEM32\dwmapi.dll
0x00007ff8b0730000 - 0x00007ff8b0774000 	C:\Windows\SYSTEM32\dxcore.dll
0x00007ff8b05e0000 - 0x00007ff8b0688000 	C:\Windows\system32\uxtheme.dll
0x00007ff8ab460000 - 0x00007ff8ab61b000 	C:\WINDOWS\System32\DriverStore\FileRepository\u0387827.inf_amd64_7004fc67026a57ee\B384926\aticfx64.dll
0x00007ff865030000 - 0x00007ff865064000 	C:\WINDOWS\System32\DriverStore\FileRepository\u0387827.inf_amd64_7004fc67026a57ee\B384926\atiu9p64.dll
0x00007ff855ab0000 - 0x00007ff856805000 	C:\WINDOWS\System32\DriverStore\FileRepository\u0387827.inf_amd64_7004fc67026a57ee\B384926\atiumd64.dll
0x000000005bea0000 - 0x000000005cdc7000 	C:\Windows\System32\DriverStore\FileRepository\u0387827.inf_amd64_7004fc67026a57ee\B384926\atiumd6a.dll
0x00007ff8b58e0000 - 0x00007ff8b5d67000 	C:\Windows\System32\SETUPAPI.dll
0x00007ff8a8cc0000 - 0x00007ff8a8cf5000 	C:\Windows\SYSTEM32\amdihk64.dll
0x00007ff8ac430000 - 0x00007ff8ac490000 	C:\Windows\SYSTEM32\directxdatabasehelper.dll
0x00007ff893cb0000 - 0x00007ff893cf2000 	C:\Users\danielcc\.openjfx\cache\17.0.6\glass.dll
0x00007ff8b48f0000 - 0x00007ff8b49e1000 	C:\Windows\System32\COMDLG32.dll
0x00007ff8b5fd0000 - 0x00007ff8b6128000 	C:\Windows\System32\MSCTF.dll
0x00007ff89cc50000 - 0x00007ff89cc64000 	C:\Users\danielcc\.openjfx\cache\17.0.6\javafx_font.dll
0x00007ff8b2c00000 - 0x00007ff8b2c1b000 	C:\Windows\SYSTEM32\CRYPTSP.dll
0x00007ff8b2250000 - 0x00007ff8b228b000 	C:\Windows\system32\rsaenh.dll
0x00007ff8b28d0000 - 0x00007ff8b28fb000 	C:\Windows\SYSTEM32\USERENV.dll
0x00007ff8b3420000 - 0x00007ff8b3446000 	C:\Windows\SYSTEM32\bcrypt.dll
0x00007ff8b2a60000 - 0x00007ff8b2a6c000 	C:\Windows\SYSTEM32\CRYPTBASE.dll
0x00007ff8b1a20000 - 0x00007ff8b1a54000 	C:\Windows\SYSTEM32\IPHLPAPI.DLL
0x00007ff8b4870000 - 0x00007ff8b487a000 	C:\Windows\System32\NSI.dll
0x00007ff8b1aa0000 - 0x00007ff8b1bc6000 	C:\Windows\SYSTEM32\DNSAPI.dll
0x00007ff8ad900000 - 0x00007ff8ad90b000 	C:\Windows\System32\rasadhlp.dll
0x00007ff8ae170000 - 0x00007ff8ae1f6000 	C:\Windows\System32\fwpuclnt.dll
0x00007ff8a5470000 - 0x00007ff8a547e000 	C:\Program Files\Java\jdk-24\bin\sunmscapi.dll
0x00007ff8b3530000 - 0x00007ff8b36a7000 	C:\Windows\System32\CRYPT32.dll
0x00007ff8b2d50000 - 0x00007ff8b2d80000 	C:\Windows\SYSTEM32\ncrypt.dll
0x00007ff8b2d00000 - 0x00007ff8b2d3f000 	C:\Windows\SYSTEM32\NTASN1.dll
0x00007ff89cae0000 - 0x00007ff89cae8000 	C:\Windows\system32\wshunix.dll
0x00007ff8ae900000 - 0x00007ff8aeb67000 	C:\Windows\SYSTEM32\dwrite.dll
0x00007ff8b54f0000 - 0x00007ff8b55a1000 	C:\Windows\System32\clbcatq.dll
0x00007ff8ae6c0000 - 0x00007ff8ae8ef000 	C:\Windows\SYSTEM32\WindowsCodecs.dll

JVMTI agents:
C:\Program Files\JetBrains\IntelliJ IDEA Community Edition 2025.2.1\lib\idea_rt.jar path:C:\Program Files\Java\jdk-24\bin\instrument.dll, loaded, initialized, instrumentlib options:60113

dbghelp: loaded successfully - version: 4.0.5 - missing functions: none
symbol engine: initialized successfully - sym options: 0x614 - pdb path: .;C:\Program Files\Java\jdk-24\bin;C:\Windows\SYSTEM32;C:\Windows\WinSxS\amd64_microsoft.windows.common-controls_6595b64144ccf1df_6.0.26100.5074_none_3e0d6f78e32fd63f;C:\Program Files\Java\jdk-24\bin\server;C:\Users\danielcc\.openjfx\cache\17.0.6;C:\WINDOWS\System32\DriverStore\FileRepository\u0387827.inf_amd64_7004fc67026a57ee\B384926;C:\Program Files\Common Files\Microsoft Shared\Ink

VM Arguments:
jvm_args: -javaagent:C:\Program Files\JetBrains\IntelliJ IDEA Community Edition 2025.2.1\lib\idea_rt.jar=60113 -Dfile.encoding=UTF-8 -Dsun.stdout.encoding=UTF-8 -Dsun.stderr.encoding=UTF-8 --module-path=C:\Users\danielcc\.m2\repository\com\github\almasb\fxgl\11.17\fxgl-11.17.jar;C:\Users\danielcc\.m2\repository\com\fasterxml\jackson\core\jackson-databind\2.12.1\jackson-databind-2.12.1.jar;C:\Users\danielcc\.m2\repository\com\gluonhq\attach\lifecycle\4.0.9\lifecycle-4.0.9.jar;C:\Users\danielcc\.m2\repository\org\openjfx\javafx-base\17.0.6\javafx-base-17.0.6-win.jar;C:\Users\danielcc\.m2\repository\com\fasterxml\jackson\core\jackson-annotations\2.12.1\jackson-annotations-2.12.1.jar;C:\Users\danielcc\.m2\repository\org\jetbrains\kotlin\kotlin-stdlib\1.5.10\kotlin-stdlib-1.5.10-modular.jar;C:\Users\danielcc\.m2\repository\com\fasterxml\jackson\core\jackson-core\2.12.1\jackson-core-2.12.1.jar;C:\Users\danielcc\.m2\repository\org\openjfx\javafx-controls\17.0.6\javafx-controls-17.0.6-win.jar;C:\Users\danielcc\Desktop\DAM 1T\code\practicaOrtoRestaurante\desktopIJ\target\classes;C:\Users\danielcc\.m2\repository\com\gluonhq\attach\storage\4.0.9\storage-4.0.9.jar;C:\Users\danielcc\.m2\repository\org\openjfx\javafx-fxml\17.0.6\javafx-fxml-17.0.6-win.jar;C:\Users\danielcc\.m2\repository\org\openjfx\javafx-web\17.0.6\javafx-web-17.0.6-win.jar;C:\Users\danielcc\.m2\repository\com\gluonhq\attach\audio\4.0.9\audio-4.0.9.jar;C:\Users\danielcc\.m2\repository\eu\hansolo\tilesfx\11.48\tilesfx-11.48.jar;C:\Users\danielcc\.m2\repository\com\google\errorprone\error_prone_annotations\2.38.0\error_prone_annotations-2.38.0.jar;C:\Users\danielcc\.m2\repository\org\mongodb\bson\5.5.1\bson-5.5.1.jar;C:\Users\danielcc\.m2\repository\org\mongodb\mongodb-driver-sync\5.5.1\mongodb-driver-sync-5.5.1.jar;C:\Users\danielcc\.m2\repository\com\gluonhq\attach\util\4.0.9\util-4.0.9.jar;C:\Users\danielcc\.m2\repository\org\kordamp\ikonli\ikonli-javafx\12.3.1\ikonli-javafx-12.3.1.jar;C:\Users\danielcc\.m2\repository\com\github\almasb\fxgl-scene\11.17\fxgl-scene-11.17.jar;C:\Users\danielcc\.m2\repository\com\github\almasb\fxgl-entity\11.17\fxgl-entity-11.17.jar;C:\Users\danielcc\.m2\repository-Djdk.module.main=com.example.practortorestaurantedesktopp 
java_command: com.example.practortorestaurantedesktopp/com.example.practortorestaurantedesktopp.HelloApplication
java_class_path (initial): C:\Users\danielcc\.m2\repository\org\mongodb\bson-record-codec\5.5.1\bson-record-codec-5.5.1.jar;C:\Users\danielcc\.m2\repository\org\slf4j\slf4j-jdk14\1.7.28\slf4j-jdk14-1.7.28.jar;C:\Users\danielcc\.m2\repository\org\slf4j\slf4j-api\1.7.28\slf4j-api-1.7.28.jar;C:\Users\danielcc\.m2\repository\org\openjfx\javafx-controls\17.0.6\javafx-controls-17.0.6.jar;C:\Users\danielcc\.m2\repository\org\openjfx\javafx-graphics\17.0.6\javafx-graphics-17.0.6.jar;C:\Users\danielcc\.m2\repository\org\openjfx\javafx-base\17.0.6\javafx-base-17.0.6.jar;C:\Users\danielcc\.m2\repository\org\openjfx\javafx-fxml\17.0.6\javafx-fxml-17.0.6.jar;C:\Users\danielcc\.m2\repository\org\openjfx\javafx-web\17.0.6\javafx-web-17.0.6.jar;C:\Users\danielcc\.m2\repository\org\openjfx\javafx-swing\17.0.6\javafx-swing-17.0.6.jar;C:\Users\danielcc\.m2\repository\org\openjfx\javafx-swing\17.0.6\javafx-swing-17.0.6-win.jar;C:\Users\danielcc\.m2\repository\org\openjfx\javafx-media\17.0.6\javafx-media-17.0.6.jar;C:\Users\danielcc\.m2\repository\org\jetbrains\annotations\13.0\annotations-13.0.jar;C:\Users\danielcc\.m2\repository\org\jetbrains\kotlin\kotlin-stdlib-common\1.5.10\kotlin-stdlib-common-1.5.10.jar
Launcher Type: SUN_STANDARD

[Global flags]
     intx CICompilerCount                          = 4                                         {product} {ergonomic}
     uint ConcGCThreads                            = 3                                         {product} {ergonomic}
     uint G1ConcRefinementThreads                  = 10                                        {product} {ergonomic}
   size_t G1HeapRegionSize                         = 2097152                                   {product} {ergonomic}
   size_t InitialHeapSize                          = 257949696                                 {product} {ergonomic}
   size_t MarkStackSize                            = 4194304                                   {product} {ergonomic}
   size_t MarkStackSizeMax                         = 536870912                                 {product} {ergonomic}
   size_t MaxHeapSize                              = 4106223616                                {product} {ergonomic}
   size_t MaxNewSize                               = 2462056448                                {product} {ergonomic}
   size_t MinHeapDeltaBytes                        = 2097152                                   {product} {ergonomic}
   size_t MinHeapSize                              = 8388608                                   {product} {ergonomic}
    uintx NonNMethodCodeHeapSize                   = 5832704                                {pd product} {ergonomic}
    uintx NonProfiledCodeHeapSize                  = 122945536                              {pd product} {ergonomic}
    uintx ProfiledCodeHeapSize                     = 122880000                              {pd product} {ergonomic}
    uintx ReservedCodeCacheSize                    = 251658240                              {pd product} {ergonomic}
     bool SegmentedCodeCache                       = true                                      {product} {ergonomic}
   size_t SoftMaxHeapSize                          = 4106223616                             {manageable} {ergonomic}
     bool UseCompressedOops                        = true                           {product lp64_product} {ergonomic}
     bool UseG1GC                                  = true                                      {product} {ergonomic}
     bool UseLargePagesIndividualAllocation        = false                                  {pd product} {ergonomic}

Logging:
Log output configuration:
 #0: stdout all=off uptime,level,tags foldmultilines=false
 #1: stderr all=off uptime,level,tags foldmultilines=false

Environment Variables:
PATH=C:\Program Files\Common Files\Oracle\Java\javapath;C:\Windows\system32;C:\Windows;C:\Windows\System32\Wbem;C:\Windows\System32\WindowsPowerShell\v1.0\;C:\Windows\System32\OpenSSH\;C:\Program Files\nodejs\;C:\kotlinc\bin;C:\javafx-sdk-25\lib;;C:\Strawberry\c\bin;C:\Strawberry\perl\site\bin;C:\Strawberry\perl\bin;C:\Program Files\Docker\Docker\resources\bin;C:\Users\danielcc\AppData\Local\Programs\Python\Python314\Scripts\;C:\Users\danielcc\AppData\Local\Programs\Python\Python314\;C:\Users\danielcc\AppData\Local\Programs\Python\Launcher\;C:\Users\danielcc\AppData\Local\Microsoft\WindowsApps;C:\Users\danielcc\AppData\Local\Programs\Microsoft VS Code\bin;C:\Users\danielcc\AppData\Local\Programs\Git\cmd;C:\Users\danielcc\AppData\Roaming\npm;C:\Users\danielcc\AppData\Local\Programs\MiKTeX\miktex\bin\x64\
USERNAME=danielcc
OS=Windows_NT
PROCESSOR_IDENTIFIER=AMD64 Family 25 Model 80 Stepping 0, AuthenticAMD
TMP=C:\Users\danielcc\AppData\Local\Temp
TEMP=C:\Users\danielcc\AppData\Local\Temp




Periodic native trim disabled

---------------  S Y S T E M  ---------------

OS:
 Windows 11 , 64 bit Build 26100 (10.0.26100.5074)
OS uptime: 7 days 22:31 hours
Hyper-V role detected

CPU: total 12 (initial active 12) (12 cores per cpu, 2 threads per core) family 25 model 80 stepping 0 microcode 0xa50000d, cx8, cmov, fxsr, ht, mmx, 3dnowpref, sse, sse2, sse3, ssse3, sse4a, sse4.1, sse4.2, popcnt, lzcnt, tsc, tscinvbit, avx, avx2, aes, erms, clmul, bmi1, bmi2, adx, sha, fma, vzeroupper, clflush, clflushopt, hv, rdtscp, rdpid, fsrm, f16c, cet_ss
Processor Information for the first 12 processors :
  Max Mhz: 3901, Current Mhz: 3901, Mhz Limit: 3901

Memory: 4k page, system-wide physical 15659M (1995M free)
TotalPageFile size 25881M (AvailPageFile size 1412M)
current process WorkingSet (physical memory assigned to process): 178M, peak: 207M
current process commit charge ("private bytes"): 242M, peak: 413M

vm_info: Java HotSpot(TM) 64-Bit Server VM (24.0.2+12-54) for windows-amd64 JRE (24.0.2+12-54), built on 2025-07-08T12:10:27Z with MS VC++ 17.6 (VS2022)

END.
