#
# A fatal error has been detected by the Java Runtime Environment:
#
#  EXCEPTION_ACCESS_VIOLATION (0xc0000005) at pc=0x00007ff893cd6b07, pid=14552, tid=6872
#
# JRE version: Java(TM) SE Runtime Environment (24.0.2+12) (build 24.0.2+12-54)
# Java VM: Java HotSpot(TM) 64-Bit Server VM (24.0.2+12-54, mixed mode, sharing, tiered, compressed oops, compressed class ptrs, g1 gc, windows-amd64)
# Problematic frame:
# C  [glass.dll+0x26b07]
#
# No core dump will be written. Minidumps are not enabled by default on client versions of Windows
#
# If you would like to submit a bug report, please visit:
#   https://bugreport.java.com/bugreport/crash.jsp
#

---------------  S U M M A R Y ------------

Command Line: -javaagent:C:\Program Files\JetBrains\IntelliJ IDEA Community Edition 2025.2.1\lib\idea_rt.jar=53929 -Dfile.encoding=UTF-8 -Dsun.stdout.encoding=UTF-8 -Dsun.stderr.encoding=UTF-8 --module-path=C:\Users\danielcc\.m2\repository\com\github\almasb\fxgl\11.17\fxgl-11.17.jar;C:\Users\danielcc\.m2\repository\com\fasterxml\jackson\core\jackson-databind\2.12.1\jackson-databind-2.12.1.jar;C:\Users\danielcc\.m2\repository\com\gluonhq\attach\lifecycle\4.0.9\lifecycle-4.0.9.jar;C:\Users\danielcc\.m2\repository\org\openjfx\javafx-base\17.0.6\javafx-base-17.0.6-win.jar;C:\Users\danielcc\.m2\repository\com\fasterxml\jackson\core\jackson-annotations\2.12.1\jackson-annotations-2.12.1.jar;C:\Users\danielcc\.m2\repository\org\jetbrains\kotlin\kotlin-stdlib\1.5.10\kotlin-stdlib-1.5.10-modular.jar;C:\Users\danielcc\.m2\repository\com\fasterxml\jackson\core\jackson-core\2.12.1\jackson-core-2.12.1.jar;C:\Users\danielcc\.m2\repository\org\openjfx\javafx-controls\17.0.6\javafx-controls-17.0.6-win.jar;C:\Users\danielcc\Desktop\DAM 1T\code\practicaOrtoRestaurante\desktopIJ\target\classes;C:\Users\danielcc\.m2\repository\com\gluonhq\attach\storage\4.0.9\storage-4.0.9.jar;C:\Users\danielcc\.m2\repository\org\openjfx\javafx-fxml\17.0.6\javafx-fxml-17.0.6-win.jar;C:\Users\danielcc\.m2\repository\org\openjfx\javafx-web\17.0.6\javafx-web-17.0.6-win.jar;C:\Users\danielcc\.m2\repository\com\gluonhq\attach\audio\4.0.9\audio-4.0.9.jar;C:\Users\danielcc\.m2\repository\eu\hansolo\tilesfx\11.48\tilesfx-11.48.jar;C:\Users\danielcc\.m2\repository\com\google\errorprone\error_prone_annotations\2.38.0\error_prone_annotations-2.38.0.jar;C:\Users\danielcc\.m2\repository\org\mongodb\bson\5.5.1\bson-5.5.1.jar;C:\Users\danielcc\.m2\repository\org\mongodb\mongodb-driver-sync\5.5.1\mongodb-driver-sync-5.5.1.jar;C:\Users\danielcc\.m2\repository\com\gluonhq\attach\util\4.0.9\util-4.0.9.jar;C:\Users\danielcc\.m2\repository\org\kordamp\ikonli\ikonli-javafx\12.3.1\ikonli-javafx-12.3.1.jar;C:\Users\danielcc\.m2\repository\com\github\almasb\fxgl-scene\11.17\fxgl-scene-11.17.jar;C:\Users\danielcc\.m2\repository\com\github\almasb\fxgl-entity\11.17\fxgl-entity-11.17.jar;C:\Users\danielcc\.m2\repository-Djdk.module.main=com.example.practortorestaurantedesktopp com.example.practortorestaurantedesktopp/com.example.practortorestaurantedesktopp.HelloApplication

Host: AMD Ryzen 5 5600G with Radeon Graphics         , 12 cores, 15G,  Windows 11 , 64 bit Build 26100 (10.0.26100.5074)
Time: Tue Nov  4 16:49:09 2025 Hora estándar romance elapsed time: 1024.538334 seconds (0d 0h 17m 4s)

---------------  T H R E A D  ---------------

Current thread (0x000001e2b7f37450):  VMThread "VM Thread"          [id=6872, stack(0x000000c9f7e00000,0x000000c9f7f00000) (1024K)]

Stack: [0x000000c9f7e00000,0x000000c9f7f00000],  sp=0x000000c9f7eff340,  free space=1020k
Native frames: (J=compiled Java code, j=interpreted, Vv=VM code, C=native code)
C  [glass.dll+0x26b07]  (no source info available)
C  [ucrtbase.dll+0x4bc75]  (no source info available)
C  [ucrtbase.dll+0x4b897]  (no source info available)
C  [ucrtbase.dll+0x4b84d]  (no source info available)
C  [glass.dll+0x24261]  (no source info available)
C  [glass.dll+0x24386]  (no source info available)
C  [ntdll.dll+0x160ede]  (no source info available)
C  [ntdll.dll+0x7483e]  (no source info available)
C  [ntdll.dll+0xfdfff]  (no source info available)
C  [ntdll.dll+0x8ede]  (no source info available)
C  [KERNEL32.DLL+0x418ab]  (no source info available)
C  [ucrtbase.dll+0xa0093]  (no source info available)
V  [jvm.dll+0x72928c]  (no source info available)
V  [jvm.dll+0x728dc0]  (no source info available)
V  [jvm.dll+0x41b344]  (no source info available)
V  [jvm.dll+0x8e29c2]  (no source info available)
V  [jvm.dll+0x8e3d0c]  (no source info available)
V  [jvm.dll+0x8e4278]  (no source info available)
V  [jvm.dll+0x8e4513]  (no source info available)
V  [jvm.dll+0x87d9eb]  (no source info available)
V  [jvm.dll+0x72ef45]  (no source info available)
C  [ucrtbase.dll+0x37b0]  (no source info available)
C  [KERNEL32.DLL+0x2e8d7]  (no source info available)
C  [ntdll.dll+0x8d9c]  (no source info available)


siginfo: EXCEPTION_ACCESS_VIOLATION (0xc0000005), reading address 0x0000000000000000


Registers:
RAX=0x0000000000000000, RBX=0x000001e2b7f40b12, RCX=0x000001e2b7f37450, RDX=0x000000c9f7eff340
RSP=0x000000c9f7eff340, RBP=0x0000af0b95bdc67a, RSI=0x000001e2fe188968, RDI=0x000001e2fe188940
R8 =0x0000000000010002, R9 =0x0000af0b95bdc67a, R10=0x000001e2964e0000, R11=0x000000c9f7eff428
R12=0x0000000000000001, R13=0x00007ff893cd43d4, R14=0x000000c9f7eff448, R15=0x000001e2fe188940
RIP=0x00007ff893cd6b07, EFLAGS=0x0000000000010202

XMM[0]=0x0000000000000000 0x0000000000000000
XMM[1]=0x0000000000000000 0x0000000000000000
XMM[2]=0x0000000000000000 0x0000000000000000
XMM[3]=0x0000000000000000 0x0000000000000000
XMM[4]=0x0000000000000000 0x0000000000000000
XMM[5]=0x0000000000000000 0x0000000000000000
XMM[6]=0x0000000000000000 0x0000000000000000
XMM[7]=0x0000000000000000 0x404e000000000000
XMM[8]=0x0000000000000000 0x0000000000000000
XMM[9]=0x0000000000000000 0x0000000000000000
XMM[10]=0x0000000000000000 0x0000000000000000
XMM[11]=0x0000000000000000 0x0000000000000000
XMM[12]=0x0000000000000000 0x0000000000000000
XMM[13]=0x0000000000000000 0x0000000000000000
XMM[14]=0x0000000000000000 0x0000000000000000
XMM[15]=0x0000000000000000 0x0000000000000000
  MXCSR=0x00001fa0


Register to memory mapping:

RAX=0x0 is null
RBX=0x000001e2b7f40b12 is a global jni handle
RCX=0x000001e2b7f37450 points into unknown readable memory: 0x00007ff843e27c38 | 38 7c e2 43 f8 7f 00 00
RDX=0x000000c9f7eff340 points into unknown readable memory: 0x0000000000000000 | 00 00 00 00 00 00 00 00
RSP=0x000000c9f7eff340 points into unknown readable memory: 0x0000000000000000 | 00 00 00 00 00 00 00 00
RBP=0x0000af0b95bdc67a is an unknown value
RSI=0x000001e2fe188968 points into unknown readable memory: 0x0000af0b95bdc67a | 7a c6 bd 95 0b af 00 00
RDI=0x000001e2fe188940 points into unknown readable memory: 0xb000aef477f2f281 | 81 f2 f2 77 f4 ae 00 b0
R8 =0x0000000000010002 is an unknown value
R9 =0x0000af0b95bdc67a is an unknown value
R10=0x000001e2964e0000 points into unknown readable memory: 0x0000000000000000 | 00 00 00 00 00 00 00 00
R11=0x000000c9f7eff428 points into unknown readable memory: 0x00007ff893cd4261 | 61 42 cd 93 f8 7f 00 00
R12=0x0000000000000001 is an unknown value
R13=0x00007ff893cd43d4 glass.dll
R14=0x000000c9f7eff448 points into unknown readable memory: 0x000000c9f7eff430 | 30 f4 ef f7 c9 00 00 00
R15=0x000001e2fe188940 points into unknown readable memory: 0xb000aef477f2f281 | 81 f2 f2 77 f4 ae 00 b0

Top of Stack: (sp=0x000000c9f7eff340)
0x000000c9f7eff340:   0000000000000000 000001e200000000   ................
0x000000c9f7eff350:   000001e2fe264130 0000000000000001   0A&.............
0x000000c9f7eff360:   000001e2fe188948 00007ff8b403bc75   H.......u.......
0x000000c9f7eff370:   000001e2fe188940 000001e200000000   @...............
0x000000c9f7eff380:   000001e2fe188960 0000af0b95bdc67a   `.......z.......
0x000000c9f7eff390:   fffffffffffffffe 00007ff89d0e0000   ................
0x000000c9f7eff3a0:   00007ff893cb0000 00007ff893cb0000   ................
0x000000c9f7eff3b0:   000000c9f7eff438 00007ff8b403b897   8...............
0x000000c9f7eff3c0:   000000c9f7eff400 000000c9f7eff448   ........H.......
0x000000c9f7eff3d0:   000000c9f7eff730 00007ff8b41288c0   0...............
0x000000c9f7eff3e0:   0000000000000001 00007ff8b403b84d   ........M.......
0x000000c9f7eff3f0:   0000000000000000 0000000000000001   ................
0x000000c9f7eff400:   000000c9f7eff730 000000c9f7eff438   0.......8.......
0x000000c9f7eff410:   fffffffffffffffe 00007ff8b63e6003   .........`>.....
0x000000c9f7eff420:   0000000000000000 00007ff893cd4261   ........aB......
0x000000c9f7eff430:   00007ff893cea138 000000c900000002   8...............
0x000000c9f7eff440:   00007ff800000002 000000c9f7eff430   ........0.......
0x000000c9f7eff450:   0000000000000000 00007ff8b2c05e37   ........7^......
0x000000c9f7eff460:   0000000000000000 00007ff893cd4386   .........C......
0x000000c9f7eff470:   0000000000000001 0000000000000000   ................
0x000000c9f7eff480:   0000000000000001 00007ff8b6414f8f   .........OA.....
0x000000c9f7eff490:   00007ff8b2c00000 000000c9f7eff730   ........0.......
0x000000c9f7eff4a0:   0000000000000001 0000000000000000   ................
0x000000c9f7eff4b0:   0000000000000000 000000007ffe0384   ................
0x000000c9f7eff4c0:   000001e2fe173750 00007ff8b6500ede   P7........P.....
0x000000c9f7eff4d0:   00007ff893cb0000 000001e200000000   ................
0x000000c9f7eff4e0:   0000000000000001 000000007ffe0385   ................
0x000000c9f7eff4f0:   00007ff893cd7590 00007ff8b641483e   .u......>HA.....
0x000000c9f7eff500:   0000000000000000 0000000000000000   ................
0x000000c9f7eff510:   0000000000000000 0000000000000000   ................
0x000000c9f7eff520:   0000000000000000 0000000000000000   ................
0x000000c9f7eff530:   0000000000000000 0000000000000000   ................

Instructions: (pc=0x00007ff893cd6b07)
  0x00007ff893cd6a07:   8b 4d 58 e8 01 cf ff ff 48 8b 4d 60 e8 f8 ce ff
  0x00007ff893cd6a17:   ff 48 8b 95 80 00 00 00 48 8b 8d 18 01 00 00 e8
  0x00007ff893cd6a27:   c6 c3 ff ff 33 d2 33 c9 e8 3c e1 ff ff 90 48 89
  0x00007ff893cd6a37:   54 24 10 55 48 83 ec 20 48 8b ea 48 b8 00 00 00
  0x00007ff893cd6a47:   00 00 00 00 00 48 83 c4 20 5d c3 cc 40 55 48 8b
  0x00007ff893cd6a57:   ea 48 8b 01 33 c9 81 38 05 00 00 c0 0f 94 c1 8b
  0x00007ff893cd6a67:   c1 5d c3 cc 40 55 48 83 ec 20 48 8b ea 8a 4d 40
  0x00007ff893cd6a77:   48 83 c4 20 5d e9 f7 d2 ff ff cc 40 55 48 83 ec
  0x00007ff893cd6a87:   20 48 8b ea 8a 4d 20 e8 e5 d2 ff ff 90 48 83 c4
  0x00007ff893cd6a97:   20 5d c3 cc 40 55 48 83 ec 20 48 8b ea 48 83 c4
  0x00007ff893cd6aa7:   20 5d e9 46 d1 ff ff cc 40 55 48 83 ec 30 48 8b
  0x00007ff893cd6ab7:   ea 48 8b 01 8b 10 48 89 4c 24 28 89 54 24 20 4c
  0x00007ff893cd6ac7:   8d 0d e7 d5 ff ff 4c 8b 45 70 8b 55 68 48 8b 4d
  0x00007ff893cd6ad7:   60 e8 87 d0 ff ff 90 48 83 c4 30 5d c3 cc cc cc
  0x00007ff893cd6ae7:   cc cc cc cc cc cc cc cc cc 40 53 48 83 ec 20 48
  0x00007ff893cd6af7:   8b 1d 33 30 01 00 48 85 db 74 16 e8 09 8b ff ff
=>0x00007ff893cd6b07:   4c 8b 00 48 8b d3 48 8b c8 41 ff 90 b0 00 00 00
  0x00007ff893cd6b17:   90 48 83 c4 20 5b c3 cc cc 40 53 48 83 ec 20 48
  0x00007ff893cd6b27:   8b 1d ab 31 01 00 48 85 db 74 57 b8 ff ff ff ff
  0x00007ff893cd6b37:   f0 0f c1 43 10 83 f8 01 75 3d 48 85 db 74 38 48
  0x00007ff893cd6b47:   8b 0b 48 85 c9 74 0d ff 15 54 07 00 00 48 c7 03
  0x00007ff893cd6b57:   00 00 00 00 48 8b 4b 08 48 85 c9 74 0d e8 a7 cd
  0x00007ff893cd6b67:   ff ff 48 c7 43 08 00 00 00 00 ba 18 00 00 00 48
  0x00007ff893cd6b77:   8b cb e8 92 cd ff ff 48 c7 05 4f 31 01 00 00 00
  0x00007ff893cd6b87:   00 00 48 83 c4 20 5b c3 cc 40 53 48 83 ec 20 48
  0x00007ff893cd6b97:   8b 1d 1b 31 01 00 48 85 db 74 57 b8 ff ff ff ff
  0x00007ff893cd6ba7:   f0 0f c1 43 10 83 f8 01 75 3d 48 85 db 74 38 48
  0x00007ff893cd6bb7:   8b 0b 48 85 c9 74 0d ff 15 e4 06 00 00 48 c7 03
  0x00007ff893cd6bc7:   00 00 00 00 48 8b 4b 08 48 85 c9 74 0d e8 37 cd
  0x00007ff893cd6bd7:   ff ff 48 c7 43 08 00 00 00 00 ba 18 00 00 00 48
  0x00007ff893cd6be7:   8b cb e8 22 cd ff ff 48 c7 05 bf 30 01 00 00 00
  0x00007ff893cd6bf7:   00 00 48 83 c4 20 5b c3 cc 40 53 48 83 ec 20 48


Stack slot to memory mapping:

stack at sp + 0 slots: 0x0 is null
stack at sp + 1 slots: 0x000001e200000000 is an unknown value
stack at sp + 2 slots: 0x000001e2fe264130 points into unknown readable memory: 0x000001e2fe27ce40 | 40 ce 27 fe e2 01 00 00
stack at sp + 3 slots: 0x0000000000000001 is an unknown value
stack at sp + 4 slots: 0x000001e2fe188948 points into unknown readable memory: 0x0000af0b95bdc67a | 7a c6 bd 95 0b af 00 00
stack at sp + 5 slots: 0x00007ff8b403bc75 ucrtbase.dll
stack at sp + 6 slots: 0x000001e2fe188940 points into unknown readable memory: 0xb000aef477f2f281 | 81 f2 f2 77 f4 ae 00 b0
stack at sp + 7 slots: 0x000001e200000000 is an unknown value

VM_Operation (0x000000c9fa4ff0e0): Exit, mode: safepoint, requested by thread 0x000001e2873378f0


---------------  P R O C E S S  ---------------

Threads class SMR info:
_java_thread_list=0x000001e2b8abcef0, length=27, elements={
0x000001e298a67ee0, 0x000001e2b7f42670, 0x000001e2b7f42db0, 0x000001e2b7f48ca0,
0x000001e2b7f497d0, 0x000001e2b7f4a430, 0x000001e2b7f4cf50, 0x000001e2b7f63ea0,
0x000001e2b837a0f0, 0x000001e2b87c04c0, 0x000001e2b87c0c00, 0x000001e2fe16bb00,
0x000001e2fe265b30, 0x000001e2fe205fd0, 0x000001e2fe405e60, 0x000001e2fe410fb0,
0x000001e2fe8372f0, 0x000001e2fe837a40, 0x000001e2fe83a620, 0x000001e2fe838190,
0x000001e2fe839030, 0x000001e2fe839780, 0x000001e287339630, 0x000001e28733a4d0,
0x000001e287339d80, 0x000001e28733ac20, 0x000001e2873378f0
}

Java Threads: ( => current thread )
  0x000001e298a67ee0 JavaThread "main"                              [_thread_blocked, id=8264, stack(0x000000c9f7700000,0x000000c9f7800000) (1024K)]
  0x000001e2b7f42670 JavaThread "Reference Handler"          daemon [_thread_blocked, id=6180, stack(0x000000c9f7f00000,0x000000c9f8000000) (1024K)]
  0x000001e2b7f42db0 JavaThread "Finalizer"                  daemon [_thread_blocked, id=16512, stack(0x000000c9f8000000,0x000000c9f8100000) (1024K)]
  0x000001e2b7f48ca0 JavaThread "Attach Listener"            daemon [_thread_blocked, id=6688, stack(0x000000c9f8200000,0x000000c9f8300000) (1024K)]
  0x000001e2b7f497d0 JavaThread "Service Thread"             daemon [_thread_blocked, id=9976, stack(0x000000c9f8300000,0x000000c9f8400000) (1024K)]
  0x000001e2b7f4a430 JavaThread "Monitor Deflation Thread"   daemon [_thread_blocked, id=16692, stack(0x000000c9f8400000,0x000000c9f8500000) (1024K)]
  0x000001e2b7f4cf50 JavaThread "C2 CompilerThread0"         daemon [_thread_blocked, id=3704, stack(0x000000c9f8500000,0x000000c9f8600000) (1024K)]
  0x000001e2b7f63ea0 JavaThread "C1 CompilerThread0"         daemon [_thread_blocked, id=8772, stack(0x000000c9f8600000,0x000000c9f8700000) (1024K)]
  0x000001e2b837a0f0 JavaThread "Common-Cleaner"             daemon [_thread_blocked, id=11920, stack(0x000000c9f8700000,0x000000c9f8800000) (1024K)]
  0x000001e2b87c04c0 JavaThread "Monitor Ctrl-Break"         daemon [_thread_in_native, id=15056, stack(0x000000c9f8a00000,0x000000c9f8b00000) (1024K)]
  0x000001e2b87c0c00 JavaThread "Notification Thread"        daemon [_thread_blocked, id=7904, stack(0x000000c9f8b00000,0x000000c9f8c00000) (1024K)]
  0x000001e2fe16bb00 JavaThread "QuantumRenderer-0"          daemon [_thread_blocked, id=11728, stack(0x000000c9f8c00000,0x000000c9f8d00000) (1024K)]
  0x000001e2fe265b30 JavaThread "InvokeLaterDispatcher"      daemon [_thread_blocked, id=14140, stack(0x000000c9f8f00000,0x000000c9f9000000) (1024K)]
  0x000001e2fe205fd0 JavaThread "JavaFX Application Thread"         [_thread_in_native, id=6344, stack(0x000000c9f9000000,0x000000c9f9100000) (1024K)]
  0x000001e2fe405e60 JavaThread "JavaFX-Launcher"                   [_thread_blocked, id=13340, stack(0x000000c9f9800000,0x000000c9f9900000) (1024K)]
  0x000001e2fe410fb0 JavaThread "Thread-2"                   daemon [_thread_in_native, id=13984, stack(0x000000c9f9700000,0x000000c9f9800000) (1024K)]
  0x000001e2fe8372f0 JavaThread "Grizzly(1) SelectorRunner"  daemon [_thread_in_native, id=11272, stack(0x000000c9f9f00000,0x000000c9fa000000) (1024K)]
  0x000001e2fe837a40 JavaThread "Grizzly(1)"                 daemon [_thread_blocked, id=5592, stack(0x000000c9fa000000,0x000000c9fa100000) (1024K)]
  0x000001e2fe83a620 JavaThread "Grizzly(2)"                 daemon [_thread_blocked, id=6304, stack(0x000000c9fa100000,0x000000c9fa200000) (1024K)]
  0x000001e2fe838190 JavaThread "HttpClient-1-SelectorManager" daemon [_thread_in_native, id=17016, stack(0x000000c9fa300000,0x000000c9fa400000) (1024K)]
  0x000001e2fe839030 JavaThread "Prism Font Disposer"        daemon [_thread_blocked, id=14480, stack(0x000000c9fab00000,0x000000c9fac00000) (1024K)]
  0x000001e2fe839780 JavaThread "Cleaner-0"                  daemon [_thread_blocked, id=10828, stack(0x000000c9fad00000,0x000000c9fae00000) (1024K)]
  0x000001e287339630 JavaThread "HttpClient-1-Worker-0"      daemon [_thread_blocked, id=13760, stack(0x000000c9f7500000,0x000000c9f7600000) (1024K)]
  0x000001e28733a4d0 JavaThread "HttpClient-1-Worker-1"      daemon [_thread_blocked, id=4540, stack(0x000000c9f8d00000,0x000000c9f8e00000) (1024K)]
  0x000001e287339d80 JavaThread "HttpClient-1-Worker-2"      daemon [_thread_blocked, id=12612, stack(0x000000c9f8e00000,0x000000c9f8f00000) (1024K)]
  0x000001e28733ac20 JavaThread "ForkJoinPool.commonPool-worker-1" daemon [_thread_blocked, id=15588, stack(0x000000c9fa200000,0x000000c9fa300000) (1024K)]
  0x000001e2873378f0 JavaThread "SIGINT handler"             daemon [_thread_blocked, id=14720, stack(0x000000c9fa400000,0x000000c9fa500000) (1024K)]
Total: 27

Other Threads:
=>0x000001e2b7f37450 VMThread "VM Thread"                           [id=6872, stack(0x000000c9f7e00000,0x000000c9f7f00000) (1024K)]
  0x000001e29669df90 WorkerThread "GC Thread#0"                     [id=3640, stack(0x000000c9f7800000,0x000000c9f7900000) (1024K)]
  0x000001e2b8ca8310 WorkerThread "GC Thread#1"                     [id=5132, stack(0x000000c9f9a00000,0x000000c9f9b00000) (1024K)]
  0x000001e2fe7b9020 WorkerThread "GC Thread#2"                     [id=9792, stack(0x000000c9f9b00000,0x000000c9f9c00000) (1024K)]
  0x000001e2fe7b93d0 WorkerThread "GC Thread#3"                     [id=5212, stack(0x000000c9f9c00000,0x000000c9f9d00000) (1024K)]
  0x000001e2fe7b9780 WorkerThread "GC Thread#4"                     [id=8680, stack(0x000000c9f9d00000,0x000000c9f9e00000) (1024K)]
  0x000001e2fe7b9b30 WorkerThread "GC Thread#5"                     [id=11148, stack(0x000000c9f9e00000,0x000000c9f9f00000) (1024K)]
  0x000001e2fead27a0 WorkerThread "GC Thread#6"                     [id=13460, stack(0x000000c9fa500000,0x000000c9fa600000) (1024K)]
  0x000001e2fead3660 WorkerThread "GC Thread#7"                     [id=4544, stack(0x000000c9fa600000,0x000000c9fa700000) (1024K)]
  0x000001e2fead32b0 WorkerThread "GC Thread#8"                     [id=3688, stack(0x000000c9fa700000,0x000000c9fa800000) (1024K)]
  0x000001e2fead3a10 WorkerThread "GC Thread#9"                     [id=7216, stack(0x000000c9fa800000,0x000000c9fa900000) (1024K)]
  0x000001e298af7970 ConcurrentGCThread "G1 Main Marker"            terminated
  0x000001e298af9c30 WorkerThread "G1 Conc#0"                       [id=13016, stack(0x000000c9f7a00000,0x000000c9f7b00000) (1024K)]
  0x000001e2fead3dc0 WorkerThread "G1 Conc#1"                       [id=15532, stack(0x000000c9fa900000,0x000000c9faa00000) (1024K)]
  0x000001e2fead4170 WorkerThread "G1 Conc#2"                       [id=2212, stack(0x000000c9faa00000,0x000000c9fab00000) (1024K)]
  0x000001e2b7df4f90 ConcurrentGCThread "G1 Refine#0"               terminated
  0x000001e2b7df5b10 ConcurrentGCThread "G1 Service"                terminated
Total: 17

Threads with active compile tasks:
Total: 0

VM state: at safepoint (shutting down)

VM Mutex/Monitor currently owned by a thread:  ([mutex/lock_event])
[0x00007ff8440044f0] Threads_lock - owner thread: 0x000001e2b7f37450
[0x00007ff8440045f0] Heap_lock - owner thread: 0x000001e2873378f0

Heap address: 0x000000070b400000, size: 3916 MB, Compressed Oops mode: Zero based, Oop shift amount: 3

CDS archive(s) mapped at: [0x000001e2b9000000-0x000001e2b9d40000-0x000001e2b9d40000), size 13893632, SharedBaseAddress: 0x000001e2b9000000, ArchiveRelocationMode: 1.
Compressed class space mapped at: 0x000001e2ba000000-0x000001e2fa000000, reserved size: 1073741824
UseCompressedClassPointers 1, UseCompactObjectHeaders 0
Narrow klass pointer bits 32, Max shift 3
Narrow klass base: 0x000001e2b9000000, Narrow klass shift: 0
Encoding Range: [0x000001e2b9000000 - 0x000001e3b9000000), (4294967296 bytes)
Klass Range:    [0x000001e2b9000000 - 0x000001e2fa000000), (1090519040 bytes)
Klass ID Range:  [8 - 1090519033) (1090519025)

GC Precious Log:
 CardTable entry size: 512
 Card Set container configuration: InlinePtr #cards 4 size 8 Array Of Cards #cards 16 size 48 Howl #buckets 8 coarsen threshold 3686 Howl Bitmap #cards 512 size 80 coarsen threshold 460 Card regions per heap region 1 cards per card region 4096
 CPUs: 12 total, 12 available
 Memory: 15659M
 Large Page Support: Disabled
 NUMA Support: Disabled
 Compressed Oops: Enabled (Zero based)
 Heap Region Size: 2M
 Heap Min Capacity: 8M
 Heap Initial Capacity: 246M
 Heap Max Capacity: 3916M
 Pre-touch: Disabled
 Parallel Workers: 10
 Concurrent Workers: 3
 Concurrent Refinement Workers: 10
 Periodic GC: Disabled

Heap:
 garbage-first heap   total reserved 4009984K, committed 57344K, used 18943K [0x000000070b400000, 0x0000000800000000)
  region size 2048K, 3 young (6144K), 2 survivors (4096K)
 Metaspace       used 27441K, committed 27776K, reserved 1114112K
  class space    used 3251K, committed 3392K, reserved 1048576K

Heap Regions: E=young(eden), S=young(survivor), O=old, HS=humongous(starts), HC=humongous(continues), CS=collection set, F=free, TAMS=top-at-mark-start, PB=parsable bottom
|   0|0x000000070b400000, 0x000000070b600000, 0x000000070b600000|100%|HS|  |TAMS 0x000000070b400000| PB 0x000000070b400000| Complete |  0
|   1|0x000000070b600000, 0x000000070b800000, 0x000000070b800000|100%| O|  |TAMS 0x000000070b600000| PB 0x000000070b600000| Untracked |  0
|   2|0x000000070b800000, 0x000000070ba00000, 0x000000070ba00000|100%| O|  |TAMS 0x000000070b800000| PB 0x000000070b800000| Untracked |  0
|   3|0x000000070ba00000, 0x000000070bc00000, 0x000000070bc00000|100%| O|  |TAMS 0x000000070ba00000| PB 0x000000070ba00000| Untracked |  0
|   4|0x000000070bc00000, 0x000000070be00000, 0x000000070be00000|100%| O|  |TAMS 0x000000070bc00000| PB 0x000000070bc00000| Untracked |  0
|   5|0x000000070be00000, 0x000000070be1e8b0, 0x000000070c000000|  5%| O|  |TAMS 0x000000070be00000| PB 0x000000070be00000| Untracked |  0
|   6|0x000000070c000000, 0x000000070c0614a0, 0x000000070c200000| 19%| S|CS|TAMS 0x000000070c000000| PB 0x000000070c000000| Complete |  0
|   7|0x000000070c200000, 0x000000070c400000, 0x000000070c400000|100%| S|CS|TAMS 0x000000070c200000| PB 0x000000070c200000| Complete |  0
|   8|0x000000070c400000, 0x000000070c400000, 0x000000070c600000|  0%| F|  |TAMS 0x000000070c400000| PB 0x000000070c400000| Untracked |  0
|   9|0x000000070c600000, 0x000000070c600000, 0x000000070c800000|  0%| F|  |TAMS 0x000000070c600000| PB 0x000000070c600000| Untracked |  0
|  10|0x000000070c800000, 0x000000070c800000, 0x000000070ca00000|  0%| F|  |TAMS 0x000000070c800000| PB 0x000000070c800000| Untracked |  0
|  11|0x000000070ca00000, 0x000000070ca00000, 0x000000070cc00000|  0%| F|  |TAMS 0x000000070ca00000| PB 0x000000070ca00000| Untracked |  0
|  12|0x000000070cc00000, 0x000000070cc00000, 0x000000070ce00000|  0%| F|  |TAMS 0x000000070cc00000| PB 0x000000070cc00000| Untracked |  0
|  13|0x000000070ce00000, 0x000000070ce00000, 0x000000070d000000|  0%| F|  |TAMS 0x000000070ce00000| PB 0x000000070ce00000| Untracked |  0
|  14|0x000000070d000000, 0x000000070d000000, 0x000000070d200000|  0%| F|  |TAMS 0x000000070d000000| PB 0x000000070d000000| Untracked |  0
|  15|0x000000070d200000, 0x000000070d200000, 0x000000070d400000|  0%| F|  |TAMS 0x000000070d200000| PB 0x000000070d200000| Untracked |  0
|  16|0x000000070d400000, 0x000000070d400000, 0x000000070d600000|  0%| F|  |TAMS 0x000000070d400000| PB 0x000000070d400000| Untracked |  0
|  17|0x000000070d600000, 0x000000070d600000, 0x000000070d800000|  0%| F|  |TAMS 0x000000070d600000| PB 0x000000070d600000| Untracked |  0
|  87|0x0000000716200000, 0x0000000716200000, 0x0000000716400000|  0%| F|  |TAMS 0x0000000716200000| PB 0x0000000716200000| Untracked |  0
|  88|0x0000000716400000, 0x0000000716400000, 0x0000000716600000|  0%| F|  |TAMS 0x0000000716400000| PB 0x0000000716400000| Untracked |  0
|  89|0x0000000716600000, 0x0000000716600000, 0x0000000716800000|  0%| F|  |TAMS 0x0000000716600000| PB 0x0000000716600000| Untracked |  0
|  90|0x0000000716800000, 0x0000000716800000, 0x0000000716a00000|  0%| F|  |TAMS 0x0000000716800000| PB 0x0000000716800000| Untracked |  0
|  91|0x0000000716a00000, 0x0000000716a00000, 0x0000000716c00000|  0%| F|  |TAMS 0x0000000716a00000| PB 0x0000000716a00000| Untracked |  0
| 122|0x000000071a800000, 0x000000071a800000, 0x000000071aa00000|  0%| F|  |TAMS 0x000000071a800000| PB 0x000000071a800000| Untracked |  0
|1954|0x00000007ff800000, 0x00000007ffa00000, 0x00000007ffa00000|100%| O|  |TAMS 0x00000007ff800000| PB 0x00000007ff800000| Untracked |  0
|1955|0x00000007ffa00000, 0x00000007ffc00000, 0x00000007ffc00000|100%| O|  |TAMS 0x00000007ffa00000| PB 0x00000007ffa00000| Untracked |  0
|1956|0x00000007ffc00000, 0x00000007ffe00000, 0x00000007ffe00000|100%| O|  |TAMS 0x00000007ffc00000| PB 0x00000007ffc00000| Untracked |  0
|1957|0x00000007ffe00000, 0x00000007ffe6e688, 0x0000000800000000| 21%| E|  |TAMS 0x00000007ffe00000| PB 0x00000007ffe00000| Complete |  0

Card table byte_map: [0x000001e2b1120000,0x000001e2b18d0000] _byte_map_base: 0x000001e2ad8c6000

Marking Bits: (CMBitMap*) 0x000001e29669e6a0
 Bits: [0x000001e2b18d0000, 0x000001e2b5600000)

Polling page: 0x000001e296830000

Metaspace:

Usage:
  Non-class:     23.62 MB used.
      Class:      3.18 MB used.
       Both:     26.80 MB used.

Virtual space:
  Non-class space:       64.00 MB reserved,      23.81 MB ( 37%) committed,  1 nodes.
      Class space:        1.00 GB reserved,       3.31 MB ( <1%) committed,  1 nodes.
             Both:        1.06 GB reserved,      27.12 MB (  2%) committed. 

Chunk freelists:
   Non-Class:  7.91 MB
       Class:  12.70 MB
        Both:  20.61 MB

MaxMetaspaceSize: unlimited
CompressedClassSpaceSize: 1.00 GB
Initial GC threshold: 21.00 MB
Current GC threshold: 35.25 MB
CDS: on
 - commit_granule_bytes: 65536.
 - commit_granule_words: 8192.
 - virtual_space_node_default_size: 8388608.
 - enlarge_chunks_in_place: 1.
UseCompressedClassPointers 1, UseCompactObjectHeaders 0
Narrow klass pointer bits 32, Max shift 3
Narrow klass base: 0x000001e2b9000000, Narrow klass shift: 0
Encoding Range: [0x000001e2b9000000 - 0x000001e3b9000000), (4294967296 bytes)
Klass Range:    [0x000001e2b9000000 - 0x000001e2fa000000), (1090519040 bytes)
Klass ID Range:  [8 - 1090519033) (1090519025)


Internal statistics:

num_allocs_failed_limit: 3.
num_arena_births: 394.
num_arena_deaths: 0.
num_vsnodes_births: 2.
num_vsnodes_deaths: 0.
num_space_committed: 434.
num_space_uncommitted: 0.
num_chunks_returned_to_freelist: 3.
num_chunks_taken_from_freelist: 1189.
num_chunk_merges: 3.
num_chunk_splits: 814.
num_chunks_enlarged: 607.
num_inconsistent_stats: 0.

CodeHeap 'non-profiled nmethods': size=120064Kb used=1863Kb max_used=1863Kb free=118200Kb
 bounds [0x000001e2a8dc0000, 0x000001e2a9030000, 0x000001e2b0300000]
CodeHeap 'profiled nmethods': size=120000Kb used=8387Kb max_used=8387Kb free=111612Kb
 bounds [0x000001e2a1300000, 0x000001e2a1b40000, 0x000001e2a8830000]
CodeHeap 'non-nmethods': size=5696Kb used=1712Kb max_used=1865Kb free=3983Kb
 bounds [0x000001e2a8830000, 0x000001e2a8aa0000, 0x000001e2a8dc0000]
CodeCache: size=245760Kb, used=11962Kb, max_used=12115Kb, free=233795Kb
 total_blobs=5729, nmethods=4855, adapters=778, full_count=0
Compilation: enabled, stopped_count=0, restarted_count=0

Compilation events (20 events):
Event: 1007.573 Thread 0x000001e2b7f63ea0 4842       3       java.nio.MappedByteBuffer::position (6 bytes)
Event: 1007.574 Thread 0x000001e2b7f63ea0 nmethod 4842 0x000001e2a1b27f08 code [0x000001e2a1b28040, 0x000001e2a1b282d0]
Event: 1007.584 Thread 0x000001e2b7f4cf50 4847       4       jdk.internal.classfile.impl.RawBytecodeHelper::getU2Unchecked (22 bytes)
Event: 1007.585 Thread 0x000001e2b7f4cf50 nmethod 4847 0x000001e2a8f91088 code [0x000001e2a8f91180, 0x000001e2a8f91240]
Event: 1007.586 Thread 0x000001e2b7f4cf50 4848       4       jdk.internal.classfile.impl.SplitConstantPool::writeTo (120 bytes)
Event: 1007.586 Thread 0x000001e2b7f63ea0 4849       3       java.lang.invoke.VarHandleGuards::guard_LLL_Z (86 bytes)
Event: 1007.587 Thread 0x000001e2b7f63ea0 nmethod 4849 0x000001e2a1b28308 code [0x000001e2a1b285c0, 0x000001e2a1b2a2f8]
Event: 1007.588 Thread 0x000001e2b7f63ea0 4851       3       java.lang.invoke.VarHandleReferences$FieldInstanceReadWrite::compareAndSet (48 bytes)
Event: 1007.588 Thread 0x000001e2b7f63ea0 nmethod 4851 0x000001e2a1b2a388 code [0x000001e2a1b2a560, 0x000001e2a1b2b268]
Event: 1007.589 Thread 0x000001e2b7f4cf50 nmethod 4848 0x000001e2a8f91688 code [0x000001e2a8f917e0, 0x000001e2a8f91cd0]
Event: 1007.593 Thread 0x000001e2b7f63ea0 4852       3       java.lang.invoke.StringConcatFactory::parseRecipe (215 bytes)
Event: 1007.594 Thread 0x000001e2b7f63ea0 nmethod 4852 0x000001e2a1b2b308 code [0x000001e2a1b2b640, 0x000001e2a1b2d870]
Event: 1007.658 Thread 0x000001e2b7f63ea0 4853       3       jdk.internal.misc.Unsafe::copyMemory (33 bytes)
Event: 1007.659 Thread 0x000001e2b7f63ea0 nmethod 4853 0x000001e2a1b2d988 code [0x000001e2a1b2dbc0, 0x000001e2a1b2ec48]
Event: 1007.659 Thread 0x000001e2b7f63ea0 4855       3       jdk.internal.misc.Unsafe::weakCompareAndSetLong (11 bytes)
Event: 1007.659 Thread 0x000001e2b7f63ea0 nmethod 4855 0x000001e2a1b2ed08 code [0x000001e2a1b2ee20, 0x000001e2a1b2ef48]
Event: 1007.659 Thread 0x000001e2b7f63ea0 4854       3       jdk.internal.misc.Unsafe::copyMemoryChecks (21 bytes)
Event: 1007.659 Thread 0x000001e2b7f63ea0 nmethod 4854 0x000001e2a1b2f008 code [0x000001e2a1b2f240, 0x000001e2a1b302c0]
Event: 1024.198 Thread 0x000001e2b7f63ea0 4856       3       jdk.internal.loader.NativeLibraries::find (70 bytes)
Event: 1024.199 Thread 0x000001e2b7f63ea0 nmethod 4856 0x000001e2a1b30388 code [0x000001e2a1b30540, 0x000001e2a1b30d28]

GC Heap History (8 events):
Event: 0.918 GC heap before
{Heap before GC invocations=0 (full 0):
 garbage-first heap   total reserved 4009984K, committed 253952K, used 48244K [0x000000070b400000, 0x0000000800000000)
  region size 2048K, 24 young (49152K), 0 survivors (0K)
 Metaspace       used 8790K, committed 9024K, reserved 1114112K
  class space    used 880K, committed 960K, reserved 1048576K
}
Event: 0.922 GC heap after
{Heap after GC invocations=1 (full 0):
 garbage-first heap   total reserved 4009984K, committed 253952K, used 6143K [0x000000070b400000, 0x0000000800000000)
  region size 2048K, 3 young (6144K), 3 survivors (6144K)
 Metaspace       used 8790K, committed 9024K, reserved 1114112K
  class space    used 880K, committed 960K, reserved 1048576K
}
Event: 1.746 GC heap before
{Heap before GC invocations=1 (full 0):
 garbage-first heap   total reserved 4009984K, committed 253952K, used 59391K [0x000000070b400000, 0x0000000800000000)
  region size 2048K, 31 young (63488K), 3 survivors (6144K)
 Metaspace       used 21272K, committed 21504K, reserved 1114112K
  class space    used 2387K, committed 2496K, reserved 1048576K
}
Event: 1.752 GC heap after
{Heap after GC invocations=2 (full 0):
 garbage-first heap   total reserved 4009984K, committed 253952K, used 10910K [0x000000070b400000, 0x0000000800000000)
  region size 2048K, 5 young (10240K), 5 survivors (10240K)
 Metaspace       used 21272K, committed 21504K, reserved 1114112K
  class space    used 2387K, committed 2496K, reserved 1048576K
}
Event: 2.121 GC heap before
{Heap before GC invocations=3 (full 0):
 garbage-first heap   total reserved 4009984K, committed 40960K, used 39582K [0x000000070b400000, 0x0000000800000000)
  region size 2048K, 19 young (38912K), 5 survivors (10240K)
 Metaspace       used 24113K, committed 24512K, reserved 1114112K
  class space    used 2938K, committed 3136K, reserved 1048576K
}
Event: 2.130 GC heap after
{Heap after GC invocations=4 (full 0):
 garbage-first heap   total reserved 4009984K, committed 57344K, used 15009K [0x000000070b400000, 0x0000000800000000)
  region size 2048K, 5 young (10240K), 5 survivors (10240K)
 Metaspace       used 24113K, committed 24512K, reserved 1114112K
  class space    used 2938K, committed 3136K, reserved 1048576K
}
Event: 1024.176 GC heap before
{Heap before GC invocations=4 (full 0):
 garbage-first heap   total reserved 4009984K, committed 57344K, used 39585K [0x000000070b400000, 0x0000000800000000)
  region size 2048K, 16 young (32768K), 5 survivors (10240K)
 Metaspace       used 27434K, committed 27776K, reserved 1114112K
  class space    used 3250K, committed 3392K, reserved 1048576K
}
Event: 1024.197 GC heap after
{Heap after GC invocations=5 (full 0):
 garbage-first heap   total reserved 4009984K, committed 57344K, used 18943K [0x000000070b400000, 0x0000000800000000)
  region size 2048K, 2 young (4096K), 2 survivors (4096K)
 Metaspace       used 27434K, committed 27776K, reserved 1114112K
  class space    used 3250K, committed 3392K, reserved 1048576K
}

Dll operation events (20 events):
Event: 0.448 Loaded shared library C:\Users\danielcc\.openjfx\cache\17.0.6\api-ms-win-crt-math-l1-1-0.dll
Event: 0.451 Loaded shared library C:\Users\danielcc\.openjfx\cache\17.0.6\api-ms-win-crt-multibyte-l1-1-0.dll
Event: 0.454 Loaded shared library C:\Users\danielcc\.openjfx\cache\17.0.6\api-ms-win-crt-private-l1-1-0.dll
Event: 0.457 Loaded shared library C:\Users\danielcc\.openjfx\cache\17.0.6\api-ms-win-crt-process-l1-1-0.dll
Event: 0.460 Loaded shared library C:\Users\danielcc\.openjfx\cache\17.0.6\api-ms-win-crt-runtime-l1-1-0.dll
Event: 0.463 Loaded shared library C:\Users\danielcc\.openjfx\cache\17.0.6\api-ms-win-crt-stdio-l1-1-0.dll
Event: 0.466 Loaded shared library C:\Users\danielcc\.openjfx\cache\17.0.6\api-ms-win-crt-string-l1-1-0.dll
Event: 0.469 Loaded shared library C:\Users\danielcc\.openjfx\cache\17.0.6\api-ms-win-crt-time-l1-1-0.dll
Event: 0.471 Loaded shared library C:\Users\danielcc\.openjfx\cache\17.0.6\api-ms-win-crt-utility-l1-1-0.dll
Event: 0.484 Loaded shared library C:\Users\danielcc\.openjfx\cache\17.0.6\ucrtbase.dll
Event: 0.488 Loaded shared library C:\Users\danielcc\.openjfx\cache\17.0.6\vcruntime140.dll
Event: 0.492 Loaded shared library C:\Users\danielcc\.openjfx\cache\17.0.6\vcruntime140_1.dll
Event: 0.500 Loaded shared library C:\Users\danielcc\.openjfx\cache\17.0.6\msvcp140.dll
Event: 0.503 Loaded shared library C:\Users\danielcc\.openjfx\cache\17.0.6\msvcp140_1.dll
Event: 0.508 Loaded shared library C:\Users\danielcc\.openjfx\cache\17.0.6\msvcp140_2.dll
Event: 0.548 Loaded shared library C:\Users\danielcc\.openjfx\cache\17.0.6\prism_d3d.dll
Event: 0.607 Loaded shared library C:\Users\danielcc\.openjfx\cache\17.0.6\glass.dll
Event: 0.709 Loaded shared library C:\Program Files\Java\jdk-24\bin\jimage.dll
Event: 0.880 Loaded shared library C:\Users\danielcc\.openjfx\cache\17.0.6\javafx_font.dll
Event: 1.279 Loaded shared library C:\Program Files\Java\jdk-24\bin\sunmscapi.dll

Deoptimization events (20 events):
Event: 1006.077 Thread 0x000001e2fe205fd0 Uncommon trap: trap_request=0xffffffc6 fr.pc=0x000001e2a8f3286c relative=0x000000000000302c
Event: 1006.077 Thread 0x000001e2fe205fd0 Uncommon trap: reason=bimorphic_or_optimized_type_check action=maybe_recompile pc=0x000001e2a8f3286c method=javafx.css.CompoundSelector.stateMatches(Ljavafx/css/Styleable;Ljava/util/Set;I)Z @ 160 c2
Event: 1006.077 Thread 0x000001e2fe205fd0 DEOPT PACKING pc=0x000001e2a8f3286c sp=0x000000c9f90fc110
Event: 1006.077 Thread 0x000001e2fe205fd0 DEOPT UNPACKING pc=0x000001e2a8944102 sp=0x000000c9f90fc108 mode 2
Event: 1006.077 Thread 0x000001e2fe205fd0 Uncommon trap: trap_request=0xffffffc6 fr.pc=0x000001e2a8f3286c relative=0x000000000000302c
Event: 1006.077 Thread 0x000001e2fe205fd0 Uncommon trap: reason=bimorphic_or_optimized_type_check action=maybe_recompile pc=0x000001e2a8f3286c method=javafx.css.CompoundSelector.stateMatches(Ljavafx/css/Styleable;Ljava/util/Set;I)Z @ 160 c2
Event: 1006.077 Thread 0x000001e2fe205fd0 DEOPT PACKING pc=0x000001e2a8f3286c sp=0x000000c9f90fc110
Event: 1006.077 Thread 0x000001e2fe205fd0 DEOPT UNPACKING pc=0x000001e2a8944102 sp=0x000000c9f90fc108 mode 2
Event: 1006.097 Thread 0x000001e2fe16bb00 Uncommon trap: trap_request=0xffffff4d fr.pc=0x000001e2a8f2ef14 relative=0x00000000000008b4
Event: 1006.097 Thread 0x000001e2fe16bb00 Uncommon trap: reason=unstable_if action=reinterpret pc=0x000001e2a8f2ef14 method=com.sun.marlin.MaskMarlinAlphaConsumer.setAndClearRelativeAlphas([I[IIII)V @ 369 c2
Event: 1006.097 Thread 0x000001e2fe16bb00 DEOPT PACKING pc=0x000001e2a8f2ef14 sp=0x000000c9f8cfdd70
Event: 1006.097 Thread 0x000001e2fe16bb00 DEOPT UNPACKING pc=0x000001e2a8944102 sp=0x000000c9f8cfdc78 mode 2
Event: 1007.354 Thread 0x000001e2fe16bb00 DEOPT PACKING pc=0x000001e2a1b0fead sp=0x000000c9f8cfdcb0
Event: 1007.354 Thread 0x000001e2fe16bb00 DEOPT UNPACKING pc=0x000001e2a8885722 sp=0x000000c9f8cfd168 mode 0
Event: 1007.354 Thread 0x000001e2fe16bb00 Uncommon trap: trap_request=0xffffff4d fr.pc=0x000001e2a8f51c5c relative=0x0000000000000c7c
Event: 1007.354 Thread 0x000001e2fe16bb00 Uncommon trap: reason=unstable_if action=reinterpret pc=0x000001e2a8f51c5c method=com.sun.marlin.MaskMarlinAlphaConsumer.setAndClearRelativeAlphas([I[IIII)V @ 591 c2
Event: 1007.354 Thread 0x000001e2fe16bb00 DEOPT PACKING pc=0x000001e2a8f51c5c sp=0x000000c9f8cfdce0
Event: 1007.354 Thread 0x000001e2fe16bb00 DEOPT UNPACKING pc=0x000001e2a8944102 sp=0x000000c9f8cfdc28 mode 2
Event: 1024.198 Thread 0x000001e2fe16bb00 DEOPT PACKING pc=0x000001e2a1952acc sp=0x000000c9f8cff210
Event: 1024.198 Thread 0x000001e2fe16bb00 DEOPT UNPACKING pc=0x000001e2a8885722 sp=0x000000c9f8cfe670 mode 0

Classes loaded (20 events):
Event: 1007.577 Loading class java/util/stream/LongStream done
Event: 1007.578 Loading class java/util/stream/LongPipeline done
Event: 1007.578 Loading class java/util/stream/LongPipeline$StatelessOp done
Event: 1007.578 Loading class java/util/stream/ReferencePipeline$5 done
Event: 1007.578 Loading class java/util/stream/FindOps$FindSink$OfLong
Event: 1007.578 Loading class java/util/stream/Sink$OfLong
Event: 1007.578 Loading class java/util/stream/Sink$OfLong done
Event: 1007.578 Loading class java/util/stream/FindOps$FindSink$OfLong done
Event: 1007.578 Loading class java/util/OptionalLong
Event: 1007.579 Loading class java/util/OptionalLong done
Event: 1007.580 Loading class java/util/stream/ReferencePipeline$5$1
Event: 1007.580 Loading class java/util/stream/ReferencePipeline$5$1 done
Event: 1007.580 Loading class java/lang/invoke/VarHandleBytes$FieldInstanceReadWrite
Event: 1007.580 Loading class java/lang/invoke/VarHandleBytes$FieldInstanceReadOnly
Event: 1007.580 Loading class java/lang/invoke/VarHandleBytes$FieldInstanceReadOnly done
Event: 1007.581 Loading class java/lang/invoke/VarHandleBytes$FieldInstanceReadWrite done
Event: 1007.659 Loading class java/util/LinkedList$DescendingIterator
Event: 1007.659 Loading class java/util/LinkedList$DescendingIterator done
Event: 1024.172 Loading class jdk/internal/misc/Signal$1
Event: 1024.173 Loading class jdk/internal/misc/Signal$1 done

Classes unloaded (0 events):
No events

Classes redefined (0 events):
No events

Internal exceptions (20 events):
Event: 1.786 Thread 0x000001e2fe205fd0 Implicit null exception at 0x000001e2a8e9b2c7 to 0x000001e2a8e9b330
Event: 1.990 Thread 0x000001e2fe205fd0 Exception <a 'java/lang/NoSuchMethodError'{0x000000070bafb558}: 'int java.lang.invoke.DirectMethodHandle$Holder.invokeSpecial(java.lang.Object, java.lang.Object, int)'> (0x000000070bafb558) 
thrown [s\open\src\hotspot\share\interpreter\linkResolver.cpp, line 805]
Event: 1.997 Thread 0x000001e2fe205fd0 Exception <a 'java/lang/NoSuchMethodError'{0x000000070bb42680}: 'void java.lang.invoke.DirectMethodHandle$Holder.invokeSpecial(java.lang.Object, java.lang.Object, int, int)'> (0x000000070bb42680) 
thrown [s\open\src\hotspot\share\interpreter\linkResolver.cpp, line 805]
Event: 1.997 Thread 0x000001e2fe205fd0 Exception <a 'java/lang/NoSuchMethodError'{0x000000070bb51c50}: 'java.lang.Object java.lang.invoke.DirectMethodHandle$Holder.newInvokeSpecial(java.lang.Object, java.lang.Object, int, int)'> (0x000000070bb51c50) 
thrown [s\open\src\hotspot\share\interpreter\linkResolver.cpp, line 805]
Event: 2.056 Thread 0x000001e2fe205fd0 Exception <a 'java/lang/NoSuchMethodError'{0x000000070b6a8408}: 'long java.lang.invoke.DelegatingMethodHandle$Holder.reinvoke_L(java.lang.Object, java.lang.Object)'> (0x000000070b6a8408) 
thrown [s\open\src\hotspot\share\interpreter\linkResolver.cpp, line 805]
Event: 2.058 Thread 0x000001e2fe205fd0 Exception <a 'java/lang/NoSuchMethodError'{0x000000070b6c0870}: 'void java.lang.invoke.DelegatingMethodHandle$Holder.reinvoke_L(java.lang.Object, java.lang.Object, long)'> (0x000000070b6c0870) 
thrown [s\open\src\hotspot\share\interpreter\linkResolver.cpp, line 805]
Event: 2.134 Thread 0x000001e2fe205fd0 Exception <a 'java/lang/NoSuchMethodError'{0x000000071a9d3838}: 'long java.lang.invoke.DirectMethodHandle$Holder.invokeStatic(java.lang.Object, java.lang.Object, java.lang.Object)'> (0x000000071a9d3838) 
thrown [s\open\src\hotspot\share\interpreter\linkResolver.cpp, line 805]
Event: 2.135 Thread 0x000001e2fe205fd0 Exception <a 'java/lang/NoSuchMethodError'{0x000000071a9db698}: 'long java.lang.invoke.DirectMethodHandle$Holder.invokeStaticInit(java.lang.Object, java.lang.Object, java.lang.Object)'> (0x000000071a9db698) 
thrown [s\open\src\hotspot\share\interpreter\linkResolver.cpp, line 805]
Event: 2.138 Thread 0x000001e2fe205fd0 Exception <a 'java/lang/NoSuchMethodError'{0x0000000716b25f80}: 'java.lang.Object java.lang.invoke.DirectMethodHandle$Holder.newInvokeSpecial(java.lang.Object, java.lang.Object, long)'> (0x0000000716b25f80) 
thrown [s\open\src\hotspot\share\interpreter\linkResolver.cpp, line 805]
Event: 2.138 Thread 0x000001e2fe205fd0 Exception <a 'java/lang/NoSuchMethodError'{0x0000000716b2e118}: 'java.lang.Object java.lang.invoke.Invokers$Holder.linkToTargetMethod(java.lang.Object, long, java.lang.Object)'> (0x0000000716b2e118) 
thrown [s\open\src\hotspot\share\interpreter\linkResolver.cpp, line 805]
Event: 61.464 Thread 0x000001e2fe205fd0 Implicit null exception at 0x000001e2a8eb3062 to 0x000001e2a8eb39d8
Event: 66.134 Thread 0x000001e2fe205fd0 Exception <a 'java/lang/NoSuchMethodError'{0x000000070cd8f8b0}: 'long java.lang.invoke.Invokers$Holder.invokeExact_MT(java.lang.Object, java.lang.Object, java.lang.Object)'> (0x000000070cd8f8b0) 
thrown [s\open\src\hotspot\share\interpreter\linkResolver.cpp, line 805]
Event: 1006.030 Thread 0x000001e2fe205fd0 Exception <a 'java/lang/NoSuchMethodError'{0x000000070cb6e140}: 'java.lang.Object java.lang.invoke.DirectMethodHandle$Holder.newInvokeSpecial(java.lang.Object, java.lang.Object, java.lang.Object, int)'> (0x000000070cb6e140) 
thrown [s\open\src\hotspot\share\interpreter\linkResolver.cpp, line 805]
Event: 1006.031 Thread 0x000001e2fe205fd0 Exception <a 'java/lang/NoSuchMethodError'{0x000000070cb76630}: 'java.lang.Object java.lang.invoke.Invokers$Holder.linkToTargetMethod(java.lang.Object, java.lang.Object, int, java.lang.Object)'> (0x000000070cb76630) 
thrown [s\open\src\hotspot\share\interpreter\linkResolver.cpp, line 805]
Event: 1007.455 Thread 0x000001e2fe205fd0 Exception <a 'java/lang/NoSuchMethodError'{0x000000070c8e8d50}: 'java.lang.Object java.lang.invoke.DirectMethodHandle$Holder.invokeStatic(java.lang.Object, int, java.lang.Object)'> (0x000000070c8e8d50) 
thrown [s\open\src\hotspot\share\interpreter\linkResolver.cpp, line 805]
Event: 1007.465 Thread 0x000001e287339630 Exception <a 'java/lang/NoSuchMethodError'{0x000000070c606478}: 'java.lang.Object java.lang.invoke.DirectMethodHandle$Holder.invokeSpecial(java.lang.Object, java.lang.Object, java.lang.Object, java.lang.Object, java.lang.Object, int)'> (0x000000070c606478) 
thrown [s\open\src\hotspot\share\interpreter\linkResolver.cpp, line 805]
Event: 1007.491 Thread 0x000001e287339630 Exception <a 'java/lang/NoSuchMethodError'{0x000000070c6f23e8}: 'long java.lang.invoke.DirectMethodHandle$Holder.invokeStatic(java.lang.Object, long, long)'> (0x000000070c6f23e8) 
thrown [s\open\src\hotspot\share\interpreter\linkResolver.cpp, line 805]
Event: 1007.495 Thread 0x000001e2fe838190 Exception <a 'java/lang/NoSuchMethodError'{0x00000007164ca238}: 'int java.lang.invoke.DirectMethodHandle$Holder.invokeStatic(java.lang.Object, int, java.lang.Object)'> (0x00000007164ca238) 
thrown [s\open\src\hotspot\share\interpreter\linkResolver.cpp, line 805]
Event: 1007.496 Thread 0x000001e2fe838190 Exception <a 'java/lang/NoSuchMethodError'{0x00000007164e0f00}: 'void java.lang.invoke.DirectMethodHandle$Holder.invokeStatic(java.lang.Object, java.lang.Object, int)'> (0x00000007164e0f00) 
thrown [s\open\src\hotspot\share\interpreter\linkResolver.cpp, line 805]
Event: 1007.584 Thread 0x000001e287339630 Exception <a 'java/lang/NoSuchMethodError'{0x000000070c475200}: 'void java.lang.invoke.DirectMethodHandle$Holder.invokeSpecial(java.lang.Object, java.lang.Object, java.lang.Object, java.lang.Object, java.lang.Object, java.lang.Object, java.lang.Object)'> (0x000000070c475200) 
thrown [s\open\src\hotspot\share\interpreter\linkResolver.cpp, line 805]

VM Operations (20 events):
Event: 60.126 Executing VM operation: RendezvousGCThreads done
Event: 66.132 Executing VM operation: HandshakeAllThreads (Deoptimize)
Event: 66.132 Executing VM operation: HandshakeAllThreads (Deoptimize) done
Event: 120.346 Executing VM operation: HandshakeAllThreads (HandshakeForDeflation)
Event: 120.346 Executing VM operation: HandshakeAllThreads (HandshakeForDeflation) done
Event: 120.346 Executing VM operation: RendezvousGCThreads
Event: 120.346 Executing VM operation: RendezvousGCThreads done
Event: 1007.571 Executing VM operation: HandshakeAllThreads (Deoptimize)
Event: 1007.571 Executing VM operation: HandshakeAllThreads (Deoptimize) done
Event: 1007.573 Executing VM operation: HandshakeAllThreads (Deoptimize)
Event: 1007.573 Executing VM operation: HandshakeAllThreads (Deoptimize) done
Event: 1007.589 Executing VM operation: HandshakeAllThreads (Deoptimize)
Event: 1007.589 Executing VM operation: HandshakeAllThreads (Deoptimize) done
Event: 1022.310 Executing VM operation: HandshakeAllThreads (HandshakeForDeflation)
Event: 1022.310 Executing VM operation: HandshakeAllThreads (HandshakeForDeflation) done
Event: 1022.310 Executing VM operation: RendezvousGCThreads
Event: 1022.310 Executing VM operation: RendezvousGCThreads done
Event: 1024.175 Executing VM operation: G1CollectForAllocation (G1 Evacuation Pause)
Event: 1024.197 Executing VM operation: G1CollectForAllocation (G1 Evacuation Pause) done
Event: 1024.200 Executing VM operation: Exit

Memory protections (0 events):
No events

Nmethod flushes (0 events):
No events

Events (20 events):
Event: 2.329 Thread 0x000001e2b7f67390 Thread exited: 0x000001e2b7f67390
Event: 57.852 Thread 0x000001e2b7f63ea0 Thread added: 0x000001e2b7f67390
Event: 57.870 Thread 0x000001e2b7f63ea0 Thread added: 0x000001e2b7f64630
Event: 58.004 Thread 0x000001e2b7f67390 Thread exited: 0x000001e2b7f67390
Event: 58.004 Thread 0x000001e2b7f64630 Thread exited: 0x000001e2b7f64630
Event: 66.141 Thread 0x000001e2b7f63ea0 Thread added: 0x000001e2b7f64dc0
Event: 66.296 Thread 0x000001e2b7f64dc0 Thread exited: 0x000001e2b7f64dc0
Event: 998.383 Thread 0x000001e2b7f63ea0 Thread added: 0x000001e2b7f65550
Event: 998.653 Thread 0x000001e2b7f65550 Thread exited: 0x000001e2b7f65550
Event: 1007.450 Thread 0x000001e2fe205fd0 Thread added: 0x000001e287339630
Event: 1007.499 Thread 0x000001e2fe838190 Thread added: 0x000001e28733a4d0
Event: 1007.500 Thread 0x000001e2fe838190 Thread added: 0x000001e287339d80
Event: 1007.590 Thread 0x000001e287339630 Thread added: 0x000001e28733ac20
Event: 1024.174 Thread 0x000001e2b7f48170 Thread added: 0x000001e2873378f0
Event: 1024.197 Thread 0x000001e2873378f0 Thread added: 0x000001e287338040
Event: 1024.197 Thread 0x000001e2873378f0 Thread added: 0x000001e28733b370
Event: 1024.198 Thread 0x000001e287338040 Thread exited: 0x000001e287338040
Event: 1024.199 Thread 0x000001e28733b370 Thread exited: 0x000001e28733b370
Event: 1024.199 Thread 0x000001e2873378f0 Before exit entered
Event: 1024.200 Thread 0x000001e2b7f48170 Thread exited: 0x000001e2b7f48170


Dynamic libraries:
0x00007ff7a9360000 - 0x00007ff7a9370000 	C:\Program Files\Java\jdk-24\bin\java.exe
0x00007ff8b63a0000 - 0x00007ff8b6609000 	C:\Windows\SYSTEM32\ntdll.dll
0x00007ff8b49f0000 - 0x00007ff8b4ab9000 	C:\Windows\System32\KERNEL32.DLL
0x00007ff8b38c0000 - 0x00007ff8b3cb3000 	C:\Windows\System32\KERNELBASE.dll
0x00007ff8b3ff0000 - 0x00007ff8b413b000 	C:\Windows\System32\ucrtbase.dll
0x00007ff897cb0000 - 0x00007ff897cc6000 	C:\Program Files\Java\jdk-24\bin\jli.dll
0x00007ff897be0000 - 0x00007ff897bfb000 	C:\Program Files\Java\jdk-24\bin\VCRUNTIME140.dll
0x00007ff8b42e0000 - 0x00007ff8b44a4000 	C:\Windows\System32\USER32.dll
0x00007ff8a2760000 - 0x00007ff8a29f3000 	C:\Windows\WinSxS\amd64_microsoft.windows.common-controls_6595b64144ccf1df_6.0.26100.5074_none_3e0d6f78e32fd63f\COMCTL32.dll
0x00007ff8b5370000 - 0x00007ff8b5419000 	C:\Windows\System32\msvcrt.dll
0x00007ff8b4140000 - 0x00007ff8b4167000 	C:\Windows\System32\win32u.dll
0x00007ff8b4bf0000 - 0x00007ff8b4c1b000 	C:\Windows\System32\GDI32.dll
0x00007ff8b3cc0000 - 0x00007ff8b3ded000 	C:\Windows\System32\gdi32full.dll
0x00007ff8b3750000 - 0x00007ff8b37f3000 	C:\Windows\System32\msvcp_win.dll
0x00007ff8b42a0000 - 0x00007ff8b42cf000 	C:\Windows\System32\IMM32.DLL
0x00007ff8a6ec0000 - 0x00007ff8a6ecc000 	C:\Program Files\Java\jdk-24\bin\vcruntime140_1.dll
0x00007ff8965b0000 - 0x00007ff89663e000 	C:\Program Files\Java\jdk-24\bin\msvcp140.dll
0x00007ff843340000 - 0x00007ff8440e1000 	C:\Program Files\Java\jdk-24\bin\server\jvm.dll
0x00007ff8b57c0000 - 0x00007ff8b5874000 	C:\Windows\System32\ADVAPI32.dll
0x00007ff8b4b40000 - 0x00007ff8b4be6000 	C:\Windows\System32\sechost.dll
0x00007ff8b4170000 - 0x00007ff8b4288000 	C:\Windows\System32\RPCRT4.dll
0x00007ff8b5470000 - 0x00007ff8b54e4000 	C:\Windows\System32\WS2_32.dll
0x00007ff8b32e0000 - 0x00007ff8b333e000 	C:\Windows\SYSTEM32\POWRPROF.dll
0x00007ff8abc60000 - 0x00007ff8abc6b000 	C:\Windows\SYSTEM32\VERSION.dll
0x00007ff8ab420000 - 0x00007ff8ab455000 	C:\Windows\SYSTEM32\WINMM.dll
0x00007ff8b32c0000 - 0x00007ff8b32d4000 	C:\Windows\SYSTEM32\UMPDC.dll
0x00007ff8b21d0000 - 0x00007ff8b21eb000 	C:\Windows\SYSTEM32\kernel.appcore.dll
0x00007ff8a6b80000 - 0x00007ff8a6b8a000 	C:\Program Files\Java\jdk-24\bin\jimage.dll
0x00007ff8ac4c0000 - 0x00007ff8ac702000 	C:\Windows\SYSTEM32\DBGHELP.DLL
0x00007ff8b44c0000 - 0x00007ff8b483b000 	C:\Windows\System32\combase.dll
0x00007ff8b56e0000 - 0x00007ff8b57b7000 	C:\Windows\System32\OLEAUT32.dll
0x00007ff8a8030000 - 0x00007ff8a806d000 	C:\Windows\SYSTEM32\dbgcore.DLL
0x00007ff8b36b0000 - 0x00007ff8b3749000 	C:\Windows\System32\bcryptPrimitives.dll
0x00007ff8b0020000 - 0x00007ff8b002f000 	C:\Program Files\Java\jdk-24\bin\instrument.dll
0x00007ff897bc0000 - 0x00007ff897bde000 	C:\Program Files\Java\jdk-24\bin\java.dll
0x00007ff8b6130000 - 0x00007ff8b62c8000 	C:\Windows\System32\ole32.dll
0x00007ff8b4c20000 - 0x00007ff8b536d000 	C:\Windows\System32\SHELL32.dll
0x00007ff8b3e80000 - 0x00007ff8b3fec000 	C:\Windows\System32\wintypes.dll
0x00007ff8b0fb0000 - 0x00007ff8b1809000 	C:\Windows\SYSTEM32\windows.storage.dll
0x00007ff8b55e0000 - 0x00007ff8b56d0000 	C:\Windows\System32\SHCORE.dll
0x00007ff8b4880000 - 0x00007ff8b48e2000 	C:\Windows\System32\shlwapi.dll
0x00007ff8b3450000 - 0x00007ff8b3479000 	C:\Windows\SYSTEM32\profapi.dll
0x00007ff887740000 - 0x00007ff887817000 	C:\Program Files\Java\jdk-24\bin\jsvml.dll
0x00007ff8a57e0000 - 0x00007ff8a57f0000 	C:\Program Files\Java\jdk-24\bin\net.dll
0x00007ff8b2830000 - 0x00007ff8b289b000 	C:\Windows\system32\mswsock.dll
0x00007ff897ba0000 - 0x00007ff897bb6000 	C:\Program Files\Java\jdk-24\bin\nio.dll
0x00007ff897920000 - 0x00007ff897937000 	C:\Program Files\Java\jdk-24\bin\zip.dll
0x000001e296b00000 - 0x000001e296b03000 	C:\Users\danielcc\.openjfx\cache\17.0.6\api-ms-win-core-console-l1-1-0.dll
0x000001e296b10000 - 0x000001e296b13000 	C:\Users\danielcc\.openjfx\cache\17.0.6\api-ms-win-core-console-l1-2-0.dll
0x000001e296b20000 - 0x000001e296b23000 	C:\Users\danielcc\.openjfx\cache\17.0.6\api-ms-win-core-datetime-l1-1-0.dll
0x000001e296b30000 - 0x000001e296b33000 	C:\Users\danielcc\.openjfx\cache\17.0.6\api-ms-win-core-debug-l1-1-0.dll
0x000001e2989c0000 - 0x000001e2989c3000 	C:\Users\danielcc\.openjfx\cache\17.0.6\api-ms-win-core-errorhandling-l1-1-0.dll
0x000001e2989d0000 - 0x000001e2989d4000 	C:\Users\danielcc\.openjfx\cache\17.0.6\api-ms-win-core-file-l1-1-0.dll
0x000001e2989e0000 - 0x000001e2989e3000 	C:\Users\danielcc\.openjfx\cache\17.0.6\api-ms-win-core-file-l1-2-0.dll
0x000001e2989f0000 - 0x000001e2989f3000 	C:\Users\danielcc\.openjfx\cache\17.0.6\api-ms-win-core-file-l2-1-0.dll
0x000001e298a00000 - 0x000001e298a03000 	C:\Users\danielcc\.openjfx\cache\17.0.6\api-ms-win-core-handle-l1-1-0.dll
0x000001e298a10000 - 0x000001e298a13000 	C:\Users\danielcc\.openjfx\cache\17.0.6\api-ms-win-core-heap-l1-1-0.dll
0x000001e2b8ea0000 - 0x000001e2b8ea3000 	C:\Users\danielcc\.openjfx\cache\17.0.6\api-ms-win-core-interlocked-l1-1-0.dll
0x000001e2b8eb0000 - 0x000001e2b8eb3000 	C:\Users\danielcc\.openjfx\cache\17.0.6\api-ms-win-core-libraryloader-l1-1-0.dll
0x000001e2b8ec0000 - 0x000001e2b8ec3000 	C:\Users\danielcc\.openjfx\cache\17.0.6\api-ms-win-core-localization-l1-2-0.dll
0x000001e2b8ed0000 - 0x000001e2b8ed3000 	C:\Users\danielcc\.openjfx\cache\17.0.6\api-ms-win-core-memory-l1-1-0.dll
0x000001e2b8ee0000 - 0x000001e2b8ee3000 	C:\Users\danielcc\.openjfx\cache\17.0.6\api-ms-win-core-namedpipe-l1-1-0.dll
0x000001e2b8ef0000 - 0x000001e2b8ef3000 	C:\Users\danielcc\.openjfx\cache\17.0.6\api-ms-win-core-processenvironment-l1-1-0.dll
0x000001e2b8f00000 - 0x000001e2b8f03000 	C:\Users\danielcc\.openjfx\cache\17.0.6\api-ms-win-core-processthreads-l1-1-0.dll
0x000001e2b8f10000 - 0x000001e2b8f13000 	C:\Users\danielcc\.openjfx\cache\17.0.6\api-ms-win-core-processthreads-l1-1-1.dll
0x000001e2b8f20000 - 0x000001e2b8f23000 	C:\Users\danielcc\.openjfx\cache\17.0.6\api-ms-win-core-profile-l1-1-0.dll
0x000001e2b8f30000 - 0x000001e2b8f33000 	C:\Users\danielcc\.openjfx\cache\17.0.6\api-ms-win-core-rtlsupport-l1-1-0.dll
0x000001e2b8f40000 - 0x000001e2b8f43000 	C:\Users\danielcc\.openjfx\cache\17.0.6\api-ms-win-core-string-l1-1-0.dll
0x000001e2b8f50000 - 0x000001e2b8f53000 	C:\Users\danielcc\.openjfx\cache\17.0.6\api-ms-win-core-synch-l1-1-0.dll
0x000001e2b8f60000 - 0x000001e2b8f63000 	C:\Users\danielcc\.openjfx\cache\17.0.6\api-ms-win-core-synch-l1-2-0.dll
0x000001e2b8f70000 - 0x000001e2b8f73000 	C:\Users\danielcc\.openjfx\cache\17.0.6\api-ms-win-core-sysinfo-l1-1-0.dll
0x000001e2b8f80000 - 0x000001e2b8f83000 	C:\Users\danielcc\.openjfx\cache\17.0.6\api-ms-win-core-timezone-l1-1-0.dll
0x000001e2b8f90000 - 0x000001e2b8f93000 	C:\Users\danielcc\.openjfx\cache\17.0.6\api-ms-win-core-util-l1-1-0.dll
0x000001e2b8fa0000 - 0x000001e2b8fa3000 	C:\Users\danielcc\.openjfx\cache\17.0.6\api-ms-win-crt-conio-l1-1-0.dll
0x000001e2b8fb0000 - 0x000001e2b8fb4000 	C:\Users\danielcc\.openjfx\cache\17.0.6\api-ms-win-crt-convert-l1-1-0.dll
0x000001e2b8fc0000 - 0x000001e2b8fc3000 	C:\Users\danielcc\.openjfx\cache\17.0.6\api-ms-win-crt-environment-l1-1-0.dll
0x000001e2b8fd0000 - 0x000001e2b8fd3000 	C:\Users\danielcc\.openjfx\cache\17.0.6\api-ms-win-crt-filesystem-l1-1-0.dll
0x000001e2b8fe0000 - 0x000001e2b8fe3000 	C:\Users\danielcc\.openjfx\cache\17.0.6\api-ms-win-crt-heap-l1-1-0.dll
0x000001e2b8ff0000 - 0x000001e2b8ff3000 	C:\Users\danielcc\.openjfx\cache\17.0.6\api-ms-win-crt-locale-l1-1-0.dll
0x000001e2fefd0000 - 0x000001e2fefd5000 	C:\Users\danielcc\.openjfx\cache\17.0.6\api-ms-win-crt-math-l1-1-0.dll
0x000001e2fefe0000 - 0x000001e2fefe5000 	C:\Users\danielcc\.openjfx\cache\17.0.6\api-ms-win-crt-multibyte-l1-1-0.dll
0x000001e2feff0000 - 0x000001e2ff000000 	C:\Users\danielcc\.openjfx\cache\17.0.6\api-ms-win-crt-private-l1-1-0.dll
0x000001e2ff000000 - 0x000001e2ff003000 	C:\Users\danielcc\.openjfx\cache\17.0.6\api-ms-win-crt-process-l1-1-0.dll
0x000001e2ff010000 - 0x000001e2ff014000 	C:\Users\danielcc\.openjfx\cache\17.0.6\api-ms-win-crt-runtime-l1-1-0.dll
0x000001e2ff020000 - 0x000001e2ff024000 	C:\Users\danielcc\.openjfx\cache\17.0.6\api-ms-win-crt-stdio-l1-1-0.dll
0x000001e2ff030000 - 0x000001e2ff034000 	C:\Users\danielcc\.openjfx\cache\17.0.6\api-ms-win-crt-string-l1-1-0.dll
0x000001e2ff040000 - 0x000001e2ff043000 	C:\Users\danielcc\.openjfx\cache\17.0.6\api-ms-win-crt-time-l1-1-0.dll
0x000001e2ff050000 - 0x000001e2ff053000 	C:\Users\danielcc\.openjfx\cache\17.0.6\api-ms-win-crt-utility-l1-1-0.dll
0x00007ff88b270000 - 0x00007ff88b36c000 	C:\Users\danielcc\.openjfx\cache\17.0.6\ucrtbase.dll
0x00007ff8a7910000 - 0x00007ff8a792a000 	C:\Users\danielcc\.openjfx\cache\17.0.6\vcruntime140.dll
0x00007ff8a7900000 - 0x00007ff8a790c000 	C:\Users\danielcc\.openjfx\cache\17.0.6\vcruntime140_1.dll
0x00007ff89cf50000 - 0x00007ff89cfdd000 	C:\Users\danielcc\.openjfx\cache\17.0.6\msvcp140.dll
0x00007ff8a78f0000 - 0x00007ff8a78f9000 	C:\Users\danielcc\.openjfx\cache\17.0.6\msvcp140_1.dll
0x00007ff89cf20000 - 0x00007ff89cf4f000 	C:\Users\danielcc\.openjfx\cache\17.0.6\msvcp140_2.dll
0x00007ff899ce0000 - 0x00007ff899d0a000 	C:\Users\danielcc\.openjfx\cache\17.0.6\prism_d3d.dll
0x00007ff881f90000 - 0x00007ff882141000 	C:\Windows\system32\d3d9.dll
0x00007ff8b08e0000 - 0x00007ff8b090b000 	C:\Windows\SYSTEM32\dwmapi.dll
0x00007ff8b0730000 - 0x00007ff8b0774000 	C:\Windows\SYSTEM32\dxcore.dll
0x00007ff8b05e0000 - 0x00007ff8b0688000 	C:\Windows\system32\uxtheme.dll
0x00007ff8ac430000 - 0x00007ff8ac490000 	C:\Windows\SYSTEM32\directxdatabasehelper.dll
0x00007ff893cb0000 - 0x00007ff893cf2000 	C:\Users\danielcc\.openjfx\cache\17.0.6\glass.dll
0x00007ff8b48f0000 - 0x00007ff8b49e1000 	C:\Windows\System32\COMDLG32.dll
0x00007ff8b5fd0000 - 0x00007ff8b6128000 	C:\Windows\System32\MSCTF.dll
0x00007ff89d0e0000 - 0x00007ff89d0f4000 	C:\Users\danielcc\.openjfx\cache\17.0.6\javafx_font.dll
0x00007ff8b2c00000 - 0x00007ff8b2c1b000 	C:\Windows\SYSTEM32\CRYPTSP.dll
0x00007ff8b2250000 - 0x00007ff8b228b000 	C:\Windows\system32\rsaenh.dll
0x00007ff8b28d0000 - 0x00007ff8b28fb000 	C:\Windows\SYSTEM32\USERENV.dll
0x00007ff8b3420000 - 0x00007ff8b3446000 	C:\Windows\SYSTEM32\bcrypt.dll
0x00007ff8b2a60000 - 0x00007ff8b2a6c000 	C:\Windows\SYSTEM32\CRYPTBASE.dll
0x00007ff8b1a20000 - 0x00007ff8b1a54000 	C:\Windows\SYSTEM32\IPHLPAPI.DLL
0x00007ff8b4870000 - 0x00007ff8b487a000 	C:\Windows\System32\NSI.dll
0x00007ff8b1aa0000 - 0x00007ff8b1bc6000 	C:\Windows\SYSTEM32\DNSAPI.dll
0x00007ff8ad900000 - 0x00007ff8ad90b000 	C:\Windows\System32\rasadhlp.dll
0x00007ff8ae170000 - 0x00007ff8ae1f6000 	C:\Windows\System32\fwpuclnt.dll
0x00007ff8a5470000 - 0x00007ff8a547e000 	C:\Program Files\Java\jdk-24\bin\sunmscapi.dll
0x00007ff8b3530000 - 0x00007ff8b36a7000 	C:\Windows\System32\CRYPT32.dll
0x00007ff8b2d50000 - 0x00007ff8b2d80000 	C:\Windows\SYSTEM32\ncrypt.dll
0x00007ff8b2d00000 - 0x00007ff8b2d3f000 	C:\Windows\SYSTEM32\NTASN1.dll
0x00007ff89cae0000 - 0x00007ff89cae8000 	C:\Windows\system32\wshunix.dll
0x00007ff8ae900000 - 0x00007ff8aeb67000 	C:\Windows\SYSTEM32\dwrite.dll
0x00007ff8b54f0000 - 0x00007ff8b55a1000 	C:\Windows\System32\clbcatq.dll
0x00007ff8ae6c0000 - 0x00007ff8ae8ef000 	C:\Windows\SYSTEM32\WindowsCodecs.dll
0x00007ff8a6b20000 - 0x00007ff8a6b7a000 	C:\Windows\system32\dataexchange.dll
0x00007ff8a8390000 - 0x00007ff8a85c9000 	C:\Windows\system32\twinapi.appcore.dll
0x00007ff899850000 - 0x00007ff89987c000 	C:\Program Files\Common Files\Microsoft Shared\Ink\rtscom.dll
0x00007ff89d780000 - 0x00007ff89d8c9000 	C:\Windows\SYSTEM32\textinputframework.dll
0x00007ff8afbe0000 - 0x00007ff8afd05000 	C:\Windows\SYSTEM32\CoreMessaging.dll
0x00007ff8abe30000 - 0x00007ff8ac113000 	C:\Windows\SYSTEM32\CoreUIComponents.dll

JVMTI agents:
C:\Program Files\JetBrains\IntelliJ IDEA Community Edition 2025.2.1\lib\idea_rt.jar path:C:\Program Files\Java\jdk-24\bin\instrument.dll, loaded, initialized, instrumentlib options:53929

dbghelp: loaded successfully - version: 4.0.5 - missing functions: none
symbol engine: initialized successfully - sym options: 0x614 - pdb path: .;C:\Program Files\Java\jdk-24\bin;C:\Windows\SYSTEM32;C:\Windows\WinSxS\amd64_microsoft.windows.common-controls_6595b64144ccf1df_6.0.26100.5074_none_3e0d6f78e32fd63f;C:\Program Files\Java\jdk-24\bin\server;C:\Users\danielcc\.openjfx\cache\17.0.6;C:\WINDOWS\System32\DriverStore\FileRepository\u0387827.inf_amd64_7004fc67026a57ee\B384926;C:\Program Files\Common Files\Microsoft Shared\Ink

VM Arguments:
jvm_args: -javaagent:C:\Program Files\JetBrains\IntelliJ IDEA Community Edition 2025.2.1\lib\idea_rt.jar=53929 -Dfile.encoding=UTF-8 -Dsun.stdout.encoding=UTF-8 -Dsun.stderr.encoding=UTF-8 --module-path=C:\Users\danielcc\.m2\repository\com\github\almasb\fxgl\11.17\fxgl-11.17.jar;C:\Users\danielcc\.m2\repository\com\fasterxml\jackson\core\jackson-databind\2.12.1\jackson-databind-2.12.1.jar;C:\Users\danielcc\.m2\repository\com\gluonhq\attach\lifecycle\4.0.9\lifecycle-4.0.9.jar;C:\Users\danielcc\.m2\repository\org\openjfx\javafx-base\17.0.6\javafx-base-17.0.6-win.jar;C:\Users\danielcc\.m2\repository\com\fasterxml\jackson\core\jackson-annotations\2.12.1\jackson-annotations-2.12.1.jar;C:\Users\danielcc\.m2\repository\org\jetbrains\kotlin\kotlin-stdlib\1.5.10\kotlin-stdlib-1.5.10-modular.jar;C:\Users\danielcc\.m2\repository\com\fasterxml\jackson\core\jackson-core\2.12.1\jackson-core-2.12.1.jar;C:\Users\danielcc\.m2\repository\org\openjfx\javafx-controls\17.0.6\javafx-controls-17.0.6-win.jar;C:\Users\danielcc\Desktop\DAM 1T\code\practicaOrtoRestaurante\desktopIJ\target\classes;C:\Users\danielcc\.m2\repository\com\gluonhq\attach\storage\4.0.9\storage-4.0.9.jar;C:\Users\danielcc\.m2\repository\org\openjfx\javafx-fxml\17.0.6\javafx-fxml-17.0.6-win.jar;C:\Users\danielcc\.m2\repository\org\openjfx\javafx-web\17.0.6\javafx-web-17.0.6-win.jar;C:\Users\danielcc\.m2\repository\com\gluonhq\attach\audio\4.0.9\audio-4.0.9.jar;C:\Users\danielcc\.m2\repository\eu\hansolo\tilesfx\11.48\tilesfx-11.48.jar;C:\Users\danielcc\.m2\repository\com\google\errorprone\error_prone_annotations\2.38.0\error_prone_annotations-2.38.0.jar;C:\Users\danielcc\.m2\repository\org\mongodb\bson\5.5.1\bson-5.5.1.jar;C:\Users\danielcc\.m2\repository\org\mongodb\mongodb-driver-sync\5.5.1\mongodb-driver-sync-5.5.1.jar;C:\Users\danielcc\.m2\repository\com\gluonhq\attach\util\4.0.9\util-4.0.9.jar;C:\Users\danielcc\.m2\repository\org\kordamp\ikonli\ikonli-javafx\12.3.1\ikonli-javafx-12.3.1.jar;C:\Users\danielcc\.m2\repository\com\github\almasb\fxgl-scene\11.17\fxgl-scene-11.17.jar;C:\Users\danielcc\.m2\repository\com\github\almasb\fxgl-entity\11.17\fxgl-entity-11.17.jar;C:\Users\danielcc\.m2\repository-Djdk.module.main=com.example.practortorestaurantedesktopp 
java_command: com.example.practortorestaurantedesktopp/com.example.practortorestaurantedesktopp.HelloApplication
java_class_path (initial): C:\Users\danielcc\.m2\repository\org\mongodb\bson-record-codec\5.5.1\bson-record-codec-5.5.1.jar;C:\Users\danielcc\.m2\repository\org\slf4j\slf4j-jdk14\1.7.28\slf4j-jdk14-1.7.28.jar;C:\Users\danielcc\.m2\repository\org\slf4j\slf4j-api\1.7.28\slf4j-api-1.7.28.jar;C:\Users\danielcc\.m2\repository\org\openjfx\javafx-controls\17.0.6\javafx-controls-17.0.6.jar;C:\Users\danielcc\.m2\repository\org\openjfx\javafx-graphics\17.0.6\javafx-graphics-17.0.6.jar;C:\Users\danielcc\.m2\repository\org\openjfx\javafx-base\17.0.6\javafx-base-17.0.6.jar;C:\Users\danielcc\.m2\repository\org\openjfx\javafx-fxml\17.0.6\javafx-fxml-17.0.6.jar;C:\Users\danielcc\.m2\repository\org\openjfx\javafx-web\17.0.6\javafx-web-17.0.6.jar;C:\Users\danielcc\.m2\repository\org\openjfx\javafx-swing\17.0.6\javafx-swing-17.0.6.jar;C:\Users\danielcc\.m2\repository\org\openjfx\javafx-swing\17.0.6\javafx-swing-17.0.6-win.jar;C:\Users\danielcc\.m2\repository\org\openjfx\javafx-media\17.0.6\javafx-media-17.0.6.jar;C:\Users\danielcc\.m2\repository\org\jetbrains\annotations\13.0\annotations-13.0.jar;C:\Users\danielcc\.m2\repository\org\jetbrains\kotlin\kotlin-stdlib-common\1.5.10\kotlin-stdlib-common-1.5.10.jar
Launcher Type: SUN_STANDARD

[Global flags]
     intx CICompilerCount                          = 4                                         {product} {ergonomic}
     uint ConcGCThreads                            = 3                                         {product} {ergonomic}
     uint G1ConcRefinementThreads                  = 10                                        {product} {ergonomic}
   size_t G1HeapRegionSize                         = 2097152                                   {product} {ergonomic}
   size_t InitialHeapSize                          = 257949696                                 {product} {ergonomic}
   size_t MarkStackSize                            = 4194304                                   {product} {ergonomic}
   size_t MarkStackSizeMax                         = 536870912                                 {product} {ergonomic}
   size_t MaxHeapSize                              = 4106223616                                {product} {ergonomic}
   size_t MaxNewSize                               = 2462056448                                {product} {ergonomic}
   size_t MinHeapDeltaBytes                        = 2097152                                   {product} {ergonomic}
   size_t MinHeapSize                              = 8388608                                   {product} {ergonomic}
    uintx NonNMethodCodeHeapSize                   = 5832704                                {pd product} {ergonomic}
    uintx NonProfiledCodeHeapSize                  = 122945536                              {pd product} {ergonomic}
    uintx ProfiledCodeHeapSize                     = 122880000                              {pd product} {ergonomic}
    uintx ReservedCodeCacheSize                    = 251658240                              {pd product} {ergonomic}
     bool SegmentedCodeCache                       = true                                      {product} {ergonomic}
   size_t SoftMaxHeapSize                          = 4106223616                             {manageable} {ergonomic}
     bool UseCompressedOops                        = true                           {product lp64_product} {ergonomic}
     bool UseG1GC                                  = true                                      {product} {ergonomic}
     bool UseLargePagesIndividualAllocation        = false                                  {pd product} {ergonomic}

Logging:
Log output configuration:
 #0: stdout all=off uptime,level,tags foldmultilines=false
 #1: stderr all=off uptime,level,tags foldmultilines=false

Environment Variables:
PATH=C:\Program Files\Common Files\Oracle\Java\javapath;C:\Windows\system32;C:\Windows;C:\Windows\System32\Wbem;C:\Windows\System32\WindowsPowerShell\v1.0\;C:\Windows\System32\OpenSSH\;C:\Program Files\nodejs\;C:\kotlinc\bin;C:\javafx-sdk-25\lib;;C:\Strawberry\c\bin;C:\Strawberry\perl\site\bin;C:\Strawberry\perl\bin;C:\Program Files\Docker\Docker\resources\bin;C:\Users\danielcc\AppData\Local\Programs\Python\Python314\Scripts\;C:\Users\danielcc\AppData\Local\Programs\Python\Python314\;C:\Users\danielcc\AppData\Local\Programs\Python\Launcher\;C:\Users\danielcc\AppData\Local\Microsoft\WindowsApps;C:\Users\danielcc\AppData\Local\Programs\Microsoft VS Code\bin;C:\Users\danielcc\AppData\Local\Programs\Git\cmd;C:\Users\danielcc\AppData\Roaming\npm;C:\Users\danielcc\AppData\Local\Programs\MiKTeX\miktex\bin\x64\
USERNAME=danielcc
OS=Windows_NT
PROCESSOR_IDENTIFIER=AMD64 Family 25 Model 80 Stepping 0, AuthenticAMD
TMP=C:\Users\danielcc\AppData\Local\Temp
TEMP=C:\Users\danielcc\AppData\Local\Temp




Periodic native trim disabled

---------------  S Y S T E M  ---------------

OS:
 Windows 11 , 64 bit Build 26100 (10.0.26100.5074)
OS uptime: 7 days 22:15 hours
Hyper-V role detected

CPU: total 12 (initial active 12) (12 cores per cpu, 2 threads per core) family 25 model 80 stepping 0 microcode 0xa50000d, cx8, cmov, fxsr, ht, mmx, 3dnowpref, sse, sse2, sse3, ssse3, sse4a, sse4.1, sse4.2, popcnt, lzcnt, tsc, tscinvbit, avx, avx2, aes, erms, clmul, bmi1, bmi2, adx, sha, fma, vzeroupper, clflush, clflushopt, hv, rdtscp, rdpid, fsrm, f16c, cet_ss
Processor Information for the first 12 processors :
  Max Mhz: 3901, Current Mhz: 3901, Mhz Limit: 3901

Memory: 4k page, system-wide physical 15659M (1149M free)
TotalPageFile size 24852M (AvailPageFile size 748M)
current process WorkingSet (physical memory assigned to process): 129M, peak: 212M
current process commit charge ("private bytes"): 231M, peak: 413M

vm_info: Java HotSpot(TM) 64-Bit Server VM (24.0.2+12-54) for windows-amd64 JRE (24.0.2+12-54), built on 2025-07-08T12:10:27Z with MS VC++ 17.6 (VS2022)

END.
