#
# A fatal error has been detected by the Java Runtime Environment:
#
#  EXCEPTION_ACCESS_VIOLATION (0xc0000005) at pc=0x00007ff893cd6b07, pid=12836, tid=1552
#
# JRE version: Java(TM) SE Runtime Environment (24.0.2+12) (build 24.0.2+12-54)
# Java VM: Java HotSpot(TM) 64-Bit Server VM (24.0.2+12-54, mixed mode, sharing, tiered, compressed oops, compressed class ptrs, g1 gc, windows-amd64)
# Problematic frame:
# C  [glass.dll+0x26b07]
#
# No core dump will be written. Minidumps are not enabled by default on client versions of Windows
#
# If you would like to submit a bug report, please visit:
#   https://bugreport.java.com/bugreport/crash.jsp
#

---------------  S U M M A R Y ------------

Command Line: -javaagent:C:\Program Files\JetBrains\IntelliJ IDEA Community Edition 2025.2.1\lib\idea_rt.jar=60346 -Dfile.encoding=UTF-8 -Dsun.stdout.encoding=UTF-8 -Dsun.stderr.encoding=UTF-8 --module-path=C:\Users\danielcc\.m2\repository\com\github\almasb\fxgl\11.17\fxgl-11.17.jar;C:\Users\danielcc\.m2\repository\com\fasterxml\jackson\core\jackson-databind\2.12.1\jackson-databind-2.12.1.jar;C:\Users\danielcc\.m2\repository\com\gluonhq\attach\lifecycle\4.0.9\lifecycle-4.0.9.jar;C:\Users\danielcc\.m2\repository\org\openjfx\javafx-base\17.0.6\javafx-base-17.0.6-win.jar;C:\Users\danielcc\.m2\repository\com\fasterxml\jackson\core\jackson-annotations\2.12.1\jackson-annotations-2.12.1.jar;C:\Users\danielcc\.m2\repository\org\jetbrains\kotlin\kotlin-stdlib\1.5.10\kotlin-stdlib-1.5.10-modular.jar;C:\Users\danielcc\.m2\repository\com\fasterxml\jackson\core\jackson-core\2.12.1\jackson-core-2.12.1.jar;C:\Users\danielcc\.m2\repository\org\openjfx\javafx-controls\17.0.6\javafx-controls-17.0.6-win.jar;C:\Users\danielcc\Desktop\DAM 1T\code\practicaOrtoRestaurante\desktopIJ\target\classes;C:\Users\danielcc\.m2\repository\com\gluonhq\attach\storage\4.0.9\storage-4.0.9.jar;C:\Users\danielcc\.m2\repository\org\openjfx\javafx-fxml\17.0.6\javafx-fxml-17.0.6-win.jar;C:\Users\danielcc\.m2\repository\org\openjfx\javafx-web\17.0.6\javafx-web-17.0.6-win.jar;C:\Users\danielcc\.m2\repository\com\gluonhq\attach\audio\4.0.9\audio-4.0.9.jar;C:\Users\danielcc\.m2\repository\eu\hansolo\tilesfx\11.48\tilesfx-11.48.jar;C:\Users\danielcc\.m2\repository\com\google\errorprone\error_prone_annotations\2.38.0\error_prone_annotations-2.38.0.jar;C:\Users\danielcc\.m2\repository\org\mongodb\bson\5.5.1\bson-5.5.1.jar;C:\Users\danielcc\.m2\repository\org\mongodb\mongodb-driver-sync\5.5.1\mongodb-driver-sync-5.5.1.jar;C:\Users\danielcc\.m2\repository\com\gluonhq\attach\util\4.0.9\util-4.0.9.jar;C:\Users\danielcc\.m2\repository\org\kordamp\ikonli\ikonli-javafx\12.3.1\ikonli-javafx-12.3.1.jar;C:\Users\danielcc\.m2\repository\com\github\almasb\fxgl-scene\11.17\fxgl-scene-11.17.jar;C:\Users\danielcc\.m2\repository\com\github\almasb\fxgl-entity\11.17\fxgl-entity-11.17.jar;C:\Users\danielcc\.m2\repository-Djdk.module.main=com.example.practortorestaurantedesktopp com.example.practortorestaurantedesktopp/com.example.practortorestaurantedesktopp.HelloApplication

Host: AMD Ryzen 5 5600G with Radeon Graphics         , 12 cores, 15G,  Windows 11 , 64 bit Build 26100 (10.0.26100.5074)
Time: Tue Nov  4 17:11:35 2025 Hora estándar romance elapsed time: 25.885948 seconds (0d 0h 0m 25s)

---------------  T H R E A D  ---------------

Current thread (0x000002b7cf3b9400):  VMThread "VM Thread"          [id=1552, stack(0x000000c64ce00000,0x000000c64cf00000) (1024K)]

Stack: [0x000000c64ce00000,0x000000c64cf00000],  sp=0x000000c64ceff280,  free space=1020k
Native frames: (J=compiled Java code, j=interpreted, Vv=VM code, C=native code)
C  [glass.dll+0x26b07]  (no source info available)
C  [ucrtbase.dll+0x4bc75]  (no source info available)
C  [ucrtbase.dll+0x4b897]  (no source info available)
C  [ucrtbase.dll+0x4b84d]  (no source info available)
C  [glass.dll+0x24261]  (no source info available)
C  [glass.dll+0x24386]  (no source info available)
C  [ntdll.dll+0x160ede]  (no source info available)
C  [ntdll.dll+0x7483e]  (no source info available)
C  [ntdll.dll+0xfdfff]  (no source info available)
C  [ntdll.dll+0x8ede]  (no source info available)
C  [KERNEL32.DLL+0x418ab]  (no source info available)
C  [ucrtbase.dll+0xa0093]  (no source info available)
V  [jvm.dll+0x72928c]  (no source info available)
V  [jvm.dll+0x728dc0]  (no source info available)
V  [jvm.dll+0x41b344]  (no source info available)
V  [jvm.dll+0x8e29c2]  (no source info available)
V  [jvm.dll+0x8e3d0c]  (no source info available)
V  [jvm.dll+0x8e4278]  (no source info available)
V  [jvm.dll+0x8e4513]  (no source info available)
V  [jvm.dll+0x87d9eb]  (no source info available)
V  [jvm.dll+0x72ef45]  (no source info available)
C  [ucrtbase.dll+0x37b0]  (no source info available)
C  [KERNEL32.DLL+0x2e8d7]  (no source info available)
C  [ntdll.dll+0x8d9c]  (no source info available)


siginfo: EXCEPTION_ACCESS_VIOLATION (0xc0000005), reading address 0x0000000000000000


Registers:
RAX=0x0000000000000000, RBX=0x000002b7cf3c2a1a, RCX=0x000002b7cf3b9400, RDX=0x000000c64ceff280
RSP=0x000000c64ceff280, RBP=0x0000c9ca0c5c4687, RSI=0x000002b81586ae88, RDI=0x000002b81586ae60
R8 =0x0000000000010002, R9 =0x0000c9ca0c5c4687, R10=0x000002b7ad6e0000, R11=0x000002b815e98b90
R12=0x0000000000000001, R13=0x00007ff893cd43d4, R14=0x000000c64ceff388, R15=0x000002b81586ae60
RIP=0x00007ff893cd6b07, EFLAGS=0x0000000000010206

XMM[0]=0x0000000000000000 0x0000000000000000
XMM[1]=0x0000000000000000 0x000000c64cefdee0
XMM[2]=0x0000000000000000 0x0000000000000000
XMM[3]=0x0000000000000000 0x0000000000000000
XMM[4]=0x0000000000000000 0x0000000000000000
XMM[5]=0x0000000000000000 0x0000000000000000
XMM[6]=0x0000000000000000 0x0000000000000000
XMM[7]=0x0000000000000000 0x404e000000000000
XMM[8]=0x0000000000000000 0x0000000000000000
XMM[9]=0x0000000000000000 0x0000000000000000
XMM[10]=0x0000000000000000 0x0000000000000000
XMM[11]=0x0000000000000000 0x0000000000000000
XMM[12]=0x0000000000000000 0x0000000000000000
XMM[13]=0x0000000000000000 0x0000000000000000
XMM[14]=0x0000000000000000 0x0000000000000000
XMM[15]=0x0000000000000000 0x0000000000000000
  MXCSR=0x00001fa0


Register to memory mapping:

RAX=0x0 is null
RBX=0x000002b7cf3c2a1a is a global jni handle
RCX=0x000002b7cf3b9400 points into unknown readable memory: 0x00007ff843e27c38 | 38 7c e2 43 f8 7f 00 00
RDX=0x000000c64ceff280 points into unknown readable memory: 0x0000000000000000 | 00 00 00 00 00 00 00 00
RSP=0x000000c64ceff280 points into unknown readable memory: 0x0000000000000000 | 00 00 00 00 00 00 00 00
RBP=0x0000c9ca0c5c4687 is an unknown value
RSI=0x000002b81586ae88 points into unknown readable memory: 0x0000c9ca0c5c4687 | 87 46 5c 0c ca c9 00 00
RDI=0x000002b81586ae60 points into unknown readable memory: 0x003f3583eac33087 | 87 30 c3 ea 83 35 3f 00
R8 =0x0000000000010002 is an unknown value
R9 =0x0000c9ca0c5c4687 is an unknown value
R10=0x000002b7ad6e0000 points into unknown readable memory: 0x0000000000000000 | 00 00 00 00 00 00 00 00
R11=0x000002b815e98b90 points into unknown readable memory: 0x000002b81f2ea310 | 10 a3 2e 1f b8 02 00 00
R12=0x0000000000000001 is an unknown value
R13=0x00007ff893cd43d4 glass.dll
R14=0x000000c64ceff388 points into unknown readable memory: 0x000000c64ceff370 | 70 f3 ef 4c c6 00 00 00
R15=0x000002b81586ae60 points into unknown readable memory: 0x003f3583eac33087 | 87 30 c3 ea 83 35 3f 00

Top of Stack: (sp=0x000000c64ceff280)
0x000000c64ceff280:   0000000000000000 000002b800000000   ................
0x000000c64ceff290:   000002b815893890 0000000000000001   .8..............
0x000000c64ceff2a0:   000002b81586ae68 00007ff8b403bc75   h.......u.......
0x000000c64ceff2b0:   000002b81586ae60 000002b800000000   `...............
0x000000c64ceff2c0:   000002b81586ae80 0000c9ca0c5c4687   .........F\.....
0x000000c64ceff2d0:   fffffffffffffffe 00007ff89cc50000   ................
0x000000c64ceff2e0:   00007ff893cb0000 00007ff893cb0000   ................
0x000000c64ceff2f0:   000000c64ceff378 00007ff8b403b897   x..L............
0x000000c64ceff300:   000000c64ceff300 000000c64ceff388   ...L.......L....
0x000000c64ceff310:   000000c64ceff670 00007ff8b41288c0   p..L............
0x000000c64ceff320:   0000000000000001 00007ff8b403b84d   ........M.......
0x000000c64ceff330:   0000000000000000 0000000000000001   ................
0x000000c64ceff340:   000000c64ceff670 000000c64ceff378   p..L....x..L....
0x000000c64ceff350:   fffffffffffffffe 00007ff8b63e6003   .........`>.....
0x000000c64ceff360:   0000000000000000 00007ff893cd4261   ........aB......
0x000000c64ceff370:   00007ff893cea138 000000c600000002   8...............
0x000000c64ceff380:   00007ff800000002 000000c64ceff370   ........p..L....
0x000000c64ceff390:   0000000000000000 00007ff8b2c05e37   ........7^......
0x000000c64ceff3a0:   0000000000000000 00007ff893cd4386   .........C......
0x000000c64ceff3b0:   0000000000000001 0000000000000000   ................
0x000000c64ceff3c0:   0000000000000001 00007ff8b6414f8f   .........OA.....
0x000000c64ceff3d0:   00007ff8b2c00000 000000c64ceff670   ........p..L....
0x000000c64ceff3e0:   0000000000000001 0000000000000000   ................
0x000000c64ceff3f0:   0000000000000000 000000007ffe0384   ................
0x000000c64ceff400:   000002b8156b5530 00007ff8b6500ede   0Uk.......P.....
0x000000c64ceff410:   00007ff893cb0000 000002b800000000   ................
0x000000c64ceff420:   0000000000000001 000000007ffe0385   ................
0x000000c64ceff430:   00007ff893cd7590 00007ff8b641483e   .u......>HA.....
0x000000c64ceff440:   0000000000000000 0000000000000000   ................
0x000000c64ceff450:   0000000000000000 0000000000000000   ................
0x000000c64ceff460:   0000000000000000 0000000000000000   ................
0x000000c64ceff470:   0000000000000000 0000000000000000   ................

Instructions: (pc=0x00007ff893cd6b07)
  0x00007ff893cd6a07:   8b 4d 58 e8 01 cf ff ff 48 8b 4d 60 e8 f8 ce ff
  0x00007ff893cd6a17:   ff 48 8b 95 80 00 00 00 48 8b 8d 18 01 00 00 e8
  0x00007ff893cd6a27:   c6 c3 ff ff 33 d2 33 c9 e8 3c e1 ff ff 90 48 89
  0x00007ff893cd6a37:   54 24 10 55 48 83 ec 20 48 8b ea 48 b8 00 00 00
  0x00007ff893cd6a47:   00 00 00 00 00 48 83 c4 20 5d c3 cc 40 55 48 8b
  0x00007ff893cd6a57:   ea 48 8b 01 33 c9 81 38 05 00 00 c0 0f 94 c1 8b
  0x00007ff893cd6a67:   c1 5d c3 cc 40 55 48 83 ec 20 48 8b ea 8a 4d 40
  0x00007ff893cd6a77:   48 83 c4 20 5d e9 f7 d2 ff ff cc 40 55 48 83 ec
  0x00007ff893cd6a87:   20 48 8b ea 8a 4d 20 e8 e5 d2 ff ff 90 48 83 c4
  0x00007ff893cd6a97:   20 5d c3 cc 40 55 48 83 ec 20 48 8b ea 48 83 c4
  0x00007ff893cd6aa7:   20 5d e9 46 d1 ff ff cc 40 55 48 83 ec 30 48 8b
  0x00007ff893cd6ab7:   ea 48 8b 01 8b 10 48 89 4c 24 28 89 54 24 20 4c
  0x00007ff893cd6ac7:   8d 0d e7 d5 ff ff 4c 8b 45 70 8b 55 68 48 8b 4d
  0x00007ff893cd6ad7:   60 e8 87 d0 ff ff 90 48 83 c4 30 5d c3 cc cc cc
  0x00007ff893cd6ae7:   cc cc cc cc cc cc cc cc cc 40 53 48 83 ec 20 48
  0x00007ff893cd6af7:   8b 1d 33 30 01 00 48 85 db 74 16 e8 09 8b ff ff
=>0x00007ff893cd6b07:   4c 8b 00 48 8b d3 48 8b c8 41 ff 90 b0 00 00 00
  0x00007ff893cd6b17:   90 48 83 c4 20 5b c3 cc cc 40 53 48 83 ec 20 48
  0x00007ff893cd6b27:   8b 1d ab 31 01 00 48 85 db 74 57 b8 ff ff ff ff
  0x00007ff893cd6b37:   f0 0f c1 43 10 83 f8 01 75 3d 48 85 db 74 38 48
  0x00007ff893cd6b47:   8b 0b 48 85 c9 74 0d ff 15 54 07 00 00 48 c7 03
  0x00007ff893cd6b57:   00 00 00 00 48 8b 4b 08 48 85 c9 74 0d e8 a7 cd
  0x00007ff893cd6b67:   ff ff 48 c7 43 08 00 00 00 00 ba 18 00 00 00 48
  0x00007ff893cd6b77:   8b cb e8 92 cd ff ff 48 c7 05 4f 31 01 00 00 00
  0x00007ff893cd6b87:   00 00 48 83 c4 20 5b c3 cc 40 53 48 83 ec 20 48
  0x00007ff893cd6b97:   8b 1d 1b 31 01 00 48 85 db 74 57 b8 ff ff ff ff
  0x00007ff893cd6ba7:   f0 0f c1 43 10 83 f8 01 75 3d 48 85 db 74 38 48
  0x00007ff893cd6bb7:   8b 0b 48 85 c9 74 0d ff 15 e4 06 00 00 48 c7 03
  0x00007ff893cd6bc7:   00 00 00 00 48 8b 4b 08 48 85 c9 74 0d e8 37 cd
  0x00007ff893cd6bd7:   ff ff 48 c7 43 08 00 00 00 00 ba 18 00 00 00 48
  0x00007ff893cd6be7:   8b cb e8 22 cd ff ff 48 c7 05 bf 30 01 00 00 00
  0x00007ff893cd6bf7:   00 00 48 83 c4 20 5b c3 cc 40 53 48 83 ec 20 48


Stack slot to memory mapping:

stack at sp + 0 slots: 0x0 is null
stack at sp + 1 slots: 0x000002b800000000 is pointing into metadata
stack at sp + 2 slots: 0x000002b815893890 points into unknown readable memory: 0x000002b815894370 | 70 43 89 15 b8 02 00 00
stack at sp + 3 slots: 0x0000000000000001 is an unknown value
stack at sp + 4 slots: 0x000002b81586ae68 points into unknown readable memory: 0x0000c9ca0c5c4687 | 87 46 5c 0c ca c9 00 00
stack at sp + 5 slots: 0x00007ff8b403bc75 ucrtbase.dll
stack at sp + 6 slots: 0x000002b81586ae60 points into unknown readable memory: 0x003f3583eac33087 | 87 30 c3 ea 83 35 3f 00
stack at sp + 7 slots: 0x000002b800000000 is pointing into metadata

VM_Operation (0x000000c6504fee00): Exit, mode: safepoint, requested by thread 0x000002b816114070


---------------  P R O C E S S  ---------------

Threads class SMR info:
_java_thread_list=0x000002b8153e3630, length=30, elements={
0x000002b7ada832f0, 0x000002b7cf3c87e0, 0x000002b7cf3caf30, 0x000002b7cf3cd270,
0x000002b7cf3cf230, 0x000002b7cf3d08d0, 0x000002b7cf3d1f70, 0x000002b7cf3d4670,
0x000002b7cf3d5970, 0x000002b7cf4ecc20, 0x000002b8155d34e0, 0x000002b8155d3c20,
0x000002b7cf5f4130, 0x000002b8156d4090, 0x000002b8158e8fa0, 0x000002b815acb870,
0x000002b815b09320, 0x000002b815e30860, 0x000002b815e30110, 0x000002b815e30fb0,
0x000002b815e31700, 0x000002b81610f750, 0x000002b81610fea0, 0x000002b816110d40,
0x000002b81610e8b0, 0x000002b816111490, 0x000002b816111be0, 0x000002b816112330,
0x000002b81610f000, 0x000002b816114070
}

Java Threads: ( => current thread )
  0x000002b7ada832f0 JavaThread "main"                              [_thread_blocked, id=12644, stack(0x000000c64c700000,0x000000c64c800000) (1024K)]
  0x000002b7cf3c87e0 JavaThread "Reference Handler"          daemon [_thread_blocked, id=3688, stack(0x000000c64cf00000,0x000000c64d000000) (1024K)]
  0x000002b7cf3caf30 JavaThread "Finalizer"                  daemon [_thread_blocked, id=1280, stack(0x000000c64d000000,0x000000c64d100000) (1024K)]
  0x000002b7cf3cd270 JavaThread "Signal Dispatcher"          daemon [_thread_blocked, id=4572, stack(0x000000c64d100000,0x000000c64d200000) (1024K)]
  0x000002b7cf3cf230 JavaThread "Attach Listener"            daemon [_thread_blocked, id=6268, stack(0x000000c64d200000,0x000000c64d300000) (1024K)]
  0x000002b7cf3d08d0 JavaThread "Service Thread"             daemon [_thread_blocked, id=17176, stack(0x000000c64d300000,0x000000c64d400000) (1024K)]
  0x000002b7cf3d1f70 JavaThread "Monitor Deflation Thread"   daemon [_thread_blocked, id=8252, stack(0x000000c64d400000,0x000000c64d500000) (1024K)]
  0x000002b7cf3d4670 JavaThread "C2 CompilerThread0"         daemon [_thread_blocked, id=1516, stack(0x000000c64d500000,0x000000c64d600000) (1024K)]
  0x000002b7cf3d5970 JavaThread "C1 CompilerThread0"         daemon [_thread_blocked, id=4412, stack(0x000000c64d600000,0x000000c64d700000) (1024K)]
  0x000002b7cf4ecc20 JavaThread "Common-Cleaner"             daemon [_thread_blocked, id=16124, stack(0x000000c64d700000,0x000000c64d800000) (1024K)]
  0x000002b8155d34e0 JavaThread "Monitor Ctrl-Break"         daemon [_thread_in_native, id=5124, stack(0x000000c64da00000,0x000000c64db00000) (1024K)]
  0x000002b8155d3c20 JavaThread "Notification Thread"        daemon [_thread_blocked, id=10872, stack(0x000000c64db00000,0x000000c64dc00000) (1024K)]
  0x000002b7cf5f4130 JavaThread "QuantumRenderer-0"          daemon [_thread_blocked, id=3252, stack(0x000000c64dc00000,0x000000c64dd00000) (1024K)]
  0x000002b8156d4090 JavaThread "InvokeLaterDispatcher"      daemon [_thread_blocked, id=14696, stack(0x000000c64df00000,0x000000c64e000000) (1024K)]
  0x000002b8158e8fa0 JavaThread "JavaFX Application Thread"         [_thread_in_native, id=11364, stack(0x000000c64e000000,0x000000c64e100000) (1024K)]
  0x000002b815acb870 JavaThread "JavaFX-Launcher"                   [_thread_blocked, id=15720, stack(0x000000c64e900000,0x000000c64ea00000) (1024K)]
  0x000002b815b09320 JavaThread "Thread-2"                   daemon [_thread_in_native, id=17376, stack(0x000000c64d900000,0x000000c64da00000) (1024K)]
  0x000002b815e30860 JavaThread "Grizzly(1) SelectorRunner"  daemon [_thread_in_native, id=4000, stack(0x000000c64ef00000,0x000000c64f000000) (1024K)]
  0x000002b815e30110 JavaThread "Grizzly(1)"                 daemon [_thread_blocked, id=13920, stack(0x000000c64f000000,0x000000c64f100000) (1024K)]
  0x000002b815e30fb0 JavaThread "Grizzly(2)"                 daemon [_thread_blocked, id=9456, stack(0x000000c64f100000,0x000000c64f200000) (1024K)]
  0x000002b815e31700 JavaThread "HttpClient-1-SelectorManager" daemon [_thread_in_native, id=3788, stack(0x000000c64f300000,0x000000c64f400000) (1024K)]
  0x000002b81610f750 JavaThread "Prism Font Disposer"        daemon [_thread_blocked, id=16108, stack(0x000000c64fb00000,0x000000c64fc00000) (1024K)]
  0x000002b81610fea0 JavaThread "Cleaner-0"                  daemon [_thread_blocked, id=10816, stack(0x000000c64fd00000,0x000000c64fe00000) (1024K)]
  0x000002b816110d40 JavaThread "ForkJoinPool.commonPool-worker-1" daemon [_thread_blocked, id=10792, stack(0x000000c64d800000,0x000000c64d900000) (1024K)]
  0x000002b81610e8b0 JavaThread "HttpClient-1-Worker-0"      daemon [_thread_blocked, id=1648, stack(0x000000c64fc00000,0x000000c64fd00000) (1024K)]
  0x000002b816111490 JavaThread "ForkJoinPool.commonPool-worker-2" daemon [_thread_blocked, id=7960, stack(0x000000c64fe00000,0x000000c64ff00000) (1024K)]
  0x000002b816111be0 JavaThread "HttpClient-1-Worker-1"      daemon [_thread_blocked, id=16888, stack(0x000000c64ff00000,0x000000c650000000) (1024K)]
  0x000002b816112330 JavaThread "HttpClient-1-Worker-2"      daemon [_thread_blocked, id=8748, stack(0x000000c650000000,0x000000c650100000) (1024K)]
  0x000002b81610f000 JavaThread "CompletableFutureDelayScheduler" daemon [_thread_blocked, id=16512, stack(0x000000c650100000,0x000000c650200000) (1024K)]
  0x000002b816114070 JavaThread "SIGINT handler"             daemon [_thread_blocked, id=4036, stack(0x000000c650400000,0x000000c650500000) (1024K)]
Total: 30

Other Threads:
=>0x000002b7cf3b9400 VMThread "VM Thread"                           [id=1552, stack(0x000000c64ce00000,0x000000c64cf00000) (1024K)]
  0x000002b7adaea7b0 WorkerThread "GC Thread#0"                     [id=15132, stack(0x000000c64c800000,0x000000c64c900000) (1024K)]
  0x000002b815d078f0 WorkerThread "GC Thread#1"                     [id=9588, stack(0x000000c64ea00000,0x000000c64eb00000) (1024K)]
  0x000002b815cf4b10 WorkerThread "GC Thread#2"                     [id=3476, stack(0x000000c64eb00000,0x000000c64ec00000) (1024K)]
  0x000002b815cf65b0 WorkerThread "GC Thread#3"                     [id=16488, stack(0x000000c64ec00000,0x000000c64ed00000) (1024K)]
  0x000002b815cf6960 WorkerThread "GC Thread#4"                     [id=8076, stack(0x000000c64ed00000,0x000000c64ee00000) (1024K)]
  0x000002b815ce0300 WorkerThread "GC Thread#5"                     [id=5648, stack(0x000000c64ee00000,0x000000c64ef00000) (1024K)]
  0x000002b816023fa0 WorkerThread "GC Thread#6"                     [id=5116, stack(0x000000c64f500000,0x000000c64f600000) (1024K)]
  0x000002b8160230e0 WorkerThread "GC Thread#7"                     [id=10004, stack(0x000000c64f600000,0x000000c64f700000) (1024K)]
  0x000002b816023490 WorkerThread "GC Thread#8"                     [id=15044, stack(0x000000c64f700000,0x000000c64f800000) (1024K)]
  0x000002b816024700 WorkerThread "GC Thread#9"                     [id=7808, stack(0x000000c64f800000,0x000000c64f900000) (1024K)]
  0x000002b7adaff8e0 ConcurrentGCThread "G1 Main Marker"            terminated
  0x000002b7adb01ba0 WorkerThread "G1 Conc#0"                       [id=6336, stack(0x000000c64ca00000,0x000000c64cb00000) (1024K)]
  0x000002b816023840 WorkerThread "G1 Conc#1"                       [id=17096, stack(0x000000c64f900000,0x000000c64fa00000) (1024K)]
  0x000002b816023bf0 WorkerThread "G1 Conc#2"                       [id=3100, stack(0x000000c64fa00000,0x000000c64fb00000) (1024K)]
  0x000002b7cf278e30 ConcurrentGCThread "G1 Refine#0"               terminated
  0x000002b7cf279750 ConcurrentGCThread "G1 Service"                terminated
Total: 17

Threads with active compile tasks:
Total: 0

VM state: at safepoint (shutting down)

VM Mutex/Monitor currently owned by a thread:  ([mutex/lock_event])
[0x00007ff844004270] ThreadsLockThrottle_lock - owner thread: 0x000002b7cf3cd270
[0x00007ff8440044f0] Threads_lock - owner thread: 0x000002b7cf3b9400
[0x00007ff8440045f0] Heap_lock - owner thread: 0x000002b816114070

Heap address: 0x000000070b400000, size: 3916 MB, Compressed Oops mode: Zero based, Oop shift amount: 3

CDS archive(s) mapped at: [0x000002b7d0000000-0x000002b7d0d40000-0x000002b7d0d40000), size 13893632, SharedBaseAddress: 0x000002b7d0000000, ArchiveRelocationMode: 1.
Compressed class space mapped at: 0x000002b7d1000000-0x000002b811000000, reserved size: 1073741824
UseCompressedClassPointers 1, UseCompactObjectHeaders 0
Narrow klass pointer bits 32, Max shift 3
Narrow klass base: 0x000002b7d0000000, Narrow klass shift: 0
Encoding Range: [0x000002b7d0000000 - 0x000002b8d0000000), (4294967296 bytes)
Klass Range:    [0x000002b7d0000000 - 0x000002b811000000), (1090519040 bytes)
Klass ID Range:  [8 - 1090519033) (1090519025)

GC Precious Log:
 CardTable entry size: 512
 Card Set container configuration: InlinePtr #cards 4 size 8 Array Of Cards #cards 16 size 48 Howl #buckets 8 coarsen threshold 3686 Howl Bitmap #cards 512 size 80 coarsen threshold 460 Card regions per heap region 1 cards per card region 4096
 CPUs: 12 total, 12 available
 Memory: 15659M
 Large Page Support: Disabled
 NUMA Support: Disabled
 Compressed Oops: Enabled (Zero based)
 Heap Region Size: 2M
 Heap Min Capacity: 8M
 Heap Initial Capacity: 246M
 Heap Max Capacity: 3916M
 Pre-touch: Disabled
 Parallel Workers: 10
 Concurrent Workers: 3
 Concurrent Refinement Workers: 10
 Periodic GC: Disabled

Heap:
 garbage-first heap   total reserved 4009984K, committed 57344K, used 18873K [0x000000070b400000, 0x0000000800000000)
  region size 2048K, 3 young (6144K), 2 survivors (4096K)
 Metaspace       used 27205K, committed 27584K, reserved 1114112K
  class space    used 3248K, committed 3392K, reserved 1048576K

Heap Regions: E=young(eden), S=young(survivor), O=old, HS=humongous(starts), HC=humongous(continues), CS=collection set, F=free, TAMS=top-at-mark-start, PB=parsable bottom
|   0|0x000000070b400000, 0x000000070b600000, 0x000000070b600000|100%|HS|  |TAMS 0x000000070b400000| PB 0x000000070b400000| Complete |  0
|   1|0x000000070b600000, 0x000000070b800000, 0x000000070b800000|100%| O|  |TAMS 0x000000070b600000| PB 0x000000070b600000| Untracked |  0
|   2|0x000000070b800000, 0x000000070ba00000, 0x000000070ba00000|100%| O|  |TAMS 0x000000070b800000| PB 0x000000070b800000| Untracked |  0
|   3|0x000000070ba00000, 0x000000070bc00000, 0x000000070bc00000|100%| O|  |TAMS 0x000000070ba00000| PB 0x000000070ba00000| Untracked |  0
|   4|0x000000070bc00000, 0x000000070bdcde50, 0x000000070be00000| 90%| O|  |TAMS 0x000000070bc00000| PB 0x000000070bc00000| Untracked |  0
|   5|0x000000070be00000, 0x000000070be00000, 0x000000070c000000|  0%| F|  |TAMS 0x000000070be00000| PB 0x000000070be00000| Untracked |  0
|   6|0x000000070c000000, 0x000000070c0a07b0, 0x000000070c200000| 31%| S|CS|TAMS 0x000000070c000000| PB 0x000000070c000000| Complete |  0
|   7|0x000000070c200000, 0x000000070c400000, 0x000000070c400000|100%| S|CS|TAMS 0x000000070c200000| PB 0x000000070c200000| Complete |  0
|   8|0x000000070c400000, 0x000000070c400000, 0x000000070c600000|  0%| F|  |TAMS 0x000000070c400000| PB 0x000000070c400000| Untracked |  0
|   9|0x000000070c600000, 0x000000070c600000, 0x000000070c800000|  0%| F|  |TAMS 0x000000070c600000| PB 0x000000070c600000| Untracked |  0
|  10|0x000000070c800000, 0x000000070c800000, 0x000000070ca00000|  0%| F|  |TAMS 0x000000070c800000| PB 0x000000070c800000| Untracked |  0
|  11|0x000000070ca00000, 0x000000070ca00000, 0x000000070cc00000|  0%| F|  |TAMS 0x000000070ca00000| PB 0x000000070ca00000| Untracked |  0
|  12|0x000000070cc00000, 0x000000070cc00000, 0x000000070ce00000|  0%| F|  |TAMS 0x000000070cc00000| PB 0x000000070cc00000| Untracked |  0
|  13|0x000000070ce00000, 0x000000070ce00000, 0x000000070d000000|  0%| F|  |TAMS 0x000000070ce00000| PB 0x000000070ce00000| Untracked |  0
|  14|0x000000070d000000, 0x000000070d000000, 0x000000070d200000|  0%| F|  |TAMS 0x000000070d000000| PB 0x000000070d000000| Untracked |  0
|  15|0x000000070d200000, 0x000000070d200000, 0x000000070d400000|  0%| F|  |TAMS 0x000000070d200000| PB 0x000000070d200000| Untracked |  0
|  16|0x000000070d400000, 0x000000070d400000, 0x000000070d600000|  0%| F|  |TAMS 0x000000070d400000| PB 0x000000070d400000| Untracked |  0
|  17|0x000000070d600000, 0x000000070d600000, 0x000000070d800000|  0%| F|  |TAMS 0x000000070d600000| PB 0x000000070d600000| Untracked |  0
|  87|0x0000000716200000, 0x0000000716200000, 0x0000000716400000|  0%| F|  |TAMS 0x0000000716200000| PB 0x0000000716200000| Untracked |  0
|  88|0x0000000716400000, 0x0000000716400000, 0x0000000716600000|  0%| F|  |TAMS 0x0000000716400000| PB 0x0000000716400000| Untracked |  0
|  89|0x0000000716600000, 0x0000000716600000, 0x0000000716800000|  0%| F|  |TAMS 0x0000000716600000| PB 0x0000000716600000| Untracked |  0
|  90|0x0000000716800000, 0x0000000716800000, 0x0000000716a00000|  0%| F|  |TAMS 0x0000000716800000| PB 0x0000000716800000| Untracked |  0
|  91|0x0000000716a00000, 0x0000000716a00000, 0x0000000716c00000|  0%| F|  |TAMS 0x0000000716a00000| PB 0x0000000716a00000| Untracked |  0
| 122|0x000000071a800000, 0x000000071a800000, 0x000000071aa00000|  0%| F|  |TAMS 0x000000071a800000| PB 0x000000071a800000| Untracked |  0
|1954|0x00000007ff800000, 0x00000007ffa00000, 0x00000007ffa00000|100%| O|  |TAMS 0x00000007ff800000| PB 0x00000007ff800000| Untracked |  0
|1955|0x00000007ffa00000, 0x00000007ffc00000, 0x00000007ffc00000|100%| O|  |TAMS 0x00000007ffa00000| PB 0x00000007ffa00000| Untracked |  0
|1956|0x00000007ffc00000, 0x00000007ffe00000, 0x00000007ffe00000|100%| O|  |TAMS 0x00000007ffc00000| PB 0x00000007ffc00000| Untracked |  0
|1957|0x00000007ffe00000, 0x00000007ffe6ea10, 0x0000000800000000| 21%| E|  |TAMS 0x00000007ffe00000| PB 0x00000007ffe00000| Complete |  0

Card table byte_map: [0x000002b7c8210000,0x000002b7c89c0000] _byte_map_base: 0x000002b7c49b6000

Marking Bits: (CMBitMap*) 0x000002b7adaeaec0
 Bits: [0x000002b7c89c0000, 0x000002b7cc6f0000)

Polling page: 0x000002b7ad7e0000

Metaspace:

Usage:
  Non-class:     23.40 MB used.
      Class:      3.17 MB used.
       Both:     26.57 MB used.

Virtual space:
  Non-class space:       64.00 MB reserved,      23.62 MB ( 37%) committed,  1 nodes.
      Class space:        1.00 GB reserved,       3.31 MB ( <1%) committed,  1 nodes.
             Both:        1.06 GB reserved,      26.94 MB (  2%) committed. 

Chunk freelists:
   Non-Class:  7.55 MB
       Class:  12.72 MB
        Both:  20.27 MB

MaxMetaspaceSize: unlimited
CompressedClassSpaceSize: 1.00 GB
Initial GC threshold: 21.00 MB
Current GC threshold: 35.12 MB
CDS: on
 - commit_granule_bytes: 65536.
 - commit_granule_words: 8192.
 - virtual_space_node_default_size: 8388608.
 - enlarge_chunks_in_place: 1.
UseCompressedClassPointers 1, UseCompactObjectHeaders 0
Narrow klass pointer bits 32, Max shift 3
Narrow klass base: 0x000002b7d0000000, Narrow klass shift: 0
Encoding Range: [0x000002b7d0000000 - 0x000002b8d0000000), (4294967296 bytes)
Klass Range:    [0x000002b7d0000000 - 0x000002b811000000), (1090519040 bytes)
Klass ID Range:  [8 - 1090519033) (1090519025)


Internal statistics:

num_allocs_failed_limit: 3.
num_arena_births: 392.
num_arena_deaths: 0.
num_vsnodes_births: 2.
num_vsnodes_deaths: 0.
num_space_committed: 431.
num_space_uncommitted: 0.
num_chunks_returned_to_freelist: 3.
num_chunks_taken_from_freelist: 1179.
num_chunk_merges: 3.
num_chunk_splits: 806.
num_chunks_enlarged: 601.
num_inconsistent_stats: 0.

CodeHeap 'non-profiled nmethods': size=120064Kb used=1728Kb max_used=1728Kb free=118335Kb
 bounds [0x000002b7bf8a0000, 0x000002b7bfb10000, 0x000002b7c6de0000]
CodeHeap 'profiled nmethods': size=120000Kb used=7800Kb max_used=7800Kb free=112199Kb
 bounds [0x000002b7b7de0000, 0x000002b7b8580000, 0x000002b7bf310000]
CodeHeap 'non-nmethods': size=5696Kb used=1712Kb max_used=1848Kb free=3983Kb
 bounds [0x000002b7bf310000, 0x000002b7bf580000, 0x000002b7bf8a0000]
CodeCache: size=245760Kb, used=11240Kb, max_used=11376Kb, free=234517Kb
 total_blobs=5505, nmethods=4626, adapters=782, full_count=0
Compilation: enabled, stopped_count=0, restarted_count=0

Compilation events (20 events):
Event: 17.098 Thread 0x000002b7cf3d5970 nmethod 4620 0x000002b7b8577808 code [0x000002b7b8577c20, 0x000002b7b857a678]
Event: 17.098 Thread 0x000002b7cf3d5970 4622       3       javafx.scene.Node::getTranslateY (19 bytes)
Event: 17.098 Thread 0x000002b7cf3d4670 nmethod 4614 0x000002b7bfa4fa88 code [0x000002b7bfa4fbc0, 0x000002b7bfa4fd30]
Event: 17.098 Thread 0x000002b7cf3d4670 4615       4       com.sun.javafx.util.Utils::HSBtoRGB (257 bytes)
Event: 17.099 Thread 0x000002b7cf3d5970 nmethod 4622 0x000002b7b857a788 code [0x000002b7b857a8e0, 0x000002b7b857adc8]
Event: 17.099 Thread 0x000002b7cf3d5970 4621       3       javafx.scene.control.SkinBase::snappedLeftInset (8 bytes)
Event: 17.099 Thread 0x000002b7cf3d5970 nmethod 4621 0x000002b7b857ae08 code [0x000002b7b857afe0, 0x000002b7b857baa0]
Event: 17.099 Thread 0x000002b7cf3d4670 nmethod 4615 0x000002b7bfa4fd88 code [0x000002b7bfa4fec0, 0x000002b7bfa50068]
Event: 17.101 Thread 0x000002b7cf3d5970 4623       3       javafx.scene.layout.VBox::getSpacing (19 bytes)
Event: 17.101 Thread 0x000002b7cf3d5970 nmethod 4623 0x000002b7b857bb88 code [0x000002b7b857bcc0, 0x000002b7b857c058]
Event: 17.149 Thread 0x000002b7cf3d5970 4624       3       java.util.concurrent.CompletableFuture::<init> (5 bytes)
Event: 17.150 Thread 0x000002b7cf3d5970 nmethod 4624 0x000002b7b857c088 code [0x000002b7b857c1a0, 0x000002b7b857c300]
Event: 17.150 Thread 0x000002b7cf3d5970 4625       3       jdk.internal.net.http.common.MinimalFuture::<init> (20 bytes)
Event: 17.150 Thread 0x000002b7cf3d5970 nmethod 4625 0x000002b7b857c388 code [0x000002b7b857c4c0, 0x000002b7b857c7b8]
Event: 17.150 Thread 0x000002b7cf3d5970 4626       3       java.lang.invoke.VarHandleReferences$FieldInstanceReadWrite::set (35 bytes)
Event: 17.150 Thread 0x000002b7cf3d5970 nmethod 4626 0x000002b7b857c808 code [0x000002b7b857c9c0, 0x000002b7b857d398]
Event: 17.150 Thread 0x000002b7cf3d5970 4627       3       java.util.List::of (64 bytes)
Event: 17.151 Thread 0x000002b7cf3d5970 nmethod 4627 0x000002b7b857d408 code [0x000002b7b857d620, 0x000002b7b857e2a8]
Event: 23.211 Thread 0x000002b7cf3d5970 4628       1       java.util.TreeMap::size (5 bytes)
Event: 23.212 Thread 0x000002b7cf3d5970 nmethod 4628 0x000002b7bfa50088 code [0x000002b7bfa50180, 0x000002b7bfa50248]

GC Heap History (8 events):
Event: 0.638 GC heap before
{Heap before GC invocations=0 (full 0):
 garbage-first heap   total reserved 4009984K, committed 253952K, used 48244K [0x000000070b400000, 0x0000000800000000)
  region size 2048K, 24 young (49152K), 0 survivors (0K)
 Metaspace       used 8735K, committed 8960K, reserved 1114112K
  class space    used 878K, committed 960K, reserved 1048576K
}
Event: 0.641 GC heap after
{Heap after GC invocations=1 (full 0):
 garbage-first heap   total reserved 4009984K, committed 253952K, used 6303K [0x000000070b400000, 0x0000000800000000)
  region size 2048K, 3 young (6144K), 3 survivors (6144K)
 Metaspace       used 8735K, committed 8960K, reserved 1114112K
  class space    used 878K, committed 960K, reserved 1048576K
}
Event: 1.213 GC heap before
{Heap before GC invocations=1 (full 0):
 garbage-first heap   total reserved 4009984K, committed 253952K, used 61599K [0x000000070b400000, 0x0000000800000000)
  region size 2048K, 31 young (63488K), 3 survivors (6144K)
 Metaspace       used 21256K, committed 21504K, reserved 1114112K
  class space    used 2393K, committed 2496K, reserved 1048576K
}
Event: 1.219 GC heap after
{Heap after GC invocations=2 (full 0):
 garbage-first heap   total reserved 4009984K, committed 253952K, used 10891K [0x000000070b400000, 0x0000000800000000)
  region size 2048K, 5 young (10240K), 5 survivors (10240K)
 Metaspace       used 21256K, committed 21504K, reserved 1114112K
  class space    used 2393K, committed 2496K, reserved 1048576K
}
Event: 1.485 GC heap before
{Heap before GC invocations=3 (full 0):
 garbage-first heap   total reserved 4009984K, committed 40960K, used 39563K [0x000000070b400000, 0x0000000800000000)
  region size 2048K, 19 young (38912K), 5 survivors (10240K)
 Metaspace       used 23920K, committed 24256K, reserved 1114112K
  class space    used 2927K, committed 3072K, reserved 1048576K
}
Event: 1.493 GC heap after
{Heap after GC invocations=4 (full 0):
 garbage-first heap   total reserved 4009984K, committed 57344K, used 14931K [0x000000070b400000, 0x0000000800000000)
  region size 2048K, 5 young (10240K), 5 survivors (10240K)
 Metaspace       used 23920K, committed 24256K, reserved 1114112K
  class space    used 2927K, committed 3072K, reserved 1048576K
}
Event: 25.551 GC heap before
{Heap before GC invocations=4 (full 0):
 garbage-first heap   total reserved 4009984K, committed 57344K, used 39507K [0x000000070b400000, 0x0000000800000000)
  region size 2048K, 16 young (32768K), 5 survivors (10240K)
 Metaspace       used 27201K, committed 27584K, reserved 1114112K
  class space    used 3247K, committed 3392K, reserved 1048576K
}
Event: 25.557 GC heap after
{Heap after GC invocations=5 (full 0):
 garbage-first heap   total reserved 4009984K, committed 57344K, used 18873K [0x000000070b400000, 0x0000000800000000)
  region size 2048K, 2 young (4096K), 2 survivors (4096K)
 Metaspace       used 27201K, committed 27584K, reserved 1114112K
  class space    used 3247K, committed 3392K, reserved 1048576K
}

Dll operation events (20 events):
Event: 0.329 Loaded shared library C:\Users\danielcc\.openjfx\cache\17.0.6\api-ms-win-crt-math-l1-1-0.dll
Event: 0.331 Loaded shared library C:\Users\danielcc\.openjfx\cache\17.0.6\api-ms-win-crt-multibyte-l1-1-0.dll
Event: 0.333 Loaded shared library C:\Users\danielcc\.openjfx\cache\17.0.6\api-ms-win-crt-private-l1-1-0.dll
Event: 0.335 Loaded shared library C:\Users\danielcc\.openjfx\cache\17.0.6\api-ms-win-crt-process-l1-1-0.dll
Event: 0.337 Loaded shared library C:\Users\danielcc\.openjfx\cache\17.0.6\api-ms-win-crt-runtime-l1-1-0.dll
Event: 0.339 Loaded shared library C:\Users\danielcc\.openjfx\cache\17.0.6\api-ms-win-crt-stdio-l1-1-0.dll
Event: 0.341 Loaded shared library C:\Users\danielcc\.openjfx\cache\17.0.6\api-ms-win-crt-string-l1-1-0.dll
Event: 0.343 Loaded shared library C:\Users\danielcc\.openjfx\cache\17.0.6\api-ms-win-crt-time-l1-1-0.dll
Event: 0.345 Loaded shared library C:\Users\danielcc\.openjfx\cache\17.0.6\api-ms-win-crt-utility-l1-1-0.dll
Event: 0.355 Loaded shared library C:\Users\danielcc\.openjfx\cache\17.0.6\ucrtbase.dll
Event: 0.357 Loaded shared library C:\Users\danielcc\.openjfx\cache\17.0.6\vcruntime140.dll
Event: 0.360 Loaded shared library C:\Users\danielcc\.openjfx\cache\17.0.6\vcruntime140_1.dll
Event: 0.365 Loaded shared library C:\Users\danielcc\.openjfx\cache\17.0.6\msvcp140.dll
Event: 0.367 Loaded shared library C:\Users\danielcc\.openjfx\cache\17.0.6\msvcp140_1.dll
Event: 0.370 Loaded shared library C:\Users\danielcc\.openjfx\cache\17.0.6\msvcp140_2.dll
Event: 0.393 Loaded shared library C:\Users\danielcc\.openjfx\cache\17.0.6\prism_d3d.dll
Event: 0.423 Loaded shared library C:\Users\danielcc\.openjfx\cache\17.0.6\glass.dll
Event: 0.493 Loaded shared library C:\Program Files\Java\jdk-24\bin\jimage.dll
Event: 0.608 Loaded shared library C:\Users\danielcc\.openjfx\cache\17.0.6\javafx_font.dll
Event: 0.881 Loaded shared library C:\Program Files\Java\jdk-24\bin\sunmscapi.dll

Deoptimization events (20 events):
Event: 15.653 Thread 0x000002b8158e8fa0 Uncommon trap: trap_request=0xffffffd6 fr.pc=0x000002b7bfa4a44c relative=0x000000000000046c
Event: 15.653 Thread 0x000002b8158e8fa0 Uncommon trap: reason=array_check action=maybe_recompile pc=0x000002b7bfa4a44c method=com.sun.javafx.event.EventDispatchChainImpl.prepend(Ljavafx/event/EventDispatcher;)Ljavafx/event/EventDispatchChain; @ 33 c2
Event: 15.653 Thread 0x000002b8158e8fa0 DEOPT PACKING pc=0x000002b7bfa4a44c sp=0x000000c64e0fde50
Event: 15.653 Thread 0x000002b8158e8fa0 DEOPT UNPACKING pc=0x000002b7bf424102 sp=0x000000c64e0fddf0 mode 2
Event: 16.124 Thread 0x000002b8158e8fa0 Uncommon trap: trap_request=0xffffffbe fr.pc=0x000002b7bfa338d8 relative=0x0000000000000378
Event: 16.124 Thread 0x000002b8158e8fa0 Uncommon trap: reason=profile_predicate action=maybe_recompile pc=0x000002b7bfa338d8 method=javafx.css.CompoundSelector.applies(Ljavafx/css/Styleable;[Ljava/util/Set;I)Z @ 89 c2
Event: 16.124 Thread 0x000002b8158e8fa0 DEOPT PACKING pc=0x000002b7bfa338d8 sp=0x000000c64e0fc050
Event: 16.124 Thread 0x000002b8158e8fa0 DEOPT UNPACKING pc=0x000002b7bf424102 sp=0x000000c64e0fbfc0 mode 2
Event: 16.124 Thread 0x000002b8158e8fa0 Uncommon trap: trap_request=0xffffffbe fr.pc=0x000002b7bfa338d8 relative=0x0000000000000378
Event: 16.124 Thread 0x000002b8158e8fa0 Uncommon trap: reason=profile_predicate action=maybe_recompile pc=0x000002b7bfa338d8 method=javafx.css.CompoundSelector.applies(Ljavafx/css/Styleable;[Ljava/util/Set;I)Z @ 89 c2
Event: 16.124 Thread 0x000002b8158e8fa0 DEOPT PACKING pc=0x000002b7bfa338d8 sp=0x000000c64e0fc050
Event: 16.124 Thread 0x000002b8158e8fa0 DEOPT UNPACKING pc=0x000002b7bf424102 sp=0x000000c64e0fbfc0 mode 2
Event: 16.124 Thread 0x000002b8158e8fa0 Uncommon trap: trap_request=0xffffffbe fr.pc=0x000002b7bfa338d8 relative=0x0000000000000378
Event: 16.124 Thread 0x000002b8158e8fa0 Uncommon trap: reason=profile_predicate action=maybe_recompile pc=0x000002b7bfa338d8 method=javafx.css.CompoundSelector.applies(Ljavafx/css/Styleable;[Ljava/util/Set;I)Z @ 89 c2
Event: 16.124 Thread 0x000002b8158e8fa0 DEOPT PACKING pc=0x000002b7bfa338d8 sp=0x000000c64e0fc550
Event: 16.124 Thread 0x000002b8158e8fa0 DEOPT UNPACKING pc=0x000002b7bf424102 sp=0x000000c64e0fc4c0 mode 2
Event: 16.124 Thread 0x000002b8158e8fa0 Uncommon trap: trap_request=0xffffffbe fr.pc=0x000002b7bfa338d8 relative=0x0000000000000378
Event: 16.124 Thread 0x000002b8158e8fa0 Uncommon trap: reason=profile_predicate action=maybe_recompile pc=0x000002b7bfa338d8 method=javafx.css.CompoundSelector.applies(Ljavafx/css/Styleable;[Ljava/util/Set;I)Z @ 89 c2
Event: 16.124 Thread 0x000002b8158e8fa0 DEOPT PACKING pc=0x000002b7bfa338d8 sp=0x000000c64e0fc550
Event: 16.124 Thread 0x000002b8158e8fa0 DEOPT UNPACKING pc=0x000002b7bf424102 sp=0x000000c64e0fc4c0 mode 2

Classes loaded (20 events):
Event: 4.059 Loading class java/lang/invoke/VarHandleBytes$FieldInstanceReadWrite
Event: 4.059 Loading class java/lang/invoke/VarHandleBytes$FieldInstanceReadOnly
Event: 4.059 Loading class java/lang/invoke/VarHandleBytes$FieldInstanceReadOnly done
Event: 4.059 Loading class java/lang/invoke/VarHandleBytes$FieldInstanceReadWrite done
Event: 4.126 Loading class java/util/LinkedList$DescendingIterator
Event: 4.126 Loading class java/util/LinkedList$DescendingIterator done
Event: 4.126 Loading class java/util/concurrent/CompletableFuture$DelayedExecutor
Event: 4.126 Loading class java/util/concurrent/CompletableFuture$DelayedExecutor done
Event: 4.126 Loading class java/util/concurrent/CompletableFuture$TaskSubmitter
Event: 4.127 Loading class java/util/concurrent/CompletableFuture$TaskSubmitter done
Event: 4.127 Loading class java/util/concurrent/CompletableFuture$Delayer
Event: 4.127 Loading class java/util/concurrent/CompletableFuture$Delayer done
Event: 4.127 Loading class java/util/concurrent/CompletableFuture$Delayer$DaemonThreadFactory
Event: 4.127 Loading class java/util/concurrent/CompletableFuture$Delayer$DaemonThreadFactory done
Event: 4.127 Loading class java/util/concurrent/ScheduledThreadPoolExecutor$ScheduledFutureTask
Event: 4.127 Loading class java/util/concurrent/ScheduledThreadPoolExecutor$ScheduledFutureTask done
Event: 4.627 Loading class java/util/concurrent/ForkJoinTask$RunnableExecuteAction
Event: 4.627 Loading class java/util/concurrent/ForkJoinTask$RunnableExecuteAction done
Event: 25.551 Loading class jdk/internal/misc/Signal$1
Event: 25.551 Loading class jdk/internal/misc/Signal$1 done

Classes unloaded (0 events):
No events

Classes redefined (0 events):
No events

Internal exceptions (20 events):
Event: 1.181 Thread 0x000002b8158e8fa0 Exception <a 'java/lang/ClassNotFoundException'{0x00000007171ac200}: com/sun/javafx/scene/control/skin/resources/controls_es> (0x00000007171ac200) 
thrown [s\open\src\hotspot\share\prims\jni.cpp, line 536]
Event: 1.181 Thread 0x000002b8158e8fa0 Exception <a 'java/lang/ClassNotFoundException'{0x00000007171b91e8}: com/sun/javafx/scene/control/skin/resources/controls_es_ES> (0x00000007171b91e8) 
thrown [s\open\src\hotspot\share\prims\jni.cpp, line 536]
Event: 1.247 Thread 0x000002b8158e8fa0 Exception <a 'java/lang/NoSuchMethodError'{0x000000070ca0a390}: 'void java.lang.invoke.DirectMethodHandle$Holder.invokeSpecial(java.lang.Object, java.lang.Object, java.lang.Object, java.lang.Object, java.lang.Object, java.lang.Object)'> (0x000000070ca0a390) 
thrown [s\open\src\hotspot\share\interpreter\linkResolver.cpp, line 805]
Event: 1.416 Thread 0x000002b8158e8fa0 Exception <a 'java/lang/NoSuchMethodError'{0x000000070bafba48}: 'int java.lang.invoke.DirectMethodHandle$Holder.invokeSpecial(java.lang.Object, java.lang.Object, int)'> (0x000000070bafba48) 
thrown [s\open\src\hotspot\share\interpreter\linkResolver.cpp, line 805]
Event: 1.420 Thread 0x000002b8158e8fa0 Exception <a 'java/lang/NoSuchMethodError'{0x000000070b842680}: 'void java.lang.invoke.DirectMethodHandle$Holder.invokeSpecial(java.lang.Object, java.lang.Object, int, int)'> (0x000000070b842680) 
thrown [s\open\src\hotspot\share\interpreter\linkResolver.cpp, line 805]
Event: 1.421 Thread 0x000002b8158e8fa0 Exception <a 'java/lang/NoSuchMethodError'{0x000000070b851c50}: 'java.lang.Object java.lang.invoke.DirectMethodHandle$Holder.newInvokeSpecial(java.lang.Object, java.lang.Object, int, int)'> (0x000000070b851c50) 
thrown [s\open\src\hotspot\share\interpreter\linkResolver.cpp, line 805]
Event: 1.455 Thread 0x000002b8158e8fa0 Exception <a 'java/lang/NoSuchMethodError'{0x000000070b7a1c18}: 'long java.lang.invoke.DelegatingMethodHandle$Holder.reinvoke_L(java.lang.Object, java.lang.Object)'> (0x000000070b7a1c18) 
thrown [s\open\src\hotspot\share\interpreter\linkResolver.cpp, line 805]
Event: 1.456 Thread 0x000002b8158e8fa0 Exception <a 'java/lang/NoSuchMethodError'{0x000000070b7ba080}: 'void java.lang.invoke.DelegatingMethodHandle$Holder.reinvoke_L(java.lang.Object, java.lang.Object, long)'> (0x000000070b7ba080) 
thrown [s\open\src\hotspot\share\interpreter\linkResolver.cpp, line 805]
Event: 1.500 Thread 0x000002b8158e8fa0 Exception <a 'java/lang/NoSuchMethodError'{0x000000071a84c088}: 'long java.lang.invoke.DirectMethodHandle$Holder.invokeStatic(java.lang.Object, java.lang.Object, java.lang.Object)'> (0x000000071a84c088) 
thrown [s\open\src\hotspot\share\interpreter\linkResolver.cpp, line 805]
Event: 1.501 Thread 0x000002b8158e8fa0 Exception <a 'java/lang/NoSuchMethodError'{0x000000071a853ee8}: 'long java.lang.invoke.DirectMethodHandle$Holder.invokeStaticInit(java.lang.Object, java.lang.Object, java.lang.Object)'> (0x000000071a853ee8) 
thrown [s\open\src\hotspot\share\interpreter\linkResolver.cpp, line 805]
Event: 1.503 Thread 0x000002b8158e8fa0 Exception <a 'java/lang/NoSuchMethodError'{0x000000071a89e590}: 'java.lang.Object java.lang.invoke.DirectMethodHandle$Holder.newInvokeSpecial(java.lang.Object, java.lang.Object, long)'> (0x000000071a89e590) 
thrown [s\open\src\hotspot\share\interpreter\linkResolver.cpp, line 805]
Event: 1.503 Thread 0x000002b8158e8fa0 Exception <a 'java/lang/NoSuchMethodError'{0x000000071a8a6728}: 'java.lang.Object java.lang.invoke.Invokers$Holder.linkToTargetMethod(java.lang.Object, long, java.lang.Object)'> (0x000000071a8a6728) 
thrown [s\open\src\hotspot\share\interpreter\linkResolver.cpp, line 805]
Event: 2.792 Thread 0x000002b8158e8fa0 Implicit null exception at 0x000002b7bf98a6e2 to 0x000002b7bf98b058
Event: 3.078 Thread 0x000002b8158e8fa0 Exception <a 'java/lang/NoSuchMethodError'{0x0000000716538e58}: 'java.lang.Object java.lang.invoke.DirectMethodHandle$Holder.newInvokeSpecial(java.lang.Object, java.lang.Object, java.lang.Object, int)'> (0x0000000716538e58) 
thrown [s\open\src\hotspot\share\interpreter\linkResolver.cpp, line 805]
Event: 3.078 Thread 0x000002b8158e8fa0 Exception <a 'java/lang/NoSuchMethodError'{0x0000000716541348}: 'java.lang.Object java.lang.invoke.Invokers$Holder.linkToTargetMethod(java.lang.Object, java.lang.Object, int, java.lang.Object)'> (0x0000000716541348) 
thrown [s\open\src\hotspot\share\interpreter\linkResolver.cpp, line 805]
Event: 3.966 Thread 0x000002b81610e8b0 Exception <a 'java/lang/NoSuchMethodError'{0x00000007163bae70}: 'java.lang.Object java.lang.invoke.DirectMethodHandle$Holder.invokeSpecial(java.lang.Object, java.lang.Object, java.lang.Object, java.lang.Object, java.lang.Object, int)'> (0x00000007163bae70) 
thrown [s\open\src\hotspot\share\interpreter\linkResolver.cpp, line 805]
Event: 3.980 Thread 0x000002b81610e8b0 Exception <a 'java/lang/NoSuchMethodError'{0x000000070cca7218}: 'long java.lang.invoke.DirectMethodHandle$Holder.invokeStatic(java.lang.Object, long, long)'> (0x000000070cca7218) 
thrown [s\open\src\hotspot\share\interpreter\linkResolver.cpp, line 805]
Event: 3.983 Thread 0x000002b815e31700 Exception <a 'java/lang/NoSuchMethodError'{0x000000070cccfd08}: 'int java.lang.invoke.DirectMethodHandle$Holder.invokeStatic(java.lang.Object, int, java.lang.Object)'> (0x000000070cccfd08) 
thrown [s\open\src\hotspot\share\interpreter\linkResolver.cpp, line 805]
Event: 3.983 Thread 0x000002b815e31700 Exception <a 'java/lang/NoSuchMethodError'{0x000000070cce69d0}: 'void java.lang.invoke.DirectMethodHandle$Holder.invokeStatic(java.lang.Object, java.lang.Object, int)'> (0x000000070cce69d0) 
thrown [s\open\src\hotspot\share\interpreter\linkResolver.cpp, line 805]
Event: 4.061 Thread 0x000002b81610e8b0 Exception <a 'java/lang/NoSuchMethodError'{0x000000070ca52810}: 'void java.lang.invoke.DirectMethodHandle$Holder.invokeSpecial(java.lang.Object, java.lang.Object, java.lang.Object, java.lang.Object, java.lang.Object, java.lang.Object, java.lang.Object)'> (0x000000070ca52810) 
thrown [s\open\src\hotspot\share\interpreter\linkResolver.cpp, line 805]

VM Operations (20 events):
Event: 0.986 Executing VM operation: HandshakeAllThreads (Deoptimize) done
Event: 1.006 Executing VM operation: HandshakeAllThreads (Deoptimize)
Event: 1.006 Executing VM operation: HandshakeAllThreads (Deoptimize) done
Event: 1.213 Executing VM operation: CollectForMetadataAllocation (Metadata GC Threshold)
Event: 1.219 Executing VM operation: CollectForMetadataAllocation (Metadata GC Threshold) done
Event: 1.221 Executing VM operation: G1PauseRemark
Event: 1.222 Executing VM operation: G1PauseRemark done
Event: 1.223 Executing VM operation: G1PauseCleanup
Event: 1.223 Executing VM operation: G1PauseCleanup done
Event: 1.447 Executing VM operation: HandshakeAllThreads (Deoptimize)
Event: 1.447 Executing VM operation: HandshakeAllThreads (Deoptimize) done
Event: 1.485 Executing VM operation: G1CollectForAllocation (G1 Evacuation Pause)
Event: 1.493 Executing VM operation: G1CollectForAllocation (G1 Evacuation Pause) done
Event: 4.055 Executing VM operation: HandshakeAllThreads (Deoptimize)
Event: 4.055 Executing VM operation: HandshakeAllThreads (Deoptimize) done
Event: 4.056 Executing VM operation: HandshakeAllThreads (Deoptimize)
Event: 4.056 Executing VM operation: HandshakeAllThreads (Deoptimize) done
Event: 25.551 Executing VM operation: G1CollectForAllocation (G1 Evacuation Pause)
Event: 25.557 Executing VM operation: G1CollectForAllocation (G1 Evacuation Pause) done
Event: 25.559 Executing VM operation: Exit

Memory protections (0 events):
No events

Nmethod flushes (0 events):
No events

Events (20 events):
Event: 3.113 Thread 0x000002b7cf3d4670 Thread added: 0x000002b81615a4f0
Event: 3.271 Thread 0x000002b81615a4f0 Thread exited: 0x000002b81615a4f0
Event: 3.948 Thread 0x000002b8158e8fa0 Thread added: 0x000002b816110d40
Event: 3.959 Thread 0x000002b816110d40 Thread added: 0x000002b81610e8b0
Event: 3.961 Thread 0x000002b816110d40 Thread added: 0x000002b816111490
Event: 3.985 Thread 0x000002b815e31700 Thread added: 0x000002b816111be0
Event: 3.985 Thread 0x000002b815e31700 Thread added: 0x000002b816112330
Event: 4.127 Thread 0x000002b816110d40 Thread added: 0x000002b81610f000
Event: 9.997 Thread 0x000002b7cf3d5970 Thread added: 0x000002b81612a4d0
Event: 10.005 Thread 0x000002b7cf3d5970 Thread added: 0x000002b81d7647e0
Event: 10.348 Thread 0x000002b81d7647e0 Thread exited: 0x000002b81d7647e0
Event: 10.485 Thread 0x000002b81612a4d0 Thread exited: 0x000002b81612a4d0
Event: 11.289 Thread 0x000002b7cf3d5970 Thread added: 0x000002b81ee244b0
Event: 11.909 Thread 0x000002b81ee244b0 Thread exited: 0x000002b81ee244b0
Event: 25.551 Thread 0x000002b7cf3cd270 Thread added: 0x000002b816114070
Event: 25.557 Thread 0x000002b816114070 Thread added: 0x000002b816115660
Event: 25.557 Thread 0x000002b816114070 Thread added: 0x000002b8161147c0
Event: 25.558 Thread 0x000002b816115660 Thread exited: 0x000002b816115660
Event: 25.558 Thread 0x000002b8161147c0 Thread exited: 0x000002b8161147c0
Event: 25.558 Thread 0x000002b816114070 Before exit entered


Dynamic libraries:
0x00007ff7a9360000 - 0x00007ff7a9370000 	C:\Program Files\Java\jdk-24\bin\java.exe
0x00007ff8b63a0000 - 0x00007ff8b6609000 	C:\Windows\SYSTEM32\ntdll.dll
0x00007ff8b49f0000 - 0x00007ff8b4ab9000 	C:\Windows\System32\KERNEL32.DLL
0x00007ff8b38c0000 - 0x00007ff8b3cb3000 	C:\Windows\System32\KERNELBASE.dll
0x00007ff8b3ff0000 - 0x00007ff8b413b000 	C:\Windows\System32\ucrtbase.dll
0x00007ff897cb0000 - 0x00007ff897cc6000 	C:\Program Files\Java\jdk-24\bin\jli.dll
0x00007ff897be0000 - 0x00007ff897bfb000 	C:\Program Files\Java\jdk-24\bin\VCRUNTIME140.dll
0x00007ff8b42e0000 - 0x00007ff8b44a4000 	C:\Windows\System32\USER32.dll
0x00007ff8a2760000 - 0x00007ff8a29f3000 	C:\Windows\WinSxS\amd64_microsoft.windows.common-controls_6595b64144ccf1df_6.0.26100.5074_none_3e0d6f78e32fd63f\COMCTL32.dll
0x00007ff8b4140000 - 0x00007ff8b4167000 	C:\Windows\System32\win32u.dll
0x00007ff8b5370000 - 0x00007ff8b5419000 	C:\Windows\System32\msvcrt.dll
0x00007ff8b4bf0000 - 0x00007ff8b4c1b000 	C:\Windows\System32\GDI32.dll
0x00007ff8b3cc0000 - 0x00007ff8b3ded000 	C:\Windows\System32\gdi32full.dll
0x00007ff8b3750000 - 0x00007ff8b37f3000 	C:\Windows\System32\msvcp_win.dll
0x00007ff8b42a0000 - 0x00007ff8b42cf000 	C:\Windows\System32\IMM32.DLL
0x00007ff8a6ec0000 - 0x00007ff8a6ecc000 	C:\Program Files\Java\jdk-24\bin\vcruntime140_1.dll
0x00007ff8965b0000 - 0x00007ff89663e000 	C:\Program Files\Java\jdk-24\bin\msvcp140.dll
0x00007ff843340000 - 0x00007ff8440e1000 	C:\Program Files\Java\jdk-24\bin\server\jvm.dll
0x00007ff8b57c0000 - 0x00007ff8b5874000 	C:\Windows\System32\ADVAPI32.dll
0x00007ff8b4b40000 - 0x00007ff8b4be6000 	C:\Windows\System32\sechost.dll
0x00007ff8b4170000 - 0x00007ff8b4288000 	C:\Windows\System32\RPCRT4.dll
0x00007ff8b5470000 - 0x00007ff8b54e4000 	C:\Windows\System32\WS2_32.dll
0x00007ff8b32e0000 - 0x00007ff8b333e000 	C:\Windows\SYSTEM32\POWRPROF.dll
0x00007ff8abc60000 - 0x00007ff8abc6b000 	C:\Windows\SYSTEM32\VERSION.dll
0x00007ff8ab420000 - 0x00007ff8ab455000 	C:\Windows\SYSTEM32\WINMM.dll
0x00007ff8b32c0000 - 0x00007ff8b32d4000 	C:\Windows\SYSTEM32\UMPDC.dll
0x00007ff8b21d0000 - 0x00007ff8b21eb000 	C:\Windows\SYSTEM32\kernel.appcore.dll
0x00007ff8a6b80000 - 0x00007ff8a6b8a000 	C:\Program Files\Java\jdk-24\bin\jimage.dll
0x00007ff8ac4c0000 - 0x00007ff8ac702000 	C:\Windows\SYSTEM32\DBGHELP.DLL
0x00007ff8b44c0000 - 0x00007ff8b483b000 	C:\Windows\System32\combase.dll
0x00007ff8b56e0000 - 0x00007ff8b57b7000 	C:\Windows\System32\OLEAUT32.dll
0x00007ff8a8030000 - 0x00007ff8a806d000 	C:\Windows\SYSTEM32\dbgcore.DLL
0x00007ff8b36b0000 - 0x00007ff8b3749000 	C:\Windows\System32\bcryptPrimitives.dll
0x00007ff8b0020000 - 0x00007ff8b002f000 	C:\Program Files\Java\jdk-24\bin\instrument.dll
0x00007ff897bc0000 - 0x00007ff897bde000 	C:\Program Files\Java\jdk-24\bin\java.dll
0x00007ff8b6130000 - 0x00007ff8b62c8000 	C:\Windows\System32\ole32.dll
0x00007ff8b4c20000 - 0x00007ff8b536d000 	C:\Windows\System32\SHELL32.dll
0x00007ff8b3e80000 - 0x00007ff8b3fec000 	C:\Windows\System32\wintypes.dll
0x00007ff8b0fb0000 - 0x00007ff8b1809000 	C:\Windows\SYSTEM32\windows.storage.dll
0x00007ff8b55e0000 - 0x00007ff8b56d0000 	C:\Windows\System32\SHCORE.dll
0x00007ff8b4880000 - 0x00007ff8b48e2000 	C:\Windows\System32\shlwapi.dll
0x00007ff8b3450000 - 0x00007ff8b3479000 	C:\Windows\SYSTEM32\profapi.dll
0x00007ff887740000 - 0x00007ff887817000 	C:\Program Files\Java\jdk-24\bin\jsvml.dll
0x00007ff8a57e0000 - 0x00007ff8a57f0000 	C:\Program Files\Java\jdk-24\bin\net.dll
0x00007ff8b2830000 - 0x00007ff8b289b000 	C:\Windows\system32\mswsock.dll
0x00007ff897ba0000 - 0x00007ff897bb6000 	C:\Program Files\Java\jdk-24\bin\nio.dll
0x00007ff897920000 - 0x00007ff897937000 	C:\Program Files\Java\jdk-24\bin\zip.dll
0x000002b7adf10000 - 0x000002b7adf13000 	C:\Users\danielcc\.openjfx\cache\17.0.6\api-ms-win-core-console-l1-1-0.dll
0x000002b7adf20000 - 0x000002b7adf23000 	C:\Users\danielcc\.openjfx\cache\17.0.6\api-ms-win-core-console-l1-2-0.dll
0x000002b7cf810000 - 0x000002b7cf813000 	C:\Users\danielcc\.openjfx\cache\17.0.6\api-ms-win-core-datetime-l1-1-0.dll
0x000002b7cf820000 - 0x000002b7cf823000 	C:\Users\danielcc\.openjfx\cache\17.0.6\api-ms-win-core-debug-l1-1-0.dll
0x000002b7cf830000 - 0x000002b7cf833000 	C:\Users\danielcc\.openjfx\cache\17.0.6\api-ms-win-core-errorhandling-l1-1-0.dll
0x000002b7cf840000 - 0x000002b7cf844000 	C:\Users\danielcc\.openjfx\cache\17.0.6\api-ms-win-core-file-l1-1-0.dll
0x000002b7cf850000 - 0x000002b7cf853000 	C:\Users\danielcc\.openjfx\cache\17.0.6\api-ms-win-core-file-l1-2-0.dll
0x000002b7cf860000 - 0x000002b7cf863000 	C:\Users\danielcc\.openjfx\cache\17.0.6\api-ms-win-core-file-l2-1-0.dll
0x000002b7cf870000 - 0x000002b7cf873000 	C:\Users\danielcc\.openjfx\cache\17.0.6\api-ms-win-core-handle-l1-1-0.dll
0x000002b7cf880000 - 0x000002b7cf883000 	C:\Users\danielcc\.openjfx\cache\17.0.6\api-ms-win-core-heap-l1-1-0.dll
0x000002b7cf890000 - 0x000002b7cf893000 	C:\Users\danielcc\.openjfx\cache\17.0.6\api-ms-win-core-interlocked-l1-1-0.dll
0x000002b7cf8a0000 - 0x000002b7cf8a3000 	C:\Users\danielcc\.openjfx\cache\17.0.6\api-ms-win-core-libraryloader-l1-1-0.dll
0x000002b7cf8b0000 - 0x000002b7cf8b3000 	C:\Users\danielcc\.openjfx\cache\17.0.6\api-ms-win-core-localization-l1-2-0.dll
0x000002b7cf8c0000 - 0x000002b7cf8c3000 	C:\Users\danielcc\.openjfx\cache\17.0.6\api-ms-win-core-memory-l1-1-0.dll
0x000002b7cf8d0000 - 0x000002b7cf8d3000 	C:\Users\danielcc\.openjfx\cache\17.0.6\api-ms-win-core-namedpipe-l1-1-0.dll
0x000002b7cf8e0000 - 0x000002b7cf8e3000 	C:\Users\danielcc\.openjfx\cache\17.0.6\api-ms-win-core-processenvironment-l1-1-0.dll
0x000002b7cf8f0000 - 0x000002b7cf8f3000 	C:\Users\danielcc\.openjfx\cache\17.0.6\api-ms-win-core-processthreads-l1-1-0.dll
0x000002b7cf900000 - 0x000002b7cf903000 	C:\Users\danielcc\.openjfx\cache\17.0.6\api-ms-win-core-processthreads-l1-1-1.dll
0x000002b7cf910000 - 0x000002b7cf913000 	C:\Users\danielcc\.openjfx\cache\17.0.6\api-ms-win-core-profile-l1-1-0.dll
0x000002b7cf920000 - 0x000002b7cf923000 	C:\Users\danielcc\.openjfx\cache\17.0.6\api-ms-win-core-rtlsupport-l1-1-0.dll
0x000002b7cf930000 - 0x000002b7cf933000 	C:\Users\danielcc\.openjfx\cache\17.0.6\api-ms-win-core-string-l1-1-0.dll
0x000002b7cf940000 - 0x000002b7cf943000 	C:\Users\danielcc\.openjfx\cache\17.0.6\api-ms-win-core-synch-l1-1-0.dll
0x000002b7cf950000 - 0x000002b7cf953000 	C:\Users\danielcc\.openjfx\cache\17.0.6\api-ms-win-core-synch-l1-2-0.dll
0x000002b7cf960000 - 0x000002b7cf963000 	C:\Users\danielcc\.openjfx\cache\17.0.6\api-ms-win-core-sysinfo-l1-1-0.dll
0x000002b7cf970000 - 0x000002b7cf973000 	C:\Users\danielcc\.openjfx\cache\17.0.6\api-ms-win-core-timezone-l1-1-0.dll
0x000002b7cf980000 - 0x000002b7cf983000 	C:\Users\danielcc\.openjfx\cache\17.0.6\api-ms-win-core-util-l1-1-0.dll
0x000002b7cf990000 - 0x000002b7cf993000 	C:\Users\danielcc\.openjfx\cache\17.0.6\api-ms-win-crt-conio-l1-1-0.dll
0x000002b7cf9a0000 - 0x000002b7cf9a4000 	C:\Users\danielcc\.openjfx\cache\17.0.6\api-ms-win-crt-convert-l1-1-0.dll
0x000002b7cf9b0000 - 0x000002b7cf9b3000 	C:\Users\danielcc\.openjfx\cache\17.0.6\api-ms-win-crt-environment-l1-1-0.dll
0x000002b7cf9c0000 - 0x000002b7cf9c3000 	C:\Users\danielcc\.openjfx\cache\17.0.6\api-ms-win-crt-filesystem-l1-1-0.dll
0x000002b7cf9d0000 - 0x000002b7cf9d3000 	C:\Users\danielcc\.openjfx\cache\17.0.6\api-ms-win-crt-heap-l1-1-0.dll
0x000002b7cf9e0000 - 0x000002b7cf9e3000 	C:\Users\danielcc\.openjfx\cache\17.0.6\api-ms-win-crt-locale-l1-1-0.dll
0x000002b7cf9f0000 - 0x000002b7cf9f5000 	C:\Users\danielcc\.openjfx\cache\17.0.6\api-ms-win-crt-math-l1-1-0.dll
0x000002b7cfa00000 - 0x000002b7cfa05000 	C:\Users\danielcc\.openjfx\cache\17.0.6\api-ms-win-crt-multibyte-l1-1-0.dll
0x000002b7cfa10000 - 0x000002b7cfa20000 	C:\Users\danielcc\.openjfx\cache\17.0.6\api-ms-win-crt-private-l1-1-0.dll
0x000002b7cfa20000 - 0x000002b7cfa23000 	C:\Users\danielcc\.openjfx\cache\17.0.6\api-ms-win-crt-process-l1-1-0.dll
0x000002b7cfa30000 - 0x000002b7cfa34000 	C:\Users\danielcc\.openjfx\cache\17.0.6\api-ms-win-crt-runtime-l1-1-0.dll
0x000002b7cfa40000 - 0x000002b7cfa44000 	C:\Users\danielcc\.openjfx\cache\17.0.6\api-ms-win-crt-stdio-l1-1-0.dll
0x000002b7cfa50000 - 0x000002b7cfa54000 	C:\Users\danielcc\.openjfx\cache\17.0.6\api-ms-win-crt-string-l1-1-0.dll
0x000002b7cfa60000 - 0x000002b7cfa63000 	C:\Users\danielcc\.openjfx\cache\17.0.6\api-ms-win-crt-time-l1-1-0.dll
0x000002b7cfa70000 - 0x000002b7cfa73000 	C:\Users\danielcc\.openjfx\cache\17.0.6\api-ms-win-crt-utility-l1-1-0.dll
0x00007ff88b270000 - 0x00007ff88b36c000 	C:\Users\danielcc\.openjfx\cache\17.0.6\ucrtbase.dll
0x00007ff8a6250000 - 0x00007ff8a626a000 	C:\Users\danielcc\.openjfx\cache\17.0.6\vcruntime140.dll
0x00007ff89d990000 - 0x00007ff89d99c000 	C:\Users\danielcc\.openjfx\cache\17.0.6\vcruntime140_1.dll
0x00007ff89cf50000 - 0x00007ff89cfdd000 	C:\Users\danielcc\.openjfx\cache\17.0.6\msvcp140.dll
0x00007ff89d0f0000 - 0x00007ff89d0f9000 	C:\Users\danielcc\.openjfx\cache\17.0.6\msvcp140_1.dll
0x00007ff89cf20000 - 0x00007ff89cf4f000 	C:\Users\danielcc\.openjfx\cache\17.0.6\msvcp140_2.dll
0x00007ff899ce0000 - 0x00007ff899d0a000 	C:\Users\danielcc\.openjfx\cache\17.0.6\prism_d3d.dll
0x00007ff881f90000 - 0x00007ff882141000 	C:\Windows\system32\d3d9.dll
0x00007ff8b08e0000 - 0x00007ff8b090b000 	C:\Windows\SYSTEM32\dwmapi.dll
0x00007ff8b0730000 - 0x00007ff8b0774000 	C:\Windows\SYSTEM32\dxcore.dll
0x00007ff8b05e0000 - 0x00007ff8b0688000 	C:\Windows\system32\uxtheme.dll
0x00007ff8ab460000 - 0x00007ff8ab61b000 	C:\WINDOWS\System32\DriverStore\FileRepository\u0387827.inf_amd64_7004fc67026a57ee\B384926\aticfx64.dll
0x00007ff865030000 - 0x00007ff865064000 	C:\WINDOWS\System32\DriverStore\FileRepository\u0387827.inf_amd64_7004fc67026a57ee\B384926\atiu9p64.dll
0x00007ff855ab0000 - 0x00007ff856805000 	C:\WINDOWS\System32\DriverStore\FileRepository\u0387827.inf_amd64_7004fc67026a57ee\B384926\atiumd64.dll
0x000000005bea0000 - 0x000000005cdc7000 	C:\Windows\System32\DriverStore\FileRepository\u0387827.inf_amd64_7004fc67026a57ee\B384926\atiumd6a.dll
0x00007ff8b58e0000 - 0x00007ff8b5d67000 	C:\Windows\System32\SETUPAPI.dll
0x00007ff8a8cc0000 - 0x00007ff8a8cf5000 	C:\Windows\SYSTEM32\amdihk64.dll
0x00007ff8ac430000 - 0x00007ff8ac490000 	C:\Windows\SYSTEM32\directxdatabasehelper.dll
0x00007ff893cb0000 - 0x00007ff893cf2000 	C:\Users\danielcc\.openjfx\cache\17.0.6\glass.dll
0x00007ff8b48f0000 - 0x00007ff8b49e1000 	C:\Windows\System32\COMDLG32.dll
0x00007ff8b5fd0000 - 0x00007ff8b6128000 	C:\Windows\System32\MSCTF.dll
0x00007ff89cc50000 - 0x00007ff89cc64000 	C:\Users\danielcc\.openjfx\cache\17.0.6\javafx_font.dll
0x00007ff8b2c00000 - 0x00007ff8b2c1b000 	C:\Windows\SYSTEM32\CRYPTSP.dll
0x00007ff8b2250000 - 0x00007ff8b228b000 	C:\Windows\system32\rsaenh.dll
0x00007ff8b28d0000 - 0x00007ff8b28fb000 	C:\Windows\SYSTEM32\USERENV.dll
0x00007ff8b3420000 - 0x00007ff8b3446000 	C:\Windows\SYSTEM32\bcrypt.dll
0x00007ff8b2a60000 - 0x00007ff8b2a6c000 	C:\Windows\SYSTEM32\CRYPTBASE.dll
0x00007ff8b1a20000 - 0x00007ff8b1a54000 	C:\Windows\SYSTEM32\IPHLPAPI.DLL
0x00007ff8b4870000 - 0x00007ff8b487a000 	C:\Windows\System32\NSI.dll
0x00007ff8b1aa0000 - 0x00007ff8b1bc6000 	C:\Windows\SYSTEM32\DNSAPI.dll
0x00007ff8ad900000 - 0x00007ff8ad90b000 	C:\Windows\System32\rasadhlp.dll
0x00007ff8ae170000 - 0x00007ff8ae1f6000 	C:\Windows\System32\fwpuclnt.dll
0x00007ff8a5470000 - 0x00007ff8a547e000 	C:\Program Files\Java\jdk-24\bin\sunmscapi.dll
0x00007ff8b3530000 - 0x00007ff8b36a7000 	C:\Windows\System32\CRYPT32.dll
0x00007ff8b2d50000 - 0x00007ff8b2d80000 	C:\Windows\SYSTEM32\ncrypt.dll
0x00007ff8b2d00000 - 0x00007ff8b2d3f000 	C:\Windows\SYSTEM32\NTASN1.dll
0x00007ff89cae0000 - 0x00007ff89cae8000 	C:\Windows\system32\wshunix.dll
0x00007ff8ae900000 - 0x00007ff8aeb67000 	C:\Windows\SYSTEM32\dwrite.dll
0x00007ff8b54f0000 - 0x00007ff8b55a1000 	C:\Windows\System32\clbcatq.dll
0x00007ff8ae6c0000 - 0x00007ff8ae8ef000 	C:\Windows\SYSTEM32\WindowsCodecs.dll

JVMTI agents:
C:\Program Files\JetBrains\IntelliJ IDEA Community Edition 2025.2.1\lib\idea_rt.jar path:C:\Program Files\Java\jdk-24\bin\instrument.dll, loaded, initialized, instrumentlib options:60346

dbghelp: loaded successfully - version: 4.0.5 - missing functions: none
symbol engine: initialized successfully - sym options: 0x614 - pdb path: .;C:\Program Files\Java\jdk-24\bin;C:\Windows\SYSTEM32;C:\Windows\WinSxS\amd64_microsoft.windows.common-controls_6595b64144ccf1df_6.0.26100.5074_none_3e0d6f78e32fd63f;C:\Program Files\Java\jdk-24\bin\server;C:\Users\danielcc\.openjfx\cache\17.0.6;C:\WINDOWS\System32\DriverStore\FileRepository\u0387827.inf_amd64_7004fc67026a57ee\B384926;C:\Program Files\Common Files\Microsoft Shared\Ink

VM Arguments:
jvm_args: -javaagent:C:\Program Files\JetBrains\IntelliJ IDEA Community Edition 2025.2.1\lib\idea_rt.jar=60346 -Dfile.encoding=UTF-8 -Dsun.stdout.encoding=UTF-8 -Dsun.stderr.encoding=UTF-8 --module-path=C:\Users\danielcc\.m2\repository\com\github\almasb\fxgl\11.17\fxgl-11.17.jar;C:\Users\danielcc\.m2\repository\com\fasterxml\jackson\core\jackson-databind\2.12.1\jackson-databind-2.12.1.jar;C:\Users\danielcc\.m2\repository\com\gluonhq\attach\lifecycle\4.0.9\lifecycle-4.0.9.jar;C:\Users\danielcc\.m2\repository\org\openjfx\javafx-base\17.0.6\javafx-base-17.0.6-win.jar;C:\Users\danielcc\.m2\repository\com\fasterxml\jackson\core\jackson-annotations\2.12.1\jackson-annotations-2.12.1.jar;C:\Users\danielcc\.m2\repository\org\jetbrains\kotlin\kotlin-stdlib\1.5.10\kotlin-stdlib-1.5.10-modular.jar;C:\Users\danielcc\.m2\repository\com\fasterxml\jackson\core\jackson-core\2.12.1\jackson-core-2.12.1.jar;C:\Users\danielcc\.m2\repository\org\openjfx\javafx-controls\17.0.6\javafx-controls-17.0.6-win.jar;C:\Users\danielcc\Desktop\DAM 1T\code\practicaOrtoRestaurante\desktopIJ\target\classes;C:\Users\danielcc\.m2\repository\com\gluonhq\attach\storage\4.0.9\storage-4.0.9.jar;C:\Users\danielcc\.m2\repository\org\openjfx\javafx-fxml\17.0.6\javafx-fxml-17.0.6-win.jar;C:\Users\danielcc\.m2\repository\org\openjfx\javafx-web\17.0.6\javafx-web-17.0.6-win.jar;C:\Users\danielcc\.m2\repository\com\gluonhq\attach\audio\4.0.9\audio-4.0.9.jar;C:\Users\danielcc\.m2\repository\eu\hansolo\tilesfx\11.48\tilesfx-11.48.jar;C:\Users\danielcc\.m2\repository\com\google\errorprone\error_prone_annotations\2.38.0\error_prone_annotations-2.38.0.jar;C:\Users\danielcc\.m2\repository\org\mongodb\bson\5.5.1\bson-5.5.1.jar;C:\Users\danielcc\.m2\repository\org\mongodb\mongodb-driver-sync\5.5.1\mongodb-driver-sync-5.5.1.jar;C:\Users\danielcc\.m2\repository\com\gluonhq\attach\util\4.0.9\util-4.0.9.jar;C:\Users\danielcc\.m2\repository\org\kordamp\ikonli\ikonli-javafx\12.3.1\ikonli-javafx-12.3.1.jar;C:\Users\danielcc\.m2\repository\com\github\almasb\fxgl-scene\11.17\fxgl-scene-11.17.jar;C:\Users\danielcc\.m2\repository\com\github\almasb\fxgl-entity\11.17\fxgl-entity-11.17.jar;C:\Users\danielcc\.m2\repository-Djdk.module.main=com.example.practortorestaurantedesktopp 
java_command: com.example.practortorestaurantedesktopp/com.example.practortorestaurantedesktopp.HelloApplication
java_class_path (initial): C:\Users\danielcc\.m2\repository\org\mongodb\bson-record-codec\5.5.1\bson-record-codec-5.5.1.jar;C:\Users\danielcc\.m2\repository\org\slf4j\slf4j-jdk14\1.7.28\slf4j-jdk14-1.7.28.jar;C:\Users\danielcc\.m2\repository\org\slf4j\slf4j-api\1.7.28\slf4j-api-1.7.28.jar;C:\Users\danielcc\.m2\repository\org\openjfx\javafx-controls\17.0.6\javafx-controls-17.0.6.jar;C:\Users\danielcc\.m2\repository\org\openjfx\javafx-graphics\17.0.6\javafx-graphics-17.0.6.jar;C:\Users\danielcc\.m2\repository\org\openjfx\javafx-base\17.0.6\javafx-base-17.0.6.jar;C:\Users\danielcc\.m2\repository\org\openjfx\javafx-fxml\17.0.6\javafx-fxml-17.0.6.jar;C:\Users\danielcc\.m2\repository\org\openjfx\javafx-web\17.0.6\javafx-web-17.0.6.jar;C:\Users\danielcc\.m2\repository\org\openjfx\javafx-swing\17.0.6\javafx-swing-17.0.6.jar;C:\Users\danielcc\.m2\repository\org\openjfx\javafx-swing\17.0.6\javafx-swing-17.0.6-win.jar;C:\Users\danielcc\.m2\repository\org\openjfx\javafx-media\17.0.6\javafx-media-17.0.6.jar;C:\Users\danielcc\.m2\repository\org\jetbrains\annotations\13.0\annotations-13.0.jar;C:\Users\danielcc\.m2\repository\org\jetbrains\kotlin\kotlin-stdlib-common\1.5.10\kotlin-stdlib-common-1.5.10.jar
Launcher Type: SUN_STANDARD

[Global flags]
     intx CICompilerCount                          = 4                                         {product} {ergonomic}
     uint ConcGCThreads                            = 3                                         {product} {ergonomic}
     uint G1ConcRefinementThreads                  = 10                                        {product} {ergonomic}
   size_t G1HeapRegionSize                         = 2097152                                   {product} {ergonomic}
   size_t InitialHeapSize                          = 257949696                                 {product} {ergonomic}
   size_t MarkStackSize                            = 4194304                                   {product} {ergonomic}
   size_t MarkStackSizeMax                         = 536870912                                 {product} {ergonomic}
   size_t MaxHeapSize                              = 4106223616                                {product} {ergonomic}
   size_t MaxNewSize                               = 2462056448                                {product} {ergonomic}
   size_t MinHeapDeltaBytes                        = 2097152                                   {product} {ergonomic}
   size_t MinHeapSize                              = 8388608                                   {product} {ergonomic}
    uintx NonNMethodCodeHeapSize                   = 5832704                                {pd product} {ergonomic}
    uintx NonProfiledCodeHeapSize                  = 122945536                              {pd product} {ergonomic}
    uintx ProfiledCodeHeapSize                     = 122880000                              {pd product} {ergonomic}
    uintx ReservedCodeCacheSize                    = 251658240                              {pd product} {ergonomic}
     bool SegmentedCodeCache                       = true                                      {product} {ergonomic}
   size_t SoftMaxHeapSize                          = 4106223616                             {manageable} {ergonomic}
     bool UseCompressedOops                        = true                           {product lp64_product} {ergonomic}
     bool UseG1GC                                  = true                                      {product} {ergonomic}
     bool UseLargePagesIndividualAllocation        = false                                  {pd product} {ergonomic}

Logging:
Log output configuration:
 #0: stdout all=off uptime,level,tags foldmultilines=false
 #1: stderr all=off uptime,level,tags foldmultilines=false

Environment Variables:
PATH=C:\Program Files\Common Files\Oracle\Java\javapath;C:\Windows\system32;C:\Windows;C:\Windows\System32\Wbem;C:\Windows\System32\WindowsPowerShell\v1.0\;C:\Windows\System32\OpenSSH\;C:\Program Files\nodejs\;C:\kotlinc\bin;C:\javafx-sdk-25\lib;;C:\Strawberry\c\bin;C:\Strawberry\perl\site\bin;C:\Strawberry\perl\bin;C:\Program Files\Docker\Docker\resources\bin;C:\Users\danielcc\AppData\Local\Programs\Python\Python314\Scripts\;C:\Users\danielcc\AppData\Local\Programs\Python\Python314\;C:\Users\danielcc\AppData\Local\Programs\Python\Launcher\;C:\Users\danielcc\AppData\Local\Microsoft\WindowsApps;C:\Users\danielcc\AppData\Local\Programs\Microsoft VS Code\bin;C:\Users\danielcc\AppData\Local\Programs\Git\cmd;C:\Users\danielcc\AppData\Roaming\npm;C:\Users\danielcc\AppData\Local\Programs\MiKTeX\miktex\bin\x64\
USERNAME=danielcc
OS=Windows_NT
PROCESSOR_IDENTIFIER=AMD64 Family 25 Model 80 Stepping 0, AuthenticAMD
TMP=C:\Users\danielcc\AppData\Local\Temp
TEMP=C:\Users\danielcc\AppData\Local\Temp




Periodic native trim disabled

---------------  S Y S T E M  ---------------

OS:
 Windows 11 , 64 bit Build 26100 (10.0.26100.5074)
OS uptime: 7 days 22:37 hours
Hyper-V role detected

CPU: total 12 (initial active 12) (12 cores per cpu, 2 threads per core) family 25 model 80 stepping 0 microcode 0xa50000d, cx8, cmov, fxsr, ht, mmx, 3dnowpref, sse, sse2, sse3, ssse3, sse4a, sse4.1, sse4.2, popcnt, lzcnt, tsc, tscinvbit, avx, avx2, aes, erms, clmul, bmi1, bmi2, adx, sha, fma, vzeroupper, clflush, clflushopt, hv, rdtscp, rdpid, fsrm, f16c, cet_ss
Processor Information for the first 12 processors :
  Max Mhz: 3901, Current Mhz: 3901, Mhz Limit: 3901

Memory: 4k page, system-wide physical 15659M (2416M free)
TotalPageFile size 25881M (AvailPageFile size 1209M)
current process WorkingSet (physical memory assigned to process): 184M, peak: 219M
current process commit charge ("private bytes"): 245M, peak: 413M

vm_info: Java HotSpot(TM) 64-Bit Server VM (24.0.2+12-54) for windows-amd64 JRE (24.0.2+12-54), built on 2025-07-08T12:10:27Z with MS VC++ 17.6 (VS2022)

END.
