#
# A fatal error has been detected by the Java Runtime Environment:
#
#  EXCEPTION_ACCESS_VIOLATION (0xc0000005) at pc=0x00007ff893cd6b07, pid=13824, tid=2696
#
# JRE version: Java(TM) SE Runtime Environment (24.0.2+12) (build 24.0.2+12-54)
# Java VM: Java HotSpot(TM) 64-Bit Server VM (24.0.2+12-54, mixed mode, sharing, tiered, compressed oops, compressed class ptrs, g1 gc, windows-amd64)
# Problematic frame:
# C  [glass.dll+0x26b07]
#
# No core dump will be written. Minidumps are not enabled by default on client versions of Windows
#
# If you would like to submit a bug report, please visit:
#   https://bugreport.java.com/bugreport/crash.jsp
#

---------------  S U M M A R Y ------------

Command Line: -javaagent:C:\Program Files\JetBrains\IntelliJ IDEA Community Edition 2025.2.1\lib\idea_rt.jar=60139 -Dfile.encoding=UTF-8 -Dsun.stdout.encoding=UTF-8 -Dsun.stderr.encoding=UTF-8 --module-path=C:\Users\danielcc\.m2\repository\com\github\almasb\fxgl\11.17\fxgl-11.17.jar;C:\Users\danielcc\.m2\repository\com\fasterxml\jackson\core\jackson-databind\2.12.1\jackson-databind-2.12.1.jar;C:\Users\danielcc\.m2\repository\com\gluonhq\attach\lifecycle\4.0.9\lifecycle-4.0.9.jar;C:\Users\danielcc\.m2\repository\org\openjfx\javafx-base\17.0.6\javafx-base-17.0.6-win.jar;C:\Users\danielcc\.m2\repository\com\fasterxml\jackson\core\jackson-annotations\2.12.1\jackson-annotations-2.12.1.jar;C:\Users\danielcc\.m2\repository\org\jetbrains\kotlin\kotlin-stdlib\1.5.10\kotlin-stdlib-1.5.10-modular.jar;C:\Users\danielcc\.m2\repository\com\fasterxml\jackson\core\jackson-core\2.12.1\jackson-core-2.12.1.jar;C:\Users\danielcc\.m2\repository\org\openjfx\javafx-controls\17.0.6\javafx-controls-17.0.6-win.jar;C:\Users\danielcc\Desktop\DAM 1T\code\practicaOrtoRestaurante\desktopIJ\target\classes;C:\Users\danielcc\.m2\repository\com\gluonhq\attach\storage\4.0.9\storage-4.0.9.jar;C:\Users\danielcc\.m2\repository\org\openjfx\javafx-fxml\17.0.6\javafx-fxml-17.0.6-win.jar;C:\Users\danielcc\.m2\repository\org\openjfx\javafx-web\17.0.6\javafx-web-17.0.6-win.jar;C:\Users\danielcc\.m2\repository\com\gluonhq\attach\audio\4.0.9\audio-4.0.9.jar;C:\Users\danielcc\.m2\repository\eu\hansolo\tilesfx\11.48\tilesfx-11.48.jar;C:\Users\danielcc\.m2\repository\com\google\errorprone\error_prone_annotations\2.38.0\error_prone_annotations-2.38.0.jar;C:\Users\danielcc\.m2\repository\org\mongodb\bson\5.5.1\bson-5.5.1.jar;C:\Users\danielcc\.m2\repository\org\mongodb\mongodb-driver-sync\5.5.1\mongodb-driver-sync-5.5.1.jar;C:\Users\danielcc\.m2\repository\com\gluonhq\attach\util\4.0.9\util-4.0.9.jar;C:\Users\danielcc\.m2\repository\org\kordamp\ikonli\ikonli-javafx\12.3.1\ikonli-javafx-12.3.1.jar;C:\Users\danielcc\.m2\repository\com\github\almasb\fxgl-scene\11.17\fxgl-scene-11.17.jar;C:\Users\danielcc\.m2\repository\com\github\almasb\fxgl-entity\11.17\fxgl-entity-11.17.jar;C:\Users\danielcc\.m2\repository-Djdk.module.main=com.example.practortorestaurantedesktopp com.example.practortorestaurantedesktopp/com.example.practortorestaurantedesktopp.HelloApplication

Host: AMD Ryzen 5 5600G with Radeon Graphics         , 12 cores, 15G,  Windows 11 , 64 bit Build 26100 (10.0.26100.5074)
Time: Tue Nov  4 17:05:40 2025 Hora estándar romance elapsed time: 18.324809 seconds (0d 0h 0m 18s)

---------------  T H R E A D  ---------------

Current thread (0x00000250ebffddf0):  VMThread "VM Thread"          [id=2696, stack(0x000000d3e3200000,0x000000d3e3300000) (1024K)]

Stack: [0x000000d3e3200000,0x000000d3e3300000],  sp=0x000000d3e32fee70,  free space=1019k
Native frames: (J=compiled Java code, j=interpreted, Vv=VM code, C=native code)
C  [glass.dll+0x26b07]  (no source info available)
C  [ucrtbase.dll+0x4bc75]  (no source info available)
C  [ucrtbase.dll+0x4b897]  (no source info available)
C  [ucrtbase.dll+0x4b84d]  (no source info available)
C  [glass.dll+0x24261]  (no source info available)
C  [glass.dll+0x24386]  (no source info available)
C  [ntdll.dll+0x160ede]  (no source info available)
C  [ntdll.dll+0x7483e]  (no source info available)
C  [ntdll.dll+0xfdfff]  (no source info available)
C  [ntdll.dll+0x8ede]  (no source info available)
C  [KERNEL32.DLL+0x418ab]  (no source info available)
C  [ucrtbase.dll+0xa0093]  (no source info available)
V  [jvm.dll+0x72928c]  (no source info available)
V  [jvm.dll+0x728dc0]  (no source info available)
V  [jvm.dll+0x41b344]  (no source info available)
V  [jvm.dll+0x8e29c2]  (no source info available)
V  [jvm.dll+0x8e3d0c]  (no source info available)
V  [jvm.dll+0x8e4278]  (no source info available)
V  [jvm.dll+0x8e4513]  (no source info available)
V  [jvm.dll+0x87d9eb]  (no source info available)
V  [jvm.dll+0x72ef45]  (no source info available)
C  [ucrtbase.dll+0x37b0]  (no source info available)
C  [KERNEL32.DLL+0x2e8d7]  (no source info available)
C  [ntdll.dll+0x8d9c]  (no source info available)


siginfo: EXCEPTION_ACCESS_VIOLATION (0xc0000005), reading address 0x0000000000000000


Registers:
RAX=0x0000000000000000, RBX=0x00000250ec004fda, RCX=0x00000250ebffddf0, RDX=0x000000d3e32fee70
RSP=0x000000d3e32fee70, RBP=0x0000c122529e0c38, RSI=0x00000250c5bb2c68, RDI=0x00000250c5bb2c40
R8 =0x0000000000010002, R9 =0x0000c122529e0c38, R10=0x00000250ca310000, R11=0x000000d3e32fef58
R12=0x0000000000000001, R13=0x00007ff893cd43d4, R14=0x000000d3e32fef78, R15=0x00000250c5bb2c40
RIP=0x00007ff893cd6b07, EFLAGS=0x0000000000010202

XMM[0]=0x0000000000000000 0x0000000000000000
XMM[1]=0x0000000000000000 0x000000d3e32fdad0
XMM[2]=0x0000000000000000 0x0000000000000000
XMM[3]=0x0000000000000000 0x0000000000000000
XMM[4]=0x0000000000000000 0x0000000000000000
XMM[5]=0x0000000000000000 0x0000000000000000
XMM[6]=0x0000000000000000 0x0000000000000000
XMM[7]=0x0000000000000000 0x404e000000000000
XMM[8]=0x0000000000000000 0x0000000000000000
XMM[9]=0x0000000000000000 0x0000000000000000
XMM[10]=0x0000000000000000 0x0000000000000000
XMM[11]=0x0000000000000000 0x0000000000000000
XMM[12]=0x0000000000000000 0x0000000000000000
XMM[13]=0x0000000000000000 0x0000000000000000
XMM[14]=0x0000000000000000 0x0000000000000000
XMM[15]=0x0000000000000000 0x0000000000000000
  MXCSR=0x00001fa0


Register to memory mapping:

RAX=0x0 is null
RBX=0x00000250ec004fda is a global jni handle
RCX=0x00000250ebffddf0 points into unknown readable memory: 0x00007ff843e27c38 | 38 7c e2 43 f8 7f 00 00
RDX=0x000000d3e32fee70 points into unknown readable memory: 0x0000000000000000 | 00 00 00 00 00 00 00 00
RSP=0x000000d3e32fee70 points into unknown readable memory: 0x0000000000000000 | 00 00 00 00 00 00 00 00
RBP=0x0000c122529e0c38 is an unknown value
RSI=0x00000250c5bb2c68 points into unknown readable memory: 0x0000c122529e0c38 | 38 0c 9e 52 22 c1 00 00
RDI=0x00000250c5bb2c40 points into unknown readable memory: 0xec00c15daa0dc106 | 06 c1 0d aa 5d c1 00 ec
R8 =0x0000000000010002 is an unknown value
R9 =0x0000c122529e0c38 is an unknown value
R10=0x00000250ca310000 points into unknown readable memory: 0x0000000000000000 | 00 00 00 00 00 00 00 00
R11=0x000000d3e32fef58 points into unknown readable memory: 0x00007ff893cd4261 | 61 42 cd 93 f8 7f 00 00
R12=0x0000000000000001 is an unknown value
R13=0x00007ff893cd43d4 glass.dll
R14=0x000000d3e32fef78 points into unknown readable memory: 0x000000d3e32fef60 | 60 ef 2f e3 d3 00 00 00
R15=0x00000250c5bb2c40 points into unknown readable memory: 0xec00c15daa0dc106 | 06 c1 0d aa 5d c1 00 ec

Top of Stack: (sp=0x000000d3e32fee70)
0x000000d3e32fee70:   0000000000000000 0000025000000000   ............P...
0x000000d3e32fee80:   00000250c5ecd840 0000000000000001   @...P...........
0x000000d3e32fee90:   00000250c5bb2c48 00007ff8b403bc75   H,..P...u.......
0x000000d3e32feea0:   00000250c5bb2c40 0000025000000000   @,..P.......P...
0x000000d3e32feeb0:   00000250c5bb2c60 0000c122529e0c38   `,..P...8..R"...
0x000000d3e32feec0:   fffffffffffffffe 00007ff89cc50000   ................
0x000000d3e32feed0:   00007ff893cb0000 00007ff893cb0000   ................
0x000000d3e32feee0:   000000d3e32fef68 00007ff8b403b897   h./.............
0x000000d3e32feef0:   000000d3e32fef00 000000d3e32fef78   ../.....x./.....
0x000000d3e32fef00:   000000d3e32ff260 00007ff8b41288c0   `./.............
0x000000d3e32fef10:   0000000000000001 00007ff8b403b84d   ........M.......
0x000000d3e32fef20:   0000000000000000 0000000000000001   ................
0x000000d3e32fef30:   000000d3e32ff260 000000d3e32fef68   `./.....h./.....
0x000000d3e32fef40:   fffffffffffffffe 00007ff8b63e6003   .........`>.....
0x000000d3e32fef50:   0000000000000000 00007ff893cd4261   ........aB......
0x000000d3e32fef60:   00007ff893cea138 000000d300000002   8...............
0x000000d3e32fef70:   00007ff800000002 000000d3e32fef60   ........`./.....
0x000000d3e32fef80:   0000000000000000 00007ff8b2c05e37   ........7^......
0x000000d3e32fef90:   0000000000000000 00007ff893cd4386   .........C......
0x000000d3e32fefa0:   0000000000000001 0000000000000000   ................
0x000000d3e32fefb0:   0000000000000001 00007ff8b6414f8f   .........OA.....
0x000000d3e32fefc0:   00007ff8b2c00000 000000d3e32ff260   ........`./.....
0x000000d3e32fefd0:   0000000000000001 0000000000000000   ................
0x000000d3e32fefe0:   0000000000000000 000000007ffe0384   ................
0x000000d3e32feff0:   00000250c5bba720 00007ff8b6500ede    ...P.....P.....
0x000000d3e32ff000:   00007ff893cb0000 0000025000000000   ............P...
0x000000d3e32ff010:   0000000000000001 000000007ffe0385   ................
0x000000d3e32ff020:   00007ff893cd7590 00007ff8b641483e   .u......>HA.....
0x000000d3e32ff030:   0000000000000000 0000000000000000   ................
0x000000d3e32ff040:   0000000000000000 0000000000000000   ................
0x000000d3e32ff050:   0000000000000000 0000000000000000   ................
0x000000d3e32ff060:   0000000000000000 0000000000000000   ................

Instructions: (pc=0x00007ff893cd6b07)
  0x00007ff893cd6a07:   8b 4d 58 e8 01 cf ff ff 48 8b 4d 60 e8 f8 ce ff
  0x00007ff893cd6a17:   ff 48 8b 95 80 00 00 00 48 8b 8d 18 01 00 00 e8
  0x00007ff893cd6a27:   c6 c3 ff ff 33 d2 33 c9 e8 3c e1 ff ff 90 48 89
  0x00007ff893cd6a37:   54 24 10 55 48 83 ec 20 48 8b ea 48 b8 00 00 00
  0x00007ff893cd6a47:   00 00 00 00 00 48 83 c4 20 5d c3 cc 40 55 48 8b
  0x00007ff893cd6a57:   ea 48 8b 01 33 c9 81 38 05 00 00 c0 0f 94 c1 8b
  0x00007ff893cd6a67:   c1 5d c3 cc 40 55 48 83 ec 20 48 8b ea 8a 4d 40
  0x00007ff893cd6a77:   48 83 c4 20 5d e9 f7 d2 ff ff cc 40 55 48 83 ec
  0x00007ff893cd6a87:   20 48 8b ea 8a 4d 20 e8 e5 d2 ff ff 90 48 83 c4
  0x00007ff893cd6a97:   20 5d c3 cc 40 55 48 83 ec 20 48 8b ea 48 83 c4
  0x00007ff893cd6aa7:   20 5d e9 46 d1 ff ff cc 40 55 48 83 ec 30 48 8b
  0x00007ff893cd6ab7:   ea 48 8b 01 8b 10 48 89 4c 24 28 89 54 24 20 4c
  0x00007ff893cd6ac7:   8d 0d e7 d5 ff ff 4c 8b 45 70 8b 55 68 48 8b 4d
  0x00007ff893cd6ad7:   60 e8 87 d0 ff ff 90 48 83 c4 30 5d c3 cc cc cc
  0x00007ff893cd6ae7:   cc cc cc cc cc cc cc cc cc 40 53 48 83 ec 20 48
  0x00007ff893cd6af7:   8b 1d 33 30 01 00 48 85 db 74 16 e8 09 8b ff ff
=>0x00007ff893cd6b07:   4c 8b 00 48 8b d3 48 8b c8 41 ff 90 b0 00 00 00
  0x00007ff893cd6b17:   90 48 83 c4 20 5b c3 cc cc 40 53 48 83 ec 20 48
  0x00007ff893cd6b27:   8b 1d ab 31 01 00 48 85 db 74 57 b8 ff ff ff ff
  0x00007ff893cd6b37:   f0 0f c1 43 10 83 f8 01 75 3d 48 85 db 74 38 48
  0x00007ff893cd6b47:   8b 0b 48 85 c9 74 0d ff 15 54 07 00 00 48 c7 03
  0x00007ff893cd6b57:   00 00 00 00 48 8b 4b 08 48 85 c9 74 0d e8 a7 cd
  0x00007ff893cd6b67:   ff ff 48 c7 43 08 00 00 00 00 ba 18 00 00 00 48
  0x00007ff893cd6b77:   8b cb e8 92 cd ff ff 48 c7 05 4f 31 01 00 00 00
  0x00007ff893cd6b87:   00 00 48 83 c4 20 5b c3 cc 40 53 48 83 ec 20 48
  0x00007ff893cd6b97:   8b 1d 1b 31 01 00 48 85 db 74 57 b8 ff ff ff ff
  0x00007ff893cd6ba7:   f0 0f c1 43 10 83 f8 01 75 3d 48 85 db 74 38 48
  0x00007ff893cd6bb7:   8b 0b 48 85 c9 74 0d ff 15 e4 06 00 00 48 c7 03
  0x00007ff893cd6bc7:   00 00 00 00 48 8b 4b 08 48 85 c9 74 0d e8 37 cd
  0x00007ff893cd6bd7:   ff ff 48 c7 43 08 00 00 00 00 ba 18 00 00 00 48
  0x00007ff893cd6be7:   8b cb e8 22 cd ff ff 48 c7 05 bf 30 01 00 00 00
  0x00007ff893cd6bf7:   00 00 48 83 c4 20 5b c3 cc 40 53 48 83 ec 20 48


Stack slot to memory mapping:

stack at sp + 0 slots: 0x0 is null
stack at sp + 1 slots: 0x0000025000000000 is an unknown value
stack at sp + 2 slots: 0x00000250c5ecd840 points into unknown readable memory: 0x00000250c5ecd390 | 90 d3 ec c5 50 02 00 00
stack at sp + 3 slots: 0x0000000000000001 is an unknown value
stack at sp + 4 slots: 0x00000250c5bb2c48 points into unknown readable memory: 0x0000c122529e0c38 | 38 0c 9e 52 22 c1 00 00
stack at sp + 5 slots: 0x00007ff8b403bc75 ucrtbase.dll
stack at sp + 6 slots: 0x00000250c5bb2c40 points into unknown readable memory: 0xec00c15daa0dc106 | 06 c1 0d aa 5d c1 00 ec
stack at sp + 7 slots: 0x0000025000000000 is an unknown value

VM_Operation (0x000000d3e64ff100): Exit, mode: safepoint, requested by thread 0x00000250f1041dd0


---------------  P R O C E S S  ---------------

Threads class SMR info:
_java_thread_list=0x00000250f1f07a50, length=28, elements={
0x00000250cc7a2040, 0x00000250ec00adb0, 0x00000250ec00b4f0, 0x00000250ec013760,
0x00000250ec0117b0, 0x00000250ec014ae0, 0x00000250ec01a1b0, 0x00000250ec027ee0,
0x00000250c5047670, 0x00000250c58b9e60, 0x00000250c58ba5a0, 0x00000250c5baaf30,
0x00000250c5ee4420, 0x00000250c5a5e900, 0x00000250c61153a0, 0x00000250c613d2c0,
0x00000250c646f6a0, 0x00000250c646fdf0, 0x00000250c646ef50, 0x00000250c6470540,
0x00000250c646d210, 0x00000250c646d960, 0x00000250c646e800, 0x00000250f1040f30,
0x00000250f1041680, 0x00000250f1042c70, 0x00000250f10433c0, 0x00000250f1041dd0
}

Java Threads: ( => current thread )
  0x00000250cc7a2040 JavaThread "main"                              [_thread_blocked, id=13808, stack(0x000000d3e2b00000,0x000000d3e2c00000) (1024K)]
  0x00000250ec00adb0 JavaThread "Reference Handler"          daemon [_thread_blocked, id=7292, stack(0x000000d3e3300000,0x000000d3e3400000) (1024K)]
  0x00000250ec00b4f0 JavaThread "Finalizer"                  daemon [_thread_blocked, id=10004, stack(0x000000d3e3400000,0x000000d3e3500000) (1024K)]
  0x00000250ec013760 JavaThread "Attach Listener"            daemon [_thread_blocked, id=9828, stack(0x000000d3e3600000,0x000000d3e3700000) (1024K)]
  0x00000250ec0117b0 JavaThread "Service Thread"             daemon [_thread_blocked, id=4076, stack(0x000000d3e3700000,0x000000d3e3800000) (1024K)]
  0x00000250ec014ae0 JavaThread "Monitor Deflation Thread"   daemon [_thread_blocked, id=15152, stack(0x000000d3e3800000,0x000000d3e3900000) (1024K)]
  0x00000250ec01a1b0 JavaThread "C2 CompilerThread0"         daemon [_thread_blocked, id=10028, stack(0x000000d3e3900000,0x000000d3e3a00000) (1024K)]
  0x00000250ec027ee0 JavaThread "C1 CompilerThread0"         daemon [_thread_blocked, id=10732, stack(0x000000d3e3a00000,0x000000d3e3b00000) (1024K)]
  0x00000250c5047670 JavaThread "Common-Cleaner"             daemon [_thread_blocked, id=6228, stack(0x000000d3e3b00000,0x000000d3e3c00000) (1024K)]
  0x00000250c58b9e60 JavaThread "Monitor Ctrl-Break"         daemon [_thread_in_native, id=3644, stack(0x000000d3e3e00000,0x000000d3e3f00000) (1024K)]
  0x00000250c58ba5a0 JavaThread "Notification Thread"        daemon [_thread_blocked, id=3716, stack(0x000000d3e3f00000,0x000000d3e4000000) (1024K)]
  0x00000250c5baaf30 JavaThread "QuantumRenderer-0"          daemon [_thread_blocked, id=3640, stack(0x000000d3e4000000,0x000000d3e4100000) (1024K)]
  0x00000250c5ee4420 JavaThread "InvokeLaterDispatcher"      daemon [_thread_blocked, id=2804, stack(0x000000d3e4300000,0x000000d3e4400000) (1024K)]
  0x00000250c5a5e900 JavaThread "JavaFX Application Thread"         [_thread_in_native, id=6328, stack(0x000000d3e4400000,0x000000d3e4500000) (1024K)]
  0x00000250c61153a0 JavaThread "JavaFX-Launcher"                   [_thread_blocked, id=8252, stack(0x000000d3e4e00000,0x000000d3e4f00000) (1024K)]
  0x00000250c613d2c0 JavaThread "Thread-2"                   daemon [_thread_in_native, id=5292, stack(0x000000d3e4d00000,0x000000d3e4e00000) (1024K)]
  0x00000250c646f6a0 JavaThread "Grizzly(1) SelectorRunner"  daemon [_thread_in_native, id=17280, stack(0x000000d3e5400000,0x000000d3e5500000) (1024K)]
  0x00000250c646fdf0 JavaThread "Grizzly(1)"                 daemon [_thread_blocked, id=3508, stack(0x000000d3e5500000,0x000000d3e5600000) (1024K)]
  0x00000250c646ef50 JavaThread "Grizzly(2)"                 daemon [_thread_blocked, id=4424, stack(0x000000d3e5600000,0x000000d3e5700000) (1024K)]
  0x00000250c6470540 JavaThread "HttpClient-1-SelectorManager" daemon [_thread_blocked, id=13864, stack(0x000000d3e5800000,0x000000d3e5900000) (1024K)]
  0x00000250c646d210 JavaThread "Prism Font Disposer"        daemon [_thread_blocked, id=16940, stack(0x000000d3e6000000,0x000000d3e6100000) (1024K)]
  0x00000250c646d960 JavaThread "Cleaner-0"                  daemon [_thread_blocked, id=15476, stack(0x000000d3e6100000,0x000000d3e6200000) (1024K)]
  0x00000250c646e800 JavaThread "HttpClient-1-Worker-0"      daemon [_thread_blocked, id=14540, stack(0x000000d3e6200000,0x000000d3e6300000) (1024K)]
  0x00000250f1040f30 JavaThread "CompletableFutureDelayScheduler" daemon [_thread_blocked, id=3024, stack(0x000000d3e6300000,0x000000d3e6400000) (1024K)]
  0x00000250f1041680 JavaThread "HttpClient-1-Worker-1"      daemon [_thread_blocked, id=8948, stack(0x000000d3e6500000,0x000000d3e6600000) (1024K)]
  0x00000250f1042c70 JavaThread "HttpClient-1-Worker-2"      daemon [_thread_blocked, id=12240, stack(0x000000d3e6600000,0x000000d3e6700000) (1024K)]
  0x00000250f10433c0 JavaThread "ForkJoinPool.commonPool-worker-1" daemon [_thread_blocked, id=8640, stack(0x000000d3e6700000,0x000000d3e6800000) (1024K)]
  0x00000250f1041dd0 JavaThread "SIGINT handler"             daemon [_thread_blocked, id=4236, stack(0x000000d3e6400000,0x000000d3e6500000) (1024K)]
Total: 28

Other Threads:
=>0x00000250ebffddf0 VMThread "VM Thread"                           [id=2696, stack(0x000000d3e3200000,0x000000d3e3300000) (1024K)]
  0x00000250cc8093c0 WorkerThread "GC Thread#0"                     [id=15396, stack(0x000000d3e2c00000,0x000000d3e2d00000) (1024K)]
  0x00000250c60c8470 WorkerThread "GC Thread#1"                     [id=16856, stack(0x000000d3e4f00000,0x000000d3e5000000) (1024K)]
  0x00000250c60c8820 WorkerThread "GC Thread#2"                     [id=10092, stack(0x000000d3e5000000,0x000000d3e5100000) (1024K)]
  0x00000250c60c7960 WorkerThread "GC Thread#3"                     [id=12392, stack(0x000000d3e5100000,0x000000d3e5200000) (1024K)]
  0x00000250c60c80c0 WorkerThread "GC Thread#4"                     [id=2916, stack(0x000000d3e5200000,0x000000d3e5300000) (1024K)]
  0x00000250c60c7200 WorkerThread "GC Thread#5"                     [id=13584, stack(0x000000d3e5300000,0x000000d3e5400000) (1024K)]
  0x00000250c64f4750 WorkerThread "GC Thread#6"                     [id=9924, stack(0x000000d3e5a00000,0x000000d3e5b00000) (1024K)]
  0x00000250c64f29d0 WorkerThread "GC Thread#7"                     [id=14256, stack(0x000000d3e5b00000,0x000000d3e5c00000) (1024K)]
  0x00000250c64f3ff0 WorkerThread "GC Thread#8"                     [id=13188, stack(0x000000d3e5c00000,0x000000d3e5d00000) (1024K)]
  0x00000250c64f3130 WorkerThread "GC Thread#9"                     [id=2288, stack(0x000000d3e5d00000,0x000000d3e5e00000) (1024K)]
  0x00000250cc81d600 ConcurrentGCThread "G1 Main Marker"            terminated
  0x00000250cc81feb0 WorkerThread "G1 Conc#0"                       [id=6480, stack(0x000000d3e2e00000,0x000000d3e2f00000) (1024K)]
  0x00000250c64f2270 WorkerThread "G1 Conc#1"                       [id=12324, stack(0x000000d3e5e00000,0x000000d3e5f00000) (1024K)]
  0x00000250c64f3c40 WorkerThread "G1 Conc#2"                       [id=8520, stack(0x000000d3e5f00000,0x000000d3e6000000) (1024K)]
  0x00000250ebeb7a10 ConcurrentGCThread "G1 Refine#0"               terminated
  0x00000250ebeba250 ConcurrentGCThread "G1 Service"                terminated
Total: 17

Threads with active compile tasks:
Total: 0

VM state: at safepoint (shutting down)

VM Mutex/Monitor currently owned by a thread:  ([mutex/lock_event])
[0x00007ff8440044f0] Threads_lock - owner thread: 0x00000250ebffddf0
[0x00007ff8440045f0] Heap_lock - owner thread: 0x00000250f1041dd0

Heap address: 0x000000070b400000, size: 3916 MB, Compressed Oops mode: Zero based, Oop shift amount: 3

CDS archive(s) mapped at: [0x0000025080000000-0x0000025080d40000-0x0000025080d40000), size 13893632, SharedBaseAddress: 0x0000025080000000, ArchiveRelocationMode: 1.
Compressed class space mapped at: 0x0000025081000000-0x00000250c1000000, reserved size: 1073741824
UseCompressedClassPointers 1, UseCompactObjectHeaders 0
Narrow klass pointer bits 32, Max shift 3
Narrow klass base: 0x0000025080000000, Narrow klass shift: 0
Encoding Range: [0x0000025080000000 - 0x0000025180000000), (4294967296 bytes)
Klass Range:    [0x0000025080000000 - 0x00000250c1000000), (1090519040 bytes)
Klass ID Range:  [8 - 1090519033) (1090519025)

GC Precious Log:
 CardTable entry size: 512
 Card Set container configuration: InlinePtr #cards 4 size 8 Array Of Cards #cards 16 size 48 Howl #buckets 8 coarsen threshold 3686 Howl Bitmap #cards 512 size 80 coarsen threshold 460 Card regions per heap region 1 cards per card region 4096
 CPUs: 12 total, 12 available
 Memory: 15659M
 Large Page Support: Disabled
 NUMA Support: Disabled
 Compressed Oops: Enabled (Zero based)
 Heap Region Size: 2M
 Heap Min Capacity: 8M
 Heap Initial Capacity: 246M
 Heap Max Capacity: 3916M
 Pre-touch: Disabled
 Parallel Workers: 10
 Concurrent Workers: 3
 Concurrent Refinement Workers: 10
 Periodic GC: Disabled

Heap:
 garbage-first heap   total reserved 4009984K, committed 57344K, used 35382K [0x000000070b400000, 0x0000000800000000)
  region size 2048K, 15 young (30720K), 5 survivors (10240K)
 Metaspace       used 26931K, committed 27328K, reserved 1114112K
  class space    used 3251K, committed 3392K, reserved 1048576K

Heap Regions: E=young(eden), S=young(survivor), O=old, HS=humongous(starts), HC=humongous(continues), CS=collection set, F=free, TAMS=top-at-mark-start, PB=parsable bottom
|   0|0x000000070b400000, 0x000000070b600000, 0x000000070b600000|100%|HS|  |TAMS 0x000000070b400000| PB 0x000000070b400000| Complete |  0
|   1|0x000000070b600000, 0x000000070b600000, 0x000000070b800000|  0%| F|  |TAMS 0x000000070b600000| PB 0x000000070b600000| Untracked |  0
|   2|0x000000070b800000, 0x000000070b800000, 0x000000070ba00000|  0%| F|  |TAMS 0x000000070b800000| PB 0x000000070b800000| Untracked |  0
|   3|0x000000070ba00000, 0x000000070ba00000, 0x000000070bc00000|  0%| F|  |TAMS 0x000000070ba00000| PB 0x000000070ba00000| Untracked |  0
|   4|0x000000070bc00000, 0x000000070bc00000, 0x000000070be00000|  0%| F|  |TAMS 0x000000070bc00000| PB 0x000000070bc00000| Untracked |  0
|   5|0x000000070be00000, 0x000000070be00000, 0x000000070c000000|  0%| F|  |TAMS 0x000000070be00000| PB 0x000000070be00000| Untracked |  0
|   6|0x000000070c000000, 0x000000070c000000, 0x000000070c200000|  0%| F|  |TAMS 0x000000070c000000| PB 0x000000070c000000| Untracked |  0
|   7|0x000000070c200000, 0x000000070c200000, 0x000000070c400000|  0%| F|  |TAMS 0x000000070c200000| PB 0x000000070c200000| Untracked |  0
|   8|0x000000070c400000, 0x000000070c400000, 0x000000070c600000|  0%| F|  |TAMS 0x000000070c400000| PB 0x000000070c400000| Untracked |  0
|   9|0x000000070c600000, 0x000000070c7bde20, 0x000000070c800000| 87%| E|  |TAMS 0x000000070c600000| PB 0x000000070c600000| Complete |  0
|  10|0x000000070c800000, 0x000000070ca00000, 0x000000070ca00000|100%| E|CS|TAMS 0x000000070c800000| PB 0x000000070c800000| Complete |  0
|  11|0x000000070ca00000, 0x000000070cc00000, 0x000000070cc00000|100%| E|CS|TAMS 0x000000070ca00000| PB 0x000000070ca00000| Complete |  0
|  12|0x000000070cc00000, 0x000000070ce00000, 0x000000070ce00000|100%| E|CS|TAMS 0x000000070cc00000| PB 0x000000070cc00000| Complete |  0
|  13|0x000000070ce00000, 0x000000070d000000, 0x000000070d000000|100%| S|CS|TAMS 0x000000070ce00000| PB 0x000000070ce00000| Complete |  0
|  14|0x000000070d000000, 0x000000070d200000, 0x000000070d200000|100%| S|CS|TAMS 0x000000070d000000| PB 0x000000070d000000| Complete |  0
|  15|0x000000070d200000, 0x000000070d400000, 0x000000070d400000|100%| S|CS|TAMS 0x000000070d200000| PB 0x000000070d200000| Complete |  0
|  16|0x000000070d400000, 0x000000070d600000, 0x000000070d600000|100%| S|CS|TAMS 0x000000070d400000| PB 0x000000070d400000| Complete |  0
|  17|0x000000070d600000, 0x000000070d6d75a0, 0x000000070d800000| 42%| S|CS|TAMS 0x000000070d600000| PB 0x000000070d600000| Complete |  0
|  87|0x0000000716200000, 0x0000000716400000, 0x0000000716400000|100%| E|CS|TAMS 0x0000000716200000| PB 0x0000000716200000| Complete |  0
|  88|0x0000000716400000, 0x0000000716600000, 0x0000000716600000|100%| E|CS|TAMS 0x0000000716400000| PB 0x0000000716400000| Complete |  0
|  89|0x0000000716600000, 0x0000000716800000, 0x0000000716800000|100%| E|CS|TAMS 0x0000000716600000| PB 0x0000000716600000| Complete |  0
|  90|0x0000000716800000, 0x0000000716a00000, 0x0000000716a00000|100%| E|CS|TAMS 0x0000000716800000| PB 0x0000000716800000| Complete |  0
|  91|0x0000000716a00000, 0x0000000716c00000, 0x0000000716c00000|100%| E|CS|TAMS 0x0000000716a00000| PB 0x0000000716a00000| Complete |  0
| 122|0x000000071a800000, 0x000000071aa00000, 0x000000071aa00000|100%| E|CS|TAMS 0x000000071a800000| PB 0x000000071a800000| Complete |  0
|1954|0x00000007ff800000, 0x00000007ff899300, 0x00000007ffa00000| 29%| O|  |TAMS 0x00000007ff800000| PB 0x00000007ff800000| Untracked |  0
|1955|0x00000007ffa00000, 0x00000007ffc00000, 0x00000007ffc00000|100%| O|  |TAMS 0x00000007ffa00000| PB 0x00000007ffa00000| Untracked |  0
|1956|0x00000007ffc00000, 0x00000007ffe00000, 0x00000007ffe00000|100%| O|  |TAMS 0x00000007ffc00000| PB 0x00000007ffc00000| Untracked |  0
|1957|0x00000007ffe00000, 0x00000007fff1d248, 0x0000000800000000| 55%| O|Cm|TAMS 0x00000007ffe00000| PB 0x00000007ffe00000| Complete |  0

Card table byte_map: [0x00000250e4e50000,0x00000250e5600000] _byte_map_base: 0x00000250e15f6000

Marking Bits: (CMBitMap*) 0x00000250cc809ad0
 Bits: [0x00000250e5600000, 0x00000250e9330000)

Polling page: 0x00000250caa00000

Metaspace:

Usage:
  Non-class:     23.13 MB used.
      Class:      3.18 MB used.
       Both:     26.30 MB used.

Virtual space:
  Non-class space:       64.00 MB reserved,      23.38 MB ( 37%) committed,  1 nodes.
      Class space:        1.00 GB reserved,       3.31 MB ( <1%) committed,  1 nodes.
             Both:        1.06 GB reserved,      26.69 MB (  2%) committed. 

Chunk freelists:
   Non-Class:  8.28 MB
       Class:  12.70 MB
        Both:  20.98 MB

MaxMetaspaceSize: unlimited
CompressedClassSpaceSize: 1.00 GB
Initial GC threshold: 21.00 MB
Current GC threshold: 35.12 MB
CDS: on
 - commit_granule_bytes: 65536.
 - commit_granule_words: 8192.
 - virtual_space_node_default_size: 8388608.
 - enlarge_chunks_in_place: 1.
UseCompressedClassPointers 1, UseCompactObjectHeaders 0
Narrow klass pointer bits 32, Max shift 3
Narrow klass base: 0x0000025080000000, Narrow klass shift: 0
Encoding Range: [0x0000025080000000 - 0x0000025180000000), (4294967296 bytes)
Klass Range:    [0x0000025080000000 - 0x00000250c1000000), (1090519040 bytes)
Klass ID Range:  [8 - 1090519033) (1090519025)


Internal statistics:

num_allocs_failed_limit: 3.
num_arena_births: 406.
num_arena_deaths: 0.
num_vsnodes_births: 2.
num_vsnodes_deaths: 0.
num_space_committed: 427.
num_space_uncommitted: 0.
num_chunks_returned_to_freelist: 3.
num_chunks_taken_from_freelist: 1172.
num_chunk_merges: 3.
num_chunk_splits: 816.
num_chunks_enlarged: 613.
num_inconsistent_stats: 0.

CodeHeap 'non-profiled nmethods': size=120064Kb used=1726Kb max_used=1726Kb free=118337Kb
 bounds [0x00000250dcb00000, 0x00000250dcd70000, 0x00000250e4040000]
CodeHeap 'profiled nmethods': size=120000Kb used=6975Kb max_used=6975Kb free=113024Kb
 bounds [0x00000250d5040000, 0x00000250d5710000, 0x00000250dc570000]
CodeHeap 'non-nmethods': size=5696Kb used=1714Kb max_used=1902Kb free=3981Kb
 bounds [0x00000250dc570000, 0x00000250dc7e0000, 0x00000250dcb00000]
CodeCache: size=245760Kb, used=10415Kb, max_used=10603Kb, free=235342Kb
 total_blobs=5142, nmethods=4262, adapters=783, full_count=0
Compilation: enabled, stopped_count=0, restarted_count=0

Compilation events (20 events):
Event: 5.992 Thread 0x00000250ec027ee0 nmethod 4252 0x00000250d5708d88 code [0x00000250d5708ea0, 0x00000250d57090c8]
Event: 5.992 Thread 0x00000250ec027ee0 4253       3       java.nio.MappedByteBuffer::position (6 bytes)
Event: 5.993 Thread 0x00000250ec027ee0 nmethod 4253 0x00000250d5709108 code [0x00000250d5709240, 0x00000250d57094d0]
Event: 5.994 Thread 0x00000250ec027ee0 4254       3       jdk.internal.misc.Unsafe::weakCompareAndSetLong (11 bytes)
Event: 5.994 Thread 0x00000250ec027ee0 nmethod 4254 0x00000250d5709508 code [0x00000250d5709620, 0x00000250d5709748]
Event: 6.057 Thread 0x00000250ec027ee0 4255       3       java.lang.invoke.VarHandleGuards::guard_LLL_Z (86 bytes)
Event: 6.057 Thread 0x00000250ec026fc0 4256       4       java.lang.StringBuilder::length (5 bytes)
Event: 6.058 Thread 0x00000250ec026fc0 nmethod 4256 0x00000250dcca1908 code [0x00000250dcca1a00, 0x00000250dcca1a78]
Event: 6.058 Thread 0x00000250ec027ee0 nmethod 4255 0x00000250d5709808 code [0x00000250d5709ac0, 0x00000250d570b7f8]
Event: 6.058 Thread 0x00000250ec027ee0 4257       3       java.lang.invoke.VarHandleReferences$FieldInstanceReadWrite::compareAndSet (48 bytes)
Event: 6.059 Thread 0x00000250ec027ee0 nmethod 4257 0x00000250d570b888 code [0x00000250d570ba60, 0x00000250d570c768]
Event: 6.059 Thread 0x00000250ec027ee0 4259       3       jdk.internal.misc.Unsafe::getAndAddLong (27 bytes)
Event: 6.059 Thread 0x00000250ec026fc0 4260       4       jdk.internal.misc.Unsafe::getReferenceAcquire (7 bytes)
Event: 6.059 Thread 0x00000250ec027ee0 nmethod 4259 0x00000250d570c808 code [0x00000250d570c920, 0x00000250d570cbd0]
Event: 6.059 Thread 0x00000250ec026fc0 nmethod 4260 0x00000250dcca1c08 code [0x00000250dcca1d00, 0x00000250dcca1d80]
Event: 6.137 Thread 0x00000250ec01a1b0 nmethod 4175 0x00000250dcca1f08 code [0x00000250dcca29e0, 0x00000250dccaf428]
Event: 12.061 Thread 0x00000250ec027ee0 4261       3       java.lang.invoke.StringConcatFactory::parseRecipe (215 bytes)
Event: 12.062 Thread 0x00000250ec027ee0 nmethod 4261 0x00000250d570cc08 code [0x00000250d570cf40, 0x00000250d570f170]
Event: 17.998 Thread 0x00000250ec027ee0 4262       3       jdk.internal.loader.NativeLibraries::find (70 bytes)
Event: 17.998 Thread 0x00000250ec027ee0 nmethod 4262 0x00000250d570f288 code [0x00000250d570f440, 0x00000250d570fc28]

GC Heap History (6 events):
Event: 0.630 GC heap before
{Heap before GC invocations=0 (full 0):
 garbage-first heap   total reserved 4009984K, committed 253952K, used 48244K [0x000000070b400000, 0x0000000800000000)
  region size 2048K, 24 young (49152K), 0 survivors (0K)
 Metaspace       used 8737K, committed 8960K, reserved 1114112K
  class space    used 877K, committed 960K, reserved 1048576K
}
Event: 0.632 GC heap after
{Heap after GC invocations=1 (full 0):
 garbage-first heap   total reserved 4009984K, committed 253952K, used 6356K [0x000000070b400000, 0x0000000800000000)
  region size 2048K, 3 young (6144K), 3 survivors (6144K)
 Metaspace       used 8737K, committed 8960K, reserved 1114112K
  class space    used 877K, committed 960K, reserved 1048576K
}
Event: 1.223 GC heap before
{Heap before GC invocations=1 (full 0):
 garbage-first heap   total reserved 4009984K, committed 253952K, used 59604K [0x000000070b400000, 0x0000000800000000)
  region size 2048K, 31 young (63488K), 3 survivors (6144K)
 Metaspace       used 21245K, committed 21504K, reserved 1114112K
  class space    used 2392K, committed 2496K, reserved 1048576K
}
Event: 1.228 GC heap after
{Heap after GC invocations=2 (full 0):
 garbage-first heap   total reserved 4009984K, committed 253952K, used 11183K [0x000000070b400000, 0x0000000800000000)
  region size 2048K, 5 young (10240K), 5 survivors (10240K)
 Metaspace       used 21245K, committed 21504K, reserved 1114112K
  class space    used 2392K, committed 2496K, reserved 1048576K
}
Event: 1.553 GC heap before
{Heap before GC invocations=3 (full 0):
 garbage-first heap   total reserved 4009984K, committed 40960K, used 39855K [0x000000070b400000, 0x0000000800000000)
  region size 2048K, 19 young (38912K), 5 survivors (10240K)
 Metaspace       used 24162K, committed 24512K, reserved 1114112K
  class space    used 2958K, committed 3136K, reserved 1048576K
}
Event: 1.560 GC heap after
{Heap after GC invocations=4 (full 0):
 garbage-first heap   total reserved 4009984K, committed 57344K, used 14902K [0x000000070b400000, 0x0000000800000000)
  region size 2048K, 5 young (10240K), 5 survivors (10240K)
 Metaspace       used 24162K, committed 24512K, reserved 1114112K
  class space    used 2958K, committed 3136K, reserved 1048576K
}

Dll operation events (20 events):
Event: 0.327 Loaded shared library C:\Users\danielcc\.openjfx\cache\17.0.6\api-ms-win-crt-math-l1-1-0.dll
Event: 0.329 Loaded shared library C:\Users\danielcc\.openjfx\cache\17.0.6\api-ms-win-crt-multibyte-l1-1-0.dll
Event: 0.332 Loaded shared library C:\Users\danielcc\.openjfx\cache\17.0.6\api-ms-win-crt-private-l1-1-0.dll
Event: 0.334 Loaded shared library C:\Users\danielcc\.openjfx\cache\17.0.6\api-ms-win-crt-process-l1-1-0.dll
Event: 0.336 Loaded shared library C:\Users\danielcc\.openjfx\cache\17.0.6\api-ms-win-crt-runtime-l1-1-0.dll
Event: 0.338 Loaded shared library C:\Users\danielcc\.openjfx\cache\17.0.6\api-ms-win-crt-stdio-l1-1-0.dll
Event: 0.340 Loaded shared library C:\Users\danielcc\.openjfx\cache\17.0.6\api-ms-win-crt-string-l1-1-0.dll
Event: 0.342 Loaded shared library C:\Users\danielcc\.openjfx\cache\17.0.6\api-ms-win-crt-time-l1-1-0.dll
Event: 0.344 Loaded shared library C:\Users\danielcc\.openjfx\cache\17.0.6\api-ms-win-crt-utility-l1-1-0.dll
Event: 0.353 Loaded shared library C:\Users\danielcc\.openjfx\cache\17.0.6\ucrtbase.dll
Event: 0.356 Loaded shared library C:\Users\danielcc\.openjfx\cache\17.0.6\vcruntime140.dll
Event: 0.358 Loaded shared library C:\Users\danielcc\.openjfx\cache\17.0.6\vcruntime140_1.dll
Event: 0.364 Loaded shared library C:\Users\danielcc\.openjfx\cache\17.0.6\msvcp140.dll
Event: 0.367 Loaded shared library C:\Users\danielcc\.openjfx\cache\17.0.6\msvcp140_1.dll
Event: 0.370 Loaded shared library C:\Users\danielcc\.openjfx\cache\17.0.6\msvcp140_2.dll
Event: 0.393 Loaded shared library C:\Users\danielcc\.openjfx\cache\17.0.6\prism_d3d.dll
Event: 0.421 Loaded shared library C:\Users\danielcc\.openjfx\cache\17.0.6\glass.dll
Event: 0.493 Loaded shared library C:\Program Files\Java\jdk-24\bin\jimage.dll
Event: 0.601 Loaded shared library C:\Users\danielcc\.openjfx\cache\17.0.6\javafx_font.dll
Event: 0.892 Loaded shared library C:\Program Files\Java\jdk-24\bin\sunmscapi.dll

Deoptimization events (20 events):
Event: 5.507 Thread 0x00000250c5a5e900 DEOPT PACKING pc=0x00000250dcc90c4c sp=0x000000d3e44fb900
Event: 5.507 Thread 0x00000250c5a5e900 DEOPT UNPACKING pc=0x00000250dc684102 sp=0x000000d3e44fb800 mode 2
Event: 5.507 Thread 0x00000250c5a5e900 Uncommon trap: trap_request=0xffffffd6 fr.pc=0x00000250dcc90c4c relative=0x000000000000664c
Event: 5.507 Thread 0x00000250c5a5e900 Uncommon trap: reason=array_check action=maybe_recompile pc=0x00000250dcc90c4c method=com.sun.javafx.css.StyleCacheEntry$Key.<init>([Ljava/util/Set;Ljavafx/scene/text/Font;)V @ 39 c2
Event: 5.507 Thread 0x00000250c5a5e900 DEOPT PACKING pc=0x00000250dcc90c4c sp=0x000000d3e44fb820
Event: 5.507 Thread 0x00000250c5a5e900 DEOPT UNPACKING pc=0x00000250dc684102 sp=0x000000d3e44fb720 mode 2
Event: 5.509 Thread 0x00000250c5a5e900 Uncommon trap: trap_request=0xffffffd6 fr.pc=0x00000250dcc90c4c relative=0x000000000000664c
Event: 5.509 Thread 0x00000250c5a5e900 Uncommon trap: reason=array_check action=maybe_recompile pc=0x00000250dcc90c4c method=com.sun.javafx.css.StyleCacheEntry$Key.<init>([Ljava/util/Set;Ljavafx/scene/text/Font;)V @ 39 c2
Event: 5.509 Thread 0x00000250c5a5e900 DEOPT PACKING pc=0x00000250dcc90c4c sp=0x000000d3e44fb900
Event: 5.509 Thread 0x00000250c5a5e900 DEOPT UNPACKING pc=0x00000250dc684102 sp=0x000000d3e44fb800 mode 2
Event: 5.509 Thread 0x00000250c5a5e900 Uncommon trap: trap_request=0xffffffd6 fr.pc=0x00000250dcc90c4c relative=0x000000000000664c
Event: 5.509 Thread 0x00000250c5a5e900 Uncommon trap: reason=array_check action=maybe_recompile pc=0x00000250dcc90c4c method=com.sun.javafx.css.StyleCacheEntry$Key.<init>([Ljava/util/Set;Ljavafx/scene/text/Font;)V @ 39 c2
Event: 5.509 Thread 0x00000250c5a5e900 DEOPT PACKING pc=0x00000250dcc90c4c sp=0x000000d3e44fb820
Event: 5.509 Thread 0x00000250c5a5e900 DEOPT UNPACKING pc=0x00000250dc684102 sp=0x000000d3e44fb720 mode 2
Event: 5.882 Thread 0x00000250c646e800 Uncommon trap: trap_request=0xffffff4d fr.pc=0x00000250dcba7798 relative=0x0000000000000158
Event: 5.882 Thread 0x00000250c646e800 Uncommon trap: reason=unstable_if action=reinterpret pc=0x00000250dcba7798 method=java.util.concurrent.ConcurrentHashMap.addCount(JI)V @ 34 c2
Event: 5.882 Thread 0x00000250c646e800 DEOPT PACKING pc=0x00000250dcba7798 sp=0x000000d3e62fdaa0
Event: 5.882 Thread 0x00000250c646e800 DEOPT UNPACKING pc=0x00000250dc684102 sp=0x000000d3e62fd9e0 mode 2
Event: 5.897 Thread 0x00000250c5a5e900 DEOPT PACKING pc=0x00000250d50f0f19 sp=0x000000d3e44f9d00
Event: 5.897 Thread 0x00000250c5a5e900 DEOPT UNPACKING pc=0x00000250dc5c5722 sp=0x000000d3e44f9178 mode 0

Classes loaded (20 events):
Event: 5.982 Loading class java/util/stream/LongStream done
Event: 5.982 Loading class java/util/stream/LongPipeline done
Event: 5.982 Loading class java/util/stream/LongPipeline$StatelessOp done
Event: 5.982 Loading class java/util/stream/ReferencePipeline$5 done
Event: 5.982 Loading class java/util/stream/FindOps$FindSink$OfLong
Event: 5.982 Loading class java/util/stream/Sink$OfLong
Event: 5.982 Loading class java/util/stream/Sink$OfLong done
Event: 5.983 Loading class java/util/stream/FindOps$FindSink$OfLong done
Event: 5.983 Loading class java/util/OptionalLong
Event: 5.983 Loading class java/util/OptionalLong done
Event: 5.983 Loading class java/util/stream/ReferencePipeline$5$1
Event: 5.983 Loading class java/util/stream/ReferencePipeline$5$1 done
Event: 5.983 Loading class java/lang/invoke/VarHandleBytes$FieldInstanceReadWrite
Event: 5.983 Loading class java/lang/invoke/VarHandleBytes$FieldInstanceReadOnly
Event: 5.984 Loading class java/lang/invoke/VarHandleBytes$FieldInstanceReadOnly done
Event: 5.984 Loading class java/lang/invoke/VarHandleBytes$FieldInstanceReadWrite done
Event: 6.058 Loading class java/util/LinkedList$DescendingIterator
Event: 6.058 Loading class java/util/LinkedList$DescendingIterator done
Event: 17.997 Loading class jdk/internal/misc/Signal$1
Event: 17.997 Loading class jdk/internal/misc/Signal$1 done

Classes unloaded (0 events):
No events

Classes redefined (0 events):
No events

Internal exceptions (20 events):
Event: 1.474 Thread 0x00000250c5a5e900 Exception <a 'java/lang/NoSuchMethodError'{0x000000070bb45730}: 'void java.lang.invoke.DirectMethodHandle$Holder.invokeSpecial(java.lang.Object, java.lang.Object, int, int)'> (0x000000070bb45730) 
thrown [s\open\src\hotspot\share\interpreter\linkResolver.cpp, line 805]
Event: 1.475 Thread 0x00000250c5a5e900 Exception <a 'java/lang/NoSuchMethodError'{0x000000070bb54d00}: 'java.lang.Object java.lang.invoke.DirectMethodHandle$Holder.newInvokeSpecial(java.lang.Object, java.lang.Object, int, int)'> (0x000000070bb54d00) 
thrown [s\open\src\hotspot\share\interpreter\linkResolver.cpp, line 805]
Event: 1.512 Thread 0x00000250c5a5e900 Exception <a 'java/lang/NoSuchMethodError'{0x000000070b6ab2e8}: 'long java.lang.invoke.DelegatingMethodHandle$Holder.reinvoke_L(java.lang.Object, java.lang.Object)'> (0x000000070b6ab2e8) 
thrown [s\open\src\hotspot\share\interpreter\linkResolver.cpp, line 805]
Event: 1.513 Thread 0x00000250c5a5e900 Exception <a 'java/lang/NoSuchMethodError'{0x000000070b6c3750}: 'void java.lang.invoke.DelegatingMethodHandle$Holder.reinvoke_L(java.lang.Object, java.lang.Object, long)'> (0x000000070b6c3750) 
thrown [s\open\src\hotspot\share\interpreter\linkResolver.cpp, line 805]
Event: 1.563 Thread 0x00000250c5a5e900 Exception <a 'java/lang/NoSuchMethodError'{0x000000071a91c7b0}: 'long java.lang.invoke.DirectMethodHandle$Holder.invokeStatic(java.lang.Object, java.lang.Object, java.lang.Object)'> (0x000000071a91c7b0) 
thrown [s\open\src\hotspot\share\interpreter\linkResolver.cpp, line 805]
Event: 1.563 Thread 0x00000250c5a5e900 Exception <a 'java/lang/NoSuchMethodError'{0x000000071a924610}: 'long java.lang.invoke.DirectMethodHandle$Holder.invokeStaticInit(java.lang.Object, java.lang.Object, java.lang.Object)'> (0x000000071a924610) 
thrown [s\open\src\hotspot\share\interpreter\linkResolver.cpp, line 805]
Event: 1.565 Thread 0x00000250c5a5e900 Exception <a 'java/lang/NoSuchMethodError'{0x000000071a96ecb8}: 'java.lang.Object java.lang.invoke.DirectMethodHandle$Holder.newInvokeSpecial(java.lang.Object, java.lang.Object, long)'> (0x000000071a96ecb8) 
thrown [s\open\src\hotspot\share\interpreter\linkResolver.cpp, line 805]
Event: 1.565 Thread 0x00000250c5a5e900 Exception <a 'java/lang/NoSuchMethodError'{0x000000071a976e50}: 'java.lang.Object java.lang.invoke.Invokers$Holder.linkToTargetMethod(java.lang.Object, long, java.lang.Object)'> (0x000000071a976e50) 
thrown [s\open\src\hotspot\share\interpreter\linkResolver.cpp, line 805]
Event: 2.867 Thread 0x00000250c5a5e900 Implicit null exception at 0x00000250dcbf1262 to 0x00000250dcbf1bd8
Event: 4.041 Thread 0x00000250c5a5e900 Exception <a 'java/lang/NoSuchMethodError'{0x00000007162da808}: 'java.lang.Object java.lang.invoke.DirectMethodHandle$Holder.newInvokeSpecial(java.lang.Object, java.lang.Object, int, int, int, int, int, java.lang.Object)'> (0x00000007162da808) 
thrown [s\open\src\hotspot\share\interpreter\linkResolver.cpp, line 805]
Event: 4.042 Thread 0x00000250c5a5e900 Exception <a 'java/lang/NoSuchMethodError'{0x000000070cc07108}: 'java.lang.Object java.lang.invoke.DirectMethodHandle$Holder.newInvokeSpecial(java.lang.Object, java.lang.Object, java.lang.Object, int, int, int, int, int)'> (0x000000070cc07108) 
thrown [s\open\src\hotspot\share\interpreter\linkResolver.cpp, line 805]
Event: 4.042 Thread 0x00000250c5a5e900 Exception <a 'java/lang/NoSuchMethodError'{0x000000070cc17410}: 'java.lang.Object java.lang.invoke.Invokers$Holder.linkToTargetMethod(java.lang.Object, java.lang.Object, int, int, int, int, int, java.lang.Object)'> (0x000000070cc17410) 
thrown [s\open\src\hotspot\share\interpreter\linkResolver.cpp, line 805]
Event: 4.965 Thread 0x00000250c5a5e900 Exception <a 'java/lang/NoSuchMethodError'{0x000000070ccac8b0}: 'java.lang.Object java.lang.invoke.DirectMethodHandle$Holder.newInvokeSpecial(java.lang.Object, java.lang.Object, java.lang.Object, int)'> (0x000000070ccac8b0) 
thrown [s\open\src\hotspot\share\interpreter\linkResolver.cpp, line 805]
Event: 4.966 Thread 0x00000250c5a5e900 Exception <a 'java/lang/NoSuchMethodError'{0x000000070ccb4da0}: 'java.lang.Object java.lang.invoke.Invokers$Holder.linkToTargetMethod(java.lang.Object, java.lang.Object, int, java.lang.Object)'> (0x000000070ccb4da0) 
thrown [s\open\src\hotspot\share\interpreter\linkResolver.cpp, line 805]
Event: 4.979 Thread 0x00000250c5a5e900 Implicit null exception at 0x00000250dcc6e55d to 0x00000250dcc73b48
Event: 5.887 Thread 0x00000250c646e800 Exception <a 'java/lang/NoSuchMethodError'{0x000000070cb42588}: 'java.lang.Object java.lang.invoke.DirectMethodHandle$Holder.invokeSpecial(java.lang.Object, java.lang.Object, java.lang.Object, java.lang.Object, java.lang.Object, int)'> (0x000000070cb42588) 
thrown [s\open\src\hotspot\share\interpreter\linkResolver.cpp, line 805]
Event: 5.910 Thread 0x00000250c646e800 Exception <a 'java/lang/NoSuchMethodError'{0x000000070c82e8e8}: 'long java.lang.invoke.DirectMethodHandle$Holder.invokeStatic(java.lang.Object, long, long)'> (0x000000070c82e8e8) 
thrown [s\open\src\hotspot\share\interpreter\linkResolver.cpp, line 805]
Event: 5.913 Thread 0x00000250c6470540 Exception <a 'java/lang/NoSuchMethodError'{0x000000070cd08ae8}: 'int java.lang.invoke.DirectMethodHandle$Holder.invokeStatic(java.lang.Object, int, java.lang.Object)'> (0x000000070cd08ae8) 
thrown [s\open\src\hotspot\share\interpreter\linkResolver.cpp, line 805]
Event: 5.913 Thread 0x00000250c6470540 Exception <a 'java/lang/NoSuchMethodError'{0x000000070cd1f7b0}: 'void java.lang.invoke.DirectMethodHandle$Holder.invokeStatic(java.lang.Object, java.lang.Object, int)'> (0x000000070cd1f7b0) 
thrown [s\open\src\hotspot\share\interpreter\linkResolver.cpp, line 805]
Event: 5.986 Thread 0x00000250f1041680 Exception <a 'java/lang/NoSuchMethodError'{0x000000070c9a26d8}: 'void java.lang.invoke.DirectMethodHandle$Holder.invokeSpecial(java.lang.Object, java.lang.Object, java.lang.Object, java.lang.Object, java.lang.Object, java.lang.Object, java.lang.Object)'> (0x000000070c9a26d8) 
thrown [s\open\src\hotspot\share\interpreter\linkResolver.cpp, line 805]

VM Operations (20 events):
Event: 0.971 Executing VM operation: HandshakeAllThreads (Deoptimize) done
Event: 0.983 Executing VM operation: HandshakeAllThreads (Deoptimize)
Event: 0.983 Executing VM operation: HandshakeAllThreads (Deoptimize) done
Event: 1.005 Executing VM operation: HandshakeAllThreads (Deoptimize)
Event: 1.005 Executing VM operation: HandshakeAllThreads (Deoptimize) done
Event: 1.223 Executing VM operation: CollectForMetadataAllocation (Metadata GC Threshold)
Event: 1.228 Executing VM operation: CollectForMetadataAllocation (Metadata GC Threshold) done
Event: 1.231 Executing VM operation: G1PauseRemark
Event: 1.232 Executing VM operation: G1PauseRemark done
Event: 1.233 Executing VM operation: G1PauseCleanup
Event: 1.233 Executing VM operation: G1PauseCleanup done
Event: 1.501 Executing VM operation: HandshakeAllThreads (Deoptimize)
Event: 1.501 Executing VM operation: HandshakeAllThreads (Deoptimize) done
Event: 1.553 Executing VM operation: G1CollectForAllocation (G1 Evacuation Pause)
Event: 1.561 Executing VM operation: G1CollectForAllocation (G1 Evacuation Pause) done
Event: 5.978 Executing VM operation: HandshakeAllThreads (Deoptimize)
Event: 5.978 Executing VM operation: HandshakeAllThreads (Deoptimize) done
Event: 5.980 Executing VM operation: HandshakeAllThreads (Deoptimize)
Event: 5.980 Executing VM operation: HandshakeAllThreads (Deoptimize) done
Event: 17.999 Executing VM operation: Exit

Memory protections (0 events):
No events

Nmethod flushes (0 events):
No events

Events (20 events):
Event: 4.028 Thread 0x00000250ec027ee0 Thread added: 0x00000250ec026fc0
Event: 4.036 Thread 0x00000250ec026fc0 Thread added: 0x00000250ec028670
Event: 4.259 Thread 0x00000250ec028670 Thread exited: 0x00000250ec028670
Event: 4.291 Thread 0x00000250ec026fc0 Thread exited: 0x00000250ec026fc0
Event: 4.885 Thread 0x00000250ec027ee0 Thread added: 0x00000250ec028e00
Event: 5.347 Thread 0x00000250ec028e00 Thread exited: 0x00000250ec028e00
Event: 5.881 Thread 0x00000250c5a5e900 Thread added: 0x00000250c646e800
Event: 5.884 Thread 0x00000250c5a5e900 Thread added: 0x00000250f1040f30
Event: 5.892 Thread 0x00000250ec027ee0 Thread added: 0x00000250ec026fc0
Event: 5.915 Thread 0x00000250c6470540 Thread added: 0x00000250f1041680
Event: 5.916 Thread 0x00000250c6470540 Thread added: 0x00000250f1042c70
Event: 5.990 Thread 0x00000250f1041680 Thread added: 0x00000250f10433c0
Event: 11.059 Thread 0x00000250ec026fc0 Thread exited: 0x00000250ec026fc0
Event: 17.997 Thread 0x00000250ec00f970 Thread added: 0x00000250f1041dd0
Event: 17.998 Thread 0x00000250f1041dd0 Thread added: 0x00000250f1042520
Event: 17.998 Thread 0x00000250f1041dd0 Thread added: 0x00000250f1040090
Event: 17.998 Thread 0x00000250f1042520 Thread exited: 0x00000250f1042520
Event: 17.998 Thread 0x00000250f1040090 Thread exited: 0x00000250f1040090
Event: 17.998 Thread 0x00000250f1041dd0 Before exit entered
Event: 17.999 Thread 0x00000250ec00f970 Thread exited: 0x00000250ec00f970


Dynamic libraries:
0x00007ff7a9360000 - 0x00007ff7a9370000 	C:\Program Files\Java\jdk-24\bin\java.exe
0x00007ff8b63a0000 - 0x00007ff8b6609000 	C:\Windows\SYSTEM32\ntdll.dll
0x00007ff8b49f0000 - 0x00007ff8b4ab9000 	C:\Windows\System32\KERNEL32.DLL
0x00007ff8b38c0000 - 0x00007ff8b3cb3000 	C:\Windows\System32\KERNELBASE.dll
0x00007ff8b3ff0000 - 0x00007ff8b413b000 	C:\Windows\System32\ucrtbase.dll
0x00007ff897cb0000 - 0x00007ff897cc6000 	C:\Program Files\Java\jdk-24\bin\jli.dll
0x00007ff897be0000 - 0x00007ff897bfb000 	C:\Program Files\Java\jdk-24\bin\VCRUNTIME140.dll
0x00007ff8b42e0000 - 0x00007ff8b44a4000 	C:\Windows\System32\USER32.dll
0x00007ff8a2760000 - 0x00007ff8a29f3000 	C:\Windows\WinSxS\amd64_microsoft.windows.common-controls_6595b64144ccf1df_6.0.26100.5074_none_3e0d6f78e32fd63f\COMCTL32.dll
0x00007ff8b4140000 - 0x00007ff8b4167000 	C:\Windows\System32\win32u.dll
0x00007ff8b4bf0000 - 0x00007ff8b4c1b000 	C:\Windows\System32\GDI32.dll
0x00007ff8b5370000 - 0x00007ff8b5419000 	C:\Windows\System32\msvcrt.dll
0x00007ff8b3cc0000 - 0x00007ff8b3ded000 	C:\Windows\System32\gdi32full.dll
0x00007ff8b3750000 - 0x00007ff8b37f3000 	C:\Windows\System32\msvcp_win.dll
0x00007ff8b42a0000 - 0x00007ff8b42cf000 	C:\Windows\System32\IMM32.DLL
0x00007ff8a6ec0000 - 0x00007ff8a6ecc000 	C:\Program Files\Java\jdk-24\bin\vcruntime140_1.dll
0x00007ff8965b0000 - 0x00007ff89663e000 	C:\Program Files\Java\jdk-24\bin\msvcp140.dll
0x00007ff843340000 - 0x00007ff8440e1000 	C:\Program Files\Java\jdk-24\bin\server\jvm.dll
0x00007ff8b57c0000 - 0x00007ff8b5874000 	C:\Windows\System32\ADVAPI32.dll
0x00007ff8b4b40000 - 0x00007ff8b4be6000 	C:\Windows\System32\sechost.dll
0x00007ff8b4170000 - 0x00007ff8b4288000 	C:\Windows\System32\RPCRT4.dll
0x00007ff8b5470000 - 0x00007ff8b54e4000 	C:\Windows\System32\WS2_32.dll
0x00007ff8b32e0000 - 0x00007ff8b333e000 	C:\Windows\SYSTEM32\POWRPROF.dll
0x00007ff8ab420000 - 0x00007ff8ab455000 	C:\Windows\SYSTEM32\WINMM.dll
0x00007ff8abc60000 - 0x00007ff8abc6b000 	C:\Windows\SYSTEM32\VERSION.dll
0x00007ff8b32c0000 - 0x00007ff8b32d4000 	C:\Windows\SYSTEM32\UMPDC.dll
0x00007ff8b21d0000 - 0x00007ff8b21eb000 	C:\Windows\SYSTEM32\kernel.appcore.dll
0x00007ff8a6b80000 - 0x00007ff8a6b8a000 	C:\Program Files\Java\jdk-24\bin\jimage.dll
0x00007ff8ac4c0000 - 0x00007ff8ac702000 	C:\Windows\SYSTEM32\DBGHELP.DLL
0x00007ff8b44c0000 - 0x00007ff8b483b000 	C:\Windows\System32\combase.dll
0x00007ff8b56e0000 - 0x00007ff8b57b7000 	C:\Windows\System32\OLEAUT32.dll
0x00007ff8a8030000 - 0x00007ff8a806d000 	C:\Windows\SYSTEM32\dbgcore.DLL
0x00007ff8b36b0000 - 0x00007ff8b3749000 	C:\Windows\System32\bcryptPrimitives.dll
0x00007ff8b0020000 - 0x00007ff8b002f000 	C:\Program Files\Java\jdk-24\bin\instrument.dll
0x00007ff897bc0000 - 0x00007ff897bde000 	C:\Program Files\Java\jdk-24\bin\java.dll
0x00007ff8b6130000 - 0x00007ff8b62c8000 	C:\Windows\System32\ole32.dll
0x00007ff8b4c20000 - 0x00007ff8b536d000 	C:\Windows\System32\SHELL32.dll
0x00007ff8b3e80000 - 0x00007ff8b3fec000 	C:\Windows\System32\wintypes.dll
0x00007ff8b0fb0000 - 0x00007ff8b1809000 	C:\Windows\SYSTEM32\windows.storage.dll
0x00007ff8b55e0000 - 0x00007ff8b56d0000 	C:\Windows\System32\SHCORE.dll
0x00007ff8b4880000 - 0x00007ff8b48e2000 	C:\Windows\System32\shlwapi.dll
0x00007ff8b3450000 - 0x00007ff8b3479000 	C:\Windows\SYSTEM32\profapi.dll
0x00007ff887740000 - 0x00007ff887817000 	C:\Program Files\Java\jdk-24\bin\jsvml.dll
0x00007ff8a57e0000 - 0x00007ff8a57f0000 	C:\Program Files\Java\jdk-24\bin\net.dll
0x00007ff8b2830000 - 0x00007ff8b289b000 	C:\Windows\system32\mswsock.dll
0x00007ff897ba0000 - 0x00007ff897bb6000 	C:\Program Files\Java\jdk-24\bin\nio.dll
0x00007ff897920000 - 0x00007ff897937000 	C:\Program Files\Java\jdk-24\bin\zip.dll
0x00000250c5c10000 - 0x00000250c5c13000 	C:\Users\danielcc\.openjfx\cache\17.0.6\api-ms-win-core-console-l1-1-0.dll
0x00000250c5c20000 - 0x00000250c5c23000 	C:\Users\danielcc\.openjfx\cache\17.0.6\api-ms-win-core-console-l1-2-0.dll
0x00000250c5c30000 - 0x00000250c5c33000 	C:\Users\danielcc\.openjfx\cache\17.0.6\api-ms-win-core-datetime-l1-1-0.dll
0x00000250c5c40000 - 0x00000250c5c43000 	C:\Users\danielcc\.openjfx\cache\17.0.6\api-ms-win-core-debug-l1-1-0.dll
0x00000250c5c50000 - 0x00000250c5c53000 	C:\Users\danielcc\.openjfx\cache\17.0.6\api-ms-win-core-errorhandling-l1-1-0.dll
0x00000250c5c60000 - 0x00000250c5c64000 	C:\Users\danielcc\.openjfx\cache\17.0.6\api-ms-win-core-file-l1-1-0.dll
0x00000250c5c70000 - 0x00000250c5c73000 	C:\Users\danielcc\.openjfx\cache\17.0.6\api-ms-win-core-file-l1-2-0.dll
0x00000250c5c80000 - 0x00000250c5c83000 	C:\Users\danielcc\.openjfx\cache\17.0.6\api-ms-win-core-file-l2-1-0.dll
0x00000250c5c90000 - 0x00000250c5c93000 	C:\Users\danielcc\.openjfx\cache\17.0.6\api-ms-win-core-handle-l1-1-0.dll
0x00000250c5ca0000 - 0x00000250c5ca3000 	C:\Users\danielcc\.openjfx\cache\17.0.6\api-ms-win-core-heap-l1-1-0.dll
0x00000250c5cb0000 - 0x00000250c5cb3000 	C:\Users\danielcc\.openjfx\cache\17.0.6\api-ms-win-core-interlocked-l1-1-0.dll
0x00000250c5cc0000 - 0x00000250c5cc3000 	C:\Users\danielcc\.openjfx\cache\17.0.6\api-ms-win-core-libraryloader-l1-1-0.dll
0x00000250c5cd0000 - 0x00000250c5cd3000 	C:\Users\danielcc\.openjfx\cache\17.0.6\api-ms-win-core-localization-l1-2-0.dll
0x00000250c5ce0000 - 0x00000250c5ce3000 	C:\Users\danielcc\.openjfx\cache\17.0.6\api-ms-win-core-memory-l1-1-0.dll
0x00000250c5cf0000 - 0x00000250c5cf3000 	C:\Users\danielcc\.openjfx\cache\17.0.6\api-ms-win-core-namedpipe-l1-1-0.dll
0x00000250c5d00000 - 0x00000250c5d03000 	C:\Users\danielcc\.openjfx\cache\17.0.6\api-ms-win-core-processenvironment-l1-1-0.dll
0x00000250c5d10000 - 0x00000250c5d13000 	C:\Users\danielcc\.openjfx\cache\17.0.6\api-ms-win-core-processthreads-l1-1-0.dll
0x00000250c5d20000 - 0x00000250c5d23000 	C:\Users\danielcc\.openjfx\cache\17.0.6\api-ms-win-core-processthreads-l1-1-1.dll
0x00000250c5d30000 - 0x00000250c5d33000 	C:\Users\danielcc\.openjfx\cache\17.0.6\api-ms-win-core-profile-l1-1-0.dll
0x00000250c5d40000 - 0x00000250c5d43000 	C:\Users\danielcc\.openjfx\cache\17.0.6\api-ms-win-core-rtlsupport-l1-1-0.dll
0x00000250c5d50000 - 0x00000250c5d53000 	C:\Users\danielcc\.openjfx\cache\17.0.6\api-ms-win-core-string-l1-1-0.dll
0x00000250c5d60000 - 0x00000250c5d63000 	C:\Users\danielcc\.openjfx\cache\17.0.6\api-ms-win-core-synch-l1-1-0.dll
0x00000250c5d70000 - 0x00000250c5d73000 	C:\Users\danielcc\.openjfx\cache\17.0.6\api-ms-win-core-synch-l1-2-0.dll
0x00000250c5d80000 - 0x00000250c5d83000 	C:\Users\danielcc\.openjfx\cache\17.0.6\api-ms-win-core-sysinfo-l1-1-0.dll
0x00000250c5d90000 - 0x00000250c5d93000 	C:\Users\danielcc\.openjfx\cache\17.0.6\api-ms-win-core-timezone-l1-1-0.dll
0x00000250c5da0000 - 0x00000250c5da3000 	C:\Users\danielcc\.openjfx\cache\17.0.6\api-ms-win-core-util-l1-1-0.dll
0x00000250c5db0000 - 0x00000250c5db3000 	C:\Users\danielcc\.openjfx\cache\17.0.6\api-ms-win-crt-conio-l1-1-0.dll
0x00000250c5dc0000 - 0x00000250c5dc4000 	C:\Users\danielcc\.openjfx\cache\17.0.6\api-ms-win-crt-convert-l1-1-0.dll
0x00000250c5dd0000 - 0x00000250c5dd3000 	C:\Users\danielcc\.openjfx\cache\17.0.6\api-ms-win-crt-environment-l1-1-0.dll
0x00000250c5de0000 - 0x00000250c5de3000 	C:\Users\danielcc\.openjfx\cache\17.0.6\api-ms-win-crt-filesystem-l1-1-0.dll
0x00000250c5df0000 - 0x00000250c5df3000 	C:\Users\danielcc\.openjfx\cache\17.0.6\api-ms-win-crt-heap-l1-1-0.dll
0x00000250c5e00000 - 0x00000250c5e03000 	C:\Users\danielcc\.openjfx\cache\17.0.6\api-ms-win-crt-locale-l1-1-0.dll
0x00000250c5e10000 - 0x00000250c5e15000 	C:\Users\danielcc\.openjfx\cache\17.0.6\api-ms-win-crt-math-l1-1-0.dll
0x00000250c5e20000 - 0x00000250c5e25000 	C:\Users\danielcc\.openjfx\cache\17.0.6\api-ms-win-crt-multibyte-l1-1-0.dll
0x00000250c5e30000 - 0x00000250c5e40000 	C:\Users\danielcc\.openjfx\cache\17.0.6\api-ms-win-crt-private-l1-1-0.dll
0x00000250c5e40000 - 0x00000250c5e43000 	C:\Users\danielcc\.openjfx\cache\17.0.6\api-ms-win-crt-process-l1-1-0.dll
0x00000250c5e50000 - 0x00000250c5e54000 	C:\Users\danielcc\.openjfx\cache\17.0.6\api-ms-win-crt-runtime-l1-1-0.dll
0x00000250c6e30000 - 0x00000250c6e34000 	C:\Users\danielcc\.openjfx\cache\17.0.6\api-ms-win-crt-stdio-l1-1-0.dll
0x00000250c6e40000 - 0x00000250c6e44000 	C:\Users\danielcc\.openjfx\cache\17.0.6\api-ms-win-crt-string-l1-1-0.dll
0x00000250c6e50000 - 0x00000250c6e53000 	C:\Users\danielcc\.openjfx\cache\17.0.6\api-ms-win-crt-time-l1-1-0.dll
0x00000250c6e60000 - 0x00000250c6e63000 	C:\Users\danielcc\.openjfx\cache\17.0.6\api-ms-win-crt-utility-l1-1-0.dll
0x00007ff872ec0000 - 0x00007ff872fbc000 	C:\Users\danielcc\.openjfx\cache\17.0.6\ucrtbase.dll
0x00007ff8a6250000 - 0x00007ff8a626a000 	C:\Users\danielcc\.openjfx\cache\17.0.6\vcruntime140.dll
0x00007ff89d990000 - 0x00007ff89d99c000 	C:\Users\danielcc\.openjfx\cache\17.0.6\vcruntime140_1.dll
0x00007ff89cf50000 - 0x00007ff89cfdd000 	C:\Users\danielcc\.openjfx\cache\17.0.6\msvcp140.dll
0x00007ff89d0f0000 - 0x00007ff89d0f9000 	C:\Users\danielcc\.openjfx\cache\17.0.6\msvcp140_1.dll
0x00007ff89cf20000 - 0x00007ff89cf4f000 	C:\Users\danielcc\.openjfx\cache\17.0.6\msvcp140_2.dll
0x00007ff899ce0000 - 0x00007ff899d0a000 	C:\Users\danielcc\.openjfx\cache\17.0.6\prism_d3d.dll
0x00007ff881f90000 - 0x00007ff882141000 	C:\Windows\system32\d3d9.dll
0x00007ff8b08e0000 - 0x00007ff8b090b000 	C:\Windows\SYSTEM32\dwmapi.dll
0x00007ff8b0730000 - 0x00007ff8b0774000 	C:\Windows\SYSTEM32\dxcore.dll
0x00007ff8b05e0000 - 0x00007ff8b0688000 	C:\Windows\system32\uxtheme.dll
0x00007ff8ab460000 - 0x00007ff8ab61b000 	C:\WINDOWS\System32\DriverStore\FileRepository\u0387827.inf_amd64_7004fc67026a57ee\B384926\aticfx64.dll
0x00007ff865030000 - 0x00007ff865064000 	C:\WINDOWS\System32\DriverStore\FileRepository\u0387827.inf_amd64_7004fc67026a57ee\B384926\atiu9p64.dll
0x00007ff855ab0000 - 0x00007ff856805000 	C:\WINDOWS\System32\DriverStore\FileRepository\u0387827.inf_amd64_7004fc67026a57ee\B384926\atiumd64.dll
0x000000005bea0000 - 0x000000005cdc7000 	C:\Windows\System32\DriverStore\FileRepository\u0387827.inf_amd64_7004fc67026a57ee\B384926\atiumd6a.dll
0x00007ff8b58e0000 - 0x00007ff8b5d67000 	C:\Windows\System32\SETUPAPI.dll
0x00007ff8a8cc0000 - 0x00007ff8a8cf5000 	C:\Windows\SYSTEM32\amdihk64.dll
0x00007ff8ac430000 - 0x00007ff8ac490000 	C:\Windows\SYSTEM32\directxdatabasehelper.dll
0x00007ff893cb0000 - 0x00007ff893cf2000 	C:\Users\danielcc\.openjfx\cache\17.0.6\glass.dll
0x00007ff8b48f0000 - 0x00007ff8b49e1000 	C:\Windows\System32\COMDLG32.dll
0x00007ff8b5fd0000 - 0x00007ff8b6128000 	C:\Windows\System32\MSCTF.dll
0x00007ff89cc50000 - 0x00007ff89cc64000 	C:\Users\danielcc\.openjfx\cache\17.0.6\javafx_font.dll
0x00007ff8b2c00000 - 0x00007ff8b2c1b000 	C:\Windows\SYSTEM32\CRYPTSP.dll
0x00007ff8b2250000 - 0x00007ff8b228b000 	C:\Windows\system32\rsaenh.dll
0x00007ff8b28d0000 - 0x00007ff8b28fb000 	C:\Windows\SYSTEM32\USERENV.dll
0x00007ff8b3420000 - 0x00007ff8b3446000 	C:\Windows\SYSTEM32\bcrypt.dll
0x00007ff8b2a60000 - 0x00007ff8b2a6c000 	C:\Windows\SYSTEM32\CRYPTBASE.dll
0x00007ff8b1a20000 - 0x00007ff8b1a54000 	C:\Windows\SYSTEM32\IPHLPAPI.DLL
0x00007ff8b4870000 - 0x00007ff8b487a000 	C:\Windows\System32\NSI.dll
0x00007ff8b1aa0000 - 0x00007ff8b1bc6000 	C:\Windows\SYSTEM32\DNSAPI.dll
0x00007ff8ad900000 - 0x00007ff8ad90b000 	C:\Windows\System32\rasadhlp.dll
0x00007ff8ae170000 - 0x00007ff8ae1f6000 	C:\Windows\System32\fwpuclnt.dll
0x00007ff8a5470000 - 0x00007ff8a547e000 	C:\Program Files\Java\jdk-24\bin\sunmscapi.dll
0x00007ff8b3530000 - 0x00007ff8b36a7000 	C:\Windows\System32\CRYPT32.dll
0x00007ff8b2d50000 - 0x00007ff8b2d80000 	C:\Windows\SYSTEM32\ncrypt.dll
0x00007ff8b2d00000 - 0x00007ff8b2d3f000 	C:\Windows\SYSTEM32\NTASN1.dll
0x00007ff89cae0000 - 0x00007ff89cae8000 	C:\Windows\system32\wshunix.dll
0x00007ff8ae900000 - 0x00007ff8aeb67000 	C:\Windows\SYSTEM32\dwrite.dll
0x00007ff8b54f0000 - 0x00007ff8b55a1000 	C:\Windows\System32\clbcatq.dll
0x00007ff8ae6c0000 - 0x00007ff8ae8ef000 	C:\Windows\SYSTEM32\WindowsCodecs.dll

JVMTI agents:
C:\Program Files\JetBrains\IntelliJ IDEA Community Edition 2025.2.1\lib\idea_rt.jar path:C:\Program Files\Java\jdk-24\bin\instrument.dll, loaded, initialized, instrumentlib options:60139

dbghelp: loaded successfully - version: 4.0.5 - missing functions: none
symbol engine: initialized successfully - sym options: 0x614 - pdb path: .;C:\Program Files\Java\jdk-24\bin;C:\Windows\SYSTEM32;C:\Windows\WinSxS\amd64_microsoft.windows.common-controls_6595b64144ccf1df_6.0.26100.5074_none_3e0d6f78e32fd63f;C:\Program Files\Java\jdk-24\bin\server;C:\Users\danielcc\.openjfx\cache\17.0.6;C:\WINDOWS\System32\DriverStore\FileRepository\u0387827.inf_amd64_7004fc67026a57ee\B384926;C:\Program Files\Common Files\Microsoft Shared\Ink

VM Arguments:
jvm_args: -javaagent:C:\Program Files\JetBrains\IntelliJ IDEA Community Edition 2025.2.1\lib\idea_rt.jar=60139 -Dfile.encoding=UTF-8 -Dsun.stdout.encoding=UTF-8 -Dsun.stderr.encoding=UTF-8 --module-path=C:\Users\danielcc\.m2\repository\com\github\almasb\fxgl\11.17\fxgl-11.17.jar;C:\Users\danielcc\.m2\repository\com\fasterxml\jackson\core\jackson-databind\2.12.1\jackson-databind-2.12.1.jar;C:\Users\danielcc\.m2\repository\com\gluonhq\attach\lifecycle\4.0.9\lifecycle-4.0.9.jar;C:\Users\danielcc\.m2\repository\org\openjfx\javafx-base\17.0.6\javafx-base-17.0.6-win.jar;C:\Users\danielcc\.m2\repository\com\fasterxml\jackson\core\jackson-annotations\2.12.1\jackson-annotations-2.12.1.jar;C:\Users\danielcc\.m2\repository\org\jetbrains\kotlin\kotlin-stdlib\1.5.10\kotlin-stdlib-1.5.10-modular.jar;C:\Users\danielcc\.m2\repository\com\fasterxml\jackson\core\jackson-core\2.12.1\jackson-core-2.12.1.jar;C:\Users\danielcc\.m2\repository\org\openjfx\javafx-controls\17.0.6\javafx-controls-17.0.6-win.jar;C:\Users\danielcc\Desktop\DAM 1T\code\practicaOrtoRestaurante\desktopIJ\target\classes;C:\Users\danielcc\.m2\repository\com\gluonhq\attach\storage\4.0.9\storage-4.0.9.jar;C:\Users\danielcc\.m2\repository\org\openjfx\javafx-fxml\17.0.6\javafx-fxml-17.0.6-win.jar;C:\Users\danielcc\.m2\repository\org\openjfx\javafx-web\17.0.6\javafx-web-17.0.6-win.jar;C:\Users\danielcc\.m2\repository\com\gluonhq\attach\audio\4.0.9\audio-4.0.9.jar;C:\Users\danielcc\.m2\repository\eu\hansolo\tilesfx\11.48\tilesfx-11.48.jar;C:\Users\danielcc\.m2\repository\com\google\errorprone\error_prone_annotations\2.38.0\error_prone_annotations-2.38.0.jar;C:\Users\danielcc\.m2\repository\org\mongodb\bson\5.5.1\bson-5.5.1.jar;C:\Users\danielcc\.m2\repository\org\mongodb\mongodb-driver-sync\5.5.1\mongodb-driver-sync-5.5.1.jar;C:\Users\danielcc\.m2\repository\com\gluonhq\attach\util\4.0.9\util-4.0.9.jar;C:\Users\danielcc\.m2\repository\org\kordamp\ikonli\ikonli-javafx\12.3.1\ikonli-javafx-12.3.1.jar;C:\Users\danielcc\.m2\repository\com\github\almasb\fxgl-scene\11.17\fxgl-scene-11.17.jar;C:\Users\danielcc\.m2\repository\com\github\almasb\fxgl-entity\11.17\fxgl-entity-11.17.jar;C:\Users\danielcc\.m2\repository-Djdk.module.main=com.example.practortorestaurantedesktopp 
java_command: com.example.practortorestaurantedesktopp/com.example.practortorestaurantedesktopp.HelloApplication
java_class_path (initial): C:\Users\danielcc\.m2\repository\org\mongodb\bson-record-codec\5.5.1\bson-record-codec-5.5.1.jar;C:\Users\danielcc\.m2\repository\org\slf4j\slf4j-jdk14\1.7.28\slf4j-jdk14-1.7.28.jar;C:\Users\danielcc\.m2\repository\org\slf4j\slf4j-api\1.7.28\slf4j-api-1.7.28.jar;C:\Users\danielcc\.m2\repository\org\openjfx\javafx-controls\17.0.6\javafx-controls-17.0.6.jar;C:\Users\danielcc\.m2\repository\org\openjfx\javafx-graphics\17.0.6\javafx-graphics-17.0.6.jar;C:\Users\danielcc\.m2\repository\org\openjfx\javafx-base\17.0.6\javafx-base-17.0.6.jar;C:\Users\danielcc\.m2\repository\org\openjfx\javafx-fxml\17.0.6\javafx-fxml-17.0.6.jar;C:\Users\danielcc\.m2\repository\org\openjfx\javafx-web\17.0.6\javafx-web-17.0.6.jar;C:\Users\danielcc\.m2\repository\org\openjfx\javafx-swing\17.0.6\javafx-swing-17.0.6.jar;C:\Users\danielcc\.m2\repository\org\openjfx\javafx-swing\17.0.6\javafx-swing-17.0.6-win.jar;C:\Users\danielcc\.m2\repository\org\openjfx\javafx-media\17.0.6\javafx-media-17.0.6.jar;C:\Users\danielcc\.m2\repository\org\jetbrains\annotations\13.0\annotations-13.0.jar;C:\Users\danielcc\.m2\repository\org\jetbrains\kotlin\kotlin-stdlib-common\1.5.10\kotlin-stdlib-common-1.5.10.jar
Launcher Type: SUN_STANDARD

[Global flags]
     intx CICompilerCount                          = 4                                         {product} {ergonomic}
     uint ConcGCThreads                            = 3                                         {product} {ergonomic}
     uint G1ConcRefinementThreads                  = 10                                        {product} {ergonomic}
   size_t G1HeapRegionSize                         = 2097152                                   {product} {ergonomic}
   size_t InitialHeapSize                          = 257949696                                 {product} {ergonomic}
   size_t MarkStackSize                            = 4194304                                   {product} {ergonomic}
   size_t MarkStackSizeMax                         = 536870912                                 {product} {ergonomic}
   size_t MaxHeapSize                              = 4106223616                                {product} {ergonomic}
   size_t MaxNewSize                               = 2462056448                                {product} {ergonomic}
   size_t MinHeapDeltaBytes                        = 2097152                                   {product} {ergonomic}
   size_t MinHeapSize                              = 8388608                                   {product} {ergonomic}
    uintx NonNMethodCodeHeapSize                   = 5832704                                {pd product} {ergonomic}
    uintx NonProfiledCodeHeapSize                  = 122945536                              {pd product} {ergonomic}
    uintx ProfiledCodeHeapSize                     = 122880000                              {pd product} {ergonomic}
    uintx ReservedCodeCacheSize                    = 251658240                              {pd product} {ergonomic}
     bool SegmentedCodeCache                       = true                                      {product} {ergonomic}
   size_t SoftMaxHeapSize                          = 4106223616                             {manageable} {ergonomic}
     bool UseCompressedOops                        = true                           {product lp64_product} {ergonomic}
     bool UseG1GC                                  = true                                      {product} {ergonomic}
     bool UseLargePagesIndividualAllocation        = false                                  {pd product} {ergonomic}

Logging:
Log output configuration:
 #0: stdout all=off uptime,level,tags foldmultilines=false
 #1: stderr all=off uptime,level,tags foldmultilines=false

Environment Variables:
PATH=C:\Program Files\Common Files\Oracle\Java\javapath;C:\Windows\system32;C:\Windows;C:\Windows\System32\Wbem;C:\Windows\System32\WindowsPowerShell\v1.0\;C:\Windows\System32\OpenSSH\;C:\Program Files\nodejs\;C:\kotlinc\bin;C:\javafx-sdk-25\lib;;C:\Strawberry\c\bin;C:\Strawberry\perl\site\bin;C:\Strawberry\perl\bin;C:\Program Files\Docker\Docker\resources\bin;C:\Users\danielcc\AppData\Local\Programs\Python\Python314\Scripts\;C:\Users\danielcc\AppData\Local\Programs\Python\Python314\;C:\Users\danielcc\AppData\Local\Programs\Python\Launcher\;C:\Users\danielcc\AppData\Local\Microsoft\WindowsApps;C:\Users\danielcc\AppData\Local\Programs\Microsoft VS Code\bin;C:\Users\danielcc\AppData\Local\Programs\Git\cmd;C:\Users\danielcc\AppData\Roaming\npm;C:\Users\danielcc\AppData\Local\Programs\MiKTeX\miktex\bin\x64\
USERNAME=danielcc
OS=Windows_NT
PROCESSOR_IDENTIFIER=AMD64 Family 25 Model 80 Stepping 0, AuthenticAMD
TMP=C:\Users\danielcc\AppData\Local\Temp
TEMP=C:\Users\danielcc\AppData\Local\Temp




Periodic native trim disabled

---------------  S Y S T E M  ---------------

OS:
 Windows 11 , 64 bit Build 26100 (10.0.26100.5074)
OS uptime: 7 days 22:31 hours
Hyper-V role detected

CPU: total 12 (initial active 12) (12 cores per cpu, 2 threads per core) family 25 model 80 stepping 0 microcode 0xa50000d, cx8, cmov, fxsr, ht, mmx, 3dnowpref, sse, sse2, sse3, ssse3, sse4a, sse4.1, sse4.2, popcnt, lzcnt, tsc, tscinvbit, avx, avx2, aes, erms, clmul, bmi1, bmi2, adx, sha, fma, vzeroupper, clflush, clflushopt, hv, rdtscp, rdpid, fsrm, f16c, cet_ss
Processor Information for the first 12 processors :
  Max Mhz: 3901, Current Mhz: 3901, Mhz Limit: 3901

Memory: 4k page, system-wide physical 15659M (2187M free)
TotalPageFile size 25881M (AvailPageFile size 1346M)
current process WorkingSet (physical memory assigned to process): 179M, peak: 231M
current process commit charge ("private bytes"): 243M, peak: 412M

vm_info: Java HotSpot(TM) 64-Bit Server VM (24.0.2+12-54) for windows-amd64 JRE (24.0.2+12-54), built on 2025-07-08T12:10:27Z with MS VC++ 17.6 (VS2022)

END.
