#
# A fatal error has been detected by the Java Runtime Environment:
#
#  EXCEPTION_ACCESS_VIOLATION (0xc0000005) at pc=0x00007ff893cd6b07, pid=3680, tid=3852
#
# JRE version: Java(TM) SE Runtime Environment (24.0.2+12) (build 24.0.2+12-54)
# Java VM: Java HotSpot(TM) 64-Bit Server VM (24.0.2+12-54, mixed mode, sharing, tiered, compressed oops, compressed class ptrs, g1 gc, windows-amd64)
# Problematic frame:
# C  [glass.dll+0x26b07]
#
# No core dump will be written. Minidumps are not enabled by default on client versions of Windows
#
# If you would like to submit a bug report, please visit:
#   https://bugreport.java.com/bugreport/crash.jsp
#

---------------  S U M M A R Y ------------

Command Line: -javaagent:C:\Program Files\JetBrains\IntelliJ IDEA Community Edition 2025.2.1\lib\idea_rt.jar=59926 -Dfile.encoding=UTF-8 -Dsun.stdout.encoding=UTF-8 -Dsun.stderr.encoding=UTF-8 --module-path=C:\Users\danielcc\.m2\repository\com\github\almasb\fxgl\11.17\fxgl-11.17.jar;C:\Users\danielcc\.m2\repository\com\fasterxml\jackson\core\jackson-databind\2.12.1\jackson-databind-2.12.1.jar;C:\Users\danielcc\.m2\repository\com\gluonhq\attach\lifecycle\4.0.9\lifecycle-4.0.9.jar;C:\Users\danielcc\.m2\repository\org\openjfx\javafx-base\17.0.6\javafx-base-17.0.6-win.jar;C:\Users\danielcc\.m2\repository\com\fasterxml\jackson\core\jackson-annotations\2.12.1\jackson-annotations-2.12.1.jar;C:\Users\danielcc\.m2\repository\org\jetbrains\kotlin\kotlin-stdlib\1.5.10\kotlin-stdlib-1.5.10-modular.jar;C:\Users\danielcc\.m2\repository\com\fasterxml\jackson\core\jackson-core\2.12.1\jackson-core-2.12.1.jar;C:\Users\danielcc\.m2\repository\org\openjfx\javafx-controls\17.0.6\javafx-controls-17.0.6-win.jar;C:\Users\danielcc\Desktop\DAM 1T\code\practicaOrtoRestaurante\desktopIJ\target\classes;C:\Users\danielcc\.m2\repository\com\gluonhq\attach\storage\4.0.9\storage-4.0.9.jar;C:\Users\danielcc\.m2\repository\org\openjfx\javafx-fxml\17.0.6\javafx-fxml-17.0.6-win.jar;C:\Users\danielcc\.m2\repository\org\openjfx\javafx-web\17.0.6\javafx-web-17.0.6-win.jar;C:\Users\danielcc\.m2\repository\com\gluonhq\attach\audio\4.0.9\audio-4.0.9.jar;C:\Users\danielcc\.m2\repository\eu\hansolo\tilesfx\11.48\tilesfx-11.48.jar;C:\Users\danielcc\.m2\repository\com\google\errorprone\error_prone_annotations\2.38.0\error_prone_annotations-2.38.0.jar;C:\Users\danielcc\.m2\repository\org\mongodb\bson\5.5.1\bson-5.5.1.jar;C:\Users\danielcc\.m2\repository\org\mongodb\mongodb-driver-sync\5.5.1\mongodb-driver-sync-5.5.1.jar;C:\Users\danielcc\.m2\repository\com\gluonhq\attach\util\4.0.9\util-4.0.9.jar;C:\Users\danielcc\.m2\repository\org\kordamp\ikonli\ikonli-javafx\12.3.1\ikonli-javafx-12.3.1.jar;C:\Users\danielcc\.m2\repository\com\github\almasb\fxgl-scene\11.17\fxgl-scene-11.17.jar;C:\Users\danielcc\.m2\repository\com\github\almasb\fxgl-entity\11.17\fxgl-entity-11.17.jar;C:\Users\danielcc\.m2\repository-Djdk.module.main=com.example.practortorestaurantedesktopp com.example.practortorestaurantedesktopp/com.example.practortorestaurantedesktopp.HelloApplication

Host: AMD Ryzen 5 5600G with Radeon Graphics         , 12 cores, 15G,  Windows 11 , 64 bit Build 26100 (10.0.26100.5074)
Time: Tue Nov  4 17:00:14 2025 Hora estándar romance elapsed time: 18.410349 seconds (0d 0h 0m 18s)

---------------  T H R E A D  ---------------

Current thread (0x00000141ff613b20):  VMThread "VM Thread"          [id=3852, stack(0x00000041e8d00000,0x00000041e8e00000) (1024K)]

Stack: [0x00000041e8d00000,0x00000041e8e00000],  sp=0x00000041e8dff1c0,  free space=1020k
Native frames: (J=compiled Java code, j=interpreted, Vv=VM code, C=native code)
C  [glass.dll+0x26b07]  (no source info available)
C  [ucrtbase.dll+0x4bc75]  (no source info available)
C  [ucrtbase.dll+0x4b897]  (no source info available)
C  [ucrtbase.dll+0x4b84d]  (no source info available)
C  [glass.dll+0x24261]  (no source info available)
C  [glass.dll+0x24386]  (no source info available)
C  [ntdll.dll+0x160ede]  (no source info available)
C  [ntdll.dll+0x7483e]  (no source info available)
C  [ntdll.dll+0xfdfff]  (no source info available)
C  [ntdll.dll+0x8ede]  (no source info available)
C  [KERNEL32.DLL+0x418ab]  (no source info available)
C  [ucrtbase.dll+0xa0093]  (no source info available)
V  [jvm.dll+0x72928c]  (no source info available)
V  [jvm.dll+0x728dc0]  (no source info available)
V  [jvm.dll+0x41b344]  (no source info available)
V  [jvm.dll+0x8e29c2]  (no source info available)
V  [jvm.dll+0x8e3d0c]  (no source info available)
V  [jvm.dll+0x8e4278]  (no source info available)
V  [jvm.dll+0x8e4513]  (no source info available)
V  [jvm.dll+0x87d9eb]  (no source info available)
V  [jvm.dll+0x72ef45]  (no source info available)
C  [ucrtbase.dll+0x37b0]  (no source info available)
C  [KERNEL32.DLL+0x2e8d7]  (no source info available)
C  [ntdll.dll+0x8d9c]  (no source info available)


siginfo: EXCEPTION_ACCESS_VIOLATION (0xc0000005), reading address 0x0000000000000000


Registers:
RAX=0x0000000000000000, RBX=0x00000141ff61c11a, RCX=0x00000141ff613b20, RDX=0x00000041e8dff1c0
RSP=0x00000041e8dff1c0, RBP=0x0000394735be7d8b, RSI=0x00000141e37d60c8, RDI=0x00000141e37d60a0
R8 =0x0000000000010002, R9 =0x0000394735be7d8b, R10=0x00000141fae20000, R11=0x00000041e8dff2a8
R12=0x0000000000000001, R13=0x00007ff893cd43d4, R14=0x00000041e8dff2c8, R15=0x00000141e37d60a0
RIP=0x00007ff893cd6b07, EFLAGS=0x0000000000010206

XMM[0]=0x0000000000000000 0x0000000000000000
XMM[1]=0x0000000000000000 0x00000041e8dfde20
XMM[2]=0x0000000000000000 0x0000000000000000
XMM[3]=0x0000000000000000 0x0000000000000000
XMM[4]=0x0000000000000000 0x0000000000000000
XMM[5]=0x0000000000000000 0x0000000000000000
XMM[6]=0x0000000000000000 0x0000000000000000
XMM[7]=0x0000000000000000 0x404e000000000000
XMM[8]=0x0000000000000000 0x0000000000000000
XMM[9]=0x0000000000000000 0x0000000000000000
XMM[10]=0x0000000000000000 0x0000000000000000
XMM[11]=0x0000000000000000 0x0000000000000000
XMM[12]=0x0000000000000000 0x0000000000000000
XMM[13]=0x0000000000000000 0x0000000000000000
XMM[14]=0x0000000000000000 0x0000000000000000
XMM[15]=0x0000000000000000 0x0000000000000000
  MXCSR=0x00001fa0


Register to memory mapping:

RAX=0x0 is null
RBX=0x00000141ff61c11a is a global jni handle
RCX=0x00000141ff613b20 points into unknown readable memory: 0x00007ff843e27c38 | 38 7c e2 43 f8 7f 00 00
RDX=0x00000041e8dff1c0 points into unknown readable memory: 0x0000000000000000 | 00 00 00 00 00 00 00 00
RSP=0x00000041e8dff1c0 points into unknown readable memory: 0x0000000000000000 | 00 00 00 00 00 00 00 00
RBP=0x0000394735be7d8b is an unknown value
RSI=0x00000141e37d60c8 points into unknown readable memory: 0x0000394735be7d8b | 8b 7d be 35 47 39 00 00
RDI=0x00000141e37d60a0 points into unknown readable memory: 0x03fffdd95c491d8b | 8b 1d 49 5c d9 fd ff 03
R8 =0x0000000000010002 is an unknown value
R9 =0x0000394735be7d8b is an unknown value
R10=0x00000141fae20000 points into unknown readable memory: 0x0000000000000000 | 00 00 00 00 00 00 00 00
R11=0x00000041e8dff2a8 points into unknown readable memory: 0x00007ff893cd4261 | 61 42 cd 93 f8 7f 00 00
R12=0x0000000000000001 is an unknown value
R13=0x00007ff893cd43d4 glass.dll
R14=0x00000041e8dff2c8 points into unknown readable memory: 0x00000041e8dff2b0 | b0 f2 df e8 41 00 00 00
R15=0x00000141e37d60a0 points into unknown readable memory: 0x03fffdd95c491d8b | 8b 1d 49 5c d9 fd ff 03

Top of Stack: (sp=0x00000041e8dff1c0)
0x00000041e8dff1c0:   0000000000000000 0000014100000000   ............A...
0x00000041e8dff1d0:   00000141e39c1be0 0000000000000001   ....A...........
0x00000041e8dff1e0:   00000141e37d60a8 00007ff8b403bc75   .`}.A...u.......
0x00000041e8dff1f0:   00000141e37d60a0 0000014100000000   .`}.A.......A...
0x00000041e8dff200:   00000141e37d60c0 0000394735be7d8b   .`}.A....}.5G9..
0x00000041e8dff210:   fffffffffffffffe 00007ff8a6250000   ..........%.....
0x00000041e8dff220:   00007ff893cb0000 00007ff893cb0000   ................
0x00000041e8dff230:   00000041e8dff2b8 00007ff8b403b897   ....A...........
0x00000041e8dff240:   00000041e8dff200 00000041e8dff2c8   ....A.......A...
0x00000041e8dff250:   00000041e8dff5b0 00007ff8b41288c0   ....A...........
0x00000041e8dff260:   0000000000000001 00007ff8b403b84d   ........M.......
0x00000041e8dff270:   0000000000000000 0000000000000001   ................
0x00000041e8dff280:   00000041e8dff5b0 00000041e8dff2b8   ....A.......A...
0x00000041e8dff290:   fffffffffffffffe 00007ff8b63e6003   .........`>.....
0x00000041e8dff2a0:   0000000000000000 00007ff893cd4261   ........aB......
0x00000041e8dff2b0:   00007ff893cea138 0000004100000002   8...........A...
0x00000041e8dff2c0:   00007ff800000002 00000041e8dff2b0   ............A...
0x00000041e8dff2d0:   0000000000000000 00007ff8b2c05e37   ........7^......
0x00000041e8dff2e0:   0000000000000000 00007ff893cd4386   .........C......
0x00000041e8dff2f0:   0000000000000001 0000000000000000   ................
0x00000041e8dff300:   0000000000000001 00007ff8b6414f8f   .........OA.....
0x00000041e8dff310:   00007ff8b2c00000 00000041e8dff5b0   ............A...
0x00000041e8dff320:   0000000000000001 0000000000000000   ................
0x00000041e8dff330:   0000000000000000 000000007ffe0384   ................
0x00000041e8dff340:   00000141e362caa0 00007ff8b6500ede   ..b.A.....P.....
0x00000041e8dff350:   00007ff893cb0000 0000014100000000   ............A...
0x00000041e8dff360:   0000000000000001 000000007ffe0385   ................
0x00000041e8dff370:   00007ff893cd7590 00007ff8b641483e   .u......>HA.....
0x00000041e8dff380:   0000000000000000 0000000000000000   ................
0x00000041e8dff390:   0000000000000000 0000000000000000   ................
0x00000041e8dff3a0:   0000000000000000 0000000000000000   ................
0x00000041e8dff3b0:   0000000000000000 0000000000000000   ................

Instructions: (pc=0x00007ff893cd6b07)
  0x00007ff893cd6a07:   8b 4d 58 e8 01 cf ff ff 48 8b 4d 60 e8 f8 ce ff
  0x00007ff893cd6a17:   ff 48 8b 95 80 00 00 00 48 8b 8d 18 01 00 00 e8
  0x00007ff893cd6a27:   c6 c3 ff ff 33 d2 33 c9 e8 3c e1 ff ff 90 48 89
  0x00007ff893cd6a37:   54 24 10 55 48 83 ec 20 48 8b ea 48 b8 00 00 00
  0x00007ff893cd6a47:   00 00 00 00 00 48 83 c4 20 5d c3 cc 40 55 48 8b
  0x00007ff893cd6a57:   ea 48 8b 01 33 c9 81 38 05 00 00 c0 0f 94 c1 8b
  0x00007ff893cd6a67:   c1 5d c3 cc 40 55 48 83 ec 20 48 8b ea 8a 4d 40
  0x00007ff893cd6a77:   48 83 c4 20 5d e9 f7 d2 ff ff cc 40 55 48 83 ec
  0x00007ff893cd6a87:   20 48 8b ea 8a 4d 20 e8 e5 d2 ff ff 90 48 83 c4
  0x00007ff893cd6a97:   20 5d c3 cc 40 55 48 83 ec 20 48 8b ea 48 83 c4
  0x00007ff893cd6aa7:   20 5d e9 46 d1 ff ff cc 40 55 48 83 ec 30 48 8b
  0x00007ff893cd6ab7:   ea 48 8b 01 8b 10 48 89 4c 24 28 89 54 24 20 4c
  0x00007ff893cd6ac7:   8d 0d e7 d5 ff ff 4c 8b 45 70 8b 55 68 48 8b 4d
  0x00007ff893cd6ad7:   60 e8 87 d0 ff ff 90 48 83 c4 30 5d c3 cc cc cc
  0x00007ff893cd6ae7:   cc cc cc cc cc cc cc cc cc 40 53 48 83 ec 20 48
  0x00007ff893cd6af7:   8b 1d 33 30 01 00 48 85 db 74 16 e8 09 8b ff ff
=>0x00007ff893cd6b07:   4c 8b 00 48 8b d3 48 8b c8 41 ff 90 b0 00 00 00
  0x00007ff893cd6b17:   90 48 83 c4 20 5b c3 cc cc 40 53 48 83 ec 20 48
  0x00007ff893cd6b27:   8b 1d ab 31 01 00 48 85 db 74 57 b8 ff ff ff ff
  0x00007ff893cd6b37:   f0 0f c1 43 10 83 f8 01 75 3d 48 85 db 74 38 48
  0x00007ff893cd6b47:   8b 0b 48 85 c9 74 0d ff 15 54 07 00 00 48 c7 03
  0x00007ff893cd6b57:   00 00 00 00 48 8b 4b 08 48 85 c9 74 0d e8 a7 cd
  0x00007ff893cd6b67:   ff ff 48 c7 43 08 00 00 00 00 ba 18 00 00 00 48
  0x00007ff893cd6b77:   8b cb e8 92 cd ff ff 48 c7 05 4f 31 01 00 00 00
  0x00007ff893cd6b87:   00 00 48 83 c4 20 5b c3 cc 40 53 48 83 ec 20 48
  0x00007ff893cd6b97:   8b 1d 1b 31 01 00 48 85 db 74 57 b8 ff ff ff ff
  0x00007ff893cd6ba7:   f0 0f c1 43 10 83 f8 01 75 3d 48 85 db 74 38 48
  0x00007ff893cd6bb7:   8b 0b 48 85 c9 74 0d ff 15 e4 06 00 00 48 c7 03
  0x00007ff893cd6bc7:   00 00 00 00 48 8b 4b 08 48 85 c9 74 0d e8 37 cd
  0x00007ff893cd6bd7:   ff ff 48 c7 43 08 00 00 00 00 ba 18 00 00 00 48
  0x00007ff893cd6be7:   8b cb e8 22 cd ff ff 48 c7 05 bf 30 01 00 00 00
  0x00007ff893cd6bf7:   00 00 48 83 c4 20 5b c3 cc 40 53 48 83 ec 20 48


Stack slot to memory mapping:

stack at sp + 0 slots: 0x0 is null
stack at sp + 1 slots: 0x0000014100000000 is an unknown value
stack at sp + 2 slots: 0x00000141e39c1be0 points into unknown readable memory: 0x00000141e39c21e0 | e0 21 9c e3 41 01 00 00
stack at sp + 3 slots: 0x0000000000000001 is an unknown value
stack at sp + 4 slots: 0x00000141e37d60a8 points into unknown readable memory: 0x0000394735be7d8b | 8b 7d be 35 47 39 00 00
stack at sp + 5 slots: 0x00007ff8b403bc75 ucrtbase.dll
stack at sp + 6 slots: 0x00000141e37d60a0 points into unknown readable memory: 0x03fffdd95c491d8b | 8b 1d 49 5c d9 fd ff 03
stack at sp + 7 slots: 0x0000014100000000 is an unknown value

VM_Operation (0x00000041ebeff3a0): Exit, mode: safepoint, requested by thread 0x00000141e8fc5370


---------------  P R O C E S S  ---------------

Threads class SMR info:
_java_thread_list=0x00000141e41b0e60, length=28, elements={
0x00000141fd2c5140, 0x00000141ff620c90, 0x00000141ff6213d0, 0x00000141ff622710,
0x00000141ff623240, 0x00000141ff623d70, 0x00000141ff6249d0, 0x00000141ff62d970,
0x00000141ff633d50, 0x000001419d5d7fc0, 0x000001419d87a790, 0x000001419d7f8a00,
0x00000141e37f48f0, 0x00000141e362a0d0, 0x00000141e39bc480, 0x00000141e3b9c300,
0x00000141e3ba7790, 0x00000141e3ec1e00, 0x00000141e3ec2550, 0x00000141e3ebf220,
0x00000141e3ec16b0, 0x00000141e3ec0810, 0x00000141e3ebf970, 0x00000141e3ec0f60,
0x00000141e8fc3630, 0x00000141e8fc3d80, 0x00000141e8fc6210, 0x00000141e8fc5370
}

Java Threads: ( => current thread )
  0x00000141fd2c5140 JavaThread "main"                              [_thread_blocked, id=10076, stack(0x00000041e8600000,0x00000041e8700000) (1024K)]
  0x00000141ff620c90 JavaThread "Reference Handler"          daemon [_thread_blocked, id=11836, stack(0x00000041e8e00000,0x00000041e8f00000) (1024K)]
  0x00000141ff6213d0 JavaThread "Finalizer"                  daemon [_thread_blocked, id=1728, stack(0x00000041e8f00000,0x00000041e9000000) (1024K)]
  0x00000141ff622710 JavaThread "Signal Dispatcher"          daemon [_thread_blocked, id=11192, stack(0x00000041e9000000,0x00000041e9100000) (1024K)]
  0x00000141ff623240 JavaThread "Attach Listener"            daemon [_thread_blocked, id=1144, stack(0x00000041e9100000,0x00000041e9200000) (1024K)]
  0x00000141ff623d70 JavaThread "Service Thread"             daemon [_thread_blocked, id=4396, stack(0x00000041e9200000,0x00000041e9300000) (1024K)]
  0x00000141ff6249d0 JavaThread "Monitor Deflation Thread"   daemon [_thread_blocked, id=16592, stack(0x00000041e9300000,0x00000041e9400000) (1024K)]
  0x00000141ff62d970 JavaThread "C2 CompilerThread0"         daemon [_thread_blocked, id=6840, stack(0x00000041e9400000,0x00000041e9500000) (1024K)]
  0x00000141ff633d50 JavaThread "C1 CompilerThread0"         daemon [_thread_blocked, id=2524, stack(0x00000041e9500000,0x00000041e9600000) (1024K)]
  0x000001419d5d7fc0 JavaThread "Common-Cleaner"             daemon [_thread_blocked, id=5248, stack(0x00000041e9600000,0x00000041e9700000) (1024K)]
  0x000001419d87a790 JavaThread "Monitor Ctrl-Break"         daemon [_thread_in_native, id=9768, stack(0x00000041e9900000,0x00000041e9a00000) (1024K)]
  0x000001419d7f8a00 JavaThread "Notification Thread"        daemon [_thread_blocked, id=6304, stack(0x00000041e9a00000,0x00000041e9b00000) (1024K)]
  0x00000141e37f48f0 JavaThread "QuantumRenderer-0"          daemon [_thread_blocked, id=17108, stack(0x00000041e9b00000,0x00000041e9c00000) (1024K)]
  0x00000141e362a0d0 JavaThread "InvokeLaterDispatcher"      daemon [_thread_blocked, id=14040, stack(0x00000041e9e00000,0x00000041e9f00000) (1024K)]
  0x00000141e39bc480 JavaThread "JavaFX Application Thread"         [_thread_in_native, id=2884, stack(0x00000041e9f00000,0x00000041ea000000) (1024K)]
  0x00000141e3b9c300 JavaThread "JavaFX-Launcher"                   [_thread_blocked, id=8956, stack(0x00000041ea900000,0x00000041eaa00000) (1024K)]
  0x00000141e3ba7790 JavaThread "Thread-2"                   daemon [_thread_in_native, id=15676, stack(0x00000041ea800000,0x00000041ea900000) (1024K)]
  0x00000141e3ec1e00 JavaThread "Grizzly(1) SelectorRunner"  daemon [_thread_in_native, id=4092, stack(0x00000041eaf00000,0x00000041eb000000) (1024K)]
  0x00000141e3ec2550 JavaThread "Grizzly(1)"                 daemon [_thread_blocked, id=10004, stack(0x00000041eb000000,0x00000041eb100000) (1024K)]
  0x00000141e3ebf220 JavaThread "Grizzly(2)"                 daemon [_thread_blocked, id=6544, stack(0x00000041eb100000,0x00000041eb200000) (1024K)]
  0x00000141e3ec16b0 JavaThread "HttpClient-1-SelectorManager" daemon [_thread_in_native, id=12392, stack(0x00000041eb300000,0x00000041eb400000) (1024K)]
  0x00000141e3ec0810 JavaThread "Prism Font Disposer"        daemon [_thread_blocked, id=9760, stack(0x00000041eb900000,0x00000041eba00000) (1024K)]
  0x00000141e3ebf970 JavaThread "Cleaner-0"                  daemon [_thread_blocked, id=5140, stack(0x00000041ebc00000,0x00000041ebd00000) (1024K)]
  0x00000141e3ec0f60 JavaThread "HttpClient-1-Worker-0"      daemon [_thread_blocked, id=12132, stack(0x00000041eba00000,0x00000041ebb00000) (1024K)]
  0x00000141e8fc3630 JavaThread "HttpClient-1-Worker-1"      daemon [_thread_blocked, id=12020, stack(0x00000041ebb00000,0x00000041ebc00000) (1024K)]
  0x00000141e8fc3d80 JavaThread "HttpClient-1-Worker-2"      daemon [_thread_blocked, id=6116, stack(0x00000041ebd00000,0x00000041ebe00000) (1024K)]
  0x00000141e8fc6210 JavaThread "ForkJoinPool.commonPool-worker-1" daemon [_thread_blocked, id=5604, stack(0x00000041ebf00000,0x00000041ec000000) (1024K)]
  0x00000141e8fc5370 JavaThread "SIGINT handler"             daemon [_thread_blocked, id=8876, stack(0x00000041ebe00000,0x00000041ebf00000) (1024K)]
Total: 28

Other Threads:
=>0x00000141ff613b20 VMThread "VM Thread"                           [id=3852, stack(0x00000041e8d00000,0x00000041e8e00000) (1024K)]
  0x00000141fd32b400 WorkerThread "GC Thread#0"                     [id=7960, stack(0x00000041e8700000,0x00000041e8800000) (1024K)]
  0x00000141e3e0b520 WorkerThread "GC Thread#1"                     [id=11340, stack(0x00000041eaa00000,0x00000041eab00000) (1024K)]
  0x00000141e3e0ab20 WorkerThread "GC Thread#2"                     [id=1240, stack(0x00000041eab00000,0x00000041eac00000) (1024K)]
  0x00000141e3d91580 WorkerThread "GC Thread#3"                     [id=14168, stack(0x00000041eac00000,0x00000041ead00000) (1024K)]
  0x00000141e3d8c6a0 WorkerThread "GC Thread#4"                     [id=7264, stack(0x00000041ead00000,0x00000041eae00000) (1024K)]
  0x00000141e3d8d680 WorkerThread "GC Thread#5"                     [id=15344, stack(0x00000041eae00000,0x00000041eaf00000) (1024K)]
  0x00000141e4669a40 WorkerThread "GC Thread#6"                     [id=1288, stack(0x00000041e9700000,0x00000041e9800000) (1024K)]
  0x00000141e466c240 WorkerThread "GC Thread#7"                     [id=9588, stack(0x00000041e9800000,0x00000041e9900000) (1024K)]
  0x00000141e466c9f0 WorkerThread "GC Thread#8"                     [id=8016, stack(0x00000041eb500000,0x00000041eb600000) (1024K)]
  0x00000141e466cda0 WorkerThread "GC Thread#9"                     [id=2032, stack(0x00000041eb600000,0x00000041eb700000) (1024K)]
  0x00000141fd33f640 ConcurrentGCThread "G1 Main Marker"            terminated
  0x00000141fd341e50 WorkerThread "G1 Conc#0"                       [id=6596, stack(0x00000041e8900000,0x00000041e8a00000) (1024K)]
  0x00000141e466c640 WorkerThread "G1 Conc#1"                       [id=15260, stack(0x00000041eb700000,0x00000041eb800000) (1024K)]
  0x00000141e466e010 WorkerThread "G1 Conc#2"                       [id=16684, stack(0x00000041eb800000,0x00000041eb900000) (1024K)]
  0x00000141ff4ce4b0 ConcurrentGCThread "G1 Refine#0"               terminated
  0x00000141ff4cece0 ConcurrentGCThread "G1 Service"                terminated
Total: 17

Threads with active compile tasks:
Total: 0

VM state: at safepoint (shutting down)

VM Mutex/Monitor currently owned by a thread:  ([mutex/lock_event])
[0x00007ff844004270] ThreadsLockThrottle_lock - owner thread: 0x00000141ff622710
[0x00007ff8440044f0] Threads_lock - owner thread: 0x00000141ff613b20
[0x00007ff8440045f0] Heap_lock - owner thread: 0x00000141e8fc5370

Heap address: 0x000000070b400000, size: 3916 MB, Compressed Oops mode: Zero based, Oop shift amount: 3

CDS archive(s) mapped at: [0x000001419e000000-0x000001419ed40000-0x000001419ed40000), size 13893632, SharedBaseAddress: 0x000001419e000000, ArchiveRelocationMode: 1.
Compressed class space mapped at: 0x000001419f000000-0x00000141df000000, reserved size: 1073741824
UseCompressedClassPointers 1, UseCompactObjectHeaders 0
Narrow klass pointer bits 32, Max shift 3
Narrow klass base: 0x000001419e000000, Narrow klass shift: 0
Encoding Range: [0x000001419e000000 - 0x000001429e000000), (4294967296 bytes)
Klass Range:    [0x000001419e000000 - 0x00000141df000000), (1090519040 bytes)
Klass ID Range:  [8 - 1090519033) (1090519025)

GC Precious Log:
 CardTable entry size: 512
 Card Set container configuration: InlinePtr #cards 4 size 8 Array Of Cards #cards 16 size 48 Howl #buckets 8 coarsen threshold 3686 Howl Bitmap #cards 512 size 80 coarsen threshold 460 Card regions per heap region 1 cards per card region 4096
 CPUs: 12 total, 12 available
 Memory: 15659M
 Large Page Support: Disabled
 NUMA Support: Disabled
 Compressed Oops: Enabled (Zero based)
 Heap Region Size: 2M
 Heap Min Capacity: 8M
 Heap Initial Capacity: 246M
 Heap Max Capacity: 3916M
 Pre-touch: Disabled
 Parallel Workers: 10
 Concurrent Workers: 3
 Concurrent Refinement Workers: 10
 Periodic GC: Disabled

Heap:
 garbage-first heap   total reserved 4009984K, committed 57344K, used 31445K [0x000000070b400000, 0x0000000800000000)
  region size 2048K, 13 young (26624K), 5 survivors (10240K)
 Metaspace       used 26729K, committed 27136K, reserved 1114112K
  class space    used 3237K, committed 3392K, reserved 1048576K

Heap Regions: E=young(eden), S=young(survivor), O=old, HS=humongous(starts), HC=humongous(continues), CS=collection set, F=free, TAMS=top-at-mark-start, PB=parsable bottom
|   0|0x000000070b400000, 0x000000070b600000, 0x000000070b600000|100%|HS|  |TAMS 0x000000070b400000| PB 0x000000070b400000| Complete |  0
|   1|0x000000070b600000, 0x000000070b600000, 0x000000070b800000|  0%| F|  |TAMS 0x000000070b600000| PB 0x000000070b600000| Untracked |  0
|   2|0x000000070b800000, 0x000000070b800000, 0x000000070ba00000|  0%| F|  |TAMS 0x000000070b800000| PB 0x000000070b800000| Untracked |  0
|   3|0x000000070ba00000, 0x000000070ba00000, 0x000000070bc00000|  0%| F|  |TAMS 0x000000070ba00000| PB 0x000000070ba00000| Untracked |  0
|   4|0x000000070bc00000, 0x000000070bc00000, 0x000000070be00000|  0%| F|  |TAMS 0x000000070bc00000| PB 0x000000070bc00000| Untracked |  0
|   5|0x000000070be00000, 0x000000070be00000, 0x000000070c000000|  0%| F|  |TAMS 0x000000070be00000| PB 0x000000070be00000| Untracked |  0
|   6|0x000000070c000000, 0x000000070c000000, 0x000000070c200000|  0%| F|  |TAMS 0x000000070c000000| PB 0x000000070c000000| Untracked |  0
|   7|0x000000070c200000, 0x000000070c200000, 0x000000070c400000|  0%| F|  |TAMS 0x000000070c200000| PB 0x000000070c200000| Untracked |  0
|   8|0x000000070c400000, 0x000000070c400000, 0x000000070c600000|  0%| F|  |TAMS 0x000000070c400000| PB 0x000000070c400000| Untracked |  0
|   9|0x000000070c600000, 0x000000070c600000, 0x000000070c800000|  0%| F|  |TAMS 0x000000070c600000| PB 0x000000070c600000| Untracked |  0
|  10|0x000000070c800000, 0x000000070c800000, 0x000000070ca00000|  0%| F|  |TAMS 0x000000070c800000| PB 0x000000070c800000| Untracked |  0
|  11|0x000000070ca00000, 0x000000070cbac368, 0x000000070cc00000| 83%| E|  |TAMS 0x000000070ca00000| PB 0x000000070ca00000| Complete |  0
|  12|0x000000070cc00000, 0x000000070ce00000, 0x000000070ce00000|100%| E|CS|TAMS 0x000000070cc00000| PB 0x000000070cc00000| Complete |  0
|  13|0x000000070ce00000, 0x000000070d000000, 0x000000070d000000|100%| S|CS|TAMS 0x000000070ce00000| PB 0x000000070ce00000| Complete |  0
|  14|0x000000070d000000, 0x000000070d200000, 0x000000070d200000|100%| S|CS|TAMS 0x000000070d000000| PB 0x000000070d000000| Complete |  0
|  15|0x000000070d200000, 0x000000070d400000, 0x000000070d400000|100%| S|CS|TAMS 0x000000070d200000| PB 0x000000070d200000| Complete |  0
|  16|0x000000070d400000, 0x000000070d600000, 0x000000070d600000|100%| S|CS|TAMS 0x000000070d400000| PB 0x000000070d400000| Complete |  0
|  17|0x000000070d600000, 0x000000070d6d8cc0, 0x000000070d800000| 42%| S|CS|TAMS 0x000000070d600000| PB 0x000000070d600000| Complete |  0
|  87|0x0000000716200000, 0x0000000716400000, 0x0000000716400000|100%| E|CS|TAMS 0x0000000716200000| PB 0x0000000716200000| Complete |  0
|  88|0x0000000716400000, 0x0000000716600000, 0x0000000716600000|100%| E|CS|TAMS 0x0000000716400000| PB 0x0000000716400000| Complete |  0
|  89|0x0000000716600000, 0x0000000716800000, 0x0000000716800000|100%| E|CS|TAMS 0x0000000716600000| PB 0x0000000716600000| Complete |  0
|  90|0x0000000716800000, 0x0000000716a00000, 0x0000000716a00000|100%| E|CS|TAMS 0x0000000716800000| PB 0x0000000716800000| Complete |  0
|  91|0x0000000716a00000, 0x0000000716c00000, 0x0000000716c00000|100%| E|CS|TAMS 0x0000000716a00000| PB 0x0000000716a00000| Complete |  0
| 122|0x000000071a800000, 0x000000071aa00000, 0x000000071aa00000|100%| E|CS|TAMS 0x000000071a800000| PB 0x000000071a800000| Complete |  0
|1954|0x00000007ff800000, 0x00000007ff8bf7c0, 0x00000007ffa00000| 37%| O|  |TAMS 0x00000007ff800000| PB 0x00000007ff800000| Untracked |  0
|1955|0x00000007ffa00000, 0x00000007ffc00000, 0x00000007ffc00000|100%| O|  |TAMS 0x00000007ffa00000| PB 0x00000007ffa00000| Untracked |  0
|1956|0x00000007ffc00000, 0x00000007ffe00000, 0x00000007ffe00000|100%| O|  |TAMS 0x00000007ffc00000| PB 0x00000007ffc00000| Untracked |  0
|1957|0x00000007ffe00000, 0x00000007fff1d248, 0x0000000800000000| 55%| O|Cm|TAMS 0x00000007ffe00000| PB 0x00000007ffe00000| Complete |  0

Card table byte_map: [0x00000141fe190000,0x00000141fe940000] _byte_map_base: 0x00000141fa936000

Marking Bits: (CMBitMap*) 0x00000141fd32bb10
 Bits: [0x00000141977e0000, 0x000001419b510000)

Polling page: 0x00000141fb2b0000

Metaspace:

Usage:
  Non-class:     22.94 MB used.
      Class:      3.16 MB used.
       Both:     26.10 MB used.

Virtual space:
  Non-class space:       64.00 MB reserved,      23.19 MB ( 36%) committed,  1 nodes.
      Class space:        1.00 GB reserved,       3.31 MB ( <1%) committed,  1 nodes.
             Both:        1.06 GB reserved,      26.50 MB (  2%) committed. 

Chunk freelists:
   Non-Class:  7.91 MB
       Class:  12.73 MB
        Both:  20.63 MB

MaxMetaspaceSize: unlimited
CompressedClassSpaceSize: 1.00 GB
Initial GC threshold: 21.00 MB
Current GC threshold: 35.12 MB
CDS: on
 - commit_granule_bytes: 65536.
 - commit_granule_words: 8192.
 - virtual_space_node_default_size: 8388608.
 - enlarge_chunks_in_place: 1.
UseCompressedClassPointers 1, UseCompactObjectHeaders 0
Narrow klass pointer bits 32, Max shift 3
Narrow klass base: 0x000001419e000000, Narrow klass shift: 0
Encoding Range: [0x000001419e000000 - 0x000001429e000000), (4294967296 bytes)
Klass Range:    [0x000001419e000000 - 0x00000141df000000), (1090519040 bytes)
Klass ID Range:  [8 - 1090519033) (1090519025)


Internal statistics:

num_allocs_failed_limit: 3.
num_arena_births: 392.
num_arena_deaths: 0.
num_vsnodes_births: 2.
num_vsnodes_deaths: 0.
num_space_committed: 424.
num_space_uncommitted: 0.
num_chunks_returned_to_freelist: 3.
num_chunks_taken_from_freelist: 1166.
num_chunk_merges: 3.
num_chunk_splits: 800.
num_chunks_enlarged: 594.
num_inconsistent_stats: 0.

CodeHeap 'non-profiled nmethods': size=120064Kb used=1468Kb max_used=1468Kb free=118595Kb
 bounds [0x00000141902a0000, 0x0000014190510000, 0x00000141977e0000]
CodeHeap 'profiled nmethods': size=120000Kb used=6521Kb max_used=6521Kb free=113478Kb
 bounds [0x00000141887e0000, 0x0000014188e40000, 0x000001418fd10000]
CodeHeap 'non-nmethods': size=5696Kb used=1716Kb max_used=1854Kb free=3979Kb
 bounds [0x000001418fd10000, 0x000001418ff80000, 0x00000141902a0000]
CodeCache: size=245760Kb, used=9705Kb, max_used=9843Kb, free=236052Kb
 total_blobs=4942, nmethods=4067, adapters=778, full_count=0
Compilation: enabled, stopped_count=0, restarted_count=0

Compilation events (20 events):
Event: 5.072 Thread 0x00000141e8ea7c30 4057       4       jdk.internal.classfile.impl.RawBytecodeHelper::getU2Unchecked (22 bytes)
Event: 5.073 Thread 0x00000141e8ea7c30 nmethod 4057 0x000001419040e288 code [0x000001419040e380, 0x000001419040e440]
Event: 5.073 Thread 0x00000141ff633d50 4058       1       jdk.internal.net.http.common.DebugLogger::on (5 bytes)
Event: 5.073 Thread 0x00000141ff633d50 nmethod 4058 0x000001419040e588 code [0x000001419040e680, 0x000001419040e748]
Event: 5.076 Thread 0x00000141ff633d50 4059       3       java.lang.StringBuilder::append (6 bytes)
Event: 5.076 Thread 0x00000141ff633d50 nmethod 4059 0x0000014188e38408 code [0x0000014188e38520, 0x0000014188e38748]
Event: 5.077 Thread 0x00000141ff633d50 4060       3       java.nio.MappedByteBuffer::position (6 bytes)
Event: 5.077 Thread 0x00000141ff633d50 nmethod 4060 0x0000014188e38788 code [0x0000014188e388c0, 0x0000014188e38b50]
Event: 5.156 Thread 0x00000141ff633d50 4061       3       java.lang.invoke.VarHandleGuards::guard_LLL_Z (86 bytes)
Event: 5.157 Thread 0x00000141ff633d50 nmethod 4061 0x0000014188e38b88 code [0x0000014188e38e40, 0x0000014188e3ab78]
Event: 5.157 Thread 0x00000141ff633d50 4062       3       java.lang.invoke.VarHandleReferences$FieldInstanceReadWrite::compareAndSet (48 bytes)
Event: 5.157 Thread 0x00000141ff633d50 nmethod 4062 0x0000014188e3ac08 code [0x0000014188e3ade0, 0x0000014188e3bae8]
Event: 5.157 Thread 0x00000141ff633d50 4063       3       jdk.internal.misc.Unsafe::weakCompareAndSetLong (11 bytes)
Event: 5.157 Thread 0x00000141ff633d50 nmethod 4063 0x0000014188e3bb88 code [0x0000014188e3bca0, 0x0000014188e3bdc8]
Event: 11.158 Thread 0x00000141ff633d50 4066       3       java.lang.invoke.StringConcatFactory::parseRecipe (215 bytes)
Event: 11.158 Thread 0x00000141ff62d970 4065       4       java.lang.StringBuilder::length (5 bytes)
Event: 11.158 Thread 0x00000141ff62d970 nmethod 4065 0x000001419040eb88 code [0x000001419040ec80, 0x000001419040ecf8]
Event: 11.159 Thread 0x00000141ff633d50 nmethod 4066 0x0000014188e3be88 code [0x0000014188e3c1c0, 0x0000014188e3e3f0]
Event: 18.078 Thread 0x00000141ff62d970 4067       4       java.util.ArrayList$Itr::next (66 bytes)
Event: 18.079 Thread 0x00000141ff62d970 nmethod 4067 0x000001419040ee88 code [0x000001419040efa0, 0x000001419040f100]

GC Heap History (6 events):
Event: 0.644 GC heap before
{Heap before GC invocations=0 (full 0):
 garbage-first heap   total reserved 4009984K, committed 253952K, used 48244K [0x000000070b400000, 0x0000000800000000)
  region size 2048K, 24 young (49152K), 0 survivors (0K)
 Metaspace       used 8739K, committed 8960K, reserved 1114112K
  class space    used 877K, committed 960K, reserved 1048576K
}
Event: 0.648 GC heap after
{Heap after GC invocations=1 (full 0):
 garbage-first heap   total reserved 4009984K, committed 253952K, used 6303K [0x000000070b400000, 0x0000000800000000)
  region size 2048K, 3 young (6144K), 3 survivors (6144K)
 Metaspace       used 8739K, committed 8960K, reserved 1114112K
  class space    used 877K, committed 960K, reserved 1048576K
}
Event: 1.230 GC heap before
{Heap before GC invocations=1 (full 0):
 garbage-first heap   total reserved 4009984K, committed 253952K, used 59551K [0x000000070b400000, 0x0000000800000000)
  region size 2048K, 31 young (63488K), 3 survivors (6144K)
 Metaspace       used 21230K, committed 21504K, reserved 1114112K
  class space    used 2387K, committed 2496K, reserved 1048576K
}
Event: 1.235 GC heap after
{Heap after GC invocations=2 (full 0):
 garbage-first heap   total reserved 4009984K, committed 253952K, used 11045K [0x000000070b400000, 0x0000000800000000)
  region size 2048K, 5 young (10240K), 5 survivors (10240K)
 Metaspace       used 21230K, committed 21504K, reserved 1114112K
  class space    used 2387K, committed 2496K, reserved 1048576K
}
Event: 1.521 GC heap before
{Heap before GC invocations=3 (full 0):
 garbage-first heap   total reserved 4009984K, committed 40960K, used 39717K [0x000000070b400000, 0x0000000800000000)
  region size 2048K, 19 young (38912K), 5 survivors (10240K)
 Metaspace       used 24117K, committed 24512K, reserved 1114112K
  class space    used 2948K, committed 3136K, reserved 1048576K
}
Event: 1.529 GC heap after
{Heap after GC invocations=4 (full 0):
 garbage-first heap   total reserved 4009984K, committed 57344K, used 15061K [0x000000070b400000, 0x0000000800000000)
  region size 2048K, 5 young (10240K), 5 survivors (10240K)
 Metaspace       used 24117K, committed 24512K, reserved 1114112K
  class space    used 2948K, committed 3136K, reserved 1048576K
}

Dll operation events (20 events):
Event: 0.339 Loaded shared library C:\Users\danielcc\.openjfx\cache\17.0.6\api-ms-win-crt-math-l1-1-0.dll
Event: 0.341 Loaded shared library C:\Users\danielcc\.openjfx\cache\17.0.6\api-ms-win-crt-multibyte-l1-1-0.dll
Event: 0.343 Loaded shared library C:\Users\danielcc\.openjfx\cache\17.0.6\api-ms-win-crt-private-l1-1-0.dll
Event: 0.345 Loaded shared library C:\Users\danielcc\.openjfx\cache\17.0.6\api-ms-win-crt-process-l1-1-0.dll
Event: 0.347 Loaded shared library C:\Users\danielcc\.openjfx\cache\17.0.6\api-ms-win-crt-runtime-l1-1-0.dll
Event: 0.349 Loaded shared library C:\Users\danielcc\.openjfx\cache\17.0.6\api-ms-win-crt-stdio-l1-1-0.dll
Event: 0.351 Loaded shared library C:\Users\danielcc\.openjfx\cache\17.0.6\api-ms-win-crt-string-l1-1-0.dll
Event: 0.353 Loaded shared library C:\Users\danielcc\.openjfx\cache\17.0.6\api-ms-win-crt-time-l1-1-0.dll
Event: 0.355 Loaded shared library C:\Users\danielcc\.openjfx\cache\17.0.6\api-ms-win-crt-utility-l1-1-0.dll
Event: 0.365 Loaded shared library C:\Users\danielcc\.openjfx\cache\17.0.6\ucrtbase.dll
Event: 0.368 Loaded shared library C:\Users\danielcc\.openjfx\cache\17.0.6\vcruntime140.dll
Event: 0.370 Loaded shared library C:\Users\danielcc\.openjfx\cache\17.0.6\vcruntime140_1.dll
Event: 0.375 Loaded shared library C:\Users\danielcc\.openjfx\cache\17.0.6\msvcp140.dll
Event: 0.377 Loaded shared library C:\Users\danielcc\.openjfx\cache\17.0.6\msvcp140_1.dll
Event: 0.381 Loaded shared library C:\Users\danielcc\.openjfx\cache\17.0.6\msvcp140_2.dll
Event: 0.404 Loaded shared library C:\Users\danielcc\.openjfx\cache\17.0.6\prism_d3d.dll
Event: 0.434 Loaded shared library C:\Users\danielcc\.openjfx\cache\17.0.6\glass.dll
Event: 0.503 Loaded shared library C:\Program Files\Java\jdk-24\bin\jimage.dll
Event: 0.615 Loaded shared library C:\Users\danielcc\.openjfx\cache\17.0.6\javafx_font.dll
Event: 0.909 Loaded shared library C:\Program Files\Java\jdk-24\bin\sunmscapi.dll

Deoptimization events (20 events):
Event: 2.210 Thread 0x00000141e39bc480 Uncommon trap: trap_request=0xffffff4d fr.pc=0x00000141903529f4 relative=0x0000000000000ad4
Event: 2.210 Thread 0x00000141e39bc480 Uncommon trap: reason=unstable_if action=reinterpret pc=0x00000141903529f4 method=java.util.WeakHashMap.expungeStaleEntries()V @ 66 c2
Event: 2.210 Thread 0x00000141e39bc480 DEOPT PACKING pc=0x00000141903529f4 sp=0x00000041e9ffdb20
Event: 2.210 Thread 0x00000141e39bc480 DEOPT UNPACKING pc=0x000001418fe24102 sp=0x00000041e9ffdab0 mode 2
Event: 2.946 Thread 0x00000141e39bc480 Uncommon trap: trap_request=0xffffff4d fr.pc=0x0000014190395480 relative=0x0000000000000f80
Event: 2.946 Thread 0x00000141e39bc480 Uncommon trap: reason=unstable_if action=reinterpret pc=0x0000014190395480 method=javafx.css.SimpleSelector.stateMatches(Ljavafx/css/Styleable;Ljava/util/Set;)Z @ 1 c2
Event: 2.946 Thread 0x00000141e39bc480 DEOPT PACKING pc=0x0000014190395480 sp=0x00000041e9ffd7e0
Event: 2.946 Thread 0x00000141e39bc480 DEOPT UNPACKING pc=0x000001418fe24102 sp=0x00000041e9ffd6e0 mode 2
Event: 4.094 Thread 0x00000141e39bc480 DEOPT PACKING pc=0x0000014188a4bdfc sp=0x00000041e9ffcbe0
Event: 4.094 Thread 0x00000141e39bc480 DEOPT UNPACKING pc=0x000001418fd65722 sp=0x00000041e9ffc048 mode 0
Event: 4.100 Thread 0x00000141e39bc480 Uncommon trap: trap_request=0xffffff4d fr.pc=0x00000141903a9b5c relative=0x0000000000000abc
Event: 4.100 Thread 0x00000141e39bc480 Uncommon trap: reason=unstable_if action=reinterpret pc=0x00000141903a9b5c method=javafx.scene.CssStyleHelper.lookup(Ljavafx/css/Styleable;Ljavafx/css/CssMetaData;Lcom/sun/javafx/css/StyleMap;Ljava/util/Set;Ljavafx/css/Styleable;Lcom/sun/javafx/css/Calcul
Event: 4.100 Thread 0x00000141e39bc480 DEOPT PACKING pc=0x00000141903a9b5c sp=0x00000041e9ffccc0
Event: 4.100 Thread 0x00000141e39bc480 DEOPT UNPACKING pc=0x000001418fe24102 sp=0x00000041e9ffcc48 mode 2
Event: 4.109 Thread 0x00000141e39bc480 Uncommon trap: trap_request=0xffffff4d fr.pc=0x00000141903808d8 relative=0x0000000000000dd8
Event: 4.109 Thread 0x00000141e39bc480 Uncommon trap: reason=unstable_if action=reinterpret pc=0x00000141903808d8 method=java.util.concurrent.ConcurrentHashMap.putVal(Ljava/lang/Object;Ljava/lang/Object;Z)Ljava/lang/Object; @ 231 c2
Event: 4.109 Thread 0x00000141e39bc480 DEOPT PACKING pc=0x00000141903808d8 sp=0x00000041e9ffba70
Event: 4.109 Thread 0x00000141e39bc480 DEOPT UNPACKING pc=0x000001418fe24102 sp=0x00000041e9ffb9e0 mode 2
Event: 4.992 Thread 0x00000141e39bc480 DEOPT PACKING pc=0x0000014188896299 sp=0x00000041e9ffa780
Event: 4.992 Thread 0x00000141e39bc480 DEOPT UNPACKING pc=0x000001418fd65722 sp=0x00000041e9ff9bf8 mode 0

Classes loaded (20 events):
Event: 5.068 Loading class java/util/stream/LongStream done
Event: 5.068 Loading class java/util/stream/LongPipeline done
Event: 5.068 Loading class java/util/stream/LongPipeline$StatelessOp done
Event: 5.068 Loading class java/util/stream/ReferencePipeline$5 done
Event: 5.069 Loading class java/util/stream/FindOps$FindSink$OfLong
Event: 5.069 Loading class java/util/stream/Sink$OfLong
Event: 5.069 Loading class java/util/stream/Sink$OfLong done
Event: 5.069 Loading class java/util/stream/FindOps$FindSink$OfLong done
Event: 5.069 Loading class java/util/OptionalLong
Event: 5.069 Loading class java/util/OptionalLong done
Event: 5.069 Loading class java/util/stream/ReferencePipeline$5$1
Event: 5.069 Loading class java/util/stream/ReferencePipeline$5$1 done
Event: 5.069 Loading class java/lang/invoke/VarHandleBytes$FieldInstanceReadWrite
Event: 5.069 Loading class java/lang/invoke/VarHandleBytes$FieldInstanceReadOnly
Event: 5.069 Loading class java/lang/invoke/VarHandleBytes$FieldInstanceReadOnly done
Event: 5.069 Loading class java/lang/invoke/VarHandleBytes$FieldInstanceReadWrite done
Event: 5.156 Loading class java/util/LinkedList$DescendingIterator
Event: 5.156 Loading class java/util/LinkedList$DescendingIterator done
Event: 18.077 Loading class jdk/internal/misc/Signal$1
Event: 18.078 Loading class jdk/internal/misc/Signal$1 done

Classes unloaded (0 events):
No events

Classes redefined (0 events):
No events

Internal exceptions (20 events):
Event: 1.263 Thread 0x00000141e39bc480 Exception <a 'java/lang/NoSuchMethodError'{0x000000070ca17b28}: 'void java.lang.invoke.DirectMethodHandle$Holder.invokeSpecial(java.lang.Object, java.lang.Object, java.lang.Object, java.lang.Object, java.lang.Object, java.lang.Object)'> (0x000000070ca17b28) 
thrown [s\open\src\hotspot\share\interpreter\linkResolver.cpp, line 805]
Event: 1.267 Thread 0x00000141e39bc480 Implicit null exception at 0x0000014190379fc7 to 0x000001419037a030
Event: 1.433 Thread 0x00000141e39bc480 Exception <a 'java/lang/NoSuchMethodError'{0x000000070bb07de8}: 'int java.lang.invoke.DirectMethodHandle$Holder.invokeSpecial(java.lang.Object, java.lang.Object, int)'> (0x000000070bb07de8) 
thrown [s\open\src\hotspot\share\interpreter\linkResolver.cpp, line 805]
Event: 1.439 Thread 0x00000141e39bc480 Exception <a 'java/lang/NoSuchMethodError'{0x000000070bb45730}: 'void java.lang.invoke.DirectMethodHandle$Holder.invokeSpecial(java.lang.Object, java.lang.Object, int, int)'> (0x000000070bb45730) 
thrown [s\open\src\hotspot\share\interpreter\linkResolver.cpp, line 805]
Event: 1.439 Thread 0x00000141e39bc480 Exception <a 'java/lang/NoSuchMethodError'{0x000000070bb54d00}: 'java.lang.Object java.lang.invoke.DirectMethodHandle$Holder.newInvokeSpecial(java.lang.Object, java.lang.Object, int, int)'> (0x000000070bb54d00) 
thrown [s\open\src\hotspot\share\interpreter\linkResolver.cpp, line 805]
Event: 1.479 Thread 0x00000141e39bc480 Exception <a 'java/lang/NoSuchMethodError'{0x000000070b6ab380}: 'long java.lang.invoke.DelegatingMethodHandle$Holder.reinvoke_L(java.lang.Object, java.lang.Object)'> (0x000000070b6ab380) 
thrown [s\open\src\hotspot\share\interpreter\linkResolver.cpp, line 805]
Event: 1.479 Thread 0x00000141e39bc480 Exception <a 'java/lang/NoSuchMethodError'{0x000000070b6c37e8}: 'void java.lang.invoke.DelegatingMethodHandle$Holder.reinvoke_L(java.lang.Object, java.lang.Object, long)'> (0x000000070b6c37e8) 
thrown [s\open\src\hotspot\share\interpreter\linkResolver.cpp, line 805]
Event: 1.531 Thread 0x00000141e39bc480 Exception <a 'java/lang/NoSuchMethodError'{0x0000000716a1c2d0}: 'long java.lang.invoke.DirectMethodHandle$Holder.invokeStatic(java.lang.Object, java.lang.Object, java.lang.Object)'> (0x0000000716a1c2d0) 
thrown [s\open\src\hotspot\share\interpreter\linkResolver.cpp, line 805]
Event: 1.531 Thread 0x00000141e39bc480 Exception <a 'java/lang/NoSuchMethodError'{0x0000000716a24130}: 'long java.lang.invoke.DirectMethodHandle$Holder.invokeStaticInit(java.lang.Object, java.lang.Object, java.lang.Object)'> (0x0000000716a24130) 
thrown [s\open\src\hotspot\share\interpreter\linkResolver.cpp, line 805]
Event: 1.535 Thread 0x00000141e39bc480 Exception <a 'java/lang/NoSuchMethodError'{0x0000000716a6e7d8}: 'java.lang.Object java.lang.invoke.DirectMethodHandle$Holder.newInvokeSpecial(java.lang.Object, java.lang.Object, long)'> (0x0000000716a6e7d8) 
thrown [s\open\src\hotspot\share\interpreter\linkResolver.cpp, line 805]
Event: 1.535 Thread 0x00000141e39bc480 Exception <a 'java/lang/NoSuchMethodError'{0x0000000716a76970}: 'java.lang.Object java.lang.invoke.Invokers$Holder.linkToTargetMethod(java.lang.Object, long, java.lang.Object)'> (0x0000000716a76970) 
thrown [s\open\src\hotspot\share\interpreter\linkResolver.cpp, line 805]
Event: 2.946 Thread 0x00000141e39bc480 Implicit null exception at 0x0000014190394ae2 to 0x0000014190395458
Event: 4.093 Thread 0x00000141e39bc480 Exception <a 'java/lang/NoSuchMethodError'{0x00000007164381e0}: 'java.lang.Object java.lang.invoke.DirectMethodHandle$Holder.newInvokeSpecial(java.lang.Object, java.lang.Object, java.lang.Object, int)'> (0x00000007164381e0) 
thrown [s\open\src\hotspot\share\interpreter\linkResolver.cpp, line 805]
Event: 4.093 Thread 0x00000141e39bc480 Exception <a 'java/lang/NoSuchMethodError'{0x00000007164406d0}: 'java.lang.Object java.lang.invoke.Invokers$Holder.linkToTargetMethod(java.lang.Object, java.lang.Object, int, java.lang.Object)'> (0x00000007164406d0) 
thrown [s\open\src\hotspot\share\interpreter\linkResolver.cpp, line 805]
Event: 4.978 Thread 0x00000141e39bc480 Exception <a 'java/lang/NoSuchMethodError'{0x00000007165f10b0}: 'java.lang.Object java.lang.invoke.DirectMethodHandle$Holder.invokeStatic(java.lang.Object, int, java.lang.Object)'> (0x00000007165f10b0) 
thrown [s\open\src\hotspot\share\interpreter\linkResolver.cpp, line 805]
Event: 4.981 Thread 0x00000141e3ec0f60 Exception <a 'java/lang/NoSuchMethodError'{0x000000071632f618}: 'java.lang.Object java.lang.invoke.DirectMethodHandle$Holder.invokeSpecial(java.lang.Object, java.lang.Object, java.lang.Object, java.lang.Object, java.lang.Object, int)'> (0x000000071632f618) 
thrown [s\open\src\hotspot\share\interpreter\linkResolver.cpp, line 805]
Event: 4.999 Thread 0x00000141e3ec0f60 Exception <a 'java/lang/NoSuchMethodError'{0x000000070cc1b5c0}: 'long java.lang.invoke.DirectMethodHandle$Holder.invokeStatic(java.lang.Object, long, long)'> (0x000000070cc1b5c0) 
thrown [s\open\src\hotspot\share\interpreter\linkResolver.cpp, line 805]
Event: 5.001 Thread 0x00000141e3ec16b0 Exception <a 'java/lang/NoSuchMethodError'{0x0000000716508ae8}: 'int java.lang.invoke.DirectMethodHandle$Holder.invokeStatic(java.lang.Object, int, java.lang.Object)'> (0x0000000716508ae8) 
thrown [s\open\src\hotspot\share\interpreter\linkResolver.cpp, line 805]
Event: 5.002 Thread 0x00000141e3ec16b0 Exception <a 'java/lang/NoSuchMethodError'{0x000000071651f7b0}: 'void java.lang.invoke.DirectMethodHandle$Holder.invokeStatic(java.lang.Object, java.lang.Object, int)'> (0x000000071651f7b0) 
thrown [s\open\src\hotspot\share\interpreter\linkResolver.cpp, line 805]
Event: 5.071 Thread 0x00000141e3ec0f60 Exception <a 'java/lang/NoSuchMethodError'{0x000000070cd97f60}: 'void java.lang.invoke.DirectMethodHandle$Holder.invokeSpecial(java.lang.Object, java.lang.Object, java.lang.Object, java.lang.Object, java.lang.Object, java.lang.Object, java.lang.Object)'> (0x000000070cd97f60) 
thrown [s\open\src\hotspot\share\interpreter\linkResolver.cpp, line 805]

VM Operations (20 events):
Event: 0.986 Executing VM operation: HandshakeAllThreads (Deoptimize) done
Event: 0.998 Executing VM operation: HandshakeAllThreads (Deoptimize)
Event: 0.998 Executing VM operation: HandshakeAllThreads (Deoptimize) done
Event: 1.020 Executing VM operation: HandshakeAllThreads (Deoptimize)
Event: 1.020 Executing VM operation: HandshakeAllThreads (Deoptimize) done
Event: 1.230 Executing VM operation: CollectForMetadataAllocation (Metadata GC Threshold)
Event: 1.235 Executing VM operation: CollectForMetadataAllocation (Metadata GC Threshold) done
Event: 1.238 Executing VM operation: G1PauseRemark
Event: 1.239 Executing VM operation: G1PauseRemark done
Event: 1.240 Executing VM operation: G1PauseCleanup
Event: 1.240 Executing VM operation: G1PauseCleanup done
Event: 1.467 Executing VM operation: HandshakeAllThreads (Deoptimize)
Event: 1.467 Executing VM operation: HandshakeAllThreads (Deoptimize) done
Event: 1.521 Executing VM operation: G1CollectForAllocation (G1 Evacuation Pause)
Event: 1.529 Executing VM operation: G1CollectForAllocation (G1 Evacuation Pause) done
Event: 5.065 Executing VM operation: HandshakeAllThreads (Deoptimize)
Event: 5.065 Executing VM operation: HandshakeAllThreads (Deoptimize) done
Event: 5.066 Executing VM operation: HandshakeAllThreads (Deoptimize)
Event: 5.066 Executing VM operation: HandshakeAllThreads (Deoptimize) done
Event: 18.079 Executing VM operation: Exit

Memory protections (0 events):
No events

Nmethod flushes (0 events):
No events

Events (20 events):
Event: 1.275 Thread 0x00000141e39bc480 Thread added: 0x00000141e3ec0810
Event: 1.284 Thread 0x00000141ff633d50 Thread added: 0x00000141e40f1d80
Event: 1.379 Thread 0x00000141ff633d50 Thread added: 0x00000141e9747010
Event: 1.552 Thread 0x00000141e37f48f0 Thread added: 0x00000141e3ebf970
Event: 1.667 Thread 0x00000141e9747010 Thread exited: 0x00000141e9747010
Event: 1.714 Thread 0x00000141e40f1d80 Thread exited: 0x00000141e40f1d80
Event: 3.995 Thread 0x00000141ff633d50 Thread added: 0x00000141e3972a20
Event: 4.290 Thread 0x00000141e3972a20 Thread exited: 0x00000141e3972a20
Event: 4.977 Thread 0x00000141e39bc480 Thread added: 0x00000141e3ec0f60
Event: 5.003 Thread 0x00000141e3ec16b0 Thread added: 0x00000141e8fc3630
Event: 5.003 Thread 0x00000141e3ec16b0 Thread added: 0x00000141e8fc3d80
Event: 5.004 Thread 0x00000141ff633d50 Thread added: 0x00000141e8ea7c30
Event: 5.074 Thread 0x00000141e3ec0f60 Thread added: 0x00000141e8fc6210
Event: 10.156 Thread 0x00000141e8ea7c30 Thread exited: 0x00000141e8ea7c30
Event: 18.078 Thread 0x00000141ff622710 Thread added: 0x00000141e8fc5370
Event: 18.078 Thread 0x00000141e8fc5370 Thread added: 0x00000141e8fc5ac0
Event: 18.078 Thread 0x00000141e8fc5370 Thread added: 0x00000141e8fc4c20
Event: 18.078 Thread 0x00000141e8fc5ac0 Thread exited: 0x00000141e8fc5ac0
Event: 18.079 Thread 0x00000141e8fc4c20 Thread exited: 0x00000141e8fc4c20
Event: 18.079 Thread 0x00000141e8fc5370 Before exit entered


Dynamic libraries:
0x00007ff7a9360000 - 0x00007ff7a9370000 	C:\Program Files\Java\jdk-24\bin\java.exe
0x00007ff8b63a0000 - 0x00007ff8b6609000 	C:\Windows\SYSTEM32\ntdll.dll
0x00007ff8b49f0000 - 0x00007ff8b4ab9000 	C:\Windows\System32\KERNEL32.DLL
0x00007ff8b38c0000 - 0x00007ff8b3cb3000 	C:\Windows\System32\KERNELBASE.dll
0x00007ff8b3ff0000 - 0x00007ff8b413b000 	C:\Windows\System32\ucrtbase.dll
0x00007ff897be0000 - 0x00007ff897bfb000 	C:\Program Files\Java\jdk-24\bin\VCRUNTIME140.dll
0x00007ff897cb0000 - 0x00007ff897cc6000 	C:\Program Files\Java\jdk-24\bin\jli.dll
0x00007ff8b42e0000 - 0x00007ff8b44a4000 	C:\Windows\System32\USER32.dll
0x00007ff8a2760000 - 0x00007ff8a29f3000 	C:\Windows\WinSxS\amd64_microsoft.windows.common-controls_6595b64144ccf1df_6.0.26100.5074_none_3e0d6f78e32fd63f\COMCTL32.dll
0x00007ff8b4140000 - 0x00007ff8b4167000 	C:\Windows\System32\win32u.dll
0x00007ff8b5370000 - 0x00007ff8b5419000 	C:\Windows\System32\msvcrt.dll
0x00007ff8b4bf0000 - 0x00007ff8b4c1b000 	C:\Windows\System32\GDI32.dll
0x00007ff8b3cc0000 - 0x00007ff8b3ded000 	C:\Windows\System32\gdi32full.dll
0x00007ff8b3750000 - 0x00007ff8b37f3000 	C:\Windows\System32\msvcp_win.dll
0x00007ff8b42a0000 - 0x00007ff8b42cf000 	C:\Windows\System32\IMM32.DLL
0x00007ff8a6ec0000 - 0x00007ff8a6ecc000 	C:\Program Files\Java\jdk-24\bin\vcruntime140_1.dll
0x00007ff8965b0000 - 0x00007ff89663e000 	C:\Program Files\Java\jdk-24\bin\msvcp140.dll
0x00007ff843340000 - 0x00007ff8440e1000 	C:\Program Files\Java\jdk-24\bin\server\jvm.dll
0x00007ff8b57c0000 - 0x00007ff8b5874000 	C:\Windows\System32\ADVAPI32.dll
0x00007ff8b4b40000 - 0x00007ff8b4be6000 	C:\Windows\System32\sechost.dll
0x00007ff8b4170000 - 0x00007ff8b4288000 	C:\Windows\System32\RPCRT4.dll
0x00007ff8b5470000 - 0x00007ff8b54e4000 	C:\Windows\System32\WS2_32.dll
0x00007ff8b32e0000 - 0x00007ff8b333e000 	C:\Windows\SYSTEM32\POWRPROF.dll
0x00007ff8ab420000 - 0x00007ff8ab455000 	C:\Windows\SYSTEM32\WINMM.dll
0x00007ff8abc60000 - 0x00007ff8abc6b000 	C:\Windows\SYSTEM32\VERSION.dll
0x00007ff8b32c0000 - 0x00007ff8b32d4000 	C:\Windows\SYSTEM32\UMPDC.dll
0x00007ff8b21d0000 - 0x00007ff8b21eb000 	C:\Windows\SYSTEM32\kernel.appcore.dll
0x00007ff8a6b80000 - 0x00007ff8a6b8a000 	C:\Program Files\Java\jdk-24\bin\jimage.dll
0x00007ff8ac4c0000 - 0x00007ff8ac702000 	C:\Windows\SYSTEM32\DBGHELP.DLL
0x00007ff8b44c0000 - 0x00007ff8b483b000 	C:\Windows\System32\combase.dll
0x00007ff8b56e0000 - 0x00007ff8b57b7000 	C:\Windows\System32\OLEAUT32.dll
0x00007ff8a8030000 - 0x00007ff8a806d000 	C:\Windows\SYSTEM32\dbgcore.DLL
0x00007ff8b36b0000 - 0x00007ff8b3749000 	C:\Windows\System32\bcryptPrimitives.dll
0x00007ff8b0020000 - 0x00007ff8b002f000 	C:\Program Files\Java\jdk-24\bin\instrument.dll
0x00007ff897bc0000 - 0x00007ff897bde000 	C:\Program Files\Java\jdk-24\bin\java.dll
0x00007ff8b6130000 - 0x00007ff8b62c8000 	C:\Windows\System32\ole32.dll
0x00007ff8b4c20000 - 0x00007ff8b536d000 	C:\Windows\System32\SHELL32.dll
0x00007ff8b3e80000 - 0x00007ff8b3fec000 	C:\Windows\System32\wintypes.dll
0x00007ff8b0fb0000 - 0x00007ff8b1809000 	C:\Windows\SYSTEM32\windows.storage.dll
0x00007ff8b55e0000 - 0x00007ff8b56d0000 	C:\Windows\System32\SHCORE.dll
0x00007ff8b4880000 - 0x00007ff8b48e2000 	C:\Windows\System32\shlwapi.dll
0x00007ff8b3450000 - 0x00007ff8b3479000 	C:\Windows\SYSTEM32\profapi.dll
0x00007ff887740000 - 0x00007ff887817000 	C:\Program Files\Java\jdk-24\bin\jsvml.dll
0x00007ff8a57e0000 - 0x00007ff8a57f0000 	C:\Program Files\Java\jdk-24\bin\net.dll
0x00007ff8b2830000 - 0x00007ff8b289b000 	C:\Windows\system32\mswsock.dll
0x00007ff897ba0000 - 0x00007ff897bb6000 	C:\Program Files\Java\jdk-24\bin\nio.dll
0x00007ff897920000 - 0x00007ff897937000 	C:\Program Files\Java\jdk-24\bin\zip.dll
0x000001419d920000 - 0x000001419d923000 	C:\Users\danielcc\.openjfx\cache\17.0.6\api-ms-win-core-console-l1-1-0.dll
0x000001419d930000 - 0x000001419d933000 	C:\Users\danielcc\.openjfx\cache\17.0.6\api-ms-win-core-console-l1-2-0.dll
0x000001419d940000 - 0x000001419d943000 	C:\Users\danielcc\.openjfx\cache\17.0.6\api-ms-win-core-datetime-l1-1-0.dll
0x000001419d950000 - 0x000001419d953000 	C:\Users\danielcc\.openjfx\cache\17.0.6\api-ms-win-core-debug-l1-1-0.dll
0x000001419d960000 - 0x000001419d963000 	C:\Users\danielcc\.openjfx\cache\17.0.6\api-ms-win-core-errorhandling-l1-1-0.dll
0x000001419d970000 - 0x000001419d974000 	C:\Users\danielcc\.openjfx\cache\17.0.6\api-ms-win-core-file-l1-1-0.dll
0x000001419d980000 - 0x000001419d983000 	C:\Users\danielcc\.openjfx\cache\17.0.6\api-ms-win-core-file-l1-2-0.dll
0x000001419d990000 - 0x000001419d993000 	C:\Users\danielcc\.openjfx\cache\17.0.6\api-ms-win-core-file-l2-1-0.dll
0x000001419d9a0000 - 0x000001419d9a3000 	C:\Users\danielcc\.openjfx\cache\17.0.6\api-ms-win-core-handle-l1-1-0.dll
0x000001419d9b0000 - 0x000001419d9b3000 	C:\Users\danielcc\.openjfx\cache\17.0.6\api-ms-win-core-heap-l1-1-0.dll
0x000001419d9c0000 - 0x000001419d9c3000 	C:\Users\danielcc\.openjfx\cache\17.0.6\api-ms-win-core-interlocked-l1-1-0.dll
0x000001419d9d0000 - 0x000001419d9d3000 	C:\Users\danielcc\.openjfx\cache\17.0.6\api-ms-win-core-libraryloader-l1-1-0.dll
0x000001419d9e0000 - 0x000001419d9e3000 	C:\Users\danielcc\.openjfx\cache\17.0.6\api-ms-win-core-localization-l1-2-0.dll
0x000001419d9f0000 - 0x000001419d9f3000 	C:\Users\danielcc\.openjfx\cache\17.0.6\api-ms-win-core-memory-l1-1-0.dll
0x000001419da00000 - 0x000001419da03000 	C:\Users\danielcc\.openjfx\cache\17.0.6\api-ms-win-core-namedpipe-l1-1-0.dll
0x000001419da10000 - 0x000001419da13000 	C:\Users\danielcc\.openjfx\cache\17.0.6\api-ms-win-core-processenvironment-l1-1-0.dll
0x000001419da20000 - 0x000001419da23000 	C:\Users\danielcc\.openjfx\cache\17.0.6\api-ms-win-core-processthreads-l1-1-0.dll
0x000001419da30000 - 0x000001419da33000 	C:\Users\danielcc\.openjfx\cache\17.0.6\api-ms-win-core-processthreads-l1-1-1.dll
0x000001419da40000 - 0x000001419da43000 	C:\Users\danielcc\.openjfx\cache\17.0.6\api-ms-win-core-profile-l1-1-0.dll
0x000001419da50000 - 0x000001419da53000 	C:\Users\danielcc\.openjfx\cache\17.0.6\api-ms-win-core-rtlsupport-l1-1-0.dll
0x000001419da60000 - 0x000001419da63000 	C:\Users\danielcc\.openjfx\cache\17.0.6\api-ms-win-core-string-l1-1-0.dll
0x000001419da70000 - 0x000001419da73000 	C:\Users\danielcc\.openjfx\cache\17.0.6\api-ms-win-core-synch-l1-1-0.dll
0x000001419da80000 - 0x000001419da83000 	C:\Users\danielcc\.openjfx\cache\17.0.6\api-ms-win-core-synch-l1-2-0.dll
0x000001419da90000 - 0x000001419da93000 	C:\Users\danielcc\.openjfx\cache\17.0.6\api-ms-win-core-sysinfo-l1-1-0.dll
0x000001419daa0000 - 0x000001419daa3000 	C:\Users\danielcc\.openjfx\cache\17.0.6\api-ms-win-core-timezone-l1-1-0.dll
0x000001419dab0000 - 0x000001419dab3000 	C:\Users\danielcc\.openjfx\cache\17.0.6\api-ms-win-core-util-l1-1-0.dll
0x000001419dac0000 - 0x000001419dac3000 	C:\Users\danielcc\.openjfx\cache\17.0.6\api-ms-win-crt-conio-l1-1-0.dll
0x000001419dad0000 - 0x000001419dad4000 	C:\Users\danielcc\.openjfx\cache\17.0.6\api-ms-win-crt-convert-l1-1-0.dll
0x000001419dae0000 - 0x000001419dae3000 	C:\Users\danielcc\.openjfx\cache\17.0.6\api-ms-win-crt-environment-l1-1-0.dll
0x000001419daf0000 - 0x000001419daf3000 	C:\Users\danielcc\.openjfx\cache\17.0.6\api-ms-win-crt-filesystem-l1-1-0.dll
0x000001419db00000 - 0x000001419db03000 	C:\Users\danielcc\.openjfx\cache\17.0.6\api-ms-win-crt-heap-l1-1-0.dll
0x000001419db10000 - 0x000001419db13000 	C:\Users\danielcc\.openjfx\cache\17.0.6\api-ms-win-crt-locale-l1-1-0.dll
0x000001419db20000 - 0x000001419db25000 	C:\Users\danielcc\.openjfx\cache\17.0.6\api-ms-win-crt-math-l1-1-0.dll
0x000001419db30000 - 0x000001419db35000 	C:\Users\danielcc\.openjfx\cache\17.0.6\api-ms-win-crt-multibyte-l1-1-0.dll
0x000001419db40000 - 0x000001419db50000 	C:\Users\danielcc\.openjfx\cache\17.0.6\api-ms-win-crt-private-l1-1-0.dll
0x000001419db50000 - 0x000001419db53000 	C:\Users\danielcc\.openjfx\cache\17.0.6\api-ms-win-crt-process-l1-1-0.dll
0x000001419db60000 - 0x000001419db64000 	C:\Users\danielcc\.openjfx\cache\17.0.6\api-ms-win-crt-runtime-l1-1-0.dll
0x000001419db70000 - 0x000001419db74000 	C:\Users\danielcc\.openjfx\cache\17.0.6\api-ms-win-crt-stdio-l1-1-0.dll
0x000001419db80000 - 0x000001419db84000 	C:\Users\danielcc\.openjfx\cache\17.0.6\api-ms-win-crt-string-l1-1-0.dll
0x000001419db90000 - 0x000001419db93000 	C:\Users\danielcc\.openjfx\cache\17.0.6\api-ms-win-crt-time-l1-1-0.dll
0x000001419dba0000 - 0x000001419dba3000 	C:\Users\danielcc\.openjfx\cache\17.0.6\api-ms-win-crt-utility-l1-1-0.dll
0x00007ff88b270000 - 0x00007ff88b36c000 	C:\Users\danielcc\.openjfx\cache\17.0.6\ucrtbase.dll
0x00007ff8a7910000 - 0x00007ff8a792a000 	C:\Users\danielcc\.openjfx\cache\17.0.6\vcruntime140.dll
0x00007ff8a7900000 - 0x00007ff8a790c000 	C:\Users\danielcc\.openjfx\cache\17.0.6\vcruntime140_1.dll
0x00007ff89cf50000 - 0x00007ff89cfdd000 	C:\Users\danielcc\.openjfx\cache\17.0.6\msvcp140.dll
0x00007ff8a78f0000 - 0x00007ff8a78f9000 	C:\Users\danielcc\.openjfx\cache\17.0.6\msvcp140_1.dll
0x00007ff89cf20000 - 0x00007ff89cf4f000 	C:\Users\danielcc\.openjfx\cache\17.0.6\msvcp140_2.dll
0x00007ff899ce0000 - 0x00007ff899d0a000 	C:\Users\danielcc\.openjfx\cache\17.0.6\prism_d3d.dll
0x00007ff881f90000 - 0x00007ff882141000 	C:\Windows\system32\d3d9.dll
0x00007ff8b08e0000 - 0x00007ff8b090b000 	C:\Windows\SYSTEM32\dwmapi.dll
0x00007ff8b0730000 - 0x00007ff8b0774000 	C:\Windows\SYSTEM32\dxcore.dll
0x00007ff8b05e0000 - 0x00007ff8b0688000 	C:\Windows\system32\uxtheme.dll
0x00007ff8ab460000 - 0x00007ff8ab61b000 	C:\WINDOWS\System32\DriverStore\FileRepository\u0387827.inf_amd64_7004fc67026a57ee\B384926\aticfx64.dll
0x00007ff865030000 - 0x00007ff865064000 	C:\WINDOWS\System32\DriverStore\FileRepository\u0387827.inf_amd64_7004fc67026a57ee\B384926\atiu9p64.dll
0x00007ff855ab0000 - 0x00007ff856805000 	C:\WINDOWS\System32\DriverStore\FileRepository\u0387827.inf_amd64_7004fc67026a57ee\B384926\atiumd64.dll
0x000000005bea0000 - 0x000000005cdc7000 	C:\Windows\System32\DriverStore\FileRepository\u0387827.inf_amd64_7004fc67026a57ee\B384926\atiumd6a.dll
0x00007ff8b58e0000 - 0x00007ff8b5d67000 	C:\Windows\System32\SETUPAPI.dll
0x00007ff8a8cc0000 - 0x00007ff8a8cf5000 	C:\Windows\SYSTEM32\amdihk64.dll
0x00007ff8ac430000 - 0x00007ff8ac490000 	C:\Windows\SYSTEM32\directxdatabasehelper.dll
0x00007ff893cb0000 - 0x00007ff893cf2000 	C:\Users\danielcc\.openjfx\cache\17.0.6\glass.dll
0x00007ff8b48f0000 - 0x00007ff8b49e1000 	C:\Windows\System32\COMDLG32.dll
0x00007ff8b5fd0000 - 0x00007ff8b6128000 	C:\Windows\System32\MSCTF.dll
0x00007ff8a6250000 - 0x00007ff8a6264000 	C:\Users\danielcc\.openjfx\cache\17.0.6\javafx_font.dll
0x00007ff8b2c00000 - 0x00007ff8b2c1b000 	C:\Windows\SYSTEM32\CRYPTSP.dll
0x00007ff8b2250000 - 0x00007ff8b228b000 	C:\Windows\system32\rsaenh.dll
0x00007ff8b28d0000 - 0x00007ff8b28fb000 	C:\Windows\SYSTEM32\USERENV.dll
0x00007ff8b3420000 - 0x00007ff8b3446000 	C:\Windows\SYSTEM32\bcrypt.dll
0x00007ff8b2a60000 - 0x00007ff8b2a6c000 	C:\Windows\SYSTEM32\CRYPTBASE.dll
0x00007ff8b1a20000 - 0x00007ff8b1a54000 	C:\Windows\SYSTEM32\IPHLPAPI.DLL
0x00007ff8b4870000 - 0x00007ff8b487a000 	C:\Windows\System32\NSI.dll
0x00007ff8b1aa0000 - 0x00007ff8b1bc6000 	C:\Windows\SYSTEM32\DNSAPI.dll
0x00007ff8ad900000 - 0x00007ff8ad90b000 	C:\Windows\System32\rasadhlp.dll
0x00007ff8ae170000 - 0x00007ff8ae1f6000 	C:\Windows\System32\fwpuclnt.dll
0x00007ff8a5470000 - 0x00007ff8a547e000 	C:\Program Files\Java\jdk-24\bin\sunmscapi.dll
0x00007ff8b3530000 - 0x00007ff8b36a7000 	C:\Windows\System32\CRYPT32.dll
0x00007ff8b2d50000 - 0x00007ff8b2d80000 	C:\Windows\SYSTEM32\ncrypt.dll
0x00007ff8b2d00000 - 0x00007ff8b2d3f000 	C:\Windows\SYSTEM32\NTASN1.dll
0x00007ff89cae0000 - 0x00007ff89cae8000 	C:\Windows\system32\wshunix.dll
0x00007ff8ae900000 - 0x00007ff8aeb67000 	C:\Windows\SYSTEM32\dwrite.dll
0x00007ff8b54f0000 - 0x00007ff8b55a1000 	C:\Windows\System32\clbcatq.dll
0x00007ff8ae6c0000 - 0x00007ff8ae8ef000 	C:\Windows\SYSTEM32\WindowsCodecs.dll

JVMTI agents:
C:\Program Files\JetBrains\IntelliJ IDEA Community Edition 2025.2.1\lib\idea_rt.jar path:C:\Program Files\Java\jdk-24\bin\instrument.dll, loaded, initialized, instrumentlib options:59926

dbghelp: loaded successfully - version: 4.0.5 - missing functions: none
symbol engine: initialized successfully - sym options: 0x614 - pdb path: .;C:\Program Files\Java\jdk-24\bin;C:\Windows\SYSTEM32;C:\Windows\WinSxS\amd64_microsoft.windows.common-controls_6595b64144ccf1df_6.0.26100.5074_none_3e0d6f78e32fd63f;C:\Program Files\Java\jdk-24\bin\server;C:\Users\danielcc\.openjfx\cache\17.0.6;C:\WINDOWS\System32\DriverStore\FileRepository\u0387827.inf_amd64_7004fc67026a57ee\B384926;C:\Program Files\Common Files\Microsoft Shared\Ink

VM Arguments:
jvm_args: -javaagent:C:\Program Files\JetBrains\IntelliJ IDEA Community Edition 2025.2.1\lib\idea_rt.jar=59926 -Dfile.encoding=UTF-8 -Dsun.stdout.encoding=UTF-8 -Dsun.stderr.encoding=UTF-8 --module-path=C:\Users\danielcc\.m2\repository\com\github\almasb\fxgl\11.17\fxgl-11.17.jar;C:\Users\danielcc\.m2\repository\com\fasterxml\jackson\core\jackson-databind\2.12.1\jackson-databind-2.12.1.jar;C:\Users\danielcc\.m2\repository\com\gluonhq\attach\lifecycle\4.0.9\lifecycle-4.0.9.jar;C:\Users\danielcc\.m2\repository\org\openjfx\javafx-base\17.0.6\javafx-base-17.0.6-win.jar;C:\Users\danielcc\.m2\repository\com\fasterxml\jackson\core\jackson-annotations\2.12.1\jackson-annotations-2.12.1.jar;C:\Users\danielcc\.m2\repository\org\jetbrains\kotlin\kotlin-stdlib\1.5.10\kotlin-stdlib-1.5.10-modular.jar;C:\Users\danielcc\.m2\repository\com\fasterxml\jackson\core\jackson-core\2.12.1\jackson-core-2.12.1.jar;C:\Users\danielcc\.m2\repository\org\openjfx\javafx-controls\17.0.6\javafx-controls-17.0.6-win.jar;C:\Users\danielcc\Desktop\DAM 1T\code\practicaOrtoRestaurante\desktopIJ\target\classes;C:\Users\danielcc\.m2\repository\com\gluonhq\attach\storage\4.0.9\storage-4.0.9.jar;C:\Users\danielcc\.m2\repository\org\openjfx\javafx-fxml\17.0.6\javafx-fxml-17.0.6-win.jar;C:\Users\danielcc\.m2\repository\org\openjfx\javafx-web\17.0.6\javafx-web-17.0.6-win.jar;C:\Users\danielcc\.m2\repository\com\gluonhq\attach\audio\4.0.9\audio-4.0.9.jar;C:\Users\danielcc\.m2\repository\eu\hansolo\tilesfx\11.48\tilesfx-11.48.jar;C:\Users\danielcc\.m2\repository\com\google\errorprone\error_prone_annotations\2.38.0\error_prone_annotations-2.38.0.jar;C:\Users\danielcc\.m2\repository\org\mongodb\bson\5.5.1\bson-5.5.1.jar;C:\Users\danielcc\.m2\repository\org\mongodb\mongodb-driver-sync\5.5.1\mongodb-driver-sync-5.5.1.jar;C:\Users\danielcc\.m2\repository\com\gluonhq\attach\util\4.0.9\util-4.0.9.jar;C:\Users\danielcc\.m2\repository\org\kordamp\ikonli\ikonli-javafx\12.3.1\ikonli-javafx-12.3.1.jar;C:\Users\danielcc\.m2\repository\com\github\almasb\fxgl-scene\11.17\fxgl-scene-11.17.jar;C:\Users\danielcc\.m2\repository\com\github\almasb\fxgl-entity\11.17\fxgl-entity-11.17.jar;C:\Users\danielcc\.m2\repository-Djdk.module.main=com.example.practortorestaurantedesktopp 
java_command: com.example.practortorestaurantedesktopp/com.example.practortorestaurantedesktopp.HelloApplication
java_class_path (initial): C:\Users\danielcc\.m2\repository\org\mongodb\bson-record-codec\5.5.1\bson-record-codec-5.5.1.jar;C:\Users\danielcc\.m2\repository\org\slf4j\slf4j-jdk14\1.7.28\slf4j-jdk14-1.7.28.jar;C:\Users\danielcc\.m2\repository\org\slf4j\slf4j-api\1.7.28\slf4j-api-1.7.28.jar;C:\Users\danielcc\.m2\repository\org\openjfx\javafx-controls\17.0.6\javafx-controls-17.0.6.jar;C:\Users\danielcc\.m2\repository\org\openjfx\javafx-graphics\17.0.6\javafx-graphics-17.0.6.jar;C:\Users\danielcc\.m2\repository\org\openjfx\javafx-base\17.0.6\javafx-base-17.0.6.jar;C:\Users\danielcc\.m2\repository\org\openjfx\javafx-fxml\17.0.6\javafx-fxml-17.0.6.jar;C:\Users\danielcc\.m2\repository\org\openjfx\javafx-web\17.0.6\javafx-web-17.0.6.jar;C:\Users\danielcc\.m2\repository\org\openjfx\javafx-swing\17.0.6\javafx-swing-17.0.6.jar;C:\Users\danielcc\.m2\repository\org\openjfx\javafx-swing\17.0.6\javafx-swing-17.0.6-win.jar;C:\Users\danielcc\.m2\repository\org\openjfx\javafx-media\17.0.6\javafx-media-17.0.6.jar;C:\Users\danielcc\.m2\repository\org\jetbrains\annotations\13.0\annotations-13.0.jar;C:\Users\danielcc\.m2\repository\org\jetbrains\kotlin\kotlin-stdlib-common\1.5.10\kotlin-stdlib-common-1.5.10.jar
Launcher Type: SUN_STANDARD

[Global flags]
     intx CICompilerCount                          = 4                                         {product} {ergonomic}
     uint ConcGCThreads                            = 3                                         {product} {ergonomic}
     uint G1ConcRefinementThreads                  = 10                                        {product} {ergonomic}
   size_t G1HeapRegionSize                         = 2097152                                   {product} {ergonomic}
   size_t InitialHeapSize                          = 257949696                                 {product} {ergonomic}
   size_t MarkStackSize                            = 4194304                                   {product} {ergonomic}
   size_t MarkStackSizeMax                         = 536870912                                 {product} {ergonomic}
   size_t MaxHeapSize                              = 4106223616                                {product} {ergonomic}
   size_t MaxNewSize                               = 2462056448                                {product} {ergonomic}
   size_t MinHeapDeltaBytes                        = 2097152                                   {product} {ergonomic}
   size_t MinHeapSize                              = 8388608                                   {product} {ergonomic}
    uintx NonNMethodCodeHeapSize                   = 5832704                                {pd product} {ergonomic}
    uintx NonProfiledCodeHeapSize                  = 122945536                              {pd product} {ergonomic}
    uintx ProfiledCodeHeapSize                     = 122880000                              {pd product} {ergonomic}
    uintx ReservedCodeCacheSize                    = 251658240                              {pd product} {ergonomic}
     bool SegmentedCodeCache                       = true                                      {product} {ergonomic}
   size_t SoftMaxHeapSize                          = 4106223616                             {manageable} {ergonomic}
     bool UseCompressedOops                        = true                           {product lp64_product} {ergonomic}
     bool UseG1GC                                  = true                                      {product} {ergonomic}
     bool UseLargePagesIndividualAllocation        = false                                  {pd product} {ergonomic}

Logging:
Log output configuration:
 #0: stdout all=off uptime,level,tags foldmultilines=false
 #1: stderr all=off uptime,level,tags foldmultilines=false

Environment Variables:
PATH=C:\Program Files\Common Files\Oracle\Java\javapath;C:\Windows\system32;C:\Windows;C:\Windows\System32\Wbem;C:\Windows\System32\WindowsPowerShell\v1.0\;C:\Windows\System32\OpenSSH\;C:\Program Files\nodejs\;C:\kotlinc\bin;C:\javafx-sdk-25\lib;;C:\Strawberry\c\bin;C:\Strawberry\perl\site\bin;C:\Strawberry\perl\bin;C:\Program Files\Docker\Docker\resources\bin;C:\Users\danielcc\AppData\Local\Programs\Python\Python314\Scripts\;C:\Users\danielcc\AppData\Local\Programs\Python\Python314\;C:\Users\danielcc\AppData\Local\Programs\Python\Launcher\;C:\Users\danielcc\AppData\Local\Microsoft\WindowsApps;C:\Users\danielcc\AppData\Local\Programs\Microsoft VS Code\bin;C:\Users\danielcc\AppData\Local\Programs\Git\cmd;C:\Users\danielcc\AppData\Roaming\npm;C:\Users\danielcc\AppData\Local\Programs\MiKTeX\miktex\bin\x64\
USERNAME=danielcc
OS=Windows_NT
PROCESSOR_IDENTIFIER=AMD64 Family 25 Model 80 Stepping 0, AuthenticAMD
TMP=C:\Users\danielcc\AppData\Local\Temp
TEMP=C:\Users\danielcc\AppData\Local\Temp




Periodic native trim disabled

---------------  S Y S T E M  ---------------

OS:
 Windows 11 , 64 bit Build 26100 (10.0.26100.5074)
OS uptime: 7 days 22:26 hours
Hyper-V role detected

CPU: total 12 (initial active 12) (12 cores per cpu, 2 threads per core) family 25 model 80 stepping 0 microcode 0xa50000d, cx8, cmov, fxsr, ht, mmx, 3dnowpref, sse, sse2, sse3, ssse3, sse4a, sse4.1, sse4.2, popcnt, lzcnt, tsc, tscinvbit, avx, avx2, aes, erms, clmul, bmi1, bmi2, adx, sha, fma, vzeroupper, clflush, clflushopt, hv, rdtscp, rdpid, fsrm, f16c, cet_ss
Processor Information for the first 12 processors :
  Max Mhz: 3901, Current Mhz: 3901, Mhz Limit: 3901

Memory: 4k page, system-wide physical 15659M (698M free)
TotalPageFile size 25881M (AvailPageFile size 850M)
current process WorkingSet (physical memory assigned to process): 179M, peak: 211M
current process commit charge ("private bytes"): 241M, peak: 410M

vm_info: Java HotSpot(TM) 64-Bit Server VM (24.0.2+12-54) for windows-amd64 JRE (24.0.2+12-54), built on 2025-07-08T12:10:27Z with MS VC++ 17.6 (VS2022)

END.
