#
# A fatal error has been detected by the Java Runtime Environment:
#
#  EXCEPTION_ACCESS_VIOLATION (0xc0000005) at pc=0x00007ff893cd6b07, pid=8152, tid=11824
#
# JRE version: Java(TM) SE Runtime Environment (24.0.2+12) (build 24.0.2+12-54)
# Java VM: Java HotSpot(TM) 64-Bit Server VM (24.0.2+12-54, mixed mode, sharing, tiered, compressed oops, compressed class ptrs, g1 gc, windows-amd64)
# Problematic frame:
# C  [glass.dll+0x26b07]
#
# No core dump will be written. Minidumps are not enabled by default on client versions of Windows
#
# If you would like to submit a bug report, please visit:
#   https://bugreport.java.com/bugreport/crash.jsp
#

---------------  S U M M A R Y ------------

Command Line: -javaagent:C:\Program Files\JetBrains\IntelliJ IDEA Community Edition 2025.2.1\lib\idea_rt.jar=59983 -Dfile.encoding=UTF-8 -Dsun.stdout.encoding=UTF-8 -Dsun.stderr.encoding=UTF-8 --module-path=C:\Users\danielcc\.m2\repository\com\github\almasb\fxgl\11.17\fxgl-11.17.jar;C:\Users\danielcc\.m2\repository\com\fasterxml\jackson\core\jackson-databind\2.12.1\jackson-databind-2.12.1.jar;C:\Users\danielcc\.m2\repository\com\gluonhq\attach\lifecycle\4.0.9\lifecycle-4.0.9.jar;C:\Users\danielcc\.m2\repository\org\openjfx\javafx-base\17.0.6\javafx-base-17.0.6-win.jar;C:\Users\danielcc\.m2\repository\com\fasterxml\jackson\core\jackson-annotations\2.12.1\jackson-annotations-2.12.1.jar;C:\Users\danielcc\.m2\repository\org\jetbrains\kotlin\kotlin-stdlib\1.5.10\kotlin-stdlib-1.5.10-modular.jar;C:\Users\danielcc\.m2\repository\com\fasterxml\jackson\core\jackson-core\2.12.1\jackson-core-2.12.1.jar;C:\Users\danielcc\.m2\repository\org\openjfx\javafx-controls\17.0.6\javafx-controls-17.0.6-win.jar;C:\Users\danielcc\Desktop\DAM 1T\code\practicaOrtoRestaurante\desktopIJ\target\classes;C:\Users\danielcc\.m2\repository\com\gluonhq\attach\storage\4.0.9\storage-4.0.9.jar;C:\Users\danielcc\.m2\repository\org\openjfx\javafx-fxml\17.0.6\javafx-fxml-17.0.6-win.jar;C:\Users\danielcc\.m2\repository\org\openjfx\javafx-web\17.0.6\javafx-web-17.0.6-win.jar;C:\Users\danielcc\.m2\repository\com\gluonhq\attach\audio\4.0.9\audio-4.0.9.jar;C:\Users\danielcc\.m2\repository\eu\hansolo\tilesfx\11.48\tilesfx-11.48.jar;C:\Users\danielcc\.m2\repository\com\google\errorprone\error_prone_annotations\2.38.0\error_prone_annotations-2.38.0.jar;C:\Users\danielcc\.m2\repository\org\mongodb\bson\5.5.1\bson-5.5.1.jar;C:\Users\danielcc\.m2\repository\org\mongodb\mongodb-driver-sync\5.5.1\mongodb-driver-sync-5.5.1.jar;C:\Users\danielcc\.m2\repository\com\gluonhq\attach\util\4.0.9\util-4.0.9.jar;C:\Users\danielcc\.m2\repository\org\kordamp\ikonli\ikonli-javafx\12.3.1\ikonli-javafx-12.3.1.jar;C:\Users\danielcc\.m2\repository\com\github\almasb\fxgl-scene\11.17\fxgl-scene-11.17.jar;C:\Users\danielcc\.m2\repository\com\github\almasb\fxgl-entity\11.17\fxgl-entity-11.17.jar;C:\Users\danielcc\.m2\repository-Djdk.module.main=com.example.practortorestaurantedesktopp com.example.practortorestaurantedesktopp/com.example.practortorestaurantedesktopp.HelloApplication

Host: AMD Ryzen 5 5600G with Radeon Graphics         , 12 cores, 15G,  Windows 11 , 64 bit Build 26100 (10.0.26100.5074)
Time: Tue Nov  4 17:24:15 2025 Hora estándar romance elapsed time: 35.178654 seconds (0d 0h 0m 35s)

---------------  T H R E A D  ---------------

Current thread (0x000002436db32e00):  VMThread "VM Thread"          [id=11824, stack(0x000000de54700000,0x000000de54800000) (1024K)]

Stack: [0x000000de54700000,0x000000de54800000],  sp=0x000000de547fee30,  free space=1019k
Native frames: (J=compiled Java code, j=interpreted, Vv=VM code, C=native code)
C  [glass.dll+0x26b07]  (no source info available)
C  [ucrtbase.dll+0x4bc75]  (no source info available)
C  [ucrtbase.dll+0x4b897]  (no source info available)
C  [ucrtbase.dll+0x4b84d]  (no source info available)
C  [glass.dll+0x24261]  (no source info available)
C  [glass.dll+0x24386]  (no source info available)
C  [ntdll.dll+0x160ede]  (no source info available)
C  [ntdll.dll+0x7483e]  (no source info available)
C  [ntdll.dll+0xfdfff]  (no source info available)
C  [ntdll.dll+0x8ede]  (no source info available)
C  [KERNEL32.DLL+0x418ab]  (no source info available)
C  [ucrtbase.dll+0xa0093]  (no source info available)
V  [jvm.dll+0x72928c]  (no source info available)
V  [jvm.dll+0x728dc0]  (no source info available)
V  [jvm.dll+0x41b344]  (no source info available)
V  [jvm.dll+0x8e29c2]  (no source info available)
V  [jvm.dll+0x8e3d0c]  (no source info available)
V  [jvm.dll+0x8e4278]  (no source info available)
V  [jvm.dll+0x8e4513]  (no source info available)
V  [jvm.dll+0x87d9eb]  (no source info available)
V  [jvm.dll+0x72ef45]  (no source info available)
C  [ucrtbase.dll+0x37b0]  (no source info available)
C  [KERNEL32.DLL+0x2e8d7]  (no source info available)
C  [ntdll.dll+0x8d9c]  (no source info available)


siginfo: EXCEPTION_ACCESS_VIOLATION (0xc0000005), reading address 0x0000000000000000


Registers:
RAX=0x0000000000000000, RBX=0x000002436db3c65a, RCX=0x000002436db32e00, RDX=0x000000de547fee30
RSP=0x000000de547fee30, RBP=0x0000b6f44fbcec48, RSI=0x0000024345dc6908, RDI=0x0000024345dc68e0
R8 =0x0000000000010002, R9 =0x0000b6f44fbcec48, R10=0x000002434be10000, R11=0x000000de547fef18
R12=0x0000000000000001, R13=0x00007ff893cd43d4, R14=0x000000de547fef38, R15=0x0000024345dc68e0
RIP=0x00007ff893cd6b07, EFLAGS=0x0000000000010206

XMM[0]=0x0000000000000000 0x0000000000000000
XMM[1]=0x0000000000000000 0x000000de547fda90
XMM[2]=0x0000000000000000 0x0000000000000000
XMM[3]=0x0000000000000000 0x0000000000000000
XMM[4]=0x0000000000000000 0x0000000000000000
XMM[5]=0x0000000000000000 0x0000000000000000
XMM[6]=0x0000000000000000 0x0000000000000000
XMM[7]=0x0000000000000000 0x404e000000000000
XMM[8]=0x0000000000000000 0x0000000000000000
XMM[9]=0x0000000000000000 0x0000000000000000
XMM[10]=0x0000000000000000 0x0000000000000000
XMM[11]=0x0000000000000000 0x0000000000000000
XMM[12]=0x0000000000000000 0x0000000000000000
XMM[13]=0x0000000000000000 0x0000000000000000
XMM[14]=0x0000000000000000 0x0000000000000000
XMM[15]=0x0000000000000000 0x0000000000000000
  MXCSR=0x00001fa0


Register to memory mapping:

RAX=0x0 is null
RBX=0x000002436db3c65a is a global jni handle
RCX=0x000002436db32e00 points into unknown readable memory: 0x00007ff843e27c38 | 38 7c e2 43 f8 7f 00 00
RDX=0x000000de547fee30 points into unknown readable memory: 0x0000000000000000 | 00 00 00 00 00 00 00 00
RSP=0x000000de547fee30 points into unknown readable memory: 0x0000000000000000 | 00 00 00 00 00 00 00 00
RBP=0x0000b6f44fbcec48 is an unknown value
RSI=0x0000024345dc6908 points into unknown readable memory: 0x0000b6f44fbcec48 | 48 ec bc 4f f4 b6 00 00
RDI=0x0000024345dc68e0 points into unknown readable memory: 0x007f4e6782820048 | 48 00 82 82 67 4e 7f 00
R8 =0x0000000000010002 is an unknown value
R9 =0x0000b6f44fbcec48 is an unknown value
R10=0x000002434be10000 points into unknown readable memory: 0x0000000000000000 | 00 00 00 00 00 00 00 00
R11=0x000000de547fef18 points into unknown readable memory: 0x00007ff893cd4261 | 61 42 cd 93 f8 7f 00 00
R12=0x0000000000000001 is an unknown value
R13=0x00007ff893cd43d4 glass.dll
R14=0x000000de547fef38 points into unknown readable memory: 0x000000de547fef20 | 20 ef 7f 54 de 00 00 00
R15=0x0000024345dc68e0 points into unknown readable memory: 0x007f4e6782820048 | 48 00 82 82 67 4e 7f 00

Top of Stack: (sp=0x000000de547fee30)
0x000000de547fee30:   0000000000000000 0000024300000000   ............C...
0x000000de547fee40:   0000024345dc3540 0000000000000001   @5.EC...........
0x000000de547fee50:   0000024345dc68e8 00007ff8b403bc75   .h.EC...u.......
0x000000de547fee60:   0000024345dc68e0 0000024300000000   .h.EC.......C...
0x000000de547fee70:   0000024345dc6900 0000b6f44fbcec48   .i.EC...H..O....
0x000000de547fee80:   fffffffffffffffe 00007ff89cc50000   ................
0x000000de547fee90:   00007ff893cb0000 00007ff893cb0000   ................
0x000000de547feea0:   000000de547fef28 00007ff8b403b897   (..T............
0x000000de547feeb0:   000000de547fef00 000000de547fef38   ...T....8..T....
0x000000de547feec0:   000000de547ff220 00007ff8b41288c0    ..T............
0x000000de547feed0:   0000000000000001 00007ff8b403b84d   ........M.......
0x000000de547feee0:   0000000000000000 0000000000000001   ................
0x000000de547feef0:   000000de547ff220 000000de547fef28    ..T....(..T....
0x000000de547fef00:   fffffffffffffffe 00007ff8b63e6003   .........`>.....
0x000000de547fef10:   0000000000000000 00007ff893cd4261   ........aB......
0x000000de547fef20:   00007ff893cea138 000000de00000002   8...............
0x000000de547fef30:   00007ff800000002 000000de547fef20   ........ ..T....
0x000000de547fef40:   0000000000000000 00007ff8b2c05e37   ........7^......
0x000000de547fef50:   0000000000000000 00007ff893cd4386   .........C......
0x000000de547fef60:   0000000000000001 0000000000000000   ................
0x000000de547fef70:   0000000000000001 00007ff8b6414f8f   .........OA.....
0x000000de547fef80:   00007ff8b2c00000 000000de547ff220   ........ ..T....
0x000000de547fef90:   0000000000000001 0000000000000000   ................
0x000000de547fefa0:   0000000000000000 000000007ffe0384   ................
0x000000de547fefb0:   0000024345b68cc0 00007ff8b6500ede   ...EC.....P.....
0x000000de547fefc0:   00007ff893cb0000 0000024300000000   ............C...
0x000000de547fefd0:   0000000000000001 000000007ffe0385   ................
0x000000de547fefe0:   00007ff893cd7590 00007ff8b641483e   .u......>HA.....
0x000000de547feff0:   0000000000000000 0000000000000000   ................
0x000000de547ff000:   0000000000000000 0000000000000000   ................
0x000000de547ff010:   0000000000000000 0000000000000000   ................
0x000000de547ff020:   0000000000000000 0000000000000000   ................

Instructions: (pc=0x00007ff893cd6b07)
  0x00007ff893cd6a07:   8b 4d 58 e8 01 cf ff ff 48 8b 4d 60 e8 f8 ce ff
  0x00007ff893cd6a17:   ff 48 8b 95 80 00 00 00 48 8b 8d 18 01 00 00 e8
  0x00007ff893cd6a27:   c6 c3 ff ff 33 d2 33 c9 e8 3c e1 ff ff 90 48 89
  0x00007ff893cd6a37:   54 24 10 55 48 83 ec 20 48 8b ea 48 b8 00 00 00
  0x00007ff893cd6a47:   00 00 00 00 00 48 83 c4 20 5d c3 cc 40 55 48 8b
  0x00007ff893cd6a57:   ea 48 8b 01 33 c9 81 38 05 00 00 c0 0f 94 c1 8b
  0x00007ff893cd6a67:   c1 5d c3 cc 40 55 48 83 ec 20 48 8b ea 8a 4d 40
  0x00007ff893cd6a77:   48 83 c4 20 5d e9 f7 d2 ff ff cc 40 55 48 83 ec
  0x00007ff893cd6a87:   20 48 8b ea 8a 4d 20 e8 e5 d2 ff ff 90 48 83 c4
  0x00007ff893cd6a97:   20 5d c3 cc 40 55 48 83 ec 20 48 8b ea 48 83 c4
  0x00007ff893cd6aa7:   20 5d e9 46 d1 ff ff cc 40 55 48 83 ec 30 48 8b
  0x00007ff893cd6ab7:   ea 48 8b 01 8b 10 48 89 4c 24 28 89 54 24 20 4c
  0x00007ff893cd6ac7:   8d 0d e7 d5 ff ff 4c 8b 45 70 8b 55 68 48 8b 4d
  0x00007ff893cd6ad7:   60 e8 87 d0 ff ff 90 48 83 c4 30 5d c3 cc cc cc
  0x00007ff893cd6ae7:   cc cc cc cc cc cc cc cc cc 40 53 48 83 ec 20 48
  0x00007ff893cd6af7:   8b 1d 33 30 01 00 48 85 db 74 16 e8 09 8b ff ff
=>0x00007ff893cd6b07:   4c 8b 00 48 8b d3 48 8b c8 41 ff 90 b0 00 00 00
  0x00007ff893cd6b17:   90 48 83 c4 20 5b c3 cc cc 40 53 48 83 ec 20 48
  0x00007ff893cd6b27:   8b 1d ab 31 01 00 48 85 db 74 57 b8 ff ff ff ff
  0x00007ff893cd6b37:   f0 0f c1 43 10 83 f8 01 75 3d 48 85 db 74 38 48
  0x00007ff893cd6b47:   8b 0b 48 85 c9 74 0d ff 15 54 07 00 00 48 c7 03
  0x00007ff893cd6b57:   00 00 00 00 48 8b 4b 08 48 85 c9 74 0d e8 a7 cd
  0x00007ff893cd6b67:   ff ff 48 c7 43 08 00 00 00 00 ba 18 00 00 00 48
  0x00007ff893cd6b77:   8b cb e8 92 cd ff ff 48 c7 05 4f 31 01 00 00 00
  0x00007ff893cd6b87:   00 00 48 83 c4 20 5b c3 cc 40 53 48 83 ec 20 48
  0x00007ff893cd6b97:   8b 1d 1b 31 01 00 48 85 db 74 57 b8 ff ff ff ff
  0x00007ff893cd6ba7:   f0 0f c1 43 10 83 f8 01 75 3d 48 85 db 74 38 48
  0x00007ff893cd6bb7:   8b 0b 48 85 c9 74 0d ff 15 e4 06 00 00 48 c7 03
  0x00007ff893cd6bc7:   00 00 00 00 48 8b 4b 08 48 85 c9 74 0d e8 37 cd
  0x00007ff893cd6bd7:   ff ff 48 c7 43 08 00 00 00 00 ba 18 00 00 00 48
  0x00007ff893cd6be7:   8b cb e8 22 cd ff ff 48 c7 05 bf 30 01 00 00 00
  0x00007ff893cd6bf7:   00 00 48 83 c4 20 5b c3 cc 40 53 48 83 ec 20 48


Stack slot to memory mapping:

stack at sp + 0 slots: 0x0 is null
stack at sp + 1 slots: 0x0000024300000000 is pointing into metadata
stack at sp + 2 slots: 0x0000024345dc3540 points into unknown readable memory: 0x0000024345dc34b0 | b0 34 dc 45 43 02 00 00
stack at sp + 3 slots: 0x0000000000000001 is an unknown value
stack at sp + 4 slots: 0x0000024345dc68e8 points into unknown readable memory: 0x0000b6f44fbcec48 | 48 ec bc 4f f4 b6 00 00
stack at sp + 5 slots: 0x00007ff8b403bc75 ucrtbase.dll
stack at sp + 6 slots: 0x0000024345dc68e0 points into unknown readable memory: 0x007f4e6782820048 | 48 00 82 82 67 4e 7f 00
stack at sp + 7 slots: 0x0000024300000000 is pointing into metadata

VM_Operation (0x000000de577ff4f0): Exit, mode: safepoint, requested by thread 0x0000024346a28960


---------------  P R O C E S S  ---------------

Threads class SMR info:
_java_thread_list=0x0000024346670910, length=27, elements={
0x000002434e345ea0, 0x000002436db3e1d0, 0x000002436db40920, 0x000002436db44db0,
0x000002436db458e0, 0x000002436db509b0, 0x000002436db533a0, 0x000002436db5b470,
0x00000243450d42b0, 0x000002434578f020, 0x000002434578f760, 0x0000024345db42f0,
0x0000024345c03f70, 0x0000024345d503c0, 0x0000024345fb40d0, 0x0000024345fb6820,
0x00000243461a1a70, 0x000002434619ee90, 0x00000243461a0bd0, 0x000002434619e740,
0x0000024346a27ac0, 0x0000024346a28210, 0x0000024346a29f50, 0x0000024346a290b0,
0x0000024346a29800, 0x0000024346a2a6a0, 0x0000024346a28960
}

Java Threads: ( => current thread )
  0x000002434e345ea0 JavaThread "main"                              [_thread_blocked, id=4532, stack(0x000000de54000000,0x000000de54100000) (1024K)]
  0x000002436db3e1d0 JavaThread "Reference Handler"          daemon [_thread_blocked, id=1468, stack(0x000000de54800000,0x000000de54900000) (1024K)]
  0x000002436db40920 JavaThread "Finalizer"                  daemon [_thread_blocked, id=8836, stack(0x000000de54900000,0x000000de54a00000) (1024K)]
  0x000002436db44db0 JavaThread "Attach Listener"            daemon [_thread_blocked, id=3100, stack(0x000000de54b00000,0x000000de54c00000) (1024K)]
  0x000002436db458e0 JavaThread "Service Thread"             daemon [_thread_blocked, id=8940, stack(0x000000de54c00000,0x000000de54d00000) (1024K)]
  0x000002436db509b0 JavaThread "Monitor Deflation Thread"   daemon [_thread_blocked, id=12572, stack(0x000000de54d00000,0x000000de54e00000) (1024K)]
  0x000002436db533a0 JavaThread "C2 CompilerThread0"         daemon [_thread_blocked, id=9768, stack(0x000000de54e00000,0x000000de54f00000) (1024K)]
  0x000002436db5b470 JavaThread "C1 CompilerThread0"         daemon [_thread_blocked, id=10064, stack(0x000000de54f00000,0x000000de55000000) (1024K)]
  0x00000243450d42b0 JavaThread "Common-Cleaner"             daemon [_thread_blocked, id=9808, stack(0x000000de55000000,0x000000de55100000) (1024K)]
  0x000002434578f020 JavaThread "Monitor Ctrl-Break"         daemon [_thread_in_native, id=8520, stack(0x000000de55300000,0x000000de55400000) (1024K)]
  0x000002434578f760 JavaThread "Notification Thread"        daemon [_thread_blocked, id=1532, stack(0x000000de55400000,0x000000de55500000) (1024K)]
  0x0000024345db42f0 JavaThread "QuantumRenderer-0"          daemon [_thread_blocked, id=6580, stack(0x000000de55500000,0x000000de55600000) (1024K)]
  0x0000024345c03f70 JavaThread "InvokeLaterDispatcher"      daemon [_thread_blocked, id=10616, stack(0x000000de55800000,0x000000de55900000) (1024K)]
  0x0000024345d503c0 JavaThread "JavaFX Application Thread"         [_thread_in_native, id=13544, stack(0x000000de55900000,0x000000de55a00000) (1024K)]
  0x0000024345fb40d0 JavaThread "JavaFX-Launcher"                   [_thread_blocked, id=2672, stack(0x000000de56300000,0x000000de56400000) (1024K)]
  0x0000024345fb6820 JavaThread "Thread-2"                   daemon [_thread_in_native, id=5440, stack(0x000000de56200000,0x000000de56300000) (1024K)]
  0x00000243461a1a70 JavaThread "Grizzly(1) SelectorRunner"  daemon [_thread_in_native, id=9296, stack(0x000000de56900000,0x000000de56a00000) (1024K)]
  0x000002434619ee90 JavaThread "Grizzly(1)"                 daemon [_thread_blocked, id=14956, stack(0x000000de56a00000,0x000000de56b00000) (1024K)]
  0x00000243461a0bd0 JavaThread "Grizzly(2)"                 daemon [_thread_blocked, id=12336, stack(0x000000de56b00000,0x000000de56c00000) (1024K)]
  0x000002434619e740 JavaThread "HttpClient-1-SelectorManager" daemon [_thread_in_native, id=5116, stack(0x000000de56d00000,0x000000de56e00000) (1024K)]
  0x0000024346a27ac0 JavaThread "Prism Font Disposer"        daemon [_thread_blocked, id=16580, stack(0x000000de57500000,0x000000de57600000) (1024K)]
  0x0000024346a28210 JavaThread "Cleaner-0"                  daemon [_thread_blocked, id=16476, stack(0x000000de57600000,0x000000de57700000) (1024K)]
  0x0000024346a29f50 JavaThread "HttpClient-1-Worker-0"      daemon [_thread_blocked, id=12608, stack(0x000000de57800000,0x000000de57900000) (1024K)]
  0x0000024346a290b0 JavaThread "HttpClient-1-Worker-1"      daemon [_thread_blocked, id=15664, stack(0x000000de57900000,0x000000de57a00000) (1024K)]
  0x0000024346a29800 JavaThread "HttpClient-1-Worker-2"      daemon [_thread_blocked, id=9840, stack(0x000000de57a00000,0x000000de57b00000) (1024K)]
  0x0000024346a2a6a0 JavaThread "ForkJoinPool.commonPool-worker-1" daemon [_thread_blocked, id=896, stack(0x000000de57b00000,0x000000de57c00000) (1024K)]
  0x0000024346a28960 JavaThread "SIGINT handler"             daemon [_thread_blocked, id=6200, stack(0x000000de57700000,0x000000de57800000) (1024K)]
Total: 27

Other Threads:
=>0x000002436db32e00 VMThread "VM Thread"                           [id=11824, stack(0x000000de54700000,0x000000de54800000) (1024K)]
  0x000002434e3aaaa0 WorkerThread "GC Thread#0"                     [id=17404, stack(0x000000de54100000,0x000000de54200000) (1024K)]
  0x00000243461c8730 WorkerThread "GC Thread#1"                     [id=5828, stack(0x000000de56400000,0x000000de56500000) (1024K)]
  0x000002434618efa0 WorkerThread "GC Thread#2"                     [id=8860, stack(0x000000de56500000,0x000000de56600000) (1024K)]
  0x00000243462bb120 WorkerThread "GC Thread#3"                     [id=16136, stack(0x000000de56600000,0x000000de56700000) (1024K)]
  0x00000243462bb4d0 WorkerThread "GC Thread#4"                     [id=2212, stack(0x000000de56700000,0x000000de56800000) (1024K)]
  0x00000243461ef030 WorkerThread "GC Thread#5"                     [id=3476, stack(0x000000de56800000,0x000000de56900000) (1024K)]
  0x00000243461f02a0 WorkerThread "GC Thread#6"                     [id=17376, stack(0x000000de56f00000,0x000000de57000000) (1024K)]
  0x00000243461f0650 WorkerThread "GC Thread#7"                     [id=14440, stack(0x000000de57000000,0x000000de57100000) (1024K)]
  0x00000243461eec80 WorkerThread "GC Thread#8"                     [id=12596, stack(0x000000de57100000,0x000000de57200000) (1024K)]
  0x00000243461ef3e0 WorkerThread "GC Thread#9"                     [id=14368, stack(0x000000de57200000,0x000000de57300000) (1024K)]
  0x000002434bf7e890 ConcurrentGCThread "G1 Main Marker"            terminated
  0x000002434e3bf570 WorkerThread "G1 Conc#0"                       [id=13240, stack(0x000000de54300000,0x000000de54400000) (1024K)]
  0x00000243463a63d0 WorkerThread "G1 Conc#1"                       [id=10444, stack(0x000000de57300000,0x000000de57400000) (1024K)]
  0x00000243463a79f0 WorkerThread "G1 Conc#2"                       [id=5804, stack(0x000000de57400000,0x000000de57500000) (1024K)]
  0x000002436d9edeb0 ConcurrentGCThread "G1 Refine#0"               terminated
  0x000002436d9ee6e0 ConcurrentGCThread "G1 Service"                terminated
Total: 17

Threads with active compile tasks:
Total: 0

VM state: at safepoint (shutting down)

VM Mutex/Monitor currently owned by a thread:  ([mutex/lock_event])
[0x00007ff8440044f0] Threads_lock - owner thread: 0x000002436db32e00
[0x00007ff8440045f0] Heap_lock - owner thread: 0x0000024346a28960

Heap address: 0x000000070b400000, size: 3916 MB, Compressed Oops mode: Zero based, Oop shift amount: 3

CDS archive(s) mapped at: [0x0000024300000000-0x0000024300d40000-0x0000024300d40000), size 13893632, SharedBaseAddress: 0x0000024300000000, ArchiveRelocationMode: 1.
Compressed class space mapped at: 0x0000024301000000-0x0000024341000000, reserved size: 1073741824
UseCompressedClassPointers 1, UseCompactObjectHeaders 0
Narrow klass pointer bits 32, Max shift 3
Narrow klass base: 0x0000024300000000, Narrow klass shift: 0
Encoding Range: [0x0000024300000000 - 0x0000024400000000), (4294967296 bytes)
Klass Range:    [0x0000024300000000 - 0x0000024341000000), (1090519040 bytes)
Klass ID Range:  [8 - 1090519033) (1090519025)

GC Precious Log:
 CardTable entry size: 512
 Card Set container configuration: InlinePtr #cards 4 size 8 Array Of Cards #cards 16 size 48 Howl #buckets 8 coarsen threshold 3686 Howl Bitmap #cards 512 size 80 coarsen threshold 460 Card regions per heap region 1 cards per card region 4096
 CPUs: 12 total, 12 available
 Memory: 15659M
 Large Page Support: Disabled
 NUMA Support: Disabled
 Compressed Oops: Enabled (Zero based)
 Heap Region Size: 2M
 Heap Min Capacity: 8M
 Heap Initial Capacity: 246M
 Heap Max Capacity: 3916M
 Pre-touch: Disabled
 Parallel Workers: 10
 Concurrent Workers: 3
 Concurrent Refinement Workers: 10
 Periodic GC: Disabled

Heap:
 garbage-first heap   total reserved 4009984K, committed 57344K, used 33155K [0x000000070b400000, 0x0000000800000000)
  region size 2048K, 14 young (28672K), 5 survivors (10240K)
 Metaspace       used 26885K, committed 27264K, reserved 1114112K
  class space    used 3245K, committed 3392K, reserved 1048576K

Heap Regions: E=young(eden), S=young(survivor), O=old, HS=humongous(starts), HC=humongous(continues), CS=collection set, F=free, TAMS=top-at-mark-start, PB=parsable bottom
|   0|0x000000070b400000, 0x000000070b600000, 0x000000070b600000|100%|HS|  |TAMS 0x000000070b400000| PB 0x000000070b400000| Complete |  0
|   1|0x000000070b600000, 0x000000070b600000, 0x000000070b800000|  0%| F|  |TAMS 0x000000070b600000| PB 0x000000070b600000| Untracked |  0
|   2|0x000000070b800000, 0x000000070b800000, 0x000000070ba00000|  0%| F|  |TAMS 0x000000070b800000| PB 0x000000070b800000| Untracked |  0
|   3|0x000000070ba00000, 0x000000070ba00000, 0x000000070bc00000|  0%| F|  |TAMS 0x000000070ba00000| PB 0x000000070ba00000| Untracked |  0
|   4|0x000000070bc00000, 0x000000070bc00000, 0x000000070be00000|  0%| F|  |TAMS 0x000000070bc00000| PB 0x000000070bc00000| Untracked |  0
|   5|0x000000070be00000, 0x000000070be00000, 0x000000070c000000|  0%| F|  |TAMS 0x000000070be00000| PB 0x000000070be00000| Untracked |  0
|   6|0x000000070c000000, 0x000000070c000000, 0x000000070c200000|  0%| F|  |TAMS 0x000000070c000000| PB 0x000000070c000000| Untracked |  0
|   7|0x000000070c200000, 0x000000070c200000, 0x000000070c400000|  0%| F|  |TAMS 0x000000070c200000| PB 0x000000070c200000| Untracked |  0
|   8|0x000000070c400000, 0x000000070c400000, 0x000000070c600000|  0%| F|  |TAMS 0x000000070c400000| PB 0x000000070c400000| Untracked |  0
|   9|0x000000070c600000, 0x000000070c600000, 0x000000070c800000|  0%| F|  |TAMS 0x000000070c600000| PB 0x000000070c600000| Untracked |  0
|  10|0x000000070c800000, 0x000000070c96b4b8, 0x000000070ca00000| 70%| E|  |TAMS 0x000000070c800000| PB 0x000000070c800000| Complete |  0
|  11|0x000000070ca00000, 0x000000070cc00000, 0x000000070cc00000|100%| E|CS|TAMS 0x000000070ca00000| PB 0x000000070ca00000| Complete |  0
|  12|0x000000070cc00000, 0x000000070ce00000, 0x000000070ce00000|100%| E|CS|TAMS 0x000000070cc00000| PB 0x000000070cc00000| Complete |  0
|  13|0x000000070ce00000, 0x000000070d000000, 0x000000070d000000|100%| S|CS|TAMS 0x000000070ce00000| PB 0x000000070ce00000| Complete |  0
|  14|0x000000070d000000, 0x000000070d200000, 0x000000070d200000|100%| S|CS|TAMS 0x000000070d000000| PB 0x000000070d000000| Complete |  0
|  15|0x000000070d200000, 0x000000070d400000, 0x000000070d400000|100%| S|CS|TAMS 0x000000070d200000| PB 0x000000070d200000| Complete |  0
|  16|0x000000070d400000, 0x000000070d600000, 0x000000070d600000|100%| S|CS|TAMS 0x000000070d400000| PB 0x000000070d400000| Complete |  0
|  17|0x000000070d600000, 0x000000070d69c6c0, 0x000000070d800000| 30%| S|CS|TAMS 0x000000070d600000| PB 0x000000070d600000| Complete |  0
|  87|0x0000000716200000, 0x0000000716400000, 0x0000000716400000|100%| E|CS|TAMS 0x0000000716200000| PB 0x0000000716200000| Complete |  0
|  88|0x0000000716400000, 0x0000000716600000, 0x0000000716600000|100%| E|CS|TAMS 0x0000000716400000| PB 0x0000000716400000| Complete |  0
|  89|0x0000000716600000, 0x0000000716800000, 0x0000000716800000|100%| E|CS|TAMS 0x0000000716600000| PB 0x0000000716600000| Complete |  0
|  90|0x0000000716800000, 0x0000000716a00000, 0x0000000716a00000|100%| E|CS|TAMS 0x0000000716800000| PB 0x0000000716800000| Complete |  0
|  91|0x0000000716a00000, 0x0000000716c00000, 0x0000000716c00000|100%| E|CS|TAMS 0x0000000716a00000| PB 0x0000000716a00000| Complete |  0
| 122|0x000000071a800000, 0x000000071aa00000, 0x000000071aa00000|100%| E|CS|TAMS 0x000000071a800000| PB 0x000000071a800000| Complete |  0
|1954|0x00000007ff800000, 0x00000007ff8a74b0, 0x00000007ffa00000| 32%| O|  |TAMS 0x00000007ff800000| PB 0x00000007ff800000| Untracked |  0
|1955|0x00000007ffa00000, 0x00000007ffc00000, 0x00000007ffc00000|100%| O|  |TAMS 0x00000007ffa00000| PB 0x00000007ffa00000| Untracked |  0
|1956|0x00000007ffc00000, 0x00000007ffe00000, 0x00000007ffe00000|100%| O|  |TAMS 0x00000007ffc00000| PB 0x00000007ffc00000| Untracked |  0
|1957|0x00000007ffe00000, 0x00000007fff1d248, 0x0000000800000000| 55%| O|Cm|TAMS 0x00000007ffe00000| PB 0x00000007ffe00000| Complete |  0

Card table byte_map: [0x0000024366a00000,0x00000243671b0000] _byte_map_base: 0x00000243631a6000

Marking Bits: (CMBitMap*) 0x000002434bf7e1d0
 Bits: [0x00000243671b0000, 0x000002436aee0000)

Polling page: 0x000002434c0f0000

Metaspace:

Usage:
  Non-class:     23.09 MB used.
      Class:      3.17 MB used.
       Both:     26.26 MB used.

Virtual space:
  Non-class space:       64.00 MB reserved,      23.31 MB ( 36%) committed,  1 nodes.
      Class space:        1.00 GB reserved,       3.31 MB ( <1%) committed,  1 nodes.
             Both:        1.06 GB reserved,      26.62 MB (  2%) committed. 

Chunk freelists:
   Non-Class:  8.35 MB
       Class:  12.72 MB
        Both:  21.07 MB

MaxMetaspaceSize: unlimited
CompressedClassSpaceSize: 1.00 GB
Initial GC threshold: 21.00 MB
Current GC threshold: 35.25 MB
CDS: on
 - commit_granule_bytes: 65536.
 - commit_granule_words: 8192.
 - virtual_space_node_default_size: 8388608.
 - enlarge_chunks_in_place: 1.
UseCompressedClassPointers 1, UseCompactObjectHeaders 0
Narrow klass pointer bits 32, Max shift 3
Narrow klass base: 0x0000024300000000, Narrow klass shift: 0
Encoding Range: [0x0000024300000000 - 0x0000024400000000), (4294967296 bytes)
Klass Range:    [0x0000024300000000 - 0x0000024341000000), (1090519040 bytes)
Klass ID Range:  [8 - 1090519033) (1090519025)


Internal statistics:

num_allocs_failed_limit: 3.
num_arena_births: 392.
num_arena_deaths: 0.
num_vsnodes_births: 2.
num_vsnodes_deaths: 0.
num_space_committed: 426.
num_space_uncommitted: 0.
num_chunks_returned_to_freelist: 3.
num_chunks_taken_from_freelist: 1168.
num_chunk_merges: 3.
num_chunk_splits: 799.
num_chunks_enlarged: 596.
num_inconsistent_stats: 0.

CodeHeap 'non-profiled nmethods': size=120064Kb used=1495Kb max_used=1495Kb free=118569Kb
 bounds [0x000002435e6a0000, 0x000002435e910000, 0x0000024365be0000]
CodeHeap 'profiled nmethods': size=120000Kb used=6935Kb max_used=6935Kb free=113065Kb
 bounds [0x0000024356be0000, 0x00000243572b0000, 0x000002435e110000]
CodeHeap 'non-nmethods': size=5696Kb used=1712Kb max_used=1862Kb free=3983Kb
 bounds [0x000002435e110000, 0x000002435e380000, 0x000002435e6a0000]
CodeCache: size=245760Kb, used=10142Kb, max_used=10292Kb, free=235617Kb
 total_blobs=5094, nmethods=4218, adapters=779, full_count=0
Compilation: enabled, stopped_count=0, restarted_count=0

Compilation events (20 events):
Event: 33.182 Thread 0x000002436db5b470 4211       1       com.sun.glass.ui.Window::getPlatformScaleY (5 bytes)
Event: 33.182 Thread 0x000002436db5b470 nmethod 4211 0x000002435e815308 code [0x000002435e815400, 0x000002435e8154c8]
Event: 33.189 Thread 0x000002436db5b470 4212       3       javafx.scene.Scene$ClickCounter::stopTimeout (20 bytes)
Event: 33.189 Thread 0x000002436db5b470 nmethod 4212 0x00000243572a2e08 code [0x00000243572a2f20, 0x00000243572a3148]
Event: 33.197 Thread 0x000002436db5b470 4213       3       com.sun.javafx.tk.quantum.QuantumToolkit::getMultiClickMaxX (4 bytes)
Event: 33.197 Thread 0x000002436db5b470 nmethod 4213 0x00000243572a3188 code [0x00000243572a32c0, 0x00000243572a3588]
Event: 33.197 Thread 0x000002436db5b470 4215       1       com.sun.javafx.event.BasicEventDispatcher::getPreviousDispatcher (5 bytes)
Event: 33.197 Thread 0x000002436db5b470 nmethod 4215 0x000002435e815608 code [0x000002435e815700, 0x000002435e8157c8]
Event: 33.197 Thread 0x000002436db5b470 4214       3       com.sun.glass.ui.View::getMultiClickMaxX (10 bytes)
Event: 33.197 Thread 0x000002436db5b470 nmethod 4214 0x00000243572a3608 code [0x00000243572a3780, 0x00000243572a3c60]
Event: 33.205 Thread 0x000002436db5b470 4216       3       java.util.EnumMap$ValueIterator::next (50 bytes)
Event: 33.205 Thread 0x000002436db5b470 nmethod 4216 0x00000243572a3d08 code [0x00000243572a3e60, 0x00000243572a4230]
Event: 33.205 Thread 0x000002436db5b470 4217       3       javafx.scene.Scene$ClickCounter::moved (52 bytes)
Event: 33.205 Thread 0x000002436db5b470 nmethod 4217 0x00000243572a4288 code [0x00000243572a4480, 0x00000243572a4d10]
Event: 33.205 Thread 0x000002436db5b470 4218       3       javafx.scene.Scene$ClickCounter::out (10 bytes)
Event: 33.205 Thread 0x000002436db5b470 nmethod 4218 0x00000243572a4e08 code [0x00000243572a4f40, 0x00000243572a51d0]
Event: 34.503 Thread 0x000002436db5b470 4219       1       java.util.concurrent.atomic.AtomicLong::get (5 bytes)
Event: 34.503 Thread 0x000002436db5b470 nmethod 4219 0x000002435e815908 code [0x000002435e815a00, 0x000002435e815ad0]
Event: 34.848 Thread 0x000002436db5b470 4220       3       jdk.internal.loader.NativeLibraries::find (70 bytes)
Event: 34.848 Thread 0x000002436db5b470 nmethod 4220 0x00000243572a5208 code [0x00000243572a53c0, 0x00000243572a5ba8]

GC Heap History (6 events):
Event: 0.709 GC heap before
{Heap before GC invocations=0 (full 0):
 garbage-first heap   total reserved 4009984K, committed 253952K, used 48244K [0x000000070b400000, 0x0000000800000000)
  region size 2048K, 24 young (49152K), 0 survivors (0K)
 Metaspace       used 8731K, committed 8960K, reserved 1114112K
  class space    used 878K, committed 960K, reserved 1048576K
}
Event: 0.712 GC heap after
{Heap after GC invocations=1 (full 0):
 garbage-first heap   total reserved 4009984K, committed 253952K, used 6748K [0x000000070b400000, 0x0000000800000000)
  region size 2048K, 3 young (6144K), 3 survivors (6144K)
 Metaspace       used 8731K, committed 8960K, reserved 1114112K
  class space    used 878K, committed 960K, reserved 1048576K
}
Event: 1.335 GC heap before
{Heap before GC invocations=1 (full 0):
 garbage-first heap   total reserved 4009984K, committed 253952K, used 59996K [0x000000070b400000, 0x0000000800000000)
  region size 2048K, 31 young (63488K), 3 survivors (6144K)
 Metaspace       used 21274K, committed 21504K, reserved 1114112K
  class space    used 2398K, committed 2496K, reserved 1048576K
}
Event: 1.339 GC heap after
{Heap after GC invocations=2 (full 0):
 garbage-first heap   total reserved 4009984K, committed 253952K, used 11218K [0x000000070b400000, 0x0000000800000000)
  region size 2048K, 5 young (10240K), 5 survivors (10240K)
 Metaspace       used 21274K, committed 21504K, reserved 1114112K
  class space    used 2398K, committed 2496K, reserved 1048576K
}
Event: 1.657 GC heap before
{Heap before GC invocations=3 (full 0):
 garbage-first heap   total reserved 4009984K, committed 40960K, used 39890K [0x000000070b400000, 0x0000000800000000)
  region size 2048K, 19 young (38912K), 5 survivors (10240K)
 Metaspace       used 24080K, committed 24512K, reserved 1114112K
  class space    used 2943K, committed 3136K, reserved 1048576K
}
Event: 1.664 GC heap after
{Heap after GC invocations=4 (full 0):
 garbage-first heap   total reserved 4009984K, committed 57344K, used 14723K [0x000000070b400000, 0x0000000800000000)
  region size 2048K, 5 young (10240K), 5 survivors (10240K)
 Metaspace       used 24080K, committed 24512K, reserved 1114112K
  class space    used 2943K, committed 3136K, reserved 1048576K
}

Dll operation events (20 events):
Event: 0.353 Loaded shared library C:\Users\danielcc\.openjfx\cache\17.0.6\api-ms-win-crt-math-l1-1-0.dll
Event: 0.355 Loaded shared library C:\Users\danielcc\.openjfx\cache\17.0.6\api-ms-win-crt-multibyte-l1-1-0.dll
Event: 0.358 Loaded shared library C:\Users\danielcc\.openjfx\cache\17.0.6\api-ms-win-crt-private-l1-1-0.dll
Event: 0.360 Loaded shared library C:\Users\danielcc\.openjfx\cache\17.0.6\api-ms-win-crt-process-l1-1-0.dll
Event: 0.362 Loaded shared library C:\Users\danielcc\.openjfx\cache\17.0.6\api-ms-win-crt-runtime-l1-1-0.dll
Event: 0.364 Loaded shared library C:\Users\danielcc\.openjfx\cache\17.0.6\api-ms-win-crt-stdio-l1-1-0.dll
Event: 0.367 Loaded shared library C:\Users\danielcc\.openjfx\cache\17.0.6\api-ms-win-crt-string-l1-1-0.dll
Event: 0.369 Loaded shared library C:\Users\danielcc\.openjfx\cache\17.0.6\api-ms-win-crt-time-l1-1-0.dll
Event: 0.372 Loaded shared library C:\Users\danielcc\.openjfx\cache\17.0.6\api-ms-win-crt-utility-l1-1-0.dll
Event: 0.381 Loaded shared library C:\Users\danielcc\.openjfx\cache\17.0.6\ucrtbase.dll
Event: 0.384 Loaded shared library C:\Users\danielcc\.openjfx\cache\17.0.6\vcruntime140.dll
Event: 0.387 Loaded shared library C:\Users\danielcc\.openjfx\cache\17.0.6\vcruntime140_1.dll
Event: 0.392 Loaded shared library C:\Users\danielcc\.openjfx\cache\17.0.6\msvcp140.dll
Event: 0.394 Loaded shared library C:\Users\danielcc\.openjfx\cache\17.0.6\msvcp140_1.dll
Event: 0.397 Loaded shared library C:\Users\danielcc\.openjfx\cache\17.0.6\msvcp140_2.dll
Event: 0.422 Loaded shared library C:\Users\danielcc\.openjfx\cache\17.0.6\prism_d3d.dll
Event: 0.456 Loaded shared library C:\Users\danielcc\.openjfx\cache\17.0.6\glass.dll
Event: 0.527 Loaded shared library C:\Program Files\Java\jdk-24\bin\jimage.dll
Event: 0.672 Loaded shared library C:\Users\danielcc\.openjfx\cache\17.0.6\javafx_font.dll
Event: 1.011 Loaded shared library C:\Program Files\Java\jdk-24\bin\sunmscapi.dll

Deoptimization events (20 events):
Event: 16.411 Thread 0x0000024346a28960 DEOPT PACKING pc=0x000002435e6f6a84 sp=0x000000de577fe3a0
Event: 16.411 Thread 0x0000024346a28960 DEOPT UNPACKING pc=0x000002435e224102 sp=0x000000de577fe2d0 mode 2
Event: 16.411 Thread 0x0000024346a28960 Uncommon trap: trap_request=0xffffff4d fr.pc=0x000002435e709860 relative=0x0000000000000420
Event: 16.411 Thread 0x0000024346a28960 Uncommon trap: reason=unstable_if action=reinterpret pc=0x000002435e709860 method=java.lang.AbstractStringBuilder.isLatin1()Z @ 10 c2
Event: 16.411 Thread 0x0000024346a28960 DEOPT PACKING pc=0x000002435e709860 sp=0x000000de577fe350
Event: 16.411 Thread 0x0000024346a28960 DEOPT UNPACKING pc=0x000002435e224102 sp=0x000000de577fe2e0 mode 2
Event: 16.411 Thread 0x0000024346a28960 Uncommon trap: trap_request=0xffffff4d fr.pc=0x000002435e73f258 relative=0x0000000000000498
Event: 16.411 Thread 0x0000024346a28960 Uncommon trap: reason=unstable_if action=reinterpret pc=0x000002435e73f258 method=java.lang.AbstractStringBuilder.isLatin1()Z @ 10 c2
Event: 16.411 Thread 0x0000024346a28960 DEOPT PACKING pc=0x000002435e73f258 sp=0x000000de577fe3b0
Event: 16.411 Thread 0x0000024346a28960 DEOPT UNPACKING pc=0x000002435e224102 sp=0x000000de577fe2b8 mode 2
Event: 16.411 Thread 0x0000024346a28960 Uncommon trap: trap_request=0xffffff4d fr.pc=0x000002435e6f327c relative=0x00000000000000dc
Event: 16.411 Thread 0x0000024346a28960 Uncommon trap: reason=unstable_if action=reinterpret pc=0x000002435e6f327c method=java.lang.String.getBytes([BIB)V @ 5 c2
Event: 16.411 Thread 0x0000024346a28960 DEOPT PACKING pc=0x000002435e6f327c sp=0x000000de577ff130
Event: 16.411 Thread 0x0000024346a28960 DEOPT UNPACKING pc=0x000002435e224102 sp=0x000000de577ff0d8 mode 2
Event: 16.411 Thread 0x0000024346a28960 Uncommon trap: trap_request=0xffffff4d fr.pc=0x000002435e771214 relative=0x0000000000000174
Event: 16.411 Thread 0x0000024346a28960 Uncommon trap: reason=unstable_if action=reinterpret pc=0x000002435e771214 method=java.lang.StringConcatHelper.prepend(IB[BLjava/lang/String;Ljava/lang/String;)I @ 8 c2
Event: 16.411 Thread 0x0000024346a28960 DEOPT PACKING pc=0x000002435e771214 sp=0x000000de577ff110
Event: 16.411 Thread 0x0000024346a28960 DEOPT UNPACKING pc=0x000002435e224102 sp=0x000000de577ff0f0 mode 2
Event: 34.848 Thread 0x0000024345db42f0 DEOPT PACKING pc=0x0000024357206dcc sp=0x000000de555fef80
Event: 34.848 Thread 0x0000024345db42f0 DEOPT UNPACKING pc=0x000002435e165722 sp=0x000000de555fe3e0 mode 0

Classes loaded (20 events):
Event: 16.399 Loading class java/util/stream/LongPipeline$StatelessOp done
Event: 16.399 Loading class java/util/stream/ReferencePipeline$5 done
Event: 16.399 Loading class java/util/stream/FindOps$FindSink$OfLong
Event: 16.399 Loading class java/util/stream/Sink$OfLong
Event: 16.399 Loading class java/util/stream/Sink$OfLong done
Event: 16.399 Loading class java/util/stream/FindOps$FindSink$OfLong done
Event: 16.399 Loading class java/util/OptionalLong
Event: 16.400 Loading class java/util/OptionalLong done
Event: 16.400 Loading class java/util/stream/ReferencePipeline$5$1
Event: 16.400 Loading class java/util/stream/ReferencePipeline$5$1 done
Event: 16.400 Loading class java/lang/invoke/VarHandleBytes$FieldInstanceReadWrite
Event: 16.400 Loading class java/lang/invoke/VarHandleBytes$FieldInstanceReadOnly
Event: 16.400 Loading class java/lang/invoke/VarHandleBytes$FieldInstanceReadOnly done
Event: 16.400 Loading class java/lang/invoke/VarHandleBytes$FieldInstanceReadWrite done
Event: 16.410 Loading class java/util/Formatter$FormatSpecifierParser
Event: 16.410 Loading class java/util/Formatter$FormatSpecifierParser done
Event: 16.471 Loading class java/util/LinkedList$DescendingIterator
Event: 16.471 Loading class java/util/LinkedList$DescendingIterator done
Event: 34.847 Loading class jdk/internal/misc/Signal$1
Event: 34.847 Loading class jdk/internal/misc/Signal$1 done

Classes unloaded (0 events):
No events

Classes redefined (0 events):
No events

Internal exceptions (20 events):
Event: 1.301 Thread 0x0000024345d503c0 Exception <a 'java/lang/ClassNotFoundException'{0x00000007171e5108}: com/sun/javafx/scene/control/skin/resources/controls_es_ES> (0x00000007171e5108) 
thrown [s\open\src\hotspot\share\prims\jni.cpp, line 536]
Event: 1.367 Thread 0x0000024345d503c0 Exception <a 'java/lang/NoSuchMethodError'{0x000000070cdd2770}: 'void java.lang.invoke.DirectMethodHandle$Holder.invokeSpecial(java.lang.Object, java.lang.Object, java.lang.Object, java.lang.Object, java.lang.Object, java.lang.Object)'> (0x000000070cdd2770) 
thrown [s\open\src\hotspot\share\interpreter\linkResolver.cpp, line 805]
Event: 1.374 Thread 0x0000024345d503c0 Implicit null exception at 0x000002435e7785c7 to 0x000002435e778630
Event: 1.572 Thread 0x0000024345d503c0 Exception <a 'java/lang/NoSuchMethodError'{0x000000070baee6b0}: 'int java.lang.invoke.DirectMethodHandle$Holder.invokeSpecial(java.lang.Object, java.lang.Object, int)'> (0x000000070baee6b0) 
thrown [s\open\src\hotspot\share\interpreter\linkResolver.cpp, line 805]
Event: 1.577 Thread 0x0000024345d503c0 Exception <a 'java/lang/NoSuchMethodError'{0x000000070bb2cfd8}: 'void java.lang.invoke.DirectMethodHandle$Holder.invokeSpecial(java.lang.Object, java.lang.Object, int, int)'> (0x000000070bb2cfd8) 
thrown [s\open\src\hotspot\share\interpreter\linkResolver.cpp, line 805]
Event: 1.577 Thread 0x0000024345d503c0 Exception <a 'java/lang/NoSuchMethodError'{0x000000070bb3c5a8}: 'java.lang.Object java.lang.invoke.DirectMethodHandle$Holder.newInvokeSpecial(java.lang.Object, java.lang.Object, int, int)'> (0x000000070bb3c5a8) 
thrown [s\open\src\hotspot\share\interpreter\linkResolver.cpp, line 805]
Event: 1.614 Thread 0x0000024345d503c0 Exception <a 'java/lang/NoSuchMethodError'{0x000000070b6956c8}: 'long java.lang.invoke.DelegatingMethodHandle$Holder.reinvoke_L(java.lang.Object, java.lang.Object)'> (0x000000070b6956c8) 
thrown [s\open\src\hotspot\share\interpreter\linkResolver.cpp, line 805]
Event: 1.614 Thread 0x0000024345d503c0 Exception <a 'java/lang/NoSuchMethodError'{0x000000070b6adb30}: 'void java.lang.invoke.DelegatingMethodHandle$Holder.reinvoke_L(java.lang.Object, java.lang.Object, long)'> (0x000000070b6adb30) 
thrown [s\open\src\hotspot\share\interpreter\linkResolver.cpp, line 805]
Event: 1.666 Thread 0x0000024345d503c0 Exception <a 'java/lang/NoSuchMethodError'{0x0000000716a1c2d0}: 'long java.lang.invoke.DirectMethodHandle$Holder.invokeStatic(java.lang.Object, java.lang.Object, java.lang.Object)'> (0x0000000716a1c2d0) 
thrown [s\open\src\hotspot\share\interpreter\linkResolver.cpp, line 805]
Event: 1.666 Thread 0x0000024345d503c0 Exception <a 'java/lang/NoSuchMethodError'{0x0000000716a24130}: 'long java.lang.invoke.DirectMethodHandle$Holder.invokeStaticInit(java.lang.Object, java.lang.Object, java.lang.Object)'> (0x0000000716a24130) 
thrown [s\open\src\hotspot\share\interpreter\linkResolver.cpp, line 805]
Event: 1.668 Thread 0x0000024345d503c0 Exception <a 'java/lang/NoSuchMethodError'{0x0000000716a6e7d8}: 'java.lang.Object java.lang.invoke.DirectMethodHandle$Holder.newInvokeSpecial(java.lang.Object, java.lang.Object, long)'> (0x0000000716a6e7d8) 
thrown [s\open\src\hotspot\share\interpreter\linkResolver.cpp, line 805]
Event: 1.668 Thread 0x0000024345d503c0 Exception <a 'java/lang/NoSuchMethodError'{0x0000000716a76970}: 'java.lang.Object java.lang.invoke.Invokers$Holder.linkToTargetMethod(java.lang.Object, long, java.lang.Object)'> (0x0000000716a76970) 
thrown [s\open\src\hotspot\share\interpreter\linkResolver.cpp, line 805]
Event: 14.563 Thread 0x0000024345d503c0 Implicit null exception at 0x000002435e78df62 to 0x000002435e78e8d8
Event: 14.863 Thread 0x0000024345d503c0 Exception <a 'java/lang/NoSuchMethodError'{0x00000007162d6ee0}: 'java.lang.Object java.lang.invoke.DirectMethodHandle$Holder.newInvokeSpecial(java.lang.Object, java.lang.Object, java.lang.Object, int)'> (0x00000007162d6ee0) 
thrown [s\open\src\hotspot\share\interpreter\linkResolver.cpp, line 805]
Event: 14.863 Thread 0x0000024345d503c0 Exception <a 'java/lang/NoSuchMethodError'{0x00000007162df3d0}: 'java.lang.Object java.lang.invoke.Invokers$Holder.linkToTargetMethod(java.lang.Object, java.lang.Object, int, java.lang.Object)'> (0x00000007162df3d0) 
thrown [s\open\src\hotspot\share\interpreter\linkResolver.cpp, line 805]
Event: 16.299 Thread 0x0000024346a29f50 Exception <a 'java/lang/NoSuchMethodError'{0x000000070ccc1030}: 'java.lang.Object java.lang.invoke.DirectMethodHandle$Holder.invokeSpecial(java.lang.Object, java.lang.Object, java.lang.Object, java.lang.Object, java.lang.Object, int)'> (0x000000070ccc1030) 
thrown [s\open\src\hotspot\share\interpreter\linkResolver.cpp, line 805]
Event: 16.315 Thread 0x0000024346a29f50 Exception <a 'java/lang/NoSuchMethodError'{0x000000070cdacd88}: 'long java.lang.invoke.DirectMethodHandle$Holder.invokeStatic(java.lang.Object, long, long)'> (0x000000070cdacd88) 
thrown [s\open\src\hotspot\share\interpreter\linkResolver.cpp, line 805]
Event: 16.317 Thread 0x000002434619e740 Exception <a 'java/lang/NoSuchMethodError'{0x00000007165bfdb0}: 'int java.lang.invoke.DirectMethodHandle$Holder.invokeStatic(java.lang.Object, int, java.lang.Object)'> (0x00000007165bfdb0) 
thrown [s\open\src\hotspot\share\interpreter\linkResolver.cpp, line 805]
Event: 16.318 Thread 0x000002434619e740 Exception <a 'java/lang/NoSuchMethodError'{0x00000007165d6a78}: 'void java.lang.invoke.DirectMethodHandle$Holder.invokeStatic(java.lang.Object, java.lang.Object, int)'> (0x00000007165d6a78) 
thrown [s\open\src\hotspot\share\interpreter\linkResolver.cpp, line 805]
Event: 16.403 Thread 0x0000024346a29f50 Exception <a 'java/lang/NoSuchMethodError'{0x000000070cb299b0}: 'void java.lang.invoke.DirectMethodHandle$Holder.invokeSpecial(java.lang.Object, java.lang.Object, java.lang.Object, java.lang.Object, java.lang.Object, java.lang.Object, java.lang.Object)'> (0x000000070cb299b0) 
thrown [s\open\src\hotspot\share\interpreter\linkResolver.cpp, line 805]

VM Operations (20 events):
Event: 1.129 Executing VM operation: HandshakeAllThreads (Deoptimize) done
Event: 1.335 Executing VM operation: CollectForMetadataAllocation (Metadata GC Threshold)
Event: 1.339 Executing VM operation: CollectForMetadataAllocation (Metadata GC Threshold) done
Event: 1.342 Executing VM operation: G1PauseRemark
Event: 1.343 Executing VM operation: G1PauseRemark done
Event: 1.343 Executing VM operation: G1PauseCleanup
Event: 1.344 Executing VM operation: G1PauseCleanup done
Event: 1.604 Executing VM operation: HandshakeAllThreads (Deoptimize)
Event: 1.604 Executing VM operation: HandshakeAllThreads (Deoptimize) done
Event: 1.657 Executing VM operation: G1CollectForAllocation (G1 Evacuation Pause)
Event: 1.664 Executing VM operation: G1CollectForAllocation (G1 Evacuation Pause) done
Event: 16.395 Executing VM operation: HandshakeAllThreads (Deoptimize)
Event: 16.395 Executing VM operation: HandshakeAllThreads (Deoptimize) done
Event: 16.397 Executing VM operation: HandshakeAllThreads (Deoptimize)
Event: 16.397 Executing VM operation: HandshakeAllThreads (Deoptimize) done
Event: 16.407 Executing VM operation: HandshakeAllThreads (Deoptimize)
Event: 16.407 Executing VM operation: HandshakeAllThreads (Deoptimize) done
Event: 16.409 Executing VM operation: HandshakeAllThreads (Deoptimize)
Event: 16.409 Executing VM operation: HandshakeAllThreads (Deoptimize) done
Event: 34.848 Executing VM operation: Exit

Memory protections (0 events):
No events

Nmethod flushes (0 events):
No events

Events (20 events):
Event: 1.182 Thread 0x0000024345d503c0 Thread added: 0x000002434619e740
Event: 1.384 Thread 0x0000024345d503c0 Thread added: 0x0000024346a27ac0
Event: 1.690 Thread 0x0000024345db42f0 Thread added: 0x0000024346a28210
Event: 1.833 Thread 0x000002436db57f80 Thread exited: 0x000002436db57f80
Event: 1.912 Thread 0x000002436db59dc0 Thread exited: 0x000002436db59dc0
Event: 14.885 Thread 0x000002436db5b470 Thread added: 0x000002436db57f80
Event: 15.468 Thread 0x000002436db57f80 Thread exited: 0x000002436db57f80
Event: 16.277 Thread 0x0000024345d503c0 Thread added: 0x0000024346a28960
Event: 16.292 Thread 0x0000024346a28960 Thread added: 0x0000024346a29f50
Event: 16.320 Thread 0x000002434619e740 Thread added: 0x0000024346a290b0
Event: 16.320 Thread 0x000002434619e740 Thread added: 0x0000024346a29800
Event: 16.407 Thread 0x0000024346a29f50 Thread added: 0x0000024346a2a6a0
Event: 16.472 Thread 0x0000024346a28960 Thread exited: 0x0000024346a28960
Event: 34.847 Thread 0x000002436db42270 Thread added: 0x0000024346a28960
Event: 34.847 Thread 0x0000024346a28960 Thread added: 0x0000024346a27370
Event: 34.847 Thread 0x0000024346a28960 Thread added: 0x0000024346a2b540
Event: 34.848 Thread 0x0000024346a27370 Thread exited: 0x0000024346a27370
Event: 34.848 Thread 0x0000024346a2b540 Thread exited: 0x0000024346a2b540
Event: 34.848 Thread 0x0000024346a28960 Before exit entered
Event: 34.848 Thread 0x000002436db42270 Thread exited: 0x000002436db42270


Dynamic libraries:
0x00007ff7a9360000 - 0x00007ff7a9370000 	C:\Program Files\Java\jdk-24\bin\java.exe
0x00007ff8b63a0000 - 0x00007ff8b6609000 	C:\Windows\SYSTEM32\ntdll.dll
0x00007ff8b49f0000 - 0x00007ff8b4ab9000 	C:\Windows\System32\KERNEL32.DLL
0x00007ff8b38c0000 - 0x00007ff8b3cb3000 	C:\Windows\System32\KERNELBASE.dll
0x00007ff8b3ff0000 - 0x00007ff8b413b000 	C:\Windows\System32\ucrtbase.dll
0x00007ff897be0000 - 0x00007ff897bfb000 	C:\Program Files\Java\jdk-24\bin\VCRUNTIME140.dll
0x00007ff897cb0000 - 0x00007ff897cc6000 	C:\Program Files\Java\jdk-24\bin\jli.dll
0x00007ff8b42e0000 - 0x00007ff8b44a4000 	C:\Windows\System32\USER32.dll
0x00007ff8a2760000 - 0x00007ff8a29f3000 	C:\Windows\WinSxS\amd64_microsoft.windows.common-controls_6595b64144ccf1df_6.0.26100.5074_none_3e0d6f78e32fd63f\COMCTL32.dll
0x00007ff8b4140000 - 0x00007ff8b4167000 	C:\Windows\System32\win32u.dll
0x00007ff8b4bf0000 - 0x00007ff8b4c1b000 	C:\Windows\System32\GDI32.dll
0x00007ff8b5370000 - 0x00007ff8b5419000 	C:\Windows\System32\msvcrt.dll
0x00007ff8b3cc0000 - 0x00007ff8b3ded000 	C:\Windows\System32\gdi32full.dll
0x00007ff8b3750000 - 0x00007ff8b37f3000 	C:\Windows\System32\msvcp_win.dll
0x00007ff8b42a0000 - 0x00007ff8b42cf000 	C:\Windows\System32\IMM32.DLL
0x00007ff8a6ec0000 - 0x00007ff8a6ecc000 	C:\Program Files\Java\jdk-24\bin\vcruntime140_1.dll
0x00007ff8965b0000 - 0x00007ff89663e000 	C:\Program Files\Java\jdk-24\bin\msvcp140.dll
0x00007ff843340000 - 0x00007ff8440e1000 	C:\Program Files\Java\jdk-24\bin\server\jvm.dll
0x00007ff8b57c0000 - 0x00007ff8b5874000 	C:\Windows\System32\ADVAPI32.dll
0x00007ff8b4b40000 - 0x00007ff8b4be6000 	C:\Windows\System32\sechost.dll
0x00007ff8b4170000 - 0x00007ff8b4288000 	C:\Windows\System32\RPCRT4.dll
0x00007ff8b5470000 - 0x00007ff8b54e4000 	C:\Windows\System32\WS2_32.dll
0x00007ff8b32e0000 - 0x00007ff8b333e000 	C:\Windows\SYSTEM32\POWRPROF.dll
0x00007ff8ab420000 - 0x00007ff8ab455000 	C:\Windows\SYSTEM32\WINMM.dll
0x00007ff8abc60000 - 0x00007ff8abc6b000 	C:\Windows\SYSTEM32\VERSION.dll
0x00007ff8b32c0000 - 0x00007ff8b32d4000 	C:\Windows\SYSTEM32\UMPDC.dll
0x00007ff8b21d0000 - 0x00007ff8b21eb000 	C:\Windows\SYSTEM32\kernel.appcore.dll
0x00007ff8a6b80000 - 0x00007ff8a6b8a000 	C:\Program Files\Java\jdk-24\bin\jimage.dll
0x00007ff8ac4c0000 - 0x00007ff8ac702000 	C:\Windows\SYSTEM32\DBGHELP.DLL
0x00007ff8b44c0000 - 0x00007ff8b483b000 	C:\Windows\System32\combase.dll
0x00007ff8b56e0000 - 0x00007ff8b57b7000 	C:\Windows\System32\OLEAUT32.dll
0x00007ff8a8030000 - 0x00007ff8a806d000 	C:\Windows\SYSTEM32\dbgcore.DLL
0x00007ff8b36b0000 - 0x00007ff8b3749000 	C:\Windows\System32\bcryptPrimitives.dll
0x00007ff8b0020000 - 0x00007ff8b002f000 	C:\Program Files\Java\jdk-24\bin\instrument.dll
0x00007ff897bc0000 - 0x00007ff897bde000 	C:\Program Files\Java\jdk-24\bin\java.dll
0x00007ff8b6130000 - 0x00007ff8b62c8000 	C:\Windows\System32\ole32.dll
0x00007ff8b4c20000 - 0x00007ff8b536d000 	C:\Windows\System32\SHELL32.dll
0x00007ff8b3e80000 - 0x00007ff8b3fec000 	C:\Windows\System32\wintypes.dll
0x00007ff8b0fb0000 - 0x00007ff8b1809000 	C:\Windows\SYSTEM32\windows.storage.dll
0x00007ff8b55e0000 - 0x00007ff8b56d0000 	C:\Windows\System32\SHCORE.dll
0x00007ff8b4880000 - 0x00007ff8b48e2000 	C:\Windows\System32\shlwapi.dll
0x00007ff8b3450000 - 0x00007ff8b3479000 	C:\Windows\SYSTEM32\profapi.dll
0x00007ff887740000 - 0x00007ff887817000 	C:\Program Files\Java\jdk-24\bin\jsvml.dll
0x00007ff8a57e0000 - 0x00007ff8a57f0000 	C:\Program Files\Java\jdk-24\bin\net.dll
0x00007ff8b2830000 - 0x00007ff8b289b000 	C:\Windows\system32\mswsock.dll
0x00007ff897ba0000 - 0x00007ff897bb6000 	C:\Program Files\Java\jdk-24\bin\nio.dll
0x00007ff897920000 - 0x00007ff897937000 	C:\Program Files\Java\jdk-24\bin\zip.dll
0x0000024346be0000 - 0x0000024346be3000 	C:\Users\danielcc\.openjfx\cache\17.0.6\api-ms-win-core-console-l1-1-0.dll
0x0000024346bf0000 - 0x0000024346bf3000 	C:\Users\danielcc\.openjfx\cache\17.0.6\api-ms-win-core-console-l1-2-0.dll
0x0000024346c00000 - 0x0000024346c03000 	C:\Users\danielcc\.openjfx\cache\17.0.6\api-ms-win-core-datetime-l1-1-0.dll
0x0000024346c10000 - 0x0000024346c13000 	C:\Users\danielcc\.openjfx\cache\17.0.6\api-ms-win-core-debug-l1-1-0.dll
0x0000024346c20000 - 0x0000024346c23000 	C:\Users\danielcc\.openjfx\cache\17.0.6\api-ms-win-core-errorhandling-l1-1-0.dll
0x0000024346c30000 - 0x0000024346c34000 	C:\Users\danielcc\.openjfx\cache\17.0.6\api-ms-win-core-file-l1-1-0.dll
0x0000024346c40000 - 0x0000024346c43000 	C:\Users\danielcc\.openjfx\cache\17.0.6\api-ms-win-core-file-l1-2-0.dll
0x0000024346c50000 - 0x0000024346c53000 	C:\Users\danielcc\.openjfx\cache\17.0.6\api-ms-win-core-file-l2-1-0.dll
0x0000024346c60000 - 0x0000024346c63000 	C:\Users\danielcc\.openjfx\cache\17.0.6\api-ms-win-core-handle-l1-1-0.dll
0x0000024346c70000 - 0x0000024346c73000 	C:\Users\danielcc\.openjfx\cache\17.0.6\api-ms-win-core-heap-l1-1-0.dll
0x0000024346c80000 - 0x0000024346c83000 	C:\Users\danielcc\.openjfx\cache\17.0.6\api-ms-win-core-interlocked-l1-1-0.dll
0x0000024346c90000 - 0x0000024346c93000 	C:\Users\danielcc\.openjfx\cache\17.0.6\api-ms-win-core-libraryloader-l1-1-0.dll
0x0000024346ca0000 - 0x0000024346ca3000 	C:\Users\danielcc\.openjfx\cache\17.0.6\api-ms-win-core-localization-l1-2-0.dll
0x0000024346cb0000 - 0x0000024346cb3000 	C:\Users\danielcc\.openjfx\cache\17.0.6\api-ms-win-core-memory-l1-1-0.dll
0x0000024346cc0000 - 0x0000024346cc3000 	C:\Users\danielcc\.openjfx\cache\17.0.6\api-ms-win-core-namedpipe-l1-1-0.dll
0x0000024346cd0000 - 0x0000024346cd3000 	C:\Users\danielcc\.openjfx\cache\17.0.6\api-ms-win-core-processenvironment-l1-1-0.dll
0x0000024346ce0000 - 0x0000024346ce3000 	C:\Users\danielcc\.openjfx\cache\17.0.6\api-ms-win-core-processthreads-l1-1-0.dll
0x0000024346cf0000 - 0x0000024346cf3000 	C:\Users\danielcc\.openjfx\cache\17.0.6\api-ms-win-core-processthreads-l1-1-1.dll
0x0000024346d00000 - 0x0000024346d03000 	C:\Users\danielcc\.openjfx\cache\17.0.6\api-ms-win-core-profile-l1-1-0.dll
0x0000024346d10000 - 0x0000024346d13000 	C:\Users\danielcc\.openjfx\cache\17.0.6\api-ms-win-core-rtlsupport-l1-1-0.dll
0x0000024346d20000 - 0x0000024346d23000 	C:\Users\danielcc\.openjfx\cache\17.0.6\api-ms-win-core-string-l1-1-0.dll
0x0000024346d30000 - 0x0000024346d33000 	C:\Users\danielcc\.openjfx\cache\17.0.6\api-ms-win-core-synch-l1-1-0.dll
0x0000024346d40000 - 0x0000024346d43000 	C:\Users\danielcc\.openjfx\cache\17.0.6\api-ms-win-core-synch-l1-2-0.dll
0x0000024346d50000 - 0x0000024346d53000 	C:\Users\danielcc\.openjfx\cache\17.0.6\api-ms-win-core-sysinfo-l1-1-0.dll
0x0000024346d60000 - 0x0000024346d63000 	C:\Users\danielcc\.openjfx\cache\17.0.6\api-ms-win-core-timezone-l1-1-0.dll
0x0000024346d70000 - 0x0000024346d73000 	C:\Users\danielcc\.openjfx\cache\17.0.6\api-ms-win-core-util-l1-1-0.dll
0x0000024346d80000 - 0x0000024346d83000 	C:\Users\danielcc\.openjfx\cache\17.0.6\api-ms-win-crt-conio-l1-1-0.dll
0x0000024346d90000 - 0x0000024346d94000 	C:\Users\danielcc\.openjfx\cache\17.0.6\api-ms-win-crt-convert-l1-1-0.dll
0x0000024346da0000 - 0x0000024346da3000 	C:\Users\danielcc\.openjfx\cache\17.0.6\api-ms-win-crt-environment-l1-1-0.dll
0x0000024346db0000 - 0x0000024346db3000 	C:\Users\danielcc\.openjfx\cache\17.0.6\api-ms-win-crt-filesystem-l1-1-0.dll
0x0000024346dc0000 - 0x0000024346dc3000 	C:\Users\danielcc\.openjfx\cache\17.0.6\api-ms-win-crt-heap-l1-1-0.dll
0x0000024346dd0000 - 0x0000024346dd3000 	C:\Users\danielcc\.openjfx\cache\17.0.6\api-ms-win-crt-locale-l1-1-0.dll
0x0000024346de0000 - 0x0000024346de5000 	C:\Users\danielcc\.openjfx\cache\17.0.6\api-ms-win-crt-math-l1-1-0.dll
0x0000024346df0000 - 0x0000024346df5000 	C:\Users\danielcc\.openjfx\cache\17.0.6\api-ms-win-crt-multibyte-l1-1-0.dll
0x0000024346e00000 - 0x0000024346e10000 	C:\Users\danielcc\.openjfx\cache\17.0.6\api-ms-win-crt-private-l1-1-0.dll
0x0000024346e10000 - 0x0000024346e13000 	C:\Users\danielcc\.openjfx\cache\17.0.6\api-ms-win-crt-process-l1-1-0.dll
0x0000024346e20000 - 0x0000024346e24000 	C:\Users\danielcc\.openjfx\cache\17.0.6\api-ms-win-crt-runtime-l1-1-0.dll
0x0000024346e30000 - 0x0000024346e34000 	C:\Users\danielcc\.openjfx\cache\17.0.6\api-ms-win-crt-stdio-l1-1-0.dll
0x0000024346e40000 - 0x0000024346e44000 	C:\Users\danielcc\.openjfx\cache\17.0.6\api-ms-win-crt-string-l1-1-0.dll
0x0000024346e50000 - 0x0000024346e53000 	C:\Users\danielcc\.openjfx\cache\17.0.6\api-ms-win-crt-time-l1-1-0.dll
0x0000024346e60000 - 0x0000024346e63000 	C:\Users\danielcc\.openjfx\cache\17.0.6\api-ms-win-crt-utility-l1-1-0.dll
0x00007ff88b270000 - 0x00007ff88b36c000 	C:\Users\danielcc\.openjfx\cache\17.0.6\ucrtbase.dll
0x00007ff8a6250000 - 0x00007ff8a626a000 	C:\Users\danielcc\.openjfx\cache\17.0.6\vcruntime140.dll
0x00007ff89d990000 - 0x00007ff89d99c000 	C:\Users\danielcc\.openjfx\cache\17.0.6\vcruntime140_1.dll
0x00007ff89cf50000 - 0x00007ff89cfdd000 	C:\Users\danielcc\.openjfx\cache\17.0.6\msvcp140.dll
0x00007ff89d0f0000 - 0x00007ff89d0f9000 	C:\Users\danielcc\.openjfx\cache\17.0.6\msvcp140_1.dll
0x00007ff89cf20000 - 0x00007ff89cf4f000 	C:\Users\danielcc\.openjfx\cache\17.0.6\msvcp140_2.dll
0x00007ff899ce0000 - 0x00007ff899d0a000 	C:\Users\danielcc\.openjfx\cache\17.0.6\prism_d3d.dll
0x00007ff881f90000 - 0x00007ff882141000 	C:\Windows\system32\d3d9.dll
0x00007ff8b08e0000 - 0x00007ff8b090b000 	C:\Windows\SYSTEM32\dwmapi.dll
0x00007ff8b0730000 - 0x00007ff8b0774000 	C:\Windows\SYSTEM32\dxcore.dll
0x00007ff8b05e0000 - 0x00007ff8b0688000 	C:\Windows\system32\uxtheme.dll
0x00007ff8ab460000 - 0x00007ff8ab61b000 	C:\WINDOWS\System32\DriverStore\FileRepository\u0387827.inf_amd64_7004fc67026a57ee\B384926\aticfx64.dll
0x00007ff865030000 - 0x00007ff865064000 	C:\WINDOWS\System32\DriverStore\FileRepository\u0387827.inf_amd64_7004fc67026a57ee\B384926\atiu9p64.dll
0x00007ff855ab0000 - 0x00007ff856805000 	C:\WINDOWS\System32\DriverStore\FileRepository\u0387827.inf_amd64_7004fc67026a57ee\B384926\atiumd64.dll
0x000000005bea0000 - 0x000000005cdc7000 	C:\Windows\System32\DriverStore\FileRepository\u0387827.inf_amd64_7004fc67026a57ee\B384926\atiumd6a.dll
0x00007ff8b58e0000 - 0x00007ff8b5d67000 	C:\Windows\System32\SETUPAPI.dll
0x00007ff8a8cc0000 - 0x00007ff8a8cf5000 	C:\Windows\SYSTEM32\amdihk64.dll
0x00007ff8ac430000 - 0x00007ff8ac490000 	C:\Windows\SYSTEM32\directxdatabasehelper.dll
0x00007ff893cb0000 - 0x00007ff893cf2000 	C:\Users\danielcc\.openjfx\cache\17.0.6\glass.dll
0x00007ff8b48f0000 - 0x00007ff8b49e1000 	C:\Windows\System32\COMDLG32.dll
0x00007ff8b5fd0000 - 0x00007ff8b6128000 	C:\Windows\System32\MSCTF.dll
0x00007ff89cc50000 - 0x00007ff89cc64000 	C:\Users\danielcc\.openjfx\cache\17.0.6\javafx_font.dll
0x00007ff8b2c00000 - 0x00007ff8b2c1b000 	C:\Windows\SYSTEM32\CRYPTSP.dll
0x00007ff8b2250000 - 0x00007ff8b228b000 	C:\Windows\system32\rsaenh.dll
0x00007ff8b28d0000 - 0x00007ff8b28fb000 	C:\Windows\SYSTEM32\USERENV.dll
0x00007ff8b3420000 - 0x00007ff8b3446000 	C:\Windows\SYSTEM32\bcrypt.dll
0x00007ff8b2a60000 - 0x00007ff8b2a6c000 	C:\Windows\SYSTEM32\CRYPTBASE.dll
0x00007ff8b1a20000 - 0x00007ff8b1a54000 	C:\Windows\SYSTEM32\IPHLPAPI.DLL
0x00007ff8b4870000 - 0x00007ff8b487a000 	C:\Windows\System32\NSI.dll
0x00007ff8b1aa0000 - 0x00007ff8b1bc6000 	C:\Windows\SYSTEM32\DNSAPI.dll
0x00007ff8ad900000 - 0x00007ff8ad90b000 	C:\Windows\System32\rasadhlp.dll
0x00007ff8ae170000 - 0x00007ff8ae1f6000 	C:\Windows\System32\fwpuclnt.dll
0x00007ff8a5470000 - 0x00007ff8a547e000 	C:\Program Files\Java\jdk-24\bin\sunmscapi.dll
0x00007ff8b3530000 - 0x00007ff8b36a7000 	C:\Windows\System32\CRYPT32.dll
0x00007ff8b2d50000 - 0x00007ff8b2d80000 	C:\Windows\SYSTEM32\ncrypt.dll
0x00007ff8b2d00000 - 0x00007ff8b2d3f000 	C:\Windows\SYSTEM32\NTASN1.dll
0x00007ff89cae0000 - 0x00007ff89cae8000 	C:\Windows\system32\wshunix.dll
0x00007ff8ae900000 - 0x00007ff8aeb67000 	C:\Windows\SYSTEM32\dwrite.dll
0x00007ff8b54f0000 - 0x00007ff8b55a1000 	C:\Windows\System32\clbcatq.dll
0x00007ff8ae6c0000 - 0x00007ff8ae8ef000 	C:\Windows\SYSTEM32\WindowsCodecs.dll

JVMTI agents:
C:\Program Files\JetBrains\IntelliJ IDEA Community Edition 2025.2.1\lib\idea_rt.jar path:C:\Program Files\Java\jdk-24\bin\instrument.dll, loaded, initialized, instrumentlib options:59983

dbghelp: loaded successfully - version: 4.0.5 - missing functions: none
symbol engine: initialized successfully - sym options: 0x614 - pdb path: .;C:\Program Files\Java\jdk-24\bin;C:\Windows\SYSTEM32;C:\Windows\WinSxS\amd64_microsoft.windows.common-controls_6595b64144ccf1df_6.0.26100.5074_none_3e0d6f78e32fd63f;C:\Program Files\Java\jdk-24\bin\server;C:\Users\danielcc\.openjfx\cache\17.0.6;C:\WINDOWS\System32\DriverStore\FileRepository\u0387827.inf_amd64_7004fc67026a57ee\B384926;C:\Program Files\Common Files\Microsoft Shared\Ink

VM Arguments:
jvm_args: -javaagent:C:\Program Files\JetBrains\IntelliJ IDEA Community Edition 2025.2.1\lib\idea_rt.jar=59983 -Dfile.encoding=UTF-8 -Dsun.stdout.encoding=UTF-8 -Dsun.stderr.encoding=UTF-8 --module-path=C:\Users\danielcc\.m2\repository\com\github\almasb\fxgl\11.17\fxgl-11.17.jar;C:\Users\danielcc\.m2\repository\com\fasterxml\jackson\core\jackson-databind\2.12.1\jackson-databind-2.12.1.jar;C:\Users\danielcc\.m2\repository\com\gluonhq\attach\lifecycle\4.0.9\lifecycle-4.0.9.jar;C:\Users\danielcc\.m2\repository\org\openjfx\javafx-base\17.0.6\javafx-base-17.0.6-win.jar;C:\Users\danielcc\.m2\repository\com\fasterxml\jackson\core\jackson-annotations\2.12.1\jackson-annotations-2.12.1.jar;C:\Users\danielcc\.m2\repository\org\jetbrains\kotlin\kotlin-stdlib\1.5.10\kotlin-stdlib-1.5.10-modular.jar;C:\Users\danielcc\.m2\repository\com\fasterxml\jackson\core\jackson-core\2.12.1\jackson-core-2.12.1.jar;C:\Users\danielcc\.m2\repository\org\openjfx\javafx-controls\17.0.6\javafx-controls-17.0.6-win.jar;C:\Users\danielcc\Desktop\DAM 1T\code\practicaOrtoRestaurante\desktopIJ\target\classes;C:\Users\danielcc\.m2\repository\com\gluonhq\attach\storage\4.0.9\storage-4.0.9.jar;C:\Users\danielcc\.m2\repository\org\openjfx\javafx-fxml\17.0.6\javafx-fxml-17.0.6-win.jar;C:\Users\danielcc\.m2\repository\org\openjfx\javafx-web\17.0.6\javafx-web-17.0.6-win.jar;C:\Users\danielcc\.m2\repository\com\gluonhq\attach\audio\4.0.9\audio-4.0.9.jar;C:\Users\danielcc\.m2\repository\eu\hansolo\tilesfx\11.48\tilesfx-11.48.jar;C:\Users\danielcc\.m2\repository\com\google\errorprone\error_prone_annotations\2.38.0\error_prone_annotations-2.38.0.jar;C:\Users\danielcc\.m2\repository\org\mongodb\bson\5.5.1\bson-5.5.1.jar;C:\Users\danielcc\.m2\repository\org\mongodb\mongodb-driver-sync\5.5.1\mongodb-driver-sync-5.5.1.jar;C:\Users\danielcc\.m2\repository\com\gluonhq\attach\util\4.0.9\util-4.0.9.jar;C:\Users\danielcc\.m2\repository\org\kordamp\ikonli\ikonli-javafx\12.3.1\ikonli-javafx-12.3.1.jar;C:\Users\danielcc\.m2\repository\com\github\almasb\fxgl-scene\11.17\fxgl-scene-11.17.jar;C:\Users\danielcc\.m2\repository\com\github\almasb\fxgl-entity\11.17\fxgl-entity-11.17.jar;C:\Users\danielcc\.m2\repository-Djdk.module.main=com.example.practortorestaurantedesktopp 
java_command: com.example.practortorestaurantedesktopp/com.example.practortorestaurantedesktopp.HelloApplication
java_class_path (initial): C:\Users\danielcc\.m2\repository\org\mongodb\bson-record-codec\5.5.1\bson-record-codec-5.5.1.jar;C:\Users\danielcc\.m2\repository\org\slf4j\slf4j-jdk14\1.7.28\slf4j-jdk14-1.7.28.jar;C:\Users\danielcc\.m2\repository\org\slf4j\slf4j-api\1.7.28\slf4j-api-1.7.28.jar;C:\Users\danielcc\.m2\repository\org\openjfx\javafx-controls\17.0.6\javafx-controls-17.0.6.jar;C:\Users\danielcc\.m2\repository\org\openjfx\javafx-graphics\17.0.6\javafx-graphics-17.0.6.jar;C:\Users\danielcc\.m2\repository\org\openjfx\javafx-base\17.0.6\javafx-base-17.0.6.jar;C:\Users\danielcc\.m2\repository\org\openjfx\javafx-fxml\17.0.6\javafx-fxml-17.0.6.jar;C:\Users\danielcc\.m2\repository\org\openjfx\javafx-web\17.0.6\javafx-web-17.0.6.jar;C:\Users\danielcc\.m2\repository\org\openjfx\javafx-swing\17.0.6\javafx-swing-17.0.6.jar;C:\Users\danielcc\.m2\repository\org\openjfx\javafx-swing\17.0.6\javafx-swing-17.0.6-win.jar;C:\Users\danielcc\.m2\repository\org\openjfx\javafx-media\17.0.6\javafx-media-17.0.6.jar;C:\Users\danielcc\.m2\repository\org\jetbrains\annotations\13.0\annotations-13.0.jar;C:\Users\danielcc\.m2\repository\org\jetbrains\kotlin\kotlin-stdlib-common\1.5.10\kotlin-stdlib-common-1.5.10.jar
Launcher Type: SUN_STANDARD

[Global flags]
     intx CICompilerCount                          = 4                                         {product} {ergonomic}
     uint ConcGCThreads                            = 3                                         {product} {ergonomic}
     uint G1ConcRefinementThreads                  = 10                                        {product} {ergonomic}
   size_t G1HeapRegionSize                         = 2097152                                   {product} {ergonomic}
   size_t InitialHeapSize                          = 257949696                                 {product} {ergonomic}
   size_t MarkStackSize                            = 4194304                                   {product} {ergonomic}
   size_t MarkStackSizeMax                         = 536870912                                 {product} {ergonomic}
   size_t MaxHeapSize                              = 4106223616                                {product} {ergonomic}
   size_t MaxNewSize                               = 2462056448                                {product} {ergonomic}
   size_t MinHeapDeltaBytes                        = 2097152                                   {product} {ergonomic}
   size_t MinHeapSize                              = 8388608                                   {product} {ergonomic}
    uintx NonNMethodCodeHeapSize                   = 5832704                                {pd product} {ergonomic}
    uintx NonProfiledCodeHeapSize                  = 122945536                              {pd product} {ergonomic}
    uintx ProfiledCodeHeapSize                     = 122880000                              {pd product} {ergonomic}
    uintx ReservedCodeCacheSize                    = 251658240                              {pd product} {ergonomic}
     bool SegmentedCodeCache                       = true                                      {product} {ergonomic}
   size_t SoftMaxHeapSize                          = 4106223616                             {manageable} {ergonomic}
     bool UseCompressedOops                        = true                           {product lp64_product} {ergonomic}
     bool UseG1GC                                  = true                                      {product} {ergonomic}
     bool UseLargePagesIndividualAllocation        = false                                  {pd product} {ergonomic}

Logging:
Log output configuration:
 #0: stdout all=off uptime,level,tags foldmultilines=false
 #1: stderr all=off uptime,level,tags foldmultilines=false

Environment Variables:
PATH=C:\Program Files\Common Files\Oracle\Java\javapath;C:\Windows\system32;C:\Windows;C:\Windows\System32\Wbem;C:\Windows\System32\WindowsPowerShell\v1.0\;C:\Windows\System32\OpenSSH\;C:\Program Files\nodejs\;C:\kotlinc\bin;C:\javafx-sdk-25\lib;;C:\Strawberry\c\bin;C:\Strawberry\perl\site\bin;C:\Strawberry\perl\bin;C:\Program Files\Docker\Docker\resources\bin;C:\Users\danielcc\AppData\Local\Programs\Python\Python314\Scripts\;C:\Users\danielcc\AppData\Local\Programs\Python\Python314\;C:\Users\danielcc\AppData\Local\Programs\Python\Launcher\;C:\Users\danielcc\AppData\Local\Microsoft\WindowsApps;C:\Users\danielcc\AppData\Local\Programs\Microsoft VS Code\bin;C:\Users\danielcc\AppData\Local\Programs\Git\cmd;C:\Users\danielcc\AppData\Roaming\npm;C:\Users\danielcc\AppData\Local\Programs\MiKTeX\miktex\bin\x64\
USERNAME=danielcc
OS=Windows_NT
PROCESSOR_IDENTIFIER=AMD64 Family 25 Model 80 Stepping 0, AuthenticAMD
TMP=C:\Users\danielcc\AppData\Local\Temp
TEMP=C:\Users\danielcc\AppData\Local\Temp




Periodic native trim disabled

---------------  S Y S T E M  ---------------

OS:
 Windows 11 , 64 bit Build 26100 (10.0.26100.5074)
OS uptime: 7 days 22:50 hours
Hyper-V role detected

CPU: total 12 (initial active 12) (12 cores per cpu, 2 threads per core) family 25 model 80 stepping 0 microcode 0xa50000d, cx8, cmov, fxsr, ht, mmx, 3dnowpref, sse, sse2, sse3, ssse3, sse4a, sse4.1, sse4.2, popcnt, lzcnt, tsc, tscinvbit, avx, avx2, aes, erms, clmul, bmi1, bmi2, adx, sha, fma, vzeroupper, clflush, clflushopt, hv, rdtscp, rdpid, fsrm, f16c, cet_ss
Processor Information for the first 12 processors :
  Max Mhz: 3901, Current Mhz: 3901, Mhz Limit: 3901

Memory: 4k page, system-wide physical 15659M (1297M free)
TotalPageFile size 25881M (AvailPageFile size 836M)
current process WorkingSet (physical memory assigned to process): 169M, peak: 207M
current process commit charge ("private bytes"): 238M, peak: 414M

vm_info: Java HotSpot(TM) 64-Bit Server VM (24.0.2+12-54) for windows-amd64 JRE (24.0.2+12-54), built on 2025-07-08T12:10:27Z with MS VC++ 17.6 (VS2022)

END.
