#
# A fatal error has been detected by the Java Runtime Environment:
#
#  EXCEPTION_ACCESS_VIOLATION (0xc0000005) at pc=0x00007ff893cd6b07, pid=15032, tid=3252
#
# JRE version: Java(TM) SE Runtime Environment (24.0.2+12) (build 24.0.2+12-54)
# Java VM: Java HotSpot(TM) 64-Bit Server VM (24.0.2+12-54, mixed mode, sharing, tiered, compressed oops, compressed class ptrs, g1 gc, windows-amd64)
# Problematic frame:
# C  [glass.dll+0x26b07]
#
# No core dump will be written. Minidumps are not enabled by default on client versions of Windows
#
# If you would like to submit a bug report, please visit:
#   https://bugreport.java.com/bugreport/crash.jsp
#

---------------  S U M M A R Y ------------

Command Line: -javaagent:C:\Program Files\JetBrains\IntelliJ IDEA Community Edition 2025.2.1\lib\idea_rt.jar=60102 -Dfile.encoding=UTF-8 -Dsun.stdout.encoding=UTF-8 -Dsun.stderr.encoding=UTF-8 --module-path=C:\Users\danielcc\.m2\repository\com\github\almasb\fxgl\11.17\fxgl-11.17.jar;C:\Users\danielcc\.m2\repository\com\fasterxml\jackson\core\jackson-databind\2.12.1\jackson-databind-2.12.1.jar;C:\Users\danielcc\.m2\repository\com\gluonhq\attach\lifecycle\4.0.9\lifecycle-4.0.9.jar;C:\Users\danielcc\.m2\repository\org\openjfx\javafx-base\17.0.6\javafx-base-17.0.6-win.jar;C:\Users\danielcc\.m2\repository\com\fasterxml\jackson\core\jackson-annotations\2.12.1\jackson-annotations-2.12.1.jar;C:\Users\danielcc\.m2\repository\org\jetbrains\kotlin\kotlin-stdlib\1.5.10\kotlin-stdlib-1.5.10-modular.jar;C:\Users\danielcc\.m2\repository\com\fasterxml\jackson\core\jackson-core\2.12.1\jackson-core-2.12.1.jar;C:\Users\danielcc\.m2\repository\org\openjfx\javafx-controls\17.0.6\javafx-controls-17.0.6-win.jar;C:\Users\danielcc\Desktop\DAM 1T\code\practicaOrtoRestaurante\desktopIJ\target\classes;C:\Users\danielcc\.m2\repository\com\gluonhq\attach\storage\4.0.9\storage-4.0.9.jar;C:\Users\danielcc\.m2\repository\org\openjfx\javafx-fxml\17.0.6\javafx-fxml-17.0.6-win.jar;C:\Users\danielcc\.m2\repository\org\openjfx\javafx-web\17.0.6\javafx-web-17.0.6-win.jar;C:\Users\danielcc\.m2\repository\com\gluonhq\attach\audio\4.0.9\audio-4.0.9.jar;C:\Users\danielcc\.m2\repository\eu\hansolo\tilesfx\11.48\tilesfx-11.48.jar;C:\Users\danielcc\.m2\repository\com\google\errorprone\error_prone_annotations\2.38.0\error_prone_annotations-2.38.0.jar;C:\Users\danielcc\.m2\repository\org\mongodb\bson\5.5.1\bson-5.5.1.jar;C:\Users\danielcc\.m2\repository\org\mongodb\mongodb-driver-sync\5.5.1\mongodb-driver-sync-5.5.1.jar;C:\Users\danielcc\.m2\repository\com\gluonhq\attach\util\4.0.9\util-4.0.9.jar;C:\Users\danielcc\.m2\repository\org\kordamp\ikonli\ikonli-javafx\12.3.1\ikonli-javafx-12.3.1.jar;C:\Users\danielcc\.m2\repository\com\github\almasb\fxgl-scene\11.17\fxgl-scene-11.17.jar;C:\Users\danielcc\.m2\repository\com\github\almasb\fxgl-entity\11.17\fxgl-entity-11.17.jar;C:\Users\danielcc\.m2\repository-Djdk.module.main=com.example.practortorestaurantedesktopp com.example.practortorestaurantedesktopp/com.example.practortorestaurantedesktopp.HelloApplication

Host: AMD Ryzen 5 5600G with Radeon Graphics         , 12 cores, 15G,  Windows 11 , 64 bit Build 26100 (10.0.26100.5074)
Time: Tue Nov  4 17:04:40 2025 Hora estándar romance elapsed time: 13.176669 seconds (0d 0h 0m 13s)

---------------  T H R E A D  ---------------

Current thread (0x00000167ffe0b940):  VMThread "VM Thread"          [id=3252, stack(0x00000013baa00000,0x00000013bab00000) (1024K)]

Stack: [0x00000013baa00000,0x00000013bab00000],  sp=0x00000013baaff190,  free space=1020k
Native frames: (J=compiled Java code, j=interpreted, Vv=VM code, C=native code)
C  [glass.dll+0x26b07]  (no source info available)
C  [ucrtbase.dll+0x4bc75]  (no source info available)
C  [ucrtbase.dll+0x4b897]  (no source info available)
C  [ucrtbase.dll+0x4b84d]  (no source info available)
C  [glass.dll+0x24261]  (no source info available)
C  [glass.dll+0x24386]  (no source info available)
C  [ntdll.dll+0x160ede]  (no source info available)
C  [ntdll.dll+0x7483e]  (no source info available)
C  [ntdll.dll+0xfdfff]  (no source info available)
C  [ntdll.dll+0x8ede]  (no source info available)
C  [KERNEL32.DLL+0x418ab]  (no source info available)
C  [ucrtbase.dll+0xa0093]  (no source info available)
V  [jvm.dll+0x72928c]  (no source info available)
V  [jvm.dll+0x728dc0]  (no source info available)
V  [jvm.dll+0x41b344]  (no source info available)
V  [jvm.dll+0x8e29c2]  (no source info available)
V  [jvm.dll+0x8e3d0c]  (no source info available)
V  [jvm.dll+0x8e4278]  (no source info available)
V  [jvm.dll+0x8e4513]  (no source info available)
V  [jvm.dll+0x87d9eb]  (no source info available)
V  [jvm.dll+0x72ef45]  (no source info available)
C  [ucrtbase.dll+0x37b0]  (no source info available)
C  [KERNEL32.DLL+0x2e8d7]  (no source info available)
C  [ntdll.dll+0x8d9c]  (no source info available)


siginfo: EXCEPTION_ACCESS_VIOLATION (0xc0000005), reading address 0x0000000000000000


Registers:
RAX=0x0000000000000000, RBX=0x00000167ffe12ba2, RCX=0x00000167ffe0b940, RDX=0x00000013baaff190
RSP=0x00000013baaff190, RBP=0x0000c82b051e2843, RSI=0x00000167d6fd1578, RDI=0x00000167d6fd1550
R8 =0x0000000000010002, R9 =0x0000c82b051e2843, R10=0x00000167ef0a0000, R11=0x00000013baaff040
R12=0x0000000000000001, R13=0x00007ff893cd43d4, R14=0x00000013baaff298, R15=0x00000167d6fd1550
RIP=0x00007ff893cd6b07, EFLAGS=0x0000000000010206

XMM[0]=0x0000000000000000 0x0000000000000000
XMM[1]=0x0000000000000000 0x00000013baafddf0
XMM[2]=0x0000000000000000 0x0000000000000000
XMM[3]=0x0000000000000000 0x0000000000000000
XMM[4]=0x0000000000000000 0x0000000000000000
XMM[5]=0x0000000000000000 0x0000000000000000
XMM[6]=0x0000000000000000 0x0000000000000000
XMM[7]=0x0000000000000000 0x404e000000000000
XMM[8]=0x0000000000000000 0x0000000000000000
XMM[9]=0x0000000000000000 0x0000000000000000
XMM[10]=0x0000000000000000 0x0000000000000000
XMM[11]=0x0000000000000000 0x0000000000000000
XMM[12]=0x0000000000000000 0x0000000000000000
XMM[13]=0x0000000000000000 0x0000000000000000
XMM[14]=0x0000000000000000 0x0000000000000000
XMM[15]=0x0000000000000000 0x0000000000000000
  MXCSR=0x00001fa0


Register to memory mapping:

RAX=0x0 is null
RBX=0x00000167ffe12ba2 is a global jni handle
RCX=0x00000167ffe0b940 points into unknown readable memory: 0x00007ff843e27c38 | 38 7c e2 43 f8 7f 00 00
RDX=0x00000013baaff190 points into unknown readable memory: 0x0000000000000000 | 00 00 00 00 00 00 00 00
RSP=0x00000013baaff190 points into unknown readable memory: 0x0000000000000000 | 00 00 00 00 00 00 00 00
RBP=0x0000c82b051e2843 is an unknown value
RSI=0x00000167d6fd1578 points into unknown readable memory: 0x0000c82b051e2843 | 43 28 1e 05 2b c8 00 00
RDI=0x00000167d6fd1550 points into unknown readable memory: 0x000337ef9b77df23 | 23 df 77 9b ef 37 03 00
R8 =0x0000000000010002 is an unknown value
R9 =0x0000c82b051e2843 is an unknown value
R10=0x00000167ef0a0000 points into unknown readable memory: 0x0000000000000000 | 00 00 00 00 00 00 00 00
R11=0x00000013baaff040 points into unknown readable memory: 0x0000000000000000 | 00 00 00 00 00 00 00 00
R12=0x0000000000000001 is an unknown value
R13=0x00007ff893cd43d4 glass.dll
R14=0x00000013baaff298 points into unknown readable memory: 0x00000013baaff280 | 80 f2 af ba 13 00 00 00
R15=0x00000167d6fd1550 points into unknown readable memory: 0x000337ef9b77df23 | 23 df 77 9b ef 37 03 00

Top of Stack: (sp=0x00000013baaff190)
0x00000013baaff190:   0000000000000000 0000016700000000   ............g...
0x00000013baaff1a0:   00000167d687d3b0 0000000000000001   ....g...........
0x00000013baaff1b0:   00000167d6fd1558 00007ff8b403bc75   X...g...u.......
0x00000013baaff1c0:   00000167d6fd1550 0000016700000000   P...g.......g...
0x00000013baaff1d0:   00000167d6fd1570 0000c82b051e2843   p...g...C(..+...
0x00000013baaff1e0:   fffffffffffffffe 00007ff89cc50000   ................
0x00000013baaff1f0:   00007ff893cb0000 00007ff893cb0000   ................
0x00000013baaff200:   00000013baaff288 00007ff8b403b897   ................
0x00000013baaff210:   00000013baaff200 00000013baaff298   ................
0x00000013baaff220:   00000013baaff580 00007ff8b41288c0   ................
0x00000013baaff230:   0000000000000001 00007ff8b403b84d   ........M.......
0x00000013baaff240:   0000000000000000 0000000000000001   ................
0x00000013baaff250:   00000013baaff580 00000013baaff288   ................
0x00000013baaff260:   fffffffffffffffe 00007ff8b63e6003   .........`>.....
0x00000013baaff270:   0000000000000000 00007ff893cd4261   ........aB......
0x00000013baaff280:   00007ff893cea138 0000001300000002   8...............
0x00000013baaff290:   00007ff800000002 00000013baaff280   ................
0x00000013baaff2a0:   0000000000000000 00007ff8b2c05e37   ........7^......
0x00000013baaff2b0:   0000000000000000 00007ff893cd4386   .........C......
0x00000013baaff2c0:   0000000000000001 0000000000000000   ................
0x00000013baaff2d0:   0000000000000001 00007ff8b6414f8f   .........OA.....
0x00000013baaff2e0:   00007ff8b2c00000 00000013baaff580   ................
0x00000013baaff2f0:   0000000000000001 0000000000000000   ................
0x00000013baaff300:   0000000000000000 000000007ffe0384   ................
0x00000013baaff310:   00000167d6a992b0 00007ff8b6500ede   ....g.....P.....
0x00000013baaff320:   00007ff893cb0000 0000016700000000   ............g...
0x00000013baaff330:   0000000000000001 000000007ffe0385   ................
0x00000013baaff340:   00007ff893cd7590 00007ff8b641483e   .u......>HA.....
0x00000013baaff350:   0000000000000000 0000000000000000   ................
0x00000013baaff360:   0000000000000000 0000000000000000   ................
0x00000013baaff370:   0000000000000000 0000000000000000   ................
0x00000013baaff380:   0000000000000000 0000000000000000   ................

Instructions: (pc=0x00007ff893cd6b07)
  0x00007ff893cd6a07:   8b 4d 58 e8 01 cf ff ff 48 8b 4d 60 e8 f8 ce ff
  0x00007ff893cd6a17:   ff 48 8b 95 80 00 00 00 48 8b 8d 18 01 00 00 e8
  0x00007ff893cd6a27:   c6 c3 ff ff 33 d2 33 c9 e8 3c e1 ff ff 90 48 89
  0x00007ff893cd6a37:   54 24 10 55 48 83 ec 20 48 8b ea 48 b8 00 00 00
  0x00007ff893cd6a47:   00 00 00 00 00 48 83 c4 20 5d c3 cc 40 55 48 8b
  0x00007ff893cd6a57:   ea 48 8b 01 33 c9 81 38 05 00 00 c0 0f 94 c1 8b
  0x00007ff893cd6a67:   c1 5d c3 cc 40 55 48 83 ec 20 48 8b ea 8a 4d 40
  0x00007ff893cd6a77:   48 83 c4 20 5d e9 f7 d2 ff ff cc 40 55 48 83 ec
  0x00007ff893cd6a87:   20 48 8b ea 8a 4d 20 e8 e5 d2 ff ff 90 48 83 c4
  0x00007ff893cd6a97:   20 5d c3 cc 40 55 48 83 ec 20 48 8b ea 48 83 c4
  0x00007ff893cd6aa7:   20 5d e9 46 d1 ff ff cc 40 55 48 83 ec 30 48 8b
  0x00007ff893cd6ab7:   ea 48 8b 01 8b 10 48 89 4c 24 28 89 54 24 20 4c
  0x00007ff893cd6ac7:   8d 0d e7 d5 ff ff 4c 8b 45 70 8b 55 68 48 8b 4d
  0x00007ff893cd6ad7:   60 e8 87 d0 ff ff 90 48 83 c4 30 5d c3 cc cc cc
  0x00007ff893cd6ae7:   cc cc cc cc cc cc cc cc cc 40 53 48 83 ec 20 48
  0x00007ff893cd6af7:   8b 1d 33 30 01 00 48 85 db 74 16 e8 09 8b ff ff
=>0x00007ff893cd6b07:   4c 8b 00 48 8b d3 48 8b c8 41 ff 90 b0 00 00 00
  0x00007ff893cd6b17:   90 48 83 c4 20 5b c3 cc cc 40 53 48 83 ec 20 48
  0x00007ff893cd6b27:   8b 1d ab 31 01 00 48 85 db 74 57 b8 ff ff ff ff
  0x00007ff893cd6b37:   f0 0f c1 43 10 83 f8 01 75 3d 48 85 db 74 38 48
  0x00007ff893cd6b47:   8b 0b 48 85 c9 74 0d ff 15 54 07 00 00 48 c7 03
  0x00007ff893cd6b57:   00 00 00 00 48 8b 4b 08 48 85 c9 74 0d e8 a7 cd
  0x00007ff893cd6b67:   ff ff 48 c7 43 08 00 00 00 00 ba 18 00 00 00 48
  0x00007ff893cd6b77:   8b cb e8 92 cd ff ff 48 c7 05 4f 31 01 00 00 00
  0x00007ff893cd6b87:   00 00 48 83 c4 20 5b c3 cc 40 53 48 83 ec 20 48
  0x00007ff893cd6b97:   8b 1d 1b 31 01 00 48 85 db 74 57 b8 ff ff ff ff
  0x00007ff893cd6ba7:   f0 0f c1 43 10 83 f8 01 75 3d 48 85 db 74 38 48
  0x00007ff893cd6bb7:   8b 0b 48 85 c9 74 0d ff 15 e4 06 00 00 48 c7 03
  0x00007ff893cd6bc7:   00 00 00 00 48 8b 4b 08 48 85 c9 74 0d e8 37 cd
  0x00007ff893cd6bd7:   ff ff 48 c7 43 08 00 00 00 00 ba 18 00 00 00 48
  0x00007ff893cd6be7:   8b cb e8 22 cd ff ff 48 c7 05 bf 30 01 00 00 00
  0x00007ff893cd6bf7:   00 00 48 83 c4 20 5b c3 cc 40 53 48 83 ec 20 48


Stack slot to memory mapping:

stack at sp + 0 slots: 0x0 is null
stack at sp + 1 slots: 0x0000016700000000 is an unknown value
stack at sp + 2 slots: 0x00000167d687d3b0 points into unknown readable memory: 0x00000167d687cdb0 | b0 cd 87 d6 67 01 00 00
stack at sp + 3 slots: 0x0000000000000001 is an unknown value
stack at sp + 4 slots: 0x00000167d6fd1558 points into unknown readable memory: 0x0000c82b051e2843 | 43 28 1e 05 2b c8 00 00
stack at sp + 5 slots: 0x00007ff8b403bc75 ucrtbase.dll
stack at sp + 6 slots: 0x00000167d6fd1550 points into unknown readable memory: 0x000337ef9b77df23 | 23 df 77 9b ef 37 03 00
stack at sp + 7 slots: 0x0000016700000000 is an unknown value

VM_Operation (0x00000013bdffee30): Exit, mode: safepoint, requested by thread 0x00000167dd01d0e0


---------------  P R O C E S S  ---------------

Threads class SMR info:
_java_thread_list=0x00000167d76b5030, length=28, elements={
0x00000167ef1fa2c0, 0x00000167ffe1c960, 0x00000167ffe1d0a0, 0x00000167ffe23300,
0x00000167ffe25c90, 0x00000167ffe24df0, 0x00000167ffe359f0, 0x00000167ffe37c70,
0x00000167ffe263e0, 0x00000167ffe26b30, 0x00000167ffe23f50, 0x00000167ffe27280,
0x00000167ffe246a0, 0x00000167ffe25540, 0x00000167d7257720, 0x00000167d7256130,
0x00000167d7256fd0, 0x00000167d72585c0, 0x00000167d7258d10, 0x00000167d7259460,
0x00000167d725b1a0, 0x00000167d725c040, 0x00000167d725c790, 0x00000167d725cee0,
0x00000167d725b8f0, 0x00000167d725a300, 0x00000167d725aa50, 0x00000167dd01d0e0
}

Java Threads: ( => current thread )
  0x00000167ef1fa2c0 JavaThread "main"                              [_thread_blocked, id=13972, stack(0x00000013ba300000,0x00000013ba400000) (1024K)]
  0x00000167ffe1c960 JavaThread "Reference Handler"          daemon [_thread_blocked, id=7496, stack(0x00000013bab00000,0x00000013bac00000) (1024K)]
  0x00000167ffe1d0a0 JavaThread "Finalizer"                  daemon [_thread_blocked, id=15004, stack(0x00000013bac00000,0x00000013bad00000) (1024K)]
  0x00000167ffe23300 JavaThread "Attach Listener"            daemon [_thread_blocked, id=6296, stack(0x00000013bae00000,0x00000013baf00000) (1024K)]
  0x00000167ffe25c90 JavaThread "Service Thread"             daemon [_thread_blocked, id=10300, stack(0x00000013baf00000,0x00000013bb000000) (1024K)]
  0x00000167ffe24df0 JavaThread "Monitor Deflation Thread"   daemon [_thread_blocked, id=8852, stack(0x00000013bb000000,0x00000013bb100000) (1024K)]
  0x00000167ffe359f0 JavaThread "C2 CompilerThread0"         daemon [_thread_blocked, id=7916, stack(0x00000013bb100000,0x00000013bb200000) (1024K)]
  0x00000167ffe37c70 JavaThread "C1 CompilerThread0"         daemon [_thread_blocked, id=8044, stack(0x00000013bb200000,0x00000013bb300000) (1024K)]
  0x00000167ffe263e0 JavaThread "Common-Cleaner"             daemon [_thread_blocked, id=7440, stack(0x00000013bb300000,0x00000013bb400000) (1024K)]
  0x00000167ffe26b30 JavaThread "Monitor Ctrl-Break"         daemon [_thread_in_native, id=4128, stack(0x00000013bb600000,0x00000013bb700000) (1024K)]
  0x00000167ffe23f50 JavaThread "Notification Thread"        daemon [_thread_blocked, id=13824, stack(0x00000013bb700000,0x00000013bb800000) (1024K)]
  0x00000167ffe27280 JavaThread "QuantumRenderer-0"          daemon [_thread_blocked, id=8220, stack(0x00000013bb800000,0x00000013bb900000) (1024K)]
  0x00000167ffe246a0 JavaThread "InvokeLaterDispatcher"      daemon [_thread_blocked, id=14756, stack(0x00000013bbb00000,0x00000013bbc00000) (1024K)]
  0x00000167ffe25540 JavaThread "JavaFX Application Thread"         [_thread_in_native, id=12932, stack(0x00000013bbc00000,0x00000013bbd00000) (1024K)]
  0x00000167d7257720 JavaThread "JavaFX-Launcher"                   [_thread_blocked, id=2180, stack(0x00000013bc600000,0x00000013bc700000) (1024K)]
  0x00000167d7256130 JavaThread "Thread-2"                   daemon [_thread_in_native, id=1536, stack(0x00000013bc500000,0x00000013bc600000) (1024K)]
  0x00000167d7256fd0 JavaThread "Grizzly(1) SelectorRunner"  daemon [_thread_in_native, id=10036, stack(0x00000013bcc00000,0x00000013bcd00000) (1024K)]
  0x00000167d72585c0 JavaThread "Grizzly(1)"                 daemon [_thread_blocked, id=6340, stack(0x00000013bcd00000,0x00000013bce00000) (1024K)]
  0x00000167d7258d10 JavaThread "Grizzly(2)"                 daemon [_thread_blocked, id=13740, stack(0x00000013bce00000,0x00000013bcf00000) (1024K)]
  0x00000167d7259460 JavaThread "HttpClient-1-SelectorManager" daemon [_thread_in_native, id=4560, stack(0x00000013bd000000,0x00000013bd100000) (1024K)]
  0x00000167d725b1a0 JavaThread "Prism Font Disposer"        daemon [_thread_blocked, id=10456, stack(0x00000013bd800000,0x00000013bd900000) (1024K)]
  0x00000167d725c040 JavaThread "Cleaner-0"                  daemon [_thread_blocked, id=11548, stack(0x00000013bd900000,0x00000013bda00000) (1024K)]
  0x00000167d725c790 JavaThread "HttpClient-1-Worker-0"      daemon [_thread_blocked, id=15188, stack(0x00000013bb400000,0x00000013bb500000) (1024K)]
  0x00000167d725cee0 JavaThread "CompletableFutureDelayScheduler" daemon [_thread_blocked, id=6316, stack(0x00000013bb500000,0x00000013bb600000) (1024K)]
  0x00000167d725b8f0 JavaThread "HttpClient-1-Worker-1"      daemon [_thread_blocked, id=6228, stack(0x00000013bda00000,0x00000013bdb00000) (1024K)]
  0x00000167d725a300 JavaThread "HttpClient-1-Worker-2"      daemon [_thread_blocked, id=10004, stack(0x00000013bdb00000,0x00000013bdc00000) (1024K)]
  0x00000167d725aa50 JavaThread "ForkJoinPool.commonPool-worker-1" daemon [_thread_blocked, id=7292, stack(0x00000013bdc00000,0x00000013bdd00000) (1024K)]
  0x00000167dd01d0e0 JavaThread "SIGINT handler"             daemon [_thread_blocked, id=4076, stack(0x00000013bdf00000,0x00000013be000000) (1024K)]
Total: 28

Other Threads:
=>0x00000167ffe0b940 VMThread "VM Thread"                           [id=3252, stack(0x00000013baa00000,0x00000013bab00000) (1024K)]
  0x00000167f161a420 WorkerThread "GC Thread#0"                     [id=16888, stack(0x00000013ba400000,0x00000013ba500000) (1024K)]
  0x00000167d74fa150 WorkerThread "GC Thread#1"                     [id=12336, stack(0x00000013bc700000,0x00000013bc800000) (1024K)]
  0x00000167d74fa500 WorkerThread "GC Thread#2"                     [id=15812, stack(0x00000013bc800000,0x00000013bc900000) (1024K)]
  0x00000167d74fa8b0 WorkerThread "GC Thread#3"                     [id=4160, stack(0x00000013bc900000,0x00000013bca00000) (1024K)]
  0x00000167d74db4a0 WorkerThread "GC Thread#4"                     [id=16756, stack(0x00000013bca00000,0x00000013bcb00000) (1024K)]
  0x00000167d74db850 WorkerThread "GC Thread#5"                     [id=15396, stack(0x00000013bcb00000,0x00000013bcc00000) (1024K)]
  0x00000167d7a75070 WorkerThread "GC Thread#6"                     [id=4532, stack(0x00000013bd200000,0x00000013bd300000) (1024K)]
  0x00000167d7a76690 WorkerThread "GC Thread#7"                     [id=2816, stack(0x00000013bd300000,0x00000013bd400000) (1024K)]
  0x00000167d7a76a40 WorkerThread "GC Thread#8"                     [id=3644, stack(0x00000013bd400000,0x00000013bd500000) (1024K)]
  0x00000167d7a75420 WorkerThread "GC Thread#9"                     [id=15152, stack(0x00000013bd500000,0x00000013bd600000) (1024K)]
  0x00000167f162f550 ConcurrentGCThread "G1 Main Marker"            terminated
  0x00000167f1633720 WorkerThread "G1 Conc#0"                       [id=2672, stack(0x00000013ba600000,0x00000013ba700000) (1024K)]
  0x00000167d7a75f30 WorkerThread "G1 Conc#1"                       [id=7432, stack(0x00000013bd600000,0x00000013bd700000) (1024K)]
  0x00000167d7a75b80 WorkerThread "G1 Conc#2"                       [id=3804, stack(0x00000013bd700000,0x00000013bd800000) (1024K)]
  0x00000167ffcccc90 ConcurrentGCThread "G1 Refine#0"               terminated
  0x00000167ffccd4c0 ConcurrentGCThread "G1 Service"                terminated
Total: 17

Threads with active compile tasks:
Total: 0

VM state: at safepoint (shutting down)

VM Mutex/Monitor currently owned by a thread:  ([mutex/lock_event])
[0x00007ff8440044f0] Threads_lock - owner thread: 0x00000167ffe0b940
[0x00007ff8440045f0] Heap_lock - owner thread: 0x00000167dd01d0e0

Heap address: 0x000000070b400000, size: 3916 MB, Compressed Oops mode: Zero based, Oop shift amount: 3

CDS archive(s) mapped at: [0x0000016791000000-0x0000016791d40000-0x0000016791d40000), size 13893632, SharedBaseAddress: 0x0000016791000000, ArchiveRelocationMode: 1.
Compressed class space mapped at: 0x0000016792000000-0x00000167d2000000, reserved size: 1073741824
UseCompressedClassPointers 1, UseCompactObjectHeaders 0
Narrow klass pointer bits 32, Max shift 3
Narrow klass base: 0x0000016791000000, Narrow klass shift: 0
Encoding Range: [0x0000016791000000 - 0x0000016891000000), (4294967296 bytes)
Klass Range:    [0x0000016791000000 - 0x00000167d2000000), (1090519040 bytes)
Klass ID Range:  [8 - 1090519033) (1090519025)

GC Precious Log:
 CardTable entry size: 512
 Card Set container configuration: InlinePtr #cards 4 size 8 Array Of Cards #cards 16 size 48 Howl #buckets 8 coarsen threshold 3686 Howl Bitmap #cards 512 size 80 coarsen threshold 460 Card regions per heap region 1 cards per card region 4096
 CPUs: 12 total, 12 available
 Memory: 15659M
 Large Page Support: Disabled
 NUMA Support: Disabled
 Compressed Oops: Enabled (Zero based)
 Heap Region Size: 2M
 Heap Min Capacity: 8M
 Heap Initial Capacity: 246M
 Heap Max Capacity: 3916M
 Pre-touch: Disabled
 Parallel Workers: 10
 Concurrent Workers: 3
 Concurrent Refinement Workers: 10
 Periodic GC: Disabled

Heap:
 garbage-first heap   total reserved 4009984K, committed 57344K, used 31803K [0x000000070b400000, 0x0000000800000000)
  region size 2048K, 14 young (28672K), 5 survivors (10240K)
 Metaspace       used 26769K, committed 27136K, reserved 1114112K
  class space    used 3251K, committed 3392K, reserved 1048576K

Heap Regions: E=young(eden), S=young(survivor), O=old, HS=humongous(starts), HC=humongous(continues), CS=collection set, F=free, TAMS=top-at-mark-start, PB=parsable bottom
|   0|0x000000070b400000, 0x000000070b600000, 0x000000070b600000|100%|HS|  |TAMS 0x000000070b400000| PB 0x000000070b400000| Complete |  0
|   1|0x000000070b600000, 0x000000070b600000, 0x000000070b800000|  0%| F|  |TAMS 0x000000070b600000| PB 0x000000070b600000| Untracked |  0
|   2|0x000000070b800000, 0x000000070b800000, 0x000000070ba00000|  0%| F|  |TAMS 0x000000070b800000| PB 0x000000070b800000| Untracked |  0
|   3|0x000000070ba00000, 0x000000070ba00000, 0x000000070bc00000|  0%| F|  |TAMS 0x000000070ba00000| PB 0x000000070ba00000| Untracked |  0
|   4|0x000000070bc00000, 0x000000070bc00000, 0x000000070be00000|  0%| F|  |TAMS 0x000000070bc00000| PB 0x000000070bc00000| Untracked |  0
|   5|0x000000070be00000, 0x000000070be00000, 0x000000070c000000|  0%| F|  |TAMS 0x000000070be00000| PB 0x000000070be00000| Untracked |  0
|   6|0x000000070c000000, 0x000000070c000000, 0x000000070c200000|  0%| F|  |TAMS 0x000000070c000000| PB 0x000000070c000000| Untracked |  0
|   7|0x000000070c200000, 0x000000070c200000, 0x000000070c400000|  0%| F|  |TAMS 0x000000070c200000| PB 0x000000070c200000| Untracked |  0
|   8|0x000000070c400000, 0x000000070c400000, 0x000000070c600000|  0%| F|  |TAMS 0x000000070c400000| PB 0x000000070c400000| Untracked |  0
|   9|0x000000070c600000, 0x000000070c600000, 0x000000070c800000|  0%| F|  |TAMS 0x000000070c600000| PB 0x000000070c600000| Untracked |  0
|  10|0x000000070c800000, 0x000000070c9f45d8, 0x000000070ca00000| 97%| E|  |TAMS 0x000000070c800000| PB 0x000000070c800000| Complete |  0
|  11|0x000000070ca00000, 0x000000070cc00000, 0x000000070cc00000|100%| E|CS|TAMS 0x000000070ca00000| PB 0x000000070ca00000| Complete |  0
|  12|0x000000070cc00000, 0x000000070ce00000, 0x000000070ce00000|100%| E|  |TAMS 0x000000070cc00000| PB 0x000000070cc00000| Complete |  0
|  13|0x000000070ce00000, 0x000000070d000000, 0x000000070d000000|100%| S|CS|TAMS 0x000000070ce00000| PB 0x000000070ce00000| Complete |  0
|  14|0x000000070d000000, 0x000000070d200000, 0x000000070d200000|100%| S|CS|TAMS 0x000000070d000000| PB 0x000000070d000000| Complete |  0
|  15|0x000000070d200000, 0x000000070d400000, 0x000000070d400000|100%| S|CS|TAMS 0x000000070d200000| PB 0x000000070d200000| Complete |  0
|  16|0x000000070d400000, 0x000000070d600000, 0x000000070d600000|100%| S|CS|TAMS 0x000000070d400000| PB 0x000000070d400000| Complete |  0
|  17|0x000000070d600000, 0x000000070d7446c0, 0x000000070d800000| 63%| S|CS|TAMS 0x000000070d600000| PB 0x000000070d600000| Complete |  0
|  87|0x0000000716200000, 0x0000000716400000, 0x0000000716400000|100%| E|CS|TAMS 0x0000000716200000| PB 0x0000000716200000| Complete |  0
|  88|0x0000000716400000, 0x0000000716600000, 0x0000000716600000|100%| E|CS|TAMS 0x0000000716400000| PB 0x0000000716400000| Complete |  0
|  89|0x0000000716600000, 0x0000000716800000, 0x0000000716800000|100%| E|CS|TAMS 0x0000000716600000| PB 0x0000000716600000| Complete |  0
|  90|0x0000000716800000, 0x0000000716a00000, 0x0000000716a00000|100%| E|CS|TAMS 0x0000000716800000| PB 0x0000000716800000| Complete |  0
|  91|0x0000000716a00000, 0x0000000716c00000, 0x0000000716c00000|100%| E|CS|TAMS 0x0000000716a00000| PB 0x0000000716a00000| Complete |  0
| 122|0x000000071a800000, 0x000000071aa00000, 0x000000071aa00000|100%| E|CS|TAMS 0x000000071a800000| PB 0x000000071a800000| Complete |  0
|1954|0x00000007ff800000, 0x00000007ff8ad580, 0x00000007ffa00000| 33%| O|  |TAMS 0x00000007ff800000| PB 0x00000007ff800000| Untracked |  0
|1955|0x00000007ffa00000, 0x00000007ffc00000, 0x00000007ffc00000|100%| O|  |TAMS 0x00000007ffa00000| PB 0x00000007ffa00000| Untracked |  0
|1956|0x00000007ffc00000, 0x00000007ffe00000, 0x00000007ffe00000|100%| O|  |TAMS 0x00000007ffc00000| PB 0x00000007ffc00000| Untracked |  0
|1957|0x00000007ffe00000, 0x00000007fff1d248, 0x0000000800000000| 55%| O|Cm|TAMS 0x00000007ffe00000| PB 0x00000007ffe00000| Complete |  0

Card table byte_map: [0x00000167fac60000,0x00000167fb410000] _byte_map_base: 0x00000167f7406000

Marking Bits: (CMBitMap*) 0x00000167f161ab30
 Bits: [0x00000167fb410000, 0x00000167ff140000)

Polling page: 0x00000167ef1a0000

Metaspace:

Usage:
  Non-class:     22.97 MB used.
      Class:      3.18 MB used.
       Both:     26.14 MB used.

Virtual space:
  Non-class space:       64.00 MB reserved,      23.19 MB ( 36%) committed,  1 nodes.
      Class space:        1.00 GB reserved,       3.31 MB ( <1%) committed,  1 nodes.
             Both:        1.06 GB reserved,      26.50 MB (  2%) committed. 

Chunk freelists:
   Non-Class:  7.94 MB
       Class:  12.70 MB
        Both:  20.64 MB

MaxMetaspaceSize: unlimited
CompressedClassSpaceSize: 1.00 GB
Initial GC threshold: 21.00 MB
Current GC threshold: 35.12 MB
CDS: on
 - commit_granule_bytes: 65536.
 - commit_granule_words: 8192.
 - virtual_space_node_default_size: 8388608.
 - enlarge_chunks_in_place: 1.
UseCompressedClassPointers 1, UseCompactObjectHeaders 0
Narrow klass pointer bits 32, Max shift 3
Narrow klass base: 0x0000016791000000, Narrow klass shift: 0
Encoding Range: [0x0000016791000000 - 0x0000016891000000), (4294967296 bytes)
Klass Range:    [0x0000016791000000 - 0x00000167d2000000), (1090519040 bytes)
Klass ID Range:  [8 - 1090519033) (1090519025)


Internal statistics:

num_allocs_failed_limit: 3.
num_arena_births: 390.
num_arena_deaths: 0.
num_vsnodes_births: 2.
num_vsnodes_deaths: 0.
num_space_committed: 424.
num_space_uncommitted: 0.
num_chunks_returned_to_freelist: 3.
num_chunks_taken_from_freelist: 1153.
num_chunk_merges: 3.
num_chunk_splits: 798.
num_chunks_enlarged: 598.
num_inconsistent_stats: 0.

CodeHeap 'non-profiled nmethods': size=120064Kb used=1529Kb max_used=1529Kb free=118534Kb
 bounds [0x0000016787ac0000, 0x0000016787d30000, 0x000001678f000000]
CodeHeap 'profiled nmethods': size=120000Kb used=6588Kb max_used=6588Kb free=113411Kb
 bounds [0x0000016780000000, 0x0000016780670000, 0x0000016787530000]
CodeHeap 'non-nmethods': size=5696Kb used=1714Kb max_used=1862Kb free=3981Kb
 bounds [0x0000016787530000, 0x00000167877a0000, 0x0000016787ac0000]
CodeCache: size=245760Kb, used=9831Kb, max_used=9979Kb, free=235926Kb
 total_blobs=4959, nmethods=4084, adapters=780, full_count=0
Compilation: enabled, stopped_count=0, restarted_count=0

Compilation events (20 events):
Event: 4.570 Thread 0x00000167ffe37c70 4075       3       jdk.internal.misc.Unsafe::weakCompareAndSetLong (11 bytes)
Event: 4.570 Thread 0x00000167ffe37c70 nmethod 4075 0x0000016780665708 code [0x0000016780665820, 0x0000016780665948]
Event: 4.570 Thread 0x00000167ffe37c70 4076       3       java.lang.invoke.VarHandleGuards::guard_LLL_Z (86 bytes)
Event: 4.570 Thread 0x00000167ffe359f0 4081       4       jdk.internal.misc.Unsafe::getReferenceAcquire (7 bytes)
Event: 4.571 Thread 0x00000167ffe37c70 nmethod 4076 0x0000016780665a08 code [0x0000016780665cc0, 0x0000016780667980]
Event: 4.571 Thread 0x00000167ffe359f0 nmethod 4081 0x0000016787c3da88 code [0x0000016787c3db80, 0x0000016787c3dc00]
Event: 4.571 Thread 0x00000167ffe37c70 4077       3       java.lang.invoke.VarHandleReferences$FieldInstanceReadWrite::compareAndSet (48 bytes)
Event: 4.571 Thread 0x00000167ffe37c70 nmethod 4077 0x0000016780667a08 code [0x0000016780667be0, 0x00000167806688e8]
Event: 4.571 Thread 0x00000167ffe37c70 4078       3       java.util.stream.Sink$ChainedReference::begin (11 bytes)
Event: 4.571 Thread 0x00000167ffe37c70 nmethod 4078 0x0000016780668988 code [0x0000016780668aa0, 0x0000016780668c78]
Event: 4.571 Thread 0x00000167ffe37c70 4080   !   3       java.lang.String::<init> (852 bytes)
Event: 4.573 Thread 0x00000167ffe37c70 nmethod 4080 0x0000016780668c88 code [0x0000016780669140, 0x000001678066c050]
Event: 4.579 Thread 0x00000167ffe37c70 4082       3       com.sun.javafx.tk.quantum.QuantumToolkit$$Lambda/0x0000016792022000::run (8 bytes)
Event: 4.579 Thread 0x00000167ffe37c70 nmethod 4082 0x000001678066c188 code [0x000001678066c2e0, 0x000001678066c708]
Event: 4.579 Thread 0x00000167ffe37c70 4083   !   3       com.sun.javafx.tk.quantum.QuantumToolkit::lambda$runToolkit$12 (16 bytes)
Event: 4.579 Thread 0x00000167ffe37c70 nmethod 4083 0x000001678066c788 code [0x000001678066c8e0, 0x000001678066cc98]
Event: 10.583 Thread 0x00000167ffe359f0 4084       4       jdk.internal.classfile.impl.SplitConstantPool::writeTo (120 bytes)
Event: 10.583 Thread 0x00000167ffe37c70 4085       3       java.lang.invoke.StringConcatFactory::parseRecipe (215 bytes)
Event: 10.584 Thread 0x00000167ffe37c70 nmethod 4085 0x000001678066cd08 code [0x000001678066d040, 0x000001678066f270]
Event: 10.586 Thread 0x00000167ffe359f0 nmethod 4084 0x0000016787c3dd88 code [0x0000016787c3dee0, 0x0000016787c3e3d0]

GC Heap History (6 events):
Event: 0.644 GC heap before
{Heap before GC invocations=0 (full 0):
 garbage-first heap   total reserved 4009984K, committed 253952K, used 48244K [0x000000070b400000, 0x0000000800000000)
  region size 2048K, 24 young (49152K), 0 survivors (0K)
 Metaspace       used 8743K, committed 8896K, reserved 1114112K
  class space    used 880K, committed 960K, reserved 1048576K
}
Event: 0.646 GC heap after
{Heap after GC invocations=1 (full 0):
 garbage-first heap   total reserved 4009984K, committed 253952K, used 6281K [0x000000070b400000, 0x0000000800000000)
  region size 2048K, 3 young (6144K), 3 survivors (6144K)
 Metaspace       used 8743K, committed 8896K, reserved 1114112K
  class space    used 880K, committed 960K, reserved 1048576K
}
Event: 1.212 GC heap before
{Heap before GC invocations=1 (full 0):
 garbage-first heap   total reserved 4009984K, committed 253952K, used 59529K [0x000000070b400000, 0x0000000800000000)
  region size 2048K, 31 young (63488K), 3 survivors (6144K)
 Metaspace       used 21266K, committed 21504K, reserved 1114112K
  class space    used 2392K, committed 2496K, reserved 1048576K
}
Event: 1.217 GC heap after
{Heap after GC invocations=2 (full 0):
 garbage-first heap   total reserved 4009984K, committed 253952K, used 11144K [0x000000070b400000, 0x0000000800000000)
  region size 2048K, 5 young (10240K), 5 survivors (10240K)
 Metaspace       used 21266K, committed 21504K, reserved 1114112K
  class space    used 2392K, committed 2496K, reserved 1048576K
}
Event: 1.507 GC heap before
{Heap before GC invocations=3 (full 0):
 garbage-first heap   total reserved 4009984K, committed 40960K, used 39816K [0x000000070b400000, 0x0000000800000000)
  region size 2048K, 19 young (38912K), 5 survivors (10240K)
 Metaspace       used 24198K, committed 24576K, reserved 1114112K
  class space    used 2962K, committed 3136K, reserved 1048576K
}
Event: 1.515 GC heap after
{Heap after GC invocations=4 (full 0):
 garbage-first heap   total reserved 4009984K, committed 57344K, used 15419K [0x000000070b400000, 0x0000000800000000)
  region size 2048K, 5 young (10240K), 5 survivors (10240K)
 Metaspace       used 24198K, committed 24576K, reserved 1114112K
  class space    used 2962K, committed 3136K, reserved 1048576K
}

Dll operation events (20 events):
Event: 0.343 Loaded shared library C:\Users\danielcc\.openjfx\cache\17.0.6\api-ms-win-crt-math-l1-1-0.dll
Event: 0.345 Loaded shared library C:\Users\danielcc\.openjfx\cache\17.0.6\api-ms-win-crt-multibyte-l1-1-0.dll
Event: 0.348 Loaded shared library C:\Users\danielcc\.openjfx\cache\17.0.6\api-ms-win-crt-private-l1-1-0.dll
Event: 0.350 Loaded shared library C:\Users\danielcc\.openjfx\cache\17.0.6\api-ms-win-crt-process-l1-1-0.dll
Event: 0.352 Loaded shared library C:\Users\danielcc\.openjfx\cache\17.0.6\api-ms-win-crt-runtime-l1-1-0.dll
Event: 0.354 Loaded shared library C:\Users\danielcc\.openjfx\cache\17.0.6\api-ms-win-crt-stdio-l1-1-0.dll
Event: 0.356 Loaded shared library C:\Users\danielcc\.openjfx\cache\17.0.6\api-ms-win-crt-string-l1-1-0.dll
Event: 0.358 Loaded shared library C:\Users\danielcc\.openjfx\cache\17.0.6\api-ms-win-crt-time-l1-1-0.dll
Event: 0.359 Loaded shared library C:\Users\danielcc\.openjfx\cache\17.0.6\api-ms-win-crt-utility-l1-1-0.dll
Event: 0.370 Loaded shared library C:\Users\danielcc\.openjfx\cache\17.0.6\ucrtbase.dll
Event: 0.373 Loaded shared library C:\Users\danielcc\.openjfx\cache\17.0.6\vcruntime140.dll
Event: 0.375 Loaded shared library C:\Users\danielcc\.openjfx\cache\17.0.6\vcruntime140_1.dll
Event: 0.380 Loaded shared library C:\Users\danielcc\.openjfx\cache\17.0.6\msvcp140.dll
Event: 0.382 Loaded shared library C:\Users\danielcc\.openjfx\cache\17.0.6\msvcp140_1.dll
Event: 0.385 Loaded shared library C:\Users\danielcc\.openjfx\cache\17.0.6\msvcp140_2.dll
Event: 0.408 Loaded shared library C:\Users\danielcc\.openjfx\cache\17.0.6\prism_d3d.dll
Event: 0.438 Loaded shared library C:\Users\danielcc\.openjfx\cache\17.0.6\glass.dll
Event: 0.509 Loaded shared library C:\Program Files\Java\jdk-24\bin\jimage.dll
Event: 0.616 Loaded shared library C:\Users\danielcc\.openjfx\cache\17.0.6\javafx_font.dll
Event: 0.888 Loaded shared library C:\Program Files\Java\jdk-24\bin\sunmscapi.dll

Deoptimization events (20 events):
Event: 3.479 Thread 0x00000167ffe25540 DEOPT PACKING pc=0x0000016787b9dee8 sp=0x00000013bbcfb460
Event: 3.479 Thread 0x00000167ffe25540 DEOPT UNPACKING pc=0x0000016787644102 sp=0x00000013bbcfb3c0 mode 2
Event: 4.099 Thread 0x00000167ffe25540 Uncommon trap: trap_request=0xffffffd6 fr.pc=0x0000016787c2c42c relative=0x000000000000662c
Event: 4.099 Thread 0x00000167ffe25540 Uncommon trap: reason=array_check action=maybe_recompile pc=0x0000016787c2c42c method=com.sun.javafx.css.StyleCacheEntry$Key.<init>([Ljava/util/Set;Ljavafx/scene/text/Font;)V @ 39 c2
Event: 4.099 Thread 0x00000167ffe25540 DEOPT PACKING pc=0x0000016787c2c42c sp=0x00000013bbcfba50
Event: 4.099 Thread 0x00000167ffe25540 DEOPT UNPACKING pc=0x0000016787644102 sp=0x00000013bbcfb950 mode 2
Event: 4.100 Thread 0x00000167ffe25540 Uncommon trap: trap_request=0xffffffd6 fr.pc=0x0000016787c2c42c relative=0x000000000000662c
Event: 4.100 Thread 0x00000167ffe25540 Uncommon trap: reason=array_check action=maybe_recompile pc=0x0000016787c2c42c method=com.sun.javafx.css.StyleCacheEntry$Key.<init>([Ljava/util/Set;Ljavafx/scene/text/Font;)V @ 39 c2
Event: 4.100 Thread 0x00000167ffe25540 DEOPT PACKING pc=0x0000016787c2c42c sp=0x00000013bbcfba10
Event: 4.100 Thread 0x00000167ffe25540 DEOPT UNPACKING pc=0x0000016787644102 sp=0x00000013bbcfb910 mode 2
Event: 4.324 Thread 0x00000167ffe25540 Uncommon trap: trap_request=0xffffffd6 fr.pc=0x0000016787c2c42c relative=0x000000000000662c
Event: 4.324 Thread 0x00000167ffe25540 Uncommon trap: reason=array_check action=maybe_recompile pc=0x0000016787c2c42c method=com.sun.javafx.css.StyleCacheEntry$Key.<init>([Ljava/util/Set;Ljavafx/scene/text/Font;)V @ 39 c2
Event: 4.324 Thread 0x00000167ffe25540 DEOPT PACKING pc=0x0000016787c2c42c sp=0x00000013bbcfba50
Event: 4.324 Thread 0x00000167ffe25540 DEOPT UNPACKING pc=0x0000016787644102 sp=0x00000013bbcfb950 mode 2
Event: 4.324 Thread 0x00000167ffe25540 Uncommon trap: trap_request=0xffffffd6 fr.pc=0x0000016787c2c42c relative=0x000000000000662c
Event: 4.324 Thread 0x00000167ffe25540 Uncommon trap: reason=array_check action=maybe_recompile pc=0x0000016787c2c42c method=com.sun.javafx.css.StyleCacheEntry$Key.<init>([Ljava/util/Set;Ljavafx/scene/text/Font;)V @ 39 c2
Event: 4.324 Thread 0x00000167ffe25540 DEOPT PACKING pc=0x0000016787c2c42c sp=0x00000013bbcfba10
Event: 4.324 Thread 0x00000167ffe25540 DEOPT UNPACKING pc=0x0000016787644102 sp=0x00000013bbcfb910 mode 2
Event: 4.427 Thread 0x00000167ffe25540 DEOPT PACKING pc=0x00000167800a6c19 sp=0x00000013bbcfa0d0
Event: 4.427 Thread 0x00000167ffe25540 DEOPT UNPACKING pc=0x0000016787585722 sp=0x00000013bbcf9548 mode 0

Classes loaded (20 events):
Event: 4.501 Loading class java/util/stream/LongStream done
Event: 4.501 Loading class java/util/stream/LongPipeline done
Event: 4.501 Loading class java/util/stream/LongPipeline$StatelessOp done
Event: 4.501 Loading class java/util/stream/ReferencePipeline$5 done
Event: 4.501 Loading class java/util/stream/FindOps$FindSink$OfLong
Event: 4.501 Loading class java/util/stream/Sink$OfLong
Event: 4.501 Loading class java/util/stream/Sink$OfLong done
Event: 4.501 Loading class java/util/stream/FindOps$FindSink$OfLong done
Event: 4.501 Loading class java/util/OptionalLong
Event: 4.501 Loading class java/util/OptionalLong done
Event: 4.502 Loading class java/util/stream/ReferencePipeline$5$1
Event: 4.502 Loading class java/util/stream/ReferencePipeline$5$1 done
Event: 4.502 Loading class java/lang/invoke/VarHandleBytes$FieldInstanceReadWrite
Event: 4.502 Loading class java/lang/invoke/VarHandleBytes$FieldInstanceReadOnly
Event: 4.502 Loading class java/lang/invoke/VarHandleBytes$FieldInstanceReadOnly done
Event: 4.502 Loading class java/lang/invoke/VarHandleBytes$FieldInstanceReadWrite done
Event: 4.570 Loading class java/util/LinkedList$DescendingIterator
Event: 4.571 Loading class java/util/LinkedList$DescendingIterator done
Event: 12.848 Loading class jdk/internal/misc/Signal$1
Event: 12.848 Loading class jdk/internal/misc/Signal$1 done

Classes unloaded (0 events):
No events

Classes redefined (0 events):
No events

Internal exceptions (20 events):
Event: 1.179 Thread 0x00000167ffe25540 Exception <a 'java/lang/ClassNotFoundException'{0x0000000716e0b970}: com/sun/javafx/scene/control/skin/resources/controls_es_ES> (0x0000000716e0b970) 
thrown [s\open\src\hotspot\share\prims\jni.cpp, line 536]
Event: 1.245 Thread 0x00000167ffe25540 Exception <a 'java/lang/NoSuchMethodError'{0x000000070ca0a390}: 'void java.lang.invoke.DirectMethodHandle$Holder.invokeSpecial(java.lang.Object, java.lang.Object, java.lang.Object, java.lang.Object, java.lang.Object, java.lang.Object)'> (0x000000070ca0a390) 
thrown [s\open\src\hotspot\share\interpreter\linkResolver.cpp, line 805]
Event: 1.251 Thread 0x00000167ffe25540 Implicit null exception at 0x0000016787b978c7 to 0x0000016787b97930
Event: 1.421 Thread 0x00000167ffe25540 Exception <a 'java/lang/NoSuchMethodError'{0x000000070bb2fb18}: 'int java.lang.invoke.DirectMethodHandle$Holder.invokeSpecial(java.lang.Object, java.lang.Object, int)'> (0x000000070bb2fb18) 
thrown [s\open\src\hotspot\share\interpreter\linkResolver.cpp, line 805]
Event: 1.426 Thread 0x00000167ffe25540 Exception <a 'java/lang/NoSuchMethodError'{0x000000070bb6d460}: 'void java.lang.invoke.DirectMethodHandle$Holder.invokeSpecial(java.lang.Object, java.lang.Object, int, int)'> (0x000000070bb6d460) 
thrown [s\open\src\hotspot\share\interpreter\linkResolver.cpp, line 805]
Event: 1.427 Thread 0x00000167ffe25540 Exception <a 'java/lang/NoSuchMethodError'{0x000000070bb7ca30}: 'java.lang.Object java.lang.invoke.DirectMethodHandle$Holder.newInvokeSpecial(java.lang.Object, java.lang.Object, int, int)'> (0x000000070bb7ca30) 
thrown [s\open\src\hotspot\share\interpreter\linkResolver.cpp, line 805]
Event: 1.464 Thread 0x00000167ffe25540 Exception <a 'java/lang/NoSuchMethodError'{0x000000070b6d5ac0}: 'long java.lang.invoke.DelegatingMethodHandle$Holder.reinvoke_L(java.lang.Object, java.lang.Object)'> (0x000000070b6d5ac0) 
thrown [s\open\src\hotspot\share\interpreter\linkResolver.cpp, line 805]
Event: 1.465 Thread 0x00000167ffe25540 Exception <a 'java/lang/NoSuchMethodError'{0x000000070b6edf28}: 'void java.lang.invoke.DelegatingMethodHandle$Holder.reinvoke_L(java.lang.Object, java.lang.Object, long)'> (0x000000070b6edf28) 
thrown [s\open\src\hotspot\share\interpreter\linkResolver.cpp, line 805]
Event: 1.517 Thread 0x00000167ffe25540 Exception <a 'java/lang/NoSuchMethodError'{0x000000071a91cb60}: 'long java.lang.invoke.DirectMethodHandle$Holder.invokeStatic(java.lang.Object, java.lang.Object, java.lang.Object)'> (0x000000071a91cb60) 
thrown [s\open\src\hotspot\share\interpreter\linkResolver.cpp, line 805]
Event: 1.517 Thread 0x00000167ffe25540 Exception <a 'java/lang/NoSuchMethodError'{0x000000071a9249c0}: 'long java.lang.invoke.DirectMethodHandle$Holder.invokeStaticInit(java.lang.Object, java.lang.Object, java.lang.Object)'> (0x000000071a9249c0) 
thrown [s\open\src\hotspot\share\interpreter\linkResolver.cpp, line 805]
Event: 1.520 Thread 0x00000167ffe25540 Exception <a 'java/lang/NoSuchMethodError'{0x000000071a96f068}: 'java.lang.Object java.lang.invoke.DirectMethodHandle$Holder.newInvokeSpecial(java.lang.Object, java.lang.Object, long)'> (0x000000071a96f068) 
thrown [s\open\src\hotspot\share\interpreter\linkResolver.cpp, line 805]
Event: 1.520 Thread 0x00000167ffe25540 Exception <a 'java/lang/NoSuchMethodError'{0x000000071a977200}: 'java.lang.Object java.lang.invoke.Invokers$Holder.linkToTargetMethod(java.lang.Object, long, java.lang.Object)'> (0x000000071a977200) 
thrown [s\open\src\hotspot\share\interpreter\linkResolver.cpp, line 805]
Event: 3.028 Thread 0x00000167ffe25540 Implicit null exception at 0x0000016787baf762 to 0x0000016787bb00d8
Event: 3.462 Thread 0x00000167ffe25540 Exception <a 'java/lang/NoSuchMethodError'{0x000000071632f710}: 'java.lang.Object java.lang.invoke.DirectMethodHandle$Holder.newInvokeSpecial(java.lang.Object, java.lang.Object, java.lang.Object, int)'> (0x000000071632f710) 
thrown [s\open\src\hotspot\share\interpreter\linkResolver.cpp, line 805]
Event: 3.462 Thread 0x00000167ffe25540 Exception <a 'java/lang/NoSuchMethodError'{0x0000000716337c00}: 'java.lang.Object java.lang.invoke.Invokers$Holder.linkToTargetMethod(java.lang.Object, java.lang.Object, int, java.lang.Object)'> (0x0000000716337c00) 
thrown [s\open\src\hotspot\share\interpreter\linkResolver.cpp, line 805]
Event: 4.415 Thread 0x00000167d725c790 Exception <a 'java/lang/NoSuchMethodError'{0x000000070cd703f0}: 'java.lang.Object java.lang.invoke.DirectMethodHandle$Holder.invokeSpecial(java.lang.Object, java.lang.Object, java.lang.Object, java.lang.Object, java.lang.Object, int)'> (0x000000070cd703f0) 
thrown [s\open\src\hotspot\share\interpreter\linkResolver.cpp, line 805]
Event: 4.431 Thread 0x00000167d725c790 Exception <a 'java/lang/NoSuchMethodError'{0x000000070ca5c948}: 'long java.lang.invoke.DirectMethodHandle$Holder.invokeStatic(java.lang.Object, long, long)'> (0x000000070ca5c948) 
thrown [s\open\src\hotspot\share\interpreter\linkResolver.cpp, line 805]
Event: 4.434 Thread 0x00000167d7259460 Exception <a 'java/lang/NoSuchMethodError'{0x000000070cc08ae8}: 'int java.lang.invoke.DirectMethodHandle$Holder.invokeStatic(java.lang.Object, int, java.lang.Object)'> (0x000000070cc08ae8) 
thrown [s\open\src\hotspot\share\interpreter\linkResolver.cpp, line 805]
Event: 4.434 Thread 0x00000167d7259460 Exception <a 'java/lang/NoSuchMethodError'{0x000000070cc1f7b0}: 'void java.lang.invoke.DirectMethodHandle$Holder.invokeStatic(java.lang.Object, java.lang.Object, int)'> (0x000000070cc1f7b0) 
thrown [s\open\src\hotspot\share\interpreter\linkResolver.cpp, line 805]
Event: 4.505 Thread 0x00000167d725b8f0 Exception <a 'java/lang/NoSuchMethodError'{0x000000070cbd3ee0}: 'void java.lang.invoke.DirectMethodHandle$Holder.invokeSpecial(java.lang.Object, java.lang.Object, java.lang.Object, java.lang.Object, java.lang.Object, java.lang.Object, java.lang.Object)'> (0x000000070cbd3ee0) 
thrown [s\open\src\hotspot\share\interpreter\linkResolver.cpp, line 805]

VM Operations (20 events):
Event: 0.968 Executing VM operation: HandshakeAllThreads (Deoptimize) done
Event: 0.980 Executing VM operation: HandshakeAllThreads (Deoptimize)
Event: 0.980 Executing VM operation: HandshakeAllThreads (Deoptimize) done
Event: 1.001 Executing VM operation: HandshakeAllThreads (Deoptimize)
Event: 1.001 Executing VM operation: HandshakeAllThreads (Deoptimize) done
Event: 1.212 Executing VM operation: CollectForMetadataAllocation (Metadata GC Threshold)
Event: 1.217 Executing VM operation: CollectForMetadataAllocation (Metadata GC Threshold) done
Event: 1.220 Executing VM operation: G1PauseRemark
Event: 1.221 Executing VM operation: G1PauseRemark done
Event: 1.221 Executing VM operation: G1PauseCleanup
Event: 1.222 Executing VM operation: G1PauseCleanup done
Event: 1.454 Executing VM operation: HandshakeAllThreads (Deoptimize)
Event: 1.454 Executing VM operation: HandshakeAllThreads (Deoptimize) done
Event: 1.507 Executing VM operation: G1CollectForAllocation (G1 Evacuation Pause)
Event: 1.515 Executing VM operation: G1CollectForAllocation (G1 Evacuation Pause) done
Event: 4.498 Executing VM operation: HandshakeAllThreads (Deoptimize)
Event: 4.498 Executing VM operation: HandshakeAllThreads (Deoptimize) done
Event: 4.499 Executing VM operation: HandshakeAllThreads (Deoptimize)
Event: 4.499 Executing VM operation: HandshakeAllThreads (Deoptimize) done
Event: 12.850 Executing VM operation: Exit

Memory protections (0 events):
No events

Nmethod flushes (0 events):
No events

Events (20 events):
Event: 1.661 Thread 0x00000167ffe38b90 Thread exited: 0x00000167ffe38b90
Event: 1.709 Thread 0x00000167ffe365c0 Thread exited: 0x00000167ffe365c0
Event: 2.165 Thread 0x00000167ffe37c70 Thread added: 0x00000167ffe36d50
Event: 2.166 Thread 0x00000167ffe37c70 Thread added: 0x00000167ffe38400
Event: 2.301 Thread 0x00000167ffe38400 Thread exited: 0x00000167ffe38400
Event: 2.301 Thread 0x00000167ffe36d50 Thread exited: 0x00000167ffe36d50
Event: 3.399 Thread 0x00000167ffe37c70 Thread added: 0x00000167ffe36d50
Event: 3.859 Thread 0x00000167ffe36d50 Thread exited: 0x00000167ffe36d50
Event: 4.410 Thread 0x00000167ffe25540 Thread added: 0x00000167d725c790
Event: 4.412 Thread 0x00000167ffe25540 Thread added: 0x00000167d725cee0
Event: 4.435 Thread 0x00000167d7259460 Thread added: 0x00000167d725b8f0
Event: 4.436 Thread 0x00000167d7259460 Thread added: 0x00000167d725a300
Event: 4.508 Thread 0x00000167d725b8f0 Thread added: 0x00000167d725aa50
Event: 12.848 Thread 0x00000167ffe1f3e0 Thread added: 0x00000167dd01d0e0
Event: 12.849 Thread 0x00000167dd01d0e0 Thread added: 0x00000167dd01d830
Event: 12.849 Thread 0x00000167dd01d0e0 Thread added: 0x00000167dd01e6d0
Event: 12.849 Thread 0x00000167dd01d830 Thread exited: 0x00000167dd01d830
Event: 12.850 Thread 0x00000167dd01e6d0 Thread exited: 0x00000167dd01e6d0
Event: 12.850 Thread 0x00000167dd01d0e0 Before exit entered
Event: 12.850 Thread 0x00000167ffe1f3e0 Thread exited: 0x00000167ffe1f3e0


Dynamic libraries:
0x00007ff7a9360000 - 0x00007ff7a9370000 	C:\Program Files\Java\jdk-24\bin\java.exe
0x00007ff8b63a0000 - 0x00007ff8b6609000 	C:\Windows\SYSTEM32\ntdll.dll
0x00007ff8b49f0000 - 0x00007ff8b4ab9000 	C:\Windows\System32\KERNEL32.DLL
0x00007ff8b38c0000 - 0x00007ff8b3cb3000 	C:\Windows\System32\KERNELBASE.dll
0x00007ff8b3ff0000 - 0x00007ff8b413b000 	C:\Windows\System32\ucrtbase.dll
0x00007ff897be0000 - 0x00007ff897bfb000 	C:\Program Files\Java\jdk-24\bin\VCRUNTIME140.dll
0x00007ff897cb0000 - 0x00007ff897cc6000 	C:\Program Files\Java\jdk-24\bin\jli.dll
0x00007ff8b42e0000 - 0x00007ff8b44a4000 	C:\Windows\System32\USER32.dll
0x00007ff8a2760000 - 0x00007ff8a29f3000 	C:\Windows\WinSxS\amd64_microsoft.windows.common-controls_6595b64144ccf1df_6.0.26100.5074_none_3e0d6f78e32fd63f\COMCTL32.dll
0x00007ff8b4140000 - 0x00007ff8b4167000 	C:\Windows\System32\win32u.dll
0x00007ff8b5370000 - 0x00007ff8b5419000 	C:\Windows\System32\msvcrt.dll
0x00007ff8b4bf0000 - 0x00007ff8b4c1b000 	C:\Windows\System32\GDI32.dll
0x00007ff8b3cc0000 - 0x00007ff8b3ded000 	C:\Windows\System32\gdi32full.dll
0x00007ff8b3750000 - 0x00007ff8b37f3000 	C:\Windows\System32\msvcp_win.dll
0x00007ff8b42a0000 - 0x00007ff8b42cf000 	C:\Windows\System32\IMM32.DLL
0x00007ff8a6ec0000 - 0x00007ff8a6ecc000 	C:\Program Files\Java\jdk-24\bin\vcruntime140_1.dll
0x00007ff8965b0000 - 0x00007ff89663e000 	C:\Program Files\Java\jdk-24\bin\msvcp140.dll
0x00007ff843340000 - 0x00007ff8440e1000 	C:\Program Files\Java\jdk-24\bin\server\jvm.dll
0x00007ff8b57c0000 - 0x00007ff8b5874000 	C:\Windows\System32\ADVAPI32.dll
0x00007ff8b4b40000 - 0x00007ff8b4be6000 	C:\Windows\System32\sechost.dll
0x00007ff8b4170000 - 0x00007ff8b4288000 	C:\Windows\System32\RPCRT4.dll
0x00007ff8b5470000 - 0x00007ff8b54e4000 	C:\Windows\System32\WS2_32.dll
0x00007ff8b32e0000 - 0x00007ff8b333e000 	C:\Windows\SYSTEM32\POWRPROF.dll
0x00007ff8ab420000 - 0x00007ff8ab455000 	C:\Windows\SYSTEM32\WINMM.dll
0x00007ff8abc60000 - 0x00007ff8abc6b000 	C:\Windows\SYSTEM32\VERSION.dll
0x00007ff8b32c0000 - 0x00007ff8b32d4000 	C:\Windows\SYSTEM32\UMPDC.dll
0x00007ff8b21d0000 - 0x00007ff8b21eb000 	C:\Windows\SYSTEM32\kernel.appcore.dll
0x00007ff8a6b80000 - 0x00007ff8a6b8a000 	C:\Program Files\Java\jdk-24\bin\jimage.dll
0x00007ff8ac4c0000 - 0x00007ff8ac702000 	C:\Windows\SYSTEM32\DBGHELP.DLL
0x00007ff8b44c0000 - 0x00007ff8b483b000 	C:\Windows\System32\combase.dll
0x00007ff8b56e0000 - 0x00007ff8b57b7000 	C:\Windows\System32\OLEAUT32.dll
0x00007ff8a8030000 - 0x00007ff8a806d000 	C:\Windows\SYSTEM32\dbgcore.DLL
0x00007ff8b36b0000 - 0x00007ff8b3749000 	C:\Windows\System32\bcryptPrimitives.dll
0x00007ff8b0020000 - 0x00007ff8b002f000 	C:\Program Files\Java\jdk-24\bin\instrument.dll
0x00007ff897bc0000 - 0x00007ff897bde000 	C:\Program Files\Java\jdk-24\bin\java.dll
0x00007ff8b6130000 - 0x00007ff8b62c8000 	C:\Windows\System32\ole32.dll
0x00007ff8b4c20000 - 0x00007ff8b536d000 	C:\Windows\System32\SHELL32.dll
0x00007ff8b3e80000 - 0x00007ff8b3fec000 	C:\Windows\System32\wintypes.dll
0x00007ff8b0fb0000 - 0x00007ff8b1809000 	C:\Windows\SYSTEM32\windows.storage.dll
0x00007ff8b55e0000 - 0x00007ff8b56d0000 	C:\Windows\System32\SHCORE.dll
0x00007ff8b4880000 - 0x00007ff8b48e2000 	C:\Windows\System32\shlwapi.dll
0x00007ff8b3450000 - 0x00007ff8b3479000 	C:\Windows\SYSTEM32\profapi.dll
0x00007ff887740000 - 0x00007ff887817000 	C:\Program Files\Java\jdk-24\bin\jsvml.dll
0x00007ff8a57e0000 - 0x00007ff8a57f0000 	C:\Program Files\Java\jdk-24\bin\net.dll
0x00007ff8b2830000 - 0x00007ff8b289b000 	C:\Windows\system32\mswsock.dll
0x00007ff897ba0000 - 0x00007ff897bb6000 	C:\Program Files\Java\jdk-24\bin\nio.dll
0x00007ff897920000 - 0x00007ff897937000 	C:\Program Files\Java\jdk-24\bin\zip.dll
0x00000167d7be0000 - 0x00000167d7be3000 	C:\Users\danielcc\.openjfx\cache\17.0.6\api-ms-win-core-console-l1-1-0.dll
0x00000167d7bf0000 - 0x00000167d7bf3000 	C:\Users\danielcc\.openjfx\cache\17.0.6\api-ms-win-core-console-l1-2-0.dll
0x00000167d7c00000 - 0x00000167d7c03000 	C:\Users\danielcc\.openjfx\cache\17.0.6\api-ms-win-core-datetime-l1-1-0.dll
0x00000167d7c10000 - 0x00000167d7c13000 	C:\Users\danielcc\.openjfx\cache\17.0.6\api-ms-win-core-debug-l1-1-0.dll
0x00000167d7c20000 - 0x00000167d7c23000 	C:\Users\danielcc\.openjfx\cache\17.0.6\api-ms-win-core-errorhandling-l1-1-0.dll
0x00000167d7c30000 - 0x00000167d7c34000 	C:\Users\danielcc\.openjfx\cache\17.0.6\api-ms-win-core-file-l1-1-0.dll
0x00000167d7c40000 - 0x00000167d7c43000 	C:\Users\danielcc\.openjfx\cache\17.0.6\api-ms-win-core-file-l1-2-0.dll
0x00000167d7c50000 - 0x00000167d7c53000 	C:\Users\danielcc\.openjfx\cache\17.0.6\api-ms-win-core-file-l2-1-0.dll
0x00000167d7c60000 - 0x00000167d7c63000 	C:\Users\danielcc\.openjfx\cache\17.0.6\api-ms-win-core-handle-l1-1-0.dll
0x00000167d7c70000 - 0x00000167d7c73000 	C:\Users\danielcc\.openjfx\cache\17.0.6\api-ms-win-core-heap-l1-1-0.dll
0x00000167d7c80000 - 0x00000167d7c83000 	C:\Users\danielcc\.openjfx\cache\17.0.6\api-ms-win-core-interlocked-l1-1-0.dll
0x00000167d7c90000 - 0x00000167d7c93000 	C:\Users\danielcc\.openjfx\cache\17.0.6\api-ms-win-core-libraryloader-l1-1-0.dll
0x00000167d7ca0000 - 0x00000167d7ca3000 	C:\Users\danielcc\.openjfx\cache\17.0.6\api-ms-win-core-localization-l1-2-0.dll
0x00000167d7cb0000 - 0x00000167d7cb3000 	C:\Users\danielcc\.openjfx\cache\17.0.6\api-ms-win-core-memory-l1-1-0.dll
0x00000167d7cc0000 - 0x00000167d7cc3000 	C:\Users\danielcc\.openjfx\cache\17.0.6\api-ms-win-core-namedpipe-l1-1-0.dll
0x00000167d7cd0000 - 0x00000167d7cd3000 	C:\Users\danielcc\.openjfx\cache\17.0.6\api-ms-win-core-processenvironment-l1-1-0.dll
0x00000167d7ce0000 - 0x00000167d7ce3000 	C:\Users\danielcc\.openjfx\cache\17.0.6\api-ms-win-core-processthreads-l1-1-0.dll
0x00000167d7cf0000 - 0x00000167d7cf3000 	C:\Users\danielcc\.openjfx\cache\17.0.6\api-ms-win-core-processthreads-l1-1-1.dll
0x00000167d7d00000 - 0x00000167d7d03000 	C:\Users\danielcc\.openjfx\cache\17.0.6\api-ms-win-core-profile-l1-1-0.dll
0x00000167d7d10000 - 0x00000167d7d13000 	C:\Users\danielcc\.openjfx\cache\17.0.6\api-ms-win-core-rtlsupport-l1-1-0.dll
0x00000167d7d20000 - 0x00000167d7d23000 	C:\Users\danielcc\.openjfx\cache\17.0.6\api-ms-win-core-string-l1-1-0.dll
0x00000167d7d30000 - 0x00000167d7d33000 	C:\Users\danielcc\.openjfx\cache\17.0.6\api-ms-win-core-synch-l1-1-0.dll
0x00000167d7d40000 - 0x00000167d7d43000 	C:\Users\danielcc\.openjfx\cache\17.0.6\api-ms-win-core-synch-l1-2-0.dll
0x00000167d7d50000 - 0x00000167d7d53000 	C:\Users\danielcc\.openjfx\cache\17.0.6\api-ms-win-core-sysinfo-l1-1-0.dll
0x00000167d7d60000 - 0x00000167d7d63000 	C:\Users\danielcc\.openjfx\cache\17.0.6\api-ms-win-core-timezone-l1-1-0.dll
0x00000167d7d70000 - 0x00000167d7d73000 	C:\Users\danielcc\.openjfx\cache\17.0.6\api-ms-win-core-util-l1-1-0.dll
0x00000167d7d80000 - 0x00000167d7d83000 	C:\Users\danielcc\.openjfx\cache\17.0.6\api-ms-win-crt-conio-l1-1-0.dll
0x00000167d7d90000 - 0x00000167d7d94000 	C:\Users\danielcc\.openjfx\cache\17.0.6\api-ms-win-crt-convert-l1-1-0.dll
0x00000167d7da0000 - 0x00000167d7da3000 	C:\Users\danielcc\.openjfx\cache\17.0.6\api-ms-win-crt-environment-l1-1-0.dll
0x00000167d7db0000 - 0x00000167d7db3000 	C:\Users\danielcc\.openjfx\cache\17.0.6\api-ms-win-crt-filesystem-l1-1-0.dll
0x00000167d7dc0000 - 0x00000167d7dc3000 	C:\Users\danielcc\.openjfx\cache\17.0.6\api-ms-win-crt-heap-l1-1-0.dll
0x00000167d7dd0000 - 0x00000167d7dd3000 	C:\Users\danielcc\.openjfx\cache\17.0.6\api-ms-win-crt-locale-l1-1-0.dll
0x00000167d7de0000 - 0x00000167d7de5000 	C:\Users\danielcc\.openjfx\cache\17.0.6\api-ms-win-crt-math-l1-1-0.dll
0x00000167d7df0000 - 0x00000167d7df5000 	C:\Users\danielcc\.openjfx\cache\17.0.6\api-ms-win-crt-multibyte-l1-1-0.dll
0x00000167d7e00000 - 0x00000167d7e10000 	C:\Users\danielcc\.openjfx\cache\17.0.6\api-ms-win-crt-private-l1-1-0.dll
0x00000167d7e10000 - 0x00000167d7e13000 	C:\Users\danielcc\.openjfx\cache\17.0.6\api-ms-win-crt-process-l1-1-0.dll
0x00000167d7e20000 - 0x00000167d7e24000 	C:\Users\danielcc\.openjfx\cache\17.0.6\api-ms-win-crt-runtime-l1-1-0.dll
0x00000167d7e30000 - 0x00000167d7e34000 	C:\Users\danielcc\.openjfx\cache\17.0.6\api-ms-win-crt-stdio-l1-1-0.dll
0x00000167d7e40000 - 0x00000167d7e44000 	C:\Users\danielcc\.openjfx\cache\17.0.6\api-ms-win-crt-string-l1-1-0.dll
0x00000167d7e50000 - 0x00000167d7e53000 	C:\Users\danielcc\.openjfx\cache\17.0.6\api-ms-win-crt-time-l1-1-0.dll
0x00000167d7e60000 - 0x00000167d7e63000 	C:\Users\danielcc\.openjfx\cache\17.0.6\api-ms-win-crt-utility-l1-1-0.dll
0x00007ff872ec0000 - 0x00007ff872fbc000 	C:\Users\danielcc\.openjfx\cache\17.0.6\ucrtbase.dll
0x00007ff8a6250000 - 0x00007ff8a626a000 	C:\Users\danielcc\.openjfx\cache\17.0.6\vcruntime140.dll
0x00007ff89d990000 - 0x00007ff89d99c000 	C:\Users\danielcc\.openjfx\cache\17.0.6\vcruntime140_1.dll
0x00007ff89cf50000 - 0x00007ff89cfdd000 	C:\Users\danielcc\.openjfx\cache\17.0.6\msvcp140.dll
0x00007ff89d0f0000 - 0x00007ff89d0f9000 	C:\Users\danielcc\.openjfx\cache\17.0.6\msvcp140_1.dll
0x00007ff89cf20000 - 0x00007ff89cf4f000 	C:\Users\danielcc\.openjfx\cache\17.0.6\msvcp140_2.dll
0x00007ff899ce0000 - 0x00007ff899d0a000 	C:\Users\danielcc\.openjfx\cache\17.0.6\prism_d3d.dll
0x00007ff881f90000 - 0x00007ff882141000 	C:\Windows\system32\d3d9.dll
0x00007ff8b08e0000 - 0x00007ff8b090b000 	C:\Windows\SYSTEM32\dwmapi.dll
0x00007ff8b0730000 - 0x00007ff8b0774000 	C:\Windows\SYSTEM32\dxcore.dll
0x00007ff8b05e0000 - 0x00007ff8b0688000 	C:\Windows\system32\uxtheme.dll
0x00007ff8ab460000 - 0x00007ff8ab61b000 	C:\WINDOWS\System32\DriverStore\FileRepository\u0387827.inf_amd64_7004fc67026a57ee\B384926\aticfx64.dll
0x00007ff865030000 - 0x00007ff865064000 	C:\WINDOWS\System32\DriverStore\FileRepository\u0387827.inf_amd64_7004fc67026a57ee\B384926\atiu9p64.dll
0x00007ff855ab0000 - 0x00007ff856805000 	C:\WINDOWS\System32\DriverStore\FileRepository\u0387827.inf_amd64_7004fc67026a57ee\B384926\atiumd64.dll
0x000000005bea0000 - 0x000000005cdc7000 	C:\Windows\System32\DriverStore\FileRepository\u0387827.inf_amd64_7004fc67026a57ee\B384926\atiumd6a.dll
0x00007ff8b58e0000 - 0x00007ff8b5d67000 	C:\Windows\System32\SETUPAPI.dll
0x00007ff8a8cc0000 - 0x00007ff8a8cf5000 	C:\Windows\SYSTEM32\amdihk64.dll
0x00007ff8ac430000 - 0x00007ff8ac490000 	C:\Windows\SYSTEM32\directxdatabasehelper.dll
0x00007ff893cb0000 - 0x00007ff893cf2000 	C:\Users\danielcc\.openjfx\cache\17.0.6\glass.dll
0x00007ff8b48f0000 - 0x00007ff8b49e1000 	C:\Windows\System32\COMDLG32.dll
0x00007ff8b5fd0000 - 0x00007ff8b6128000 	C:\Windows\System32\MSCTF.dll
0x00007ff89cc50000 - 0x00007ff89cc64000 	C:\Users\danielcc\.openjfx\cache\17.0.6\javafx_font.dll
0x00007ff8b2c00000 - 0x00007ff8b2c1b000 	C:\Windows\SYSTEM32\CRYPTSP.dll
0x00007ff8b2250000 - 0x00007ff8b228b000 	C:\Windows\system32\rsaenh.dll
0x00007ff8b28d0000 - 0x00007ff8b28fb000 	C:\Windows\SYSTEM32\USERENV.dll
0x00007ff8b3420000 - 0x00007ff8b3446000 	C:\Windows\SYSTEM32\bcrypt.dll
0x00007ff8b2a60000 - 0x00007ff8b2a6c000 	C:\Windows\SYSTEM32\CRYPTBASE.dll
0x00007ff8b1a20000 - 0x00007ff8b1a54000 	C:\Windows\SYSTEM32\IPHLPAPI.DLL
0x00007ff8b4870000 - 0x00007ff8b487a000 	C:\Windows\System32\NSI.dll
0x00007ff8b1aa0000 - 0x00007ff8b1bc6000 	C:\Windows\SYSTEM32\DNSAPI.dll
0x00007ff8ad900000 - 0x00007ff8ad90b000 	C:\Windows\System32\rasadhlp.dll
0x00007ff8ae170000 - 0x00007ff8ae1f6000 	C:\Windows\System32\fwpuclnt.dll
0x00007ff8a5470000 - 0x00007ff8a547e000 	C:\Program Files\Java\jdk-24\bin\sunmscapi.dll
0x00007ff8b3530000 - 0x00007ff8b36a7000 	C:\Windows\System32\CRYPT32.dll
0x00007ff8b2d50000 - 0x00007ff8b2d80000 	C:\Windows\SYSTEM32\ncrypt.dll
0x00007ff8b2d00000 - 0x00007ff8b2d3f000 	C:\Windows\SYSTEM32\NTASN1.dll
0x00007ff89cae0000 - 0x00007ff89cae8000 	C:\Windows\system32\wshunix.dll
0x00007ff8ae900000 - 0x00007ff8aeb67000 	C:\Windows\SYSTEM32\dwrite.dll
0x00007ff8b54f0000 - 0x00007ff8b55a1000 	C:\Windows\System32\clbcatq.dll
0x00007ff8ae6c0000 - 0x00007ff8ae8ef000 	C:\Windows\SYSTEM32\WindowsCodecs.dll

JVMTI agents:
C:\Program Files\JetBrains\IntelliJ IDEA Community Edition 2025.2.1\lib\idea_rt.jar path:C:\Program Files\Java\jdk-24\bin\instrument.dll, loaded, initialized, instrumentlib options:60102

dbghelp: loaded successfully - version: 4.0.5 - missing functions: none
symbol engine: initialized successfully - sym options: 0x614 - pdb path: .;C:\Program Files\Java\jdk-24\bin;C:\Windows\SYSTEM32;C:\Windows\WinSxS\amd64_microsoft.windows.common-controls_6595b64144ccf1df_6.0.26100.5074_none_3e0d6f78e32fd63f;C:\Program Files\Java\jdk-24\bin\server;C:\Users\danielcc\.openjfx\cache\17.0.6;C:\WINDOWS\System32\DriverStore\FileRepository\u0387827.inf_amd64_7004fc67026a57ee\B384926;C:\Program Files\Common Files\Microsoft Shared\Ink

VM Arguments:
jvm_args: -javaagent:C:\Program Files\JetBrains\IntelliJ IDEA Community Edition 2025.2.1\lib\idea_rt.jar=60102 -Dfile.encoding=UTF-8 -Dsun.stdout.encoding=UTF-8 -Dsun.stderr.encoding=UTF-8 --module-path=C:\Users\danielcc\.m2\repository\com\github\almasb\fxgl\11.17\fxgl-11.17.jar;C:\Users\danielcc\.m2\repository\com\fasterxml\jackson\core\jackson-databind\2.12.1\jackson-databind-2.12.1.jar;C:\Users\danielcc\.m2\repository\com\gluonhq\attach\lifecycle\4.0.9\lifecycle-4.0.9.jar;C:\Users\danielcc\.m2\repository\org\openjfx\javafx-base\17.0.6\javafx-base-17.0.6-win.jar;C:\Users\danielcc\.m2\repository\com\fasterxml\jackson\core\jackson-annotations\2.12.1\jackson-annotations-2.12.1.jar;C:\Users\danielcc\.m2\repository\org\jetbrains\kotlin\kotlin-stdlib\1.5.10\kotlin-stdlib-1.5.10-modular.jar;C:\Users\danielcc\.m2\repository\com\fasterxml\jackson\core\jackson-core\2.12.1\jackson-core-2.12.1.jar;C:\Users\danielcc\.m2\repository\org\openjfx\javafx-controls\17.0.6\javafx-controls-17.0.6-win.jar;C:\Users\danielcc\Desktop\DAM 1T\code\practicaOrtoRestaurante\desktopIJ\target\classes;C:\Users\danielcc\.m2\repository\com\gluonhq\attach\storage\4.0.9\storage-4.0.9.jar;C:\Users\danielcc\.m2\repository\org\openjfx\javafx-fxml\17.0.6\javafx-fxml-17.0.6-win.jar;C:\Users\danielcc\.m2\repository\org\openjfx\javafx-web\17.0.6\javafx-web-17.0.6-win.jar;C:\Users\danielcc\.m2\repository\com\gluonhq\attach\audio\4.0.9\audio-4.0.9.jar;C:\Users\danielcc\.m2\repository\eu\hansolo\tilesfx\11.48\tilesfx-11.48.jar;C:\Users\danielcc\.m2\repository\com\google\errorprone\error_prone_annotations\2.38.0\error_prone_annotations-2.38.0.jar;C:\Users\danielcc\.m2\repository\org\mongodb\bson\5.5.1\bson-5.5.1.jar;C:\Users\danielcc\.m2\repository\org\mongodb\mongodb-driver-sync\5.5.1\mongodb-driver-sync-5.5.1.jar;C:\Users\danielcc\.m2\repository\com\gluonhq\attach\util\4.0.9\util-4.0.9.jar;C:\Users\danielcc\.m2\repository\org\kordamp\ikonli\ikonli-javafx\12.3.1\ikonli-javafx-12.3.1.jar;C:\Users\danielcc\.m2\repository\com\github\almasb\fxgl-scene\11.17\fxgl-scene-11.17.jar;C:\Users\danielcc\.m2\repository\com\github\almasb\fxgl-entity\11.17\fxgl-entity-11.17.jar;C:\Users\danielcc\.m2\repository-Djdk.module.main=com.example.practortorestaurantedesktopp 
java_command: com.example.practortorestaurantedesktopp/com.example.practortorestaurantedesktopp.HelloApplication
java_class_path (initial): C:\Users\danielcc\.m2\repository\org\mongodb\bson-record-codec\5.5.1\bson-record-codec-5.5.1.jar;C:\Users\danielcc\.m2\repository\org\slf4j\slf4j-jdk14\1.7.28\slf4j-jdk14-1.7.28.jar;C:\Users\danielcc\.m2\repository\org\slf4j\slf4j-api\1.7.28\slf4j-api-1.7.28.jar;C:\Users\danielcc\.m2\repository\org\openjfx\javafx-controls\17.0.6\javafx-controls-17.0.6.jar;C:\Users\danielcc\.m2\repository\org\openjfx\javafx-graphics\17.0.6\javafx-graphics-17.0.6.jar;C:\Users\danielcc\.m2\repository\org\openjfx\javafx-base\17.0.6\javafx-base-17.0.6.jar;C:\Users\danielcc\.m2\repository\org\openjfx\javafx-fxml\17.0.6\javafx-fxml-17.0.6.jar;C:\Users\danielcc\.m2\repository\org\openjfx\javafx-web\17.0.6\javafx-web-17.0.6.jar;C:\Users\danielcc\.m2\repository\org\openjfx\javafx-swing\17.0.6\javafx-swing-17.0.6.jar;C:\Users\danielcc\.m2\repository\org\openjfx\javafx-swing\17.0.6\javafx-swing-17.0.6-win.jar;C:\Users\danielcc\.m2\repository\org\openjfx\javafx-media\17.0.6\javafx-media-17.0.6.jar;C:\Users\danielcc\.m2\repository\org\jetbrains\annotations\13.0\annotations-13.0.jar;C:\Users\danielcc\.m2\repository\org\jetbrains\kotlin\kotlin-stdlib-common\1.5.10\kotlin-stdlib-common-1.5.10.jar
Launcher Type: SUN_STANDARD

[Global flags]
     intx CICompilerCount                          = 4                                         {product} {ergonomic}
     uint ConcGCThreads                            = 3                                         {product} {ergonomic}
     uint G1ConcRefinementThreads                  = 10                                        {product} {ergonomic}
   size_t G1HeapRegionSize                         = 2097152                                   {product} {ergonomic}
   size_t InitialHeapSize                          = 257949696                                 {product} {ergonomic}
   size_t MarkStackSize                            = 4194304                                   {product} {ergonomic}
   size_t MarkStackSizeMax                         = 536870912                                 {product} {ergonomic}
   size_t MaxHeapSize                              = 4106223616                                {product} {ergonomic}
   size_t MaxNewSize                               = 2462056448                                {product} {ergonomic}
   size_t MinHeapDeltaBytes                        = 2097152                                   {product} {ergonomic}
   size_t MinHeapSize                              = 8388608                                   {product} {ergonomic}
    uintx NonNMethodCodeHeapSize                   = 5832704                                {pd product} {ergonomic}
    uintx NonProfiledCodeHeapSize                  = 122945536                              {pd product} {ergonomic}
    uintx ProfiledCodeHeapSize                     = 122880000                              {pd product} {ergonomic}
    uintx ReservedCodeCacheSize                    = 251658240                              {pd product} {ergonomic}
     bool SegmentedCodeCache                       = true                                      {product} {ergonomic}
   size_t SoftMaxHeapSize                          = 4106223616                             {manageable} {ergonomic}
     bool UseCompressedOops                        = true                           {product lp64_product} {ergonomic}
     bool UseG1GC                                  = true                                      {product} {ergonomic}
     bool UseLargePagesIndividualAllocation        = false                                  {pd product} {ergonomic}

Logging:
Log output configuration:
 #0: stdout all=off uptime,level,tags foldmultilines=false
 #1: stderr all=off uptime,level,tags foldmultilines=false

Environment Variables:
PATH=C:\Program Files\Common Files\Oracle\Java\javapath;C:\Windows\system32;C:\Windows;C:\Windows\System32\Wbem;C:\Windows\System32\WindowsPowerShell\v1.0\;C:\Windows\System32\OpenSSH\;C:\Program Files\nodejs\;C:\kotlinc\bin;C:\javafx-sdk-25\lib;;C:\Strawberry\c\bin;C:\Strawberry\perl\site\bin;C:\Strawberry\perl\bin;C:\Program Files\Docker\Docker\resources\bin;C:\Users\danielcc\AppData\Local\Programs\Python\Python314\Scripts\;C:\Users\danielcc\AppData\Local\Programs\Python\Python314\;C:\Users\danielcc\AppData\Local\Programs\Python\Launcher\;C:\Users\danielcc\AppData\Local\Microsoft\WindowsApps;C:\Users\danielcc\AppData\Local\Programs\Microsoft VS Code\bin;C:\Users\danielcc\AppData\Local\Programs\Git\cmd;C:\Users\danielcc\AppData\Roaming\npm;C:\Users\danielcc\AppData\Local\Programs\MiKTeX\miktex\bin\x64\
USERNAME=danielcc
OS=Windows_NT
PROCESSOR_IDENTIFIER=AMD64 Family 25 Model 80 Stepping 0, AuthenticAMD
TMP=C:\Users\danielcc\AppData\Local\Temp
TEMP=C:\Users\danielcc\AppData\Local\Temp




Periodic native trim disabled

---------------  S Y S T E M  ---------------

OS:
 Windows 11 , 64 bit Build 26100 (10.0.26100.5074)
OS uptime: 7 days 22:30 hours
Hyper-V role detected

CPU: total 12 (initial active 12) (12 cores per cpu, 2 threads per core) family 25 model 80 stepping 0 microcode 0xa50000d, cx8, cmov, fxsr, ht, mmx, 3dnowpref, sse, sse2, sse3, ssse3, sse4a, sse4.1, sse4.2, popcnt, lzcnt, tsc, tscinvbit, avx, avx2, aes, erms, clmul, bmi1, bmi2, adx, sha, fma, vzeroupper, clflush, clflushopt, hv, rdtscp, rdpid, fsrm, f16c, cet_ss
Processor Information for the first 12 processors :
  Max Mhz: 3901, Current Mhz: 3901, Mhz Limit: 3901

Memory: 4k page, system-wide physical 15659M (1901M free)
TotalPageFile size 25881M (AvailPageFile size 1331M)
current process WorkingSet (physical memory assigned to process): 180M, peak: 224M
current process commit charge ("private bytes"): 250M, peak: 417M

vm_info: Java HotSpot(TM) 64-Bit Server VM (24.0.2+12-54) for windows-amd64 JRE (24.0.2+12-54), built on 2025-07-08T12:10:27Z with MS VC++ 17.6 (VS2022)

END.
